<!DOCTYPE html>
<html>
  <head>
    <meta charset="utf-8"/>
    <title id="head-title">&#34;CCT-VUE&#34;</title>
      <link href="assets\style.css" rel="stylesheet" type="text/css"/>
  </head>
  <body>
    <h1 id="title">&#34;CCT-VUE&#34;</h1>
    <p>Report generated on 25-Jul-2024 at 21:17:36 by <a href="https://pypi.python.org/pypi/pytest-html">pytest-html</a>
        v4.1.1</p>
    <div id="environment-header">
      <h2>Environment</h2>
    </div>
    <table id="environment"></table>
    <!-- TEMPLATES -->
      <template id="template_environment_row">
      <tr>
        <td></td>
        <td></td>
      </tr>
    </template>
    <template id="template_results-table__body--empty">
      <tbody class="results-table-row">
        <tr id="not-found-message">
          <td colspan="4">No results found. Check the filters.</th>
        </tr>
    </template>
    <template id="template_results-table__tbody">
      <tbody class="results-table-row">
        <tr class="collapsible">
        </tr>
        <tr class="extras-row">
          <td class="extra" colspan="4">
            <div class="extraHTML"></div>
            <div class="media">
              <div class="media-container">
                  <div class="media-container__nav--left"><</div>
                  <div class="media-container__viewport">
                    <img src="" />
                    <video controls>
                      <source src="" type="video/mp4">
                    </video>
                  </div>
                  <div class="media-container__nav--right">></div>
                </div>
                <div class="media__name"></div>
                <div class="media__counter"></div>
            </div>
            <div class="logwrapper">
              <div class="logexpander"></div>
              <div class="log"></div>
            </div>
          </td>
        </tr>
      </tbody>
    </template>
    <!-- END TEMPLATES -->
    <div class="summary">
      <div class="summary__data">
        <h2>Summary</h2>
        <div class="additional-summary prefix">
          Project Name : "ICC-CCT"
          Reporter : "Vrushabh"
        </div>
        <p class="run-count">45 tests took 00:16:20.</p>
        <p class="filter">(Un)check the boxes to filter the results.</p>
        <div class="summary__reload">
          <div class="summary__reload__button hidden" onclick="location.reload()">
            <div>There are still tests running. <br />Reload this page to get the latest results!</div>
          </div>
        </div>
        <div class="summary__spacer"></div>
        <div class="controls">
          <div class="filters">
            <input checked="true" class="filter" name="filter_checkbox" type="checkbox" data-test-result="failed" />
            <span class="failed">5 Failed,</span>
            <input checked="true" class="filter" name="filter_checkbox" type="checkbox" data-test-result="passed" />
            <span class="passed">40 Passed,</span>
            <input checked="true" class="filter" name="filter_checkbox" type="checkbox" data-test-result="skipped" />
            <span class="skipped">26 Skipped,</span>
            <input checked="true" class="filter" name="filter_checkbox" type="checkbox" data-test-result="xfailed" disabled/>
            <span class="xfailed">0 Expected failures,</span>
            <input checked="true" class="filter" name="filter_checkbox" type="checkbox" data-test-result="xpassed" disabled/>
            <span class="xpassed">0 Unexpected passes,</span>
            <input checked="true" class="filter" name="filter_checkbox" type="checkbox" data-test-result="error" />
            <span class="error">16 Errors,</span>
            <input checked="true" class="filter" name="filter_checkbox" type="checkbox" data-test-result="rerun" disabled/>
            <span class="rerun">0 Reruns</span>
          </div>
          <div class="collapse">
            <button id="show_all_details">Show all details</button>&nbsp;/&nbsp;<button id="hide_all_details">Hide all details</button>
          </div>
        </div>
      </div>
      <div class="additional-summary summary">
      </div>
      <div class="additional-summary postfix">
      </div>
    </div>
    <table id="results-table">
      <thead id="results-table-head">
        <tr>
          <th class="sortable" data-column-type="result">Result</th>
          <th class="sortable" data-column-type="testId">Test</th>
          <th class="sortable" data-column-type="duration">Duration</th>
          <th>Links</th>
        </tr>
      </thead>
    </table>
  </body>
  <footer>
    <div id="data-container" data-jsonblob="{&#34;environment&#34;: {&#34;Python&#34;: &#34;3.11.5&#34;, &#34;Platform&#34;: &#34;Windows-10-10.0.19045-SP0&#34;, &#34;Packages&#34;: {&#34;pytest&#34;: &#34;8.1.1&#34;, &#34;pluggy&#34;: &#34;1.4.0&#34;}, &#34;Plugins&#34;: {&#34;allure-pytest&#34;: &#34;2.13.3&#34;, &#34;ast-transformer&#34;: &#34;1.0.3&#34;, &#34;check&#34;: &#34;2.3.1&#34;, &#34;dependency&#34;: &#34;0.6.0&#34;, &#34;html&#34;: &#34;4.1.1&#34;, &#34;metadata&#34;: &#34;3.1.1&#34;, &#34;ordering&#34;: &#34;0.6&#34;, &#34;rerunfailures&#34;: &#34;14.0&#34;, &#34;xdist&#34;: &#34;3.5.0&#34;}, &#34;JAVA_HOME&#34;: &#34;C:\\Program Files\\Java\\jdk-17.0.5&#34;, &#34;Browser&#34;: &#34;chrome&#34;, &#34;URL&#34;: &#34;https://correlation-vueui-stage.iccsafe.org/&#34;}, &#34;tests&#34;: {&#34;test_cases/test_login_page.py::Test_Login_Page::test_login_with_invalid_email_password[inavlid.user@iccsafe.org-Password5]&#34;: [{&#34;extras&#34;: [{&#34;name&#34;: null, &#34;format_type&#34;: &#34;html&#34;, &#34;content&#34;: &#34;&lt;div&gt;&lt;img src=\&#34;D:\\python program\\ICC-Shop\\Screenshot/test_login_with_invalid_email_password[inavlid.user@iccsafe.org-Password5].png\&#34; alt=\&#34;screenshot\&#34; style=\&#34;width:204px;height:128px;\&#34; onclick=\&#34;window.open(this.src)\&#34; align=\&#34;right\&#34;/&gt;&lt;/div&gt;&#34;, &#34;mime_type&#34;: null, &#34;extension&#34;: null}], &#34;result&#34;: &#34;Failed&#34;, &#34;testId&#34;: &#34;test_cases/test_login_page.py::Test_Login_Page::test_login_with_invalid_email_password[inavlid.user@iccsafe.org-Password5]&#34;, &#34;duration&#34;: &#34;00:00:52&#34;, &#34;resultsTableRow&#34;: [&#34;&lt;td class=\&#34;col-result\&#34;&gt;Failed&lt;/td&gt;&#34;, &#34;&lt;td class=\&#34;col-testId\&#34;&gt;test_cases/test_login_page.py::Test_Login_Page::test_login_with_invalid_email_password[inavlid.user@iccsafe.org-Password5]&lt;/td&gt;&#34;, &#34;&lt;td class=\&#34;col-duration\&#34;&gt;00:00:52&lt;/td&gt;&#34;, &#34;&lt;td class=\&#34;col-links\&#34;&gt;&lt;/td&gt;&#34;], &#34;log&#34;: &#34;self = &amp;lt;test_cases.test_login_page.Test_Login_Page object at 0x0000021FCCDD9C50&amp;gt;, email = &amp;#x27;inavlid.user@iccsafe.org&amp;#x27;, password = &amp;#x27;Password5&amp;#x27;\n\n    @allure.title(&amp;quot;Verify Login with Invalid email and password&amp;quot;)\n    @allure.severity(allure.severity_level.BLOCKER)\n    @pytest.mark.parametrize(\n        [&amp;quot;email&amp;quot;, &amp;quot;password&amp;quot;],\n        [\n            (&amp;quot;inavlid.user@iccsafe.org&amp;quot;, &amp;quot;Password5&amp;quot;),\n            (&amp;quot;ct-super-admin-test@iccsafe.org&amp;quot;, &amp;quot;Pass123&amp;quot;),\n        ],\n    )\n    def test_login_with_invalid_email_password(self, email, password):\n        self.loginpage.login(email, password)\n&amp;gt;       text = self.loginpage.get_alert_text()\n\ntest_cases\\test_login_page.py:28: \n_ _ _ _ _ _ _ _ _ _ _ _ _ _ _ _ _ _ _ _ _ _ _ _ _ _ _ _ _ _ _ _ _ _ _ _ _ _ _ _ _ _ _ _ _ _ _ _ _ _ _ _ _ _ _ _ _ _ _ _ _ _ _ _ _ _ _ _ _ _ _ _ _ _ _ _ _ _ _ _ _ _ _ _ _ _ _ _ _ _ _\n\nself = &amp;lt;page_objects.login_page.Login_Page object at 0x0000021FCC87EF50&amp;gt;\n\n    @allure.step(&amp;quot;Get Alert text&amp;quot;)\n    def get_alert_text(self):\n&amp;gt;       text = self.baseclass.wait_until(self.alert).text\nE       AttributeError: &amp;#x27;NoneType&amp;#x27; object has no attribute &amp;#x27;text&amp;#x27;\n\npage_objects\\login_page.py:39: AttributeError\n\n----------------------------- Captured stdout call -----------------------------\nElement: (&amp;#x27;css selector&amp;#x27;, &amp;quot;input[name=&amp;#x27;email&amp;#x27;]&amp;quot;) : Message: \nStacktrace:\n\tGetHandleVerifier [0x00007FF72472EEB2+31554]\n\t(No symbol) [0x00007FF7246A7EE9]\n\t(No symbol) [0x00007FF72456872A]\n\t(No symbol) [0x00007FF7245B8434]\n\t(No symbol) [0x00007FF7245B853C]\n\t(No symbol) [0x00007FF7245FF6A7]\n\t(No symbol) [0x00007FF7245DD06F]\n\t(No symbol) [0x00007FF7245FC977]\n\t(No symbol) [0x00007FF7245DCDD3]\n\t(No symbol) [0x00007FF7245AA33B]\n\t(No symbol) [0x00007FF7245AAED1]\n\tGetHandleVerifier [0x00007FF724A38B2D+3217341]\n\tGetHandleVerifier [0x00007FF724A85AF3+3532675]\n\tGetHandleVerifier [0x00007FF724A7B0F0+3489152]\n\tGetHandleVerifier [0x00007FF7247DE786+750614]\n\t(No symbol) [0x00007FF7246B376F]\n\t(No symbol) [0x00007FF7246AEB24]\n\t(No symbol) [0x00007FF7246AECB2]\n\t(No symbol) [0x00007FF72469E17F]\n\tBaseThreadInitThunk [0x00007FFAECF97374+20]\n\tRtlUserThreadStart [0x00007FFAEEA9CC91+33]\n\nElement: (&amp;#x27;xpath&amp;#x27;, &amp;quot;//div[@class=&amp;#x27;v-alert__content&amp;#x27;]&amp;quot;) : Message: \nStacktrace:\n\tGetHandleVerifier [0x00007FF72472EEB2+31554]\n\t(No symbol) [0x00007FF7246A7EE9]\n\t(No symbol) [0x00007FF72456872A]\n\t(No symbol) [0x00007FF7245B8434]\n\t(No symbol) [0x00007FF7245B853C]\n\t(No symbol) [0x00007FF7245FF6A7]\n\t(No symbol) [0x00007FF7245DD06F]\n\t(No symbol) [0x00007FF7245FC977]\n\t(No symbol) [0x00007FF7245DCDD3]\n\t(No symbol) [0x00007FF7245AA33B]\n\t(No symbol) [0x00007FF7245AAED1]\n\tGetHandleVerifier [0x00007FF724A38B2D+3217341]\n\tGetHandleVerifier [0x00007FF724A85AF3+3532675]\n\tGetHandleVerifier [0x00007FF724A7B0F0+3489152]\n\tGetHandleVerifier [0x00007FF7247DE786+750614]\n\t(No symbol) [0x00007FF7246B376F]\n\t(No symbol) [0x00007FF7246AEB24]\n\t(No symbol) [0x00007FF7246AECB2]\n\t(No symbol) [0x00007FF72469E17F]\n\tBaseThreadInitThunk [0x00007FFAECF97374+20]\n\tRtlUserThreadStart [0x00007FFAEEA9CC91+33]\n\n&#34;}], &#34;test_cases/test_login_page.py::Test_Login_Page::test_login_with_invalid_email_password[ct-super-admin-test@iccsafe.org-Pass123]&#34;: [{&#34;extras&#34;: [], &#34;result&#34;: &#34;Passed&#34;, &#34;testId&#34;: &#34;test_cases/test_login_page.py::Test_Login_Page::test_login_with_invalid_email_password[ct-super-admin-test@iccsafe.org-Pass123]&#34;, &#34;duration&#34;: &#34;00:00:05&#34;, &#34;resultsTableRow&#34;: [&#34;&lt;td class=\&#34;col-result\&#34;&gt;Passed&lt;/td&gt;&#34;, &#34;&lt;td class=\&#34;col-testId\&#34;&gt;test_cases/test_login_page.py::Test_Login_Page::test_login_with_invalid_email_password[ct-super-admin-test@iccsafe.org-Pass123]&lt;/td&gt;&#34;, &#34;&lt;td class=\&#34;col-duration\&#34;&gt;00:00:05&lt;/td&gt;&#34;, &#34;&lt;td class=\&#34;col-links\&#34;&gt;&lt;/td&gt;&#34;], &#34;log&#34;: &#34;No log output captured.&#34;}], &#34;test_cases/test_login_page.py::Test_Login_Page::test_login_with_empty_email&#34;: [{&#34;extras&#34;: [], &#34;result&#34;: &#34;Passed&#34;, &#34;testId&#34;: &#34;test_cases/test_login_page.py::Test_Login_Page::test_login_with_empty_email&#34;, &#34;duration&#34;: &#34;00:00:02&#34;, &#34;resultsTableRow&#34;: [&#34;&lt;td class=\&#34;col-result\&#34;&gt;Passed&lt;/td&gt;&#34;, &#34;&lt;td class=\&#34;col-testId\&#34;&gt;test_cases/test_login_page.py::Test_Login_Page::test_login_with_empty_email&lt;/td&gt;&#34;, &#34;&lt;td class=\&#34;col-duration\&#34;&gt;00:00:02&lt;/td&gt;&#34;, &#34;&lt;td class=\&#34;col-links\&#34;&gt;&lt;/td&gt;&#34;], &#34;log&#34;: &#34;No log output captured.&#34;}], &#34;test_cases/test_login_page.py::Test_Login_Page::test_login_with_empty_password&#34;: [{&#34;extras&#34;: [], &#34;result&#34;: &#34;Passed&#34;, &#34;testId&#34;: &#34;test_cases/test_login_page.py::Test_Login_Page::test_login_with_empty_password&#34;, &#34;duration&#34;: &#34;00:00:03&#34;, &#34;resultsTableRow&#34;: [&#34;&lt;td class=\&#34;col-result\&#34;&gt;Passed&lt;/td&gt;&#34;, &#34;&lt;td class=\&#34;col-testId\&#34;&gt;test_cases/test_login_page.py::Test_Login_Page::test_login_with_empty_password&lt;/td&gt;&#34;, &#34;&lt;td class=\&#34;col-duration\&#34;&gt;00:00:03&lt;/td&gt;&#34;, &#34;&lt;td class=\&#34;col-links\&#34;&gt;&lt;/td&gt;&#34;], &#34;log&#34;: &#34;No log output captured.&#34;}], &#34;test_cases/test_login_page.py::Test_Login_Page::test_forgotpassword_link&#34;: [{&#34;extras&#34;: [], &#34;result&#34;: &#34;Passed&#34;, &#34;testId&#34;: &#34;test_cases/test_login_page.py::Test_Login_Page::test_forgotpassword_link&#34;, &#34;duration&#34;: &#34;00:00:07&#34;, &#34;resultsTableRow&#34;: [&#34;&lt;td class=\&#34;col-result\&#34;&gt;Passed&lt;/td&gt;&#34;, &#34;&lt;td class=\&#34;col-testId\&#34;&gt;test_cases/test_login_page.py::Test_Login_Page::test_forgotpassword_link&lt;/td&gt;&#34;, &#34;&lt;td class=\&#34;col-duration\&#34;&gt;00:00:07&lt;/td&gt;&#34;, &#34;&lt;td class=\&#34;col-links\&#34;&gt;&lt;/td&gt;&#34;], &#34;log&#34;: &#34;No log output captured.&#34;}], &#34;test_cases/test_login_page.py::Test_Login_Page::test_login_with_valid_data&#34;: [{&#34;extras&#34;: [], &#34;result&#34;: &#34;Passed&#34;, &#34;testId&#34;: &#34;test_cases/test_login_page.py::Test_Login_Page::test_login_with_valid_data&#34;, &#34;duration&#34;: &#34;00:00:06&#34;, &#34;resultsTableRow&#34;: [&#34;&lt;td class=\&#34;col-result\&#34;&gt;Passed&lt;/td&gt;&#34;, &#34;&lt;td class=\&#34;col-testId\&#34;&gt;test_cases/test_login_page.py::Test_Login_Page::test_login_with_valid_data&lt;/td&gt;&#34;, &#34;&lt;td class=\&#34;col-duration\&#34;&gt;00:00:06&lt;/td&gt;&#34;, &#34;&lt;td class=\&#34;col-links\&#34;&gt;&lt;/td&gt;&#34;], &#34;log&#34;: &#34;No log output captured.&#34;}], &#34;test_cases/test_dashboard_page.py::Test_Dashboard_Page::test_change_tabs[INACTIVE PROJECTS-inactive]&#34;: [{&#34;extras&#34;: [], &#34;result&#34;: &#34;Passed&#34;, &#34;testId&#34;: &#34;test_cases/test_dashboard_page.py::Test_Dashboard_Page::test_change_tabs[INACTIVE PROJECTS-inactive]&#34;, &#34;duration&#34;: &#34;00:00:08&#34;, &#34;resultsTableRow&#34;: [&#34;&lt;td class=\&#34;col-result\&#34;&gt;Passed&lt;/td&gt;&#34;, &#34;&lt;td class=\&#34;col-testId\&#34;&gt;test_cases/test_dashboard_page.py::Test_Dashboard_Page::test_change_tabs[INACTIVE PROJECTS-inactive]&lt;/td&gt;&#34;, &#34;&lt;td class=\&#34;col-duration\&#34;&gt;00:00:08&lt;/td&gt;&#34;, &#34;&lt;td class=\&#34;col-links\&#34;&gt;&lt;/td&gt;&#34;], &#34;log&#34;: &#34;No log output captured.&#34;}], &#34;test_cases/test_dashboard_page.py::Test_Dashboard_Page::test_change_tabs[CONTENT FINAL-blueline]&#34;: [{&#34;extras&#34;: [], &#34;result&#34;: &#34;Passed&#34;, &#34;testId&#34;: &#34;test_cases/test_dashboard_page.py::Test_Dashboard_Page::test_change_tabs[CONTENT FINAL-blueline]&#34;, &#34;duration&#34;: &#34;00:00:05&#34;, &#34;resultsTableRow&#34;: [&#34;&lt;td class=\&#34;col-result\&#34;&gt;Passed&lt;/td&gt;&#34;, &#34;&lt;td class=\&#34;col-testId\&#34;&gt;test_cases/test_dashboard_page.py::Test_Dashboard_Page::test_change_tabs[CONTENT FINAL-blueline]&lt;/td&gt;&#34;, &#34;&lt;td class=\&#34;col-duration\&#34;&gt;00:00:05&lt;/td&gt;&#34;, &#34;&lt;td class=\&#34;col-links\&#34;&gt;&lt;/td&gt;&#34;], &#34;log&#34;: &#34;No log output captured.&#34;}], &#34;test_cases/test_dashboard_page.py::Test_Dashboard_Page::test_select_category[ACTIVE PROJECTS]&#34;: [{&#34;extras&#34;: [], &#34;result&#34;: &#34;Passed&#34;, &#34;testId&#34;: &#34;test_cases/test_dashboard_page.py::Test_Dashboard_Page::test_select_category[ACTIVE PROJECTS]&#34;, &#34;duration&#34;: &#34;00:00:05&#34;, &#34;resultsTableRow&#34;: [&#34;&lt;td class=\&#34;col-result\&#34;&gt;Passed&lt;/td&gt;&#34;, &#34;&lt;td class=\&#34;col-testId\&#34;&gt;test_cases/test_dashboard_page.py::Test_Dashboard_Page::test_select_category[ACTIVE PROJECTS]&lt;/td&gt;&#34;, &#34;&lt;td class=\&#34;col-duration\&#34;&gt;00:00:05&lt;/td&gt;&#34;, &#34;&lt;td class=\&#34;col-links\&#34;&gt;&lt;/td&gt;&#34;], &#34;log&#34;: &#34;No log output captured.&#34;}], &#34;test_cases/test_dashboard_page.py::Test_Dashboard_Page::test_select_category[INACTIVE PROJECTS]&#34;: [{&#34;extras&#34;: [], &#34;result&#34;: &#34;Passed&#34;, &#34;testId&#34;: &#34;test_cases/test_dashboard_page.py::Test_Dashboard_Page::test_select_category[INACTIVE PROJECTS]&#34;, &#34;duration&#34;: &#34;00:00:07&#34;, &#34;resultsTableRow&#34;: [&#34;&lt;td class=\&#34;col-result\&#34;&gt;Passed&lt;/td&gt;&#34;, &#34;&lt;td class=\&#34;col-testId\&#34;&gt;test_cases/test_dashboard_page.py::Test_Dashboard_Page::test_select_category[INACTIVE PROJECTS]&lt;/td&gt;&#34;, &#34;&lt;td class=\&#34;col-duration\&#34;&gt;00:00:07&lt;/td&gt;&#34;, &#34;&lt;td class=\&#34;col-links\&#34;&gt;&lt;/td&gt;&#34;], &#34;log&#34;: &#34;No log output captured.&#34;}], &#34;test_cases/test_dashboard_page.py::Test_Dashboard_Page::test_select_category[CONTENT FINAL]&#34;: [{&#34;extras&#34;: [], &#34;result&#34;: &#34;Passed&#34;, &#34;testId&#34;: &#34;test_cases/test_dashboard_page.py::Test_Dashboard_Page::test_select_category[CONTENT FINAL]&#34;, &#34;duration&#34;: &#34;00:00:05&#34;, &#34;resultsTableRow&#34;: [&#34;&lt;td class=\&#34;col-result\&#34;&gt;Passed&lt;/td&gt;&#34;, &#34;&lt;td class=\&#34;col-testId\&#34;&gt;test_cases/test_dashboard_page.py::Test_Dashboard_Page::test_select_category[CONTENT FINAL]&lt;/td&gt;&#34;, &#34;&lt;td class=\&#34;col-duration\&#34;&gt;00:00:05&lt;/td&gt;&#34;, &#34;&lt;td class=\&#34;col-links\&#34;&gt;&lt;/td&gt;&#34;], &#34;log&#34;: &#34;No log output captured.&#34;}], &#34;test_cases/test_dashboard_page.py::Test_Dashboard_Page::test_clear_category&#34;: [{&#34;extras&#34;: [], &#34;result&#34;: &#34;Passed&#34;, &#34;testId&#34;: &#34;test_cases/test_dashboard_page.py::Test_Dashboard_Page::test_clear_category&#34;, &#34;duration&#34;: &#34;00:00:12&#34;, &#34;resultsTableRow&#34;: [&#34;&lt;td class=\&#34;col-result\&#34;&gt;Passed&lt;/td&gt;&#34;, &#34;&lt;td class=\&#34;col-testId\&#34;&gt;test_cases/test_dashboard_page.py::Test_Dashboard_Page::test_clear_category&lt;/td&gt;&#34;, &#34;&lt;td class=\&#34;col-duration\&#34;&gt;00:00:12&lt;/td&gt;&#34;, &#34;&lt;td class=\&#34;col-links\&#34;&gt;&lt;/td&gt;&#34;], &#34;log&#34;: &#34;No log output captured.&#34;}], &#34;test_cases/test_dashboard_page.py::Test_Dashboard_Page::test_search_text_title_textbox[ACTIVE PROJECTS-IEBC2021 First Printing]&#34;: [{&#34;extras&#34;: [], &#34;result&#34;: &#34;Passed&#34;, &#34;testId&#34;: &#34;test_cases/test_dashboard_page.py::Test_Dashboard_Page::test_search_text_title_textbox[ACTIVE PROJECTS-IEBC2021 First Printing]&#34;, &#34;duration&#34;: &#34;00:00:04&#34;, &#34;resultsTableRow&#34;: [&#34;&lt;td class=\&#34;col-result\&#34;&gt;Passed&lt;/td&gt;&#34;, &#34;&lt;td class=\&#34;col-testId\&#34;&gt;test_cases/test_dashboard_page.py::Test_Dashboard_Page::test_search_text_title_textbox[ACTIVE PROJECTS-IEBC2021 First Printing]&lt;/td&gt;&#34;, &#34;&lt;td class=\&#34;col-duration\&#34;&gt;00:00:04&lt;/td&gt;&#34;, &#34;&lt;td class=\&#34;col-links\&#34;&gt;&lt;/td&gt;&#34;], &#34;log&#34;: &#34;No log output captured.&#34;}], &#34;test_cases/test_dashboard_page.py::Test_Dashboard_Page::test_search_text_title_textbox[INACTIVE PROJECTS-2021 IECC]&#34;: [{&#34;extras&#34;: [], &#34;result&#34;: &#34;Passed&#34;, &#34;testId&#34;: &#34;test_cases/test_dashboard_page.py::Test_Dashboard_Page::test_search_text_title_textbox[INACTIVE PROJECTS-2021 IECC]&#34;, &#34;duration&#34;: &#34;00:00:03&#34;, &#34;resultsTableRow&#34;: [&#34;&lt;td class=\&#34;col-result\&#34;&gt;Passed&lt;/td&gt;&#34;, &#34;&lt;td class=\&#34;col-testId\&#34;&gt;test_cases/test_dashboard_page.py::Test_Dashboard_Page::test_search_text_title_textbox[INACTIVE PROJECTS-2021 IECC]&lt;/td&gt;&#34;, &#34;&lt;td class=\&#34;col-duration\&#34;&gt;00:00:03&lt;/td&gt;&#34;, &#34;&lt;td class=\&#34;col-links\&#34;&gt;&lt;/td&gt;&#34;], &#34;log&#34;: &#34;No log output captured.&#34;}], &#34;test_cases/test_dashboard_page.py::Test_Dashboard_Page::test_search_text_title_textbox[CONTENT FINAL-2021 International Fire Code]&#34;: [{&#34;extras&#34;: [], &#34;result&#34;: &#34;Passed&#34;, &#34;testId&#34;: &#34;test_cases/test_dashboard_page.py::Test_Dashboard_Page::test_search_text_title_textbox[CONTENT FINAL-2021 International Fire Code]&#34;, &#34;duration&#34;: &#34;00:00:03&#34;, &#34;resultsTableRow&#34;: [&#34;&lt;td class=\&#34;col-result\&#34;&gt;Passed&lt;/td&gt;&#34;, &#34;&lt;td class=\&#34;col-testId\&#34;&gt;test_cases/test_dashboard_page.py::Test_Dashboard_Page::test_search_text_title_textbox[CONTENT FINAL-2021 International Fire Code]&lt;/td&gt;&#34;, &#34;&lt;td class=\&#34;col-duration\&#34;&gt;00:00:03&lt;/td&gt;&#34;, &#34;&lt;td class=\&#34;col-links\&#34;&gt;&lt;/td&gt;&#34;], &#34;log&#34;: &#34;No log output captured.&#34;}], &#34;test_cases/test_dashboard_page.py::Test_Dashboard_Page::test_clear_title_textbox&#34;: [{&#34;extras&#34;: [], &#34;result&#34;: &#34;Passed&#34;, &#34;testId&#34;: &#34;test_cases/test_dashboard_page.py::Test_Dashboard_Page::test_clear_title_textbox&#34;, &#34;duration&#34;: &#34;00:00:05&#34;, &#34;resultsTableRow&#34;: [&#34;&lt;td class=\&#34;col-result\&#34;&gt;Passed&lt;/td&gt;&#34;, &#34;&lt;td class=\&#34;col-testId\&#34;&gt;test_cases/test_dashboard_page.py::Test_Dashboard_Page::test_clear_title_textbox&lt;/td&gt;&#34;, &#34;&lt;td class=\&#34;col-duration\&#34;&gt;00:00:05&lt;/td&gt;&#34;, &#34;&lt;td class=\&#34;col-links\&#34;&gt;&lt;/td&gt;&#34;], &#34;log&#34;: &#34;No log output captured.&#34;}], &#34;test_cases/test_dashboard_page.py::Test_Dashboard_Page::test_get_dashboard_button_text[ACTIVE PROJECTS-button_name0]&#34;: [{&#34;extras&#34;: [], &#34;result&#34;: &#34;Passed&#34;, &#34;testId&#34;: &#34;test_cases/test_dashboard_page.py::Test_Dashboard_Page::test_get_dashboard_button_text[ACTIVE PROJECTS-button_name0]&#34;, &#34;duration&#34;: &#34;00:00:03&#34;, &#34;resultsTableRow&#34;: [&#34;&lt;td class=\&#34;col-result\&#34;&gt;Passed&lt;/td&gt;&#34;, &#34;&lt;td class=\&#34;col-testId\&#34;&gt;test_cases/test_dashboard_page.py::Test_Dashboard_Page::test_get_dashboard_button_text[ACTIVE PROJECTS-button_name0]&lt;/td&gt;&#34;, &#34;&lt;td class=\&#34;col-duration\&#34;&gt;00:00:03&lt;/td&gt;&#34;, &#34;&lt;td class=\&#34;col-links\&#34;&gt;&lt;/td&gt;&#34;], &#34;log&#34;: &#34;No log output captured.&#34;}], &#34;test_cases/test_dashboard_page.py::Test_Dashboard_Page::test_get_dashboard_button_text[INACTIVE PROJECTS-button_name1]&#34;: [{&#34;extras&#34;: [], &#34;result&#34;: &#34;Passed&#34;, &#34;testId&#34;: &#34;test_cases/test_dashboard_page.py::Test_Dashboard_Page::test_get_dashboard_button_text[INACTIVE PROJECTS-button_name1]&#34;, &#34;duration&#34;: &#34;00:00:03&#34;, &#34;resultsTableRow&#34;: [&#34;&lt;td class=\&#34;col-result\&#34;&gt;Passed&lt;/td&gt;&#34;, &#34;&lt;td class=\&#34;col-testId\&#34;&gt;test_cases/test_dashboard_page.py::Test_Dashboard_Page::test_get_dashboard_button_text[INACTIVE PROJECTS-button_name1]&lt;/td&gt;&#34;, &#34;&lt;td class=\&#34;col-duration\&#34;&gt;00:00:03&lt;/td&gt;&#34;, &#34;&lt;td class=\&#34;col-links\&#34;&gt;&lt;/td&gt;&#34;], &#34;log&#34;: &#34;No log output captured.&#34;}], &#34;test_cases/test_dashboard_page.py::Test_Dashboard_Page::test_get_dashboard_button_text[CONTENT FINAL-button_name2]&#34;: [{&#34;extras&#34;: [], &#34;result&#34;: &#34;Passed&#34;, &#34;testId&#34;: &#34;test_cases/test_dashboard_page.py::Test_Dashboard_Page::test_get_dashboard_button_text[CONTENT FINAL-button_name2]&#34;, &#34;duration&#34;: &#34;00:00:02&#34;, &#34;resultsTableRow&#34;: [&#34;&lt;td class=\&#34;col-result\&#34;&gt;Passed&lt;/td&gt;&#34;, &#34;&lt;td class=\&#34;col-testId\&#34;&gt;test_cases/test_dashboard_page.py::Test_Dashboard_Page::test_get_dashboard_button_text[CONTENT FINAL-button_name2]&lt;/td&gt;&#34;, &#34;&lt;td class=\&#34;col-duration\&#34;&gt;00:00:02&lt;/td&gt;&#34;, &#34;&lt;td class=\&#34;col-links\&#34;&gt;&lt;/td&gt;&#34;], &#34;log&#34;: &#34;No log output captured.&#34;}], &#34;test_cases/test_dashboard_page.py::Test_Dashboard_Page::test_view_project[ACTIVE PROJECTS]&#34;: [{&#34;extras&#34;: [], &#34;result&#34;: &#34;Passed&#34;, &#34;testId&#34;: &#34;test_cases/test_dashboard_page.py::Test_Dashboard_Page::test_view_project[ACTIVE PROJECTS]&#34;, &#34;duration&#34;: &#34;00:00:13&#34;, &#34;resultsTableRow&#34;: [&#34;&lt;td class=\&#34;col-result\&#34;&gt;Passed&lt;/td&gt;&#34;, &#34;&lt;td class=\&#34;col-testId\&#34;&gt;test_cases/test_dashboard_page.py::Test_Dashboard_Page::test_view_project[ACTIVE PROJECTS]&lt;/td&gt;&#34;, &#34;&lt;td class=\&#34;col-duration\&#34;&gt;00:00:13&lt;/td&gt;&#34;, &#34;&lt;td class=\&#34;col-links\&#34;&gt;&lt;/td&gt;&#34;], &#34;log&#34;: &#34;No log output captured.&#34;}], &#34;test_cases/test_dashboard_page.py::Test_Dashboard_Page::test_view_project[INACTIVE PROJECTS]&#34;: [{&#34;extras&#34;: [], &#34;result&#34;: &#34;Passed&#34;, &#34;testId&#34;: &#34;test_cases/test_dashboard_page.py::Test_Dashboard_Page::test_view_project[INACTIVE PROJECTS]&#34;, &#34;duration&#34;: &#34;00:00:12&#34;, &#34;resultsTableRow&#34;: [&#34;&lt;td class=\&#34;col-result\&#34;&gt;Passed&lt;/td&gt;&#34;, &#34;&lt;td class=\&#34;col-testId\&#34;&gt;test_cases/test_dashboard_page.py::Test_Dashboard_Page::test_view_project[INACTIVE PROJECTS]&lt;/td&gt;&#34;, &#34;&lt;td class=\&#34;col-duration\&#34;&gt;00:00:12&lt;/td&gt;&#34;, &#34;&lt;td class=\&#34;col-links\&#34;&gt;&lt;/td&gt;&#34;], &#34;log&#34;: &#34;No log output captured.&#34;}], &#34;test_cases/test_dashboard_page.py::Test_Dashboard_Page::test_view_project[CONTENT FINAL]&#34;: [{&#34;extras&#34;: [], &#34;result&#34;: &#34;Passed&#34;, &#34;testId&#34;: &#34;test_cases/test_dashboard_page.py::Test_Dashboard_Page::test_view_project[CONTENT FINAL]&#34;, &#34;duration&#34;: &#34;00:00:13&#34;, &#34;resultsTableRow&#34;: [&#34;&lt;td class=\&#34;col-result\&#34;&gt;Passed&lt;/td&gt;&#34;, &#34;&lt;td class=\&#34;col-testId\&#34;&gt;test_cases/test_dashboard_page.py::Test_Dashboard_Page::test_view_project[CONTENT FINAL]&lt;/td&gt;&#34;, &#34;&lt;td class=\&#34;col-duration\&#34;&gt;00:00:13&lt;/td&gt;&#34;, &#34;&lt;td class=\&#34;col-links\&#34;&gt;&lt;/td&gt;&#34;], &#34;log&#34;: &#34;No log output captured.&#34;}], &#34;test_cases/test_dashboard_page.py::Test_Dashboard_Page::test_project_details[ACTIVE PROJECTS]&#34;: [{&#34;extras&#34;: [], &#34;result&#34;: &#34;Passed&#34;, &#34;testId&#34;: &#34;test_cases/test_dashboard_page.py::Test_Dashboard_Page::test_project_details[ACTIVE PROJECTS]&#34;, &#34;duration&#34;: &#34;00:00:15&#34;, &#34;resultsTableRow&#34;: [&#34;&lt;td class=\&#34;col-result\&#34;&gt;Passed&lt;/td&gt;&#34;, &#34;&lt;td class=\&#34;col-testId\&#34;&gt;test_cases/test_dashboard_page.py::Test_Dashboard_Page::test_project_details[ACTIVE PROJECTS]&lt;/td&gt;&#34;, &#34;&lt;td class=\&#34;col-duration\&#34;&gt;00:00:15&lt;/td&gt;&#34;, &#34;&lt;td class=\&#34;col-links\&#34;&gt;&lt;/td&gt;&#34;], &#34;log&#34;: &#34;No log output captured.&#34;}], &#34;test_cases/test_dashboard_page.py::Test_Dashboard_Page::test_project_details[CONTENT FINAL]&#34;: [{&#34;extras&#34;: [], &#34;result&#34;: &#34;Passed&#34;, &#34;testId&#34;: &#34;test_cases/test_dashboard_page.py::Test_Dashboard_Page::test_project_details[CONTENT FINAL]&#34;, &#34;duration&#34;: &#34;00:00:14&#34;, &#34;resultsTableRow&#34;: [&#34;&lt;td class=\&#34;col-result\&#34;&gt;Passed&lt;/td&gt;&#34;, &#34;&lt;td class=\&#34;col-testId\&#34;&gt;test_cases/test_dashboard_page.py::Test_Dashboard_Page::test_project_details[CONTENT FINAL]&lt;/td&gt;&#34;, &#34;&lt;td class=\&#34;col-duration\&#34;&gt;00:00:14&lt;/td&gt;&#34;, &#34;&lt;td class=\&#34;col-links\&#34;&gt;&lt;/td&gt;&#34;], &#34;log&#34;: &#34;No log output captured.&#34;}], &#34;test_cases/test_dashboard_page.py::Test_Dashboard_Page::test_add_project_button&#34;: [{&#34;extras&#34;: [], &#34;result&#34;: &#34;Passed&#34;, &#34;testId&#34;: &#34;test_cases/test_dashboard_page.py::Test_Dashboard_Page::test_add_project_button&#34;, &#34;duration&#34;: &#34;00:00:03&#34;, &#34;resultsTableRow&#34;: [&#34;&lt;td class=\&#34;col-result\&#34;&gt;Passed&lt;/td&gt;&#34;, &#34;&lt;td class=\&#34;col-testId\&#34;&gt;test_cases/test_dashboard_page.py::Test_Dashboard_Page::test_add_project_button&lt;/td&gt;&#34;, &#34;&lt;td class=\&#34;col-duration\&#34;&gt;00:00:03&lt;/td&gt;&#34;, &#34;&lt;td class=\&#34;col-links\&#34;&gt;&lt;/td&gt;&#34;], &#34;log&#34;: &#34;No log output captured.&#34;}], &#34;test_cases/test_dashboard_page.py::Test_Dashboard_Page::test_remove_project[ACTIVE PROJECTS-Close]&#34;: [{&#34;extras&#34;: [], &#34;result&#34;: &#34;Passed&#34;, &#34;testId&#34;: &#34;test_cases/test_dashboard_page.py::Test_Dashboard_Page::test_remove_project[ACTIVE PROJECTS-Close]&#34;, &#34;duration&#34;: &#34;00:00:19&#34;, &#34;resultsTableRow&#34;: [&#34;&lt;td class=\&#34;col-result\&#34;&gt;Passed&lt;/td&gt;&#34;, &#34;&lt;td class=\&#34;col-testId\&#34;&gt;test_cases/test_dashboard_page.py::Test_Dashboard_Page::test_remove_project[ACTIVE PROJECTS-Close]&lt;/td&gt;&#34;, &#34;&lt;td class=\&#34;col-duration\&#34;&gt;00:00:19&lt;/td&gt;&#34;, &#34;&lt;td class=\&#34;col-links\&#34;&gt;&lt;/td&gt;&#34;], &#34;log&#34;: &#34;No log output captured.&#34;}], &#34;test_cases/test_dashboard_page.py::Test_Dashboard_Page::test_remove_project[INACTIVE PROJECTS-Delete]&#34;: [{&#34;extras&#34;: [{&#34;name&#34;: null, &#34;format_type&#34;: &#34;html&#34;, &#34;content&#34;: &#34;&lt;div&gt;&lt;img src=\&#34;D:\\python program\\ICC-Shop\\Screenshot/test_remove_project[INACTIVE PROJECTS-Delete].png\&#34; alt=\&#34;screenshot\&#34; style=\&#34;width:204px;height:128px;\&#34; onclick=\&#34;window.open(this.src)\&#34; align=\&#34;right\&#34;/&gt;&lt;/div&gt;&#34;, &#34;mime_type&#34;: null, &#34;extension&#34;: null}], &#34;result&#34;: &#34;Failed&#34;, &#34;testId&#34;: &#34;test_cases/test_dashboard_page.py::Test_Dashboard_Page::test_remove_project[INACTIVE PROJECTS-Delete]&#34;, &#34;duration&#34;: &#34;00:00:43&#34;, &#34;resultsTableRow&#34;: [&#34;&lt;td class=\&#34;col-result\&#34;&gt;Failed&lt;/td&gt;&#34;, &#34;&lt;td class=\&#34;col-testId\&#34;&gt;test_cases/test_dashboard_page.py::Test_Dashboard_Page::test_remove_project[INACTIVE PROJECTS-Delete]&lt;/td&gt;&#34;, &#34;&lt;td class=\&#34;col-duration\&#34;&gt;00:00:43&lt;/td&gt;&#34;, &#34;&lt;td class=\&#34;col-links\&#34;&gt;&lt;/td&gt;&#34;], &#34;log&#34;: &#34;self = &amp;lt;test_cases.test_dashboard_page.Test_Dashboard_Page object at 0x0000021FCCDC1A90&amp;gt;, tab_name = &amp;#x27;INACTIVE PROJECTS&amp;#x27;, alert_text = &amp;#x27;Delete&amp;#x27;\n\n    @allure.title(&amp;quot;Verify remove project&amp;quot;)\n    @allure.severity(allure.severity_level.BLOCKER)\n    @pytest.mark.parametrize(\n        (&amp;quot;tab_name&amp;quot;, &amp;quot;alert_text&amp;quot;),\n        [(&amp;quot;ACTIVE PROJECTS&amp;quot;, CLOSE), (&amp;quot;INACTIVE PROJECTS&amp;quot;, DELETE)],\n    )\n    @pytest.mark.dependency()\n    def test_remove_project(self, tab_name, alert_text):\n        self.dashboardpage.click_tabs(tab_name)\n        self.dashboardpage.enter_text_title_textbox(\n            &amp;quot;2021 International Mechanical Code first printing&amp;quot;\n        )\n        self.dashboardpage.click_project_name(&amp;quot;2021 International Mechanical Code&amp;quot;)\n        self.dashboardpage.click_dashboard_button(alert_text)\n        act_alert_text = self.dashboardpage.get_alert_text()\n        self.dashboardpage.click_on_alert_button(YES)\n        self.dashboardpage.wait_alert_dissappired()\n        Baseclass.assert_equals(alert_text + &amp;quot; Project?&amp;quot;, act_alert_text)\n&amp;gt;       Baseclass.assert_true(self.dashboardpage.project_row_is_displayed())\n\ntest_cases\\test_dashboard_page.py:186: \n_ _ _ _ _ _ _ _ _ _ _ _ _ _ _ _ _ _ _ _ _ _ _ _ _ _ _ _ _ _ _ _ _ _ _ _ _ _ _ _ _ _ _ _ _ _ _ _ _ _ _ _ _ _ _ _ _ _ _ _ _ _ _ _ _ _ _ _ _ _ _ _ _ _ _ _ _ _ _ _ _ _ _ _ _ _ _ _ _ _ _\npage_objects\\dashboard_page.py:141: in project_row_is_displayed\n    return self.baseclass.wait_until_invisibility(self.table_rows)\nuitility\\baseclass.py:110: in wait_until_invisibility\n    return self.wait.until(\n_ _ _ _ _ _ _ _ _ _ _ _ _ _ _ _ _ _ _ _ _ _ _ _ _ _ _ _ _ _ _ _ _ _ _ _ _ _ _ _ _ _ _ _ _ _ _ _ _ _ _ _ _ _ _ _ _ _ _ _ _ _ _ _ _ _ _ _ _ _ _ _ _ _ _ _ _ _ _ _ _ _ _ _ _ _ _ _ _ _ _\n\nself = &amp;lt;selenium.webdriver.support.wait.WebDriverWait (session=&amp;quot;fb69ad13faa89f5a87fb8c936b6e5569&amp;quot;)&amp;gt;\nmethod = &amp;lt;function invisibility_of_element_located.&amp;lt;locals&amp;gt;._predicate at 0x0000021FCC890180&amp;gt;, message = &amp;quot;(&amp;#x27;xpath&amp;#x27;, &amp;#x27;//tbody/tr&amp;#x27;) still visibal on screen&amp;quot;\n\n    def until(self, method: Callable[[D], Union[Literal[False], T]], message: str = &amp;quot;&amp;quot;) -&amp;gt; T:\n        &amp;quot;&amp;quot;&amp;quot;Calls the method provided with the driver as an argument until the \\\n        return value does not evaluate to ``False``.\n    \n        :param method: callable(WebDriver)\n        :param message: optional message for :exc:`TimeoutException`\n        :returns: the result of the last call to `method`\n        :raises: :exc:`selenium.common.exceptions.TimeoutException` if timeout occurs\n        &amp;quot;&amp;quot;&amp;quot;\n        screen = None\n        stacktrace = None\n    \n        end_time = time.monotonic() + self._timeout\n        while True:\n            try:\n                value = method(self._driver)\n                if value:\n                    return value\n            except self._ignored_exceptions as exc:\n                screen = getattr(exc, &amp;quot;screen&amp;quot;, None)\n                stacktrace = getattr(exc, &amp;quot;stacktrace&amp;quot;, None)\n            time.sleep(self._poll)\n            if time.monotonic() &amp;gt; end_time:\n                break\n&amp;gt;       raise TimeoutException(message, screen, stacktrace)\nE       selenium.common.exceptions.TimeoutException: Message: (&amp;#x27;xpath&amp;#x27;, &amp;#x27;//tbody/tr&amp;#x27;) still visibal on screen\n\nvenv\\Lib\\site-packages\\selenium\\webdriver\\support\\wait.py:105: TimeoutException\n&#34;}], &#34;test_cases/test_add_project_page.py::Test_Add_Project_Page::test_cancel_to_add_project&#34;: [{&#34;extras&#34;: [], &#34;result&#34;: &#34;Passed&#34;, &#34;testId&#34;: &#34;test_cases/test_add_project_page.py::Test_Add_Project_Page::test_cancel_to_add_project&#34;, &#34;duration&#34;: &#34;00:00:06&#34;, &#34;resultsTableRow&#34;: [&#34;&lt;td class=\&#34;col-result\&#34;&gt;Passed&lt;/td&gt;&#34;, &#34;&lt;td class=\&#34;col-testId\&#34;&gt;test_cases/test_add_project_page.py::Test_Add_Project_Page::test_cancel_to_add_project&lt;/td&gt;&#34;, &#34;&lt;td class=\&#34;col-duration\&#34;&gt;00:00:06&lt;/td&gt;&#34;, &#34;&lt;td class=\&#34;col-links\&#34;&gt;&lt;/td&gt;&#34;], &#34;log&#34;: &#34;No log output captured.&#34;}], &#34;test_cases/test_add_project_page.py::Test_Add_Project_Page::test_add_project_enalbed&#34;: [{&#34;extras&#34;: [], &#34;result&#34;: &#34;Passed&#34;, &#34;testId&#34;: &#34;test_cases/test_add_project_page.py::Test_Add_Project_Page::test_add_project_enalbed&#34;, &#34;duration&#34;: &#34;00:00:02&#34;, &#34;resultsTableRow&#34;: [&#34;&lt;td class=\&#34;col-result\&#34;&gt;Passed&lt;/td&gt;&#34;, &#34;&lt;td class=\&#34;col-testId\&#34;&gt;test_cases/test_add_project_page.py::Test_Add_Project_Page::test_add_project_enalbed&lt;/td&gt;&#34;, &#34;&lt;td class=\&#34;col-duration\&#34;&gt;00:00:02&lt;/td&gt;&#34;, &#34;&lt;td class=\&#34;col-links\&#34;&gt;&lt;/td&gt;&#34;], &#34;log&#34;: &#34;No log output captured.&#34;}], &#34;test_cases/test_add_project_page.py::Test_Add_Project_Page::test_select_base_book&#34;: [{&#34;extras&#34;: [], &#34;result&#34;: &#34;Passed&#34;, &#34;testId&#34;: &#34;test_cases/test_add_project_page.py::Test_Add_Project_Page::test_select_base_book&#34;, &#34;duration&#34;: &#34;00:00:14&#34;, &#34;resultsTableRow&#34;: [&#34;&lt;td class=\&#34;col-result\&#34;&gt;Passed&lt;/td&gt;&#34;, &#34;&lt;td class=\&#34;col-testId\&#34;&gt;test_cases/test_add_project_page.py::Test_Add_Project_Page::test_select_base_book&lt;/td&gt;&#34;, &#34;&lt;td class=\&#34;col-duration\&#34;&gt;00:00:14&lt;/td&gt;&#34;, &#34;&lt;td class=\&#34;col-links\&#34;&gt;&lt;/td&gt;&#34;], &#34;log&#34;: &#34;No log output captured.&#34;}], &#34;test_cases/test_add_project_page.py::Test_Add_Project_Page::test_clear_from_add_new_project&#34;: [{&#34;extras&#34;: [], &#34;result&#34;: &#34;Passed&#34;, &#34;testId&#34;: &#34;test_cases/test_add_project_page.py::Test_Add_Project_Page::test_clear_from_add_new_project&#34;, &#34;duration&#34;: &#34;00:00:08&#34;, &#34;resultsTableRow&#34;: [&#34;&lt;td class=\&#34;col-result\&#34;&gt;Passed&lt;/td&gt;&#34;, &#34;&lt;td class=\&#34;col-testId\&#34;&gt;test_cases/test_add_project_page.py::Test_Add_Project_Page::test_clear_from_add_new_project&lt;/td&gt;&#34;, &#34;&lt;td class=\&#34;col-duration\&#34;&gt;00:00:08&lt;/td&gt;&#34;, &#34;&lt;td class=\&#34;col-links\&#34;&gt;&lt;/td&gt;&#34;], &#34;log&#34;: &#34;No log output captured.&#34;}], &#34;test_cases/test_add_project_page.py::Test_Add_Project_Page::test_add_new_project&#34;: [{&#34;extras&#34;: [], &#34;result&#34;: &#34;Passed&#34;, &#34;testId&#34;: &#34;test_cases/test_add_project_page.py::Test_Add_Project_Page::test_add_new_project&#34;, &#34;duration&#34;: &#34;00:00:46&#34;, &#34;resultsTableRow&#34;: [&#34;&lt;td class=\&#34;col-result\&#34;&gt;Passed&lt;/td&gt;&#34;, &#34;&lt;td class=\&#34;col-testId\&#34;&gt;test_cases/test_add_project_page.py::Test_Add_Project_Page::test_add_new_project&lt;/td&gt;&#34;, &#34;&lt;td class=\&#34;col-duration\&#34;&gt;00:00:46&lt;/td&gt;&#34;, &#34;&lt;td class=\&#34;col-links\&#34;&gt;&lt;/td&gt;&#34;], &#34;log&#34;: &#34;No log output captured.&#34;}], &#34;test_cases/test_view_project_page.py::Test_View_Project_Page::test_verify_defination_managemant&#34;: [{&#34;extras&#34;: [], &#34;result&#34;: &#34;Passed&#34;, &#34;testId&#34;: &#34;test_cases/test_view_project_page.py::Test_View_Project_Page::test_verify_defination_managemant&#34;, &#34;duration&#34;: &#34;00:00:19&#34;, &#34;resultsTableRow&#34;: [&#34;&lt;td class=\&#34;col-result\&#34;&gt;Passed&lt;/td&gt;&#34;, &#34;&lt;td class=\&#34;col-testId\&#34;&gt;test_cases/test_view_project_page.py::Test_View_Project_Page::test_verify_defination_managemant&lt;/td&gt;&#34;, &#34;&lt;td class=\&#34;col-duration\&#34;&gt;00:00:19&lt;/td&gt;&#34;, &#34;&lt;td class=\&#34;col-links\&#34;&gt;&lt;/td&gt;&#34;], &#34;log&#34;: &#34;No log output captured.&#34;}], &#34;test_cases/test_view_project_page.py::Test_View_Project_Page::test_verify_search_clear_defination&#34;: [{&#34;extras&#34;: [], &#34;result&#34;: &#34;Passed&#34;, &#34;testId&#34;: &#34;test_cases/test_view_project_page.py::Test_View_Project_Page::test_verify_search_clear_defination&#34;, &#34;duration&#34;: &#34;00:00:11&#34;, &#34;resultsTableRow&#34;: [&#34;&lt;td class=\&#34;col-result\&#34;&gt;Passed&lt;/td&gt;&#34;, &#34;&lt;td class=\&#34;col-testId\&#34;&gt;test_cases/test_view_project_page.py::Test_View_Project_Page::test_verify_search_clear_defination&lt;/td&gt;&#34;, &#34;&lt;td class=\&#34;col-duration\&#34;&gt;00:00:11&lt;/td&gt;&#34;, &#34;&lt;td class=\&#34;col-links\&#34;&gt;&lt;/td&gt;&#34;], &#34;log&#34;: &#34;No log output captured.&#34;}], &#34;test_cases/test_view_project_page.py::Test_View_Project_Page::test_verify_external_link_management&#34;: [{&#34;extras&#34;: [], &#34;result&#34;: &#34;Passed&#34;, &#34;testId&#34;: &#34;test_cases/test_view_project_page.py::Test_View_Project_Page::test_verify_external_link_management&#34;, &#34;duration&#34;: &#34;00:00:12&#34;, &#34;resultsTableRow&#34;: [&#34;&lt;td class=\&#34;col-result\&#34;&gt;Passed&lt;/td&gt;&#34;, &#34;&lt;td class=\&#34;col-testId\&#34;&gt;test_cases/test_view_project_page.py::Test_View_Project_Page::test_verify_external_link_management&lt;/td&gt;&#34;, &#34;&lt;td class=\&#34;col-duration\&#34;&gt;00:00:12&lt;/td&gt;&#34;, &#34;&lt;td class=\&#34;col-links\&#34;&gt;&lt;/td&gt;&#34;], &#34;log&#34;: &#34;No log output captured.&#34;}], &#34;test_cases/test_view_project_page.py::Test_View_Project_Page::test_verify_chapter_version_clickable_count&#34;: [{&#34;extras&#34;: [], &#34;result&#34;: &#34;Passed&#34;, &#34;testId&#34;: &#34;test_cases/test_view_project_page.py::Test_View_Project_Page::test_verify_chapter_version_clickable_count&#34;, &#34;duration&#34;: &#34;00:00:21&#34;, &#34;resultsTableRow&#34;: [&#34;&lt;td class=\&#34;col-result\&#34;&gt;Passed&lt;/td&gt;&#34;, &#34;&lt;td class=\&#34;col-testId\&#34;&gt;test_cases/test_view_project_page.py::Test_View_Project_Page::test_verify_chapter_version_clickable_count&lt;/td&gt;&#34;, &#34;&lt;td class=\&#34;col-duration\&#34;&gt;00:00:21&lt;/td&gt;&#34;, &#34;&lt;td class=\&#34;col-links\&#34;&gt;&lt;/td&gt;&#34;], &#34;log&#34;: &#34;No log output captured.&#34;}], &#34;test_cases/test_view_project_page.py::Test_View_Project_Page::test_verify_chapter_status[PREFACE]&#34;: [{&#34;extras&#34;: [], &#34;result&#34;: &#34;Passed&#34;, &#34;testId&#34;: &#34;test_cases/test_view_project_page.py::Test_View_Project_Page::test_verify_chapter_status[PREFACE]&#34;, &#34;duration&#34;: &#34;00:00:25&#34;, &#34;resultsTableRow&#34;: [&#34;&lt;td class=\&#34;col-result\&#34;&gt;Passed&lt;/td&gt;&#34;, &#34;&lt;td class=\&#34;col-testId\&#34;&gt;test_cases/test_view_project_page.py::Test_View_Project_Page::test_verify_chapter_status[PREFACE]&lt;/td&gt;&#34;, &#34;&lt;td class=\&#34;col-duration\&#34;&gt;00:00:25&lt;/td&gt;&#34;, &#34;&lt;td class=\&#34;col-links\&#34;&gt;&lt;/td&gt;&#34;], &#34;log&#34;: &#34;No log output captured.&#34;}], &#34;test_cases/test_view_project_page.py::Test_View_Project_Page::test_verify_chapter_status[CHAPTER 2 DEFINITIONS]&#34;: [{&#34;extras&#34;: [], &#34;result&#34;: &#34;Passed&#34;, &#34;testId&#34;: &#34;test_cases/test_view_project_page.py::Test_View_Project_Page::test_verify_chapter_status[CHAPTER 2 DEFINITIONS]&#34;, &#34;duration&#34;: &#34;00:00:19&#34;, &#34;resultsTableRow&#34;: [&#34;&lt;td class=\&#34;col-result\&#34;&gt;Passed&lt;/td&gt;&#34;, &#34;&lt;td class=\&#34;col-testId\&#34;&gt;test_cases/test_view_project_page.py::Test_View_Project_Page::test_verify_chapter_status[CHAPTER 2 DEFINITIONS]&lt;/td&gt;&#34;, &#34;&lt;td class=\&#34;col-duration\&#34;&gt;00:00:19&lt;/td&gt;&#34;, &#34;&lt;td class=\&#34;col-links\&#34;&gt;&lt;/td&gt;&#34;], &#34;log&#34;: &#34;No log output captured.&#34;}], &#34;test_cases/test_view_project_page.py::Test_View_Project_Page::test_verify_chapter_status[INDEX]&#34;: [{&#34;extras&#34;: [{&#34;name&#34;: null, &#34;format_type&#34;: &#34;html&#34;, &#34;content&#34;: &#34;&lt;div&gt;&lt;img src=\&#34;D:\\python program\\ICC-Shop\\Screenshot/test_verify_chapter_status[INDEX].png\&#34; alt=\&#34;screenshot\&#34; style=\&#34;width:204px;height:128px;\&#34; onclick=\&#34;window.open(this.src)\&#34; align=\&#34;right\&#34;/&gt;&lt;/div&gt;&#34;, &#34;mime_type&#34;: null, &#34;extension&#34;: null}], &#34;result&#34;: &#34;Failed&#34;, &#34;testId&#34;: &#34;test_cases/test_view_project_page.py::Test_View_Project_Page::test_verify_chapter_status[INDEX]&#34;, &#34;duration&#34;: &#34;00:00:59&#34;, &#34;resultsTableRow&#34;: [&#34;&lt;td class=\&#34;col-result\&#34;&gt;Failed&lt;/td&gt;&#34;, &#34;&lt;td class=\&#34;col-testId\&#34;&gt;test_cases/test_view_project_page.py::Test_View_Project_Page::test_verify_chapter_status[INDEX]&lt;/td&gt;&#34;, &#34;&lt;td class=\&#34;col-duration\&#34;&gt;00:00:59&lt;/td&gt;&#34;, &#34;&lt;td class=\&#34;col-links\&#34;&gt;&lt;/td&gt;&#34;], &#34;log&#34;: &#34;self = &amp;lt;test_cases.test_view_project_page.Test_View_Project_Page object at 0x0000021FCCDE10D0&amp;gt;, chapter_name = &amp;#x27;INDEX&amp;#x27;\n\n    @allure.feature(&amp;quot;Smart Index&amp;quot;)\n    @allure.title(&amp;quot;Verify open chapter, Fm chapter, Appendix and Index&amp;quot;)\n    @allure.severity(allure.severity_level.BLOCKER)\n    @pytest.mark.parametrize(\n        &amp;quot;chapter_name&amp;quot;,\n        [\n            &amp;quot;PREFACE&amp;quot;,\n            &amp;quot;CHAPTER 2 DEFINITIONS&amp;quot;,\n            &amp;quot;INDEX&amp;quot;,\n        ],\n    )\n    def test_verify_chapter_status(self, chapter_name):\n        project_name = self.dashboardpage.check_project_display(\n            &amp;quot;2021 International Mechanical Code&amp;quot;\n        )\n        self.dashboardpage.click_project_name(project_name)\n        self.dashboardpage.click_dashboard_button(VIEW_PROJECT)\n    \n        status_1 = self.viewprojectpage.get_chapter_status(chapter_name)\n        self.viewprojectpage.click_on_chapter(chapter_name)\n        time.sleep(2)\n&amp;gt;       breadcum = self.viewprojectpage.get_current_breadcum()\n\ntest_cases\\test_view_project_page.py:119: \n_ _ _ _ _ _ _ _ _ _ _ _ _ _ _ _ _ _ _ _ _ _ _ _ _ _ _ _ _ _ _ _ _ _ _ _ _ _ _ _ _ _ _ _ _ _ _ _ _ _ _ _ _ _ _ _ _ _ _ _ _ _ _ _ _ _ _ _ _ _ _ _ _ _ _ _ _ _ _ _ _ _ _ _ _ _ _ _ _ _ _\n\nself = &amp;lt;page_objects.view_project_page.View_Project_Page object at 0x0000021FCCFC2DD0&amp;gt;\n\n    @allure.step(&amp;quot;Get current breadcum&amp;quot;)\n    def get_current_breadcum(self):\n&amp;gt;       text = self.baseclass.get_text(self.__deactive_breadcum).strip()\nE       AttributeError: &amp;#x27;NoneType&amp;#x27; object has no attribute &amp;#x27;strip&amp;#x27;\n\npage_objects\\view_project_page.py:81: AttributeError\n\n----------------------------- Captured stdout call -----------------------------\nElement: (&amp;#x27;css selector&amp;#x27;, &amp;#x27;span.breadcrumbsMargin&amp;#x27;) : &amp;lt;built-in method with_traceback of TimeoutException object at 0x0000021FCCF13D00&amp;gt;\n&#34;}], &#34;test_cases/test_view_project_page.py::Test_View_Project_Page::test_verify_Fm_chapter_names&#34;: [{&#34;extras&#34;: [], &#34;result&#34;: &#34;Passed&#34;, &#34;testId&#34;: &#34;test_cases/test_view_project_page.py::Test_View_Project_Page::test_verify_Fm_chapter_names&#34;, &#34;duration&#34;: &#34;00:00:18&#34;, &#34;resultsTableRow&#34;: [&#34;&lt;td class=\&#34;col-result\&#34;&gt;Passed&lt;/td&gt;&#34;, &#34;&lt;td class=\&#34;col-testId\&#34;&gt;test_cases/test_view_project_page.py::Test_View_Project_Page::test_verify_Fm_chapter_names&lt;/td&gt;&#34;, &#34;&lt;td class=\&#34;col-duration\&#34;&gt;00:00:18&lt;/td&gt;&#34;, &#34;&lt;td class=\&#34;col-links\&#34;&gt;&lt;/td&gt;&#34;], &#34;log&#34;: &#34;No log output captured.&#34;}], &#34;test_cases/test_view_project_page.py::Test_View_Project_Page::test_verify_change_sequence_of_Fm_chapter&#34;: [{&#34;extras&#34;: [], &#34;result&#34;: &#34;Passed&#34;, &#34;testId&#34;: &#34;test_cases/test_view_project_page.py::Test_View_Project_Page::test_verify_change_sequence_of_Fm_chapter&#34;, &#34;duration&#34;: &#34;00:00:28&#34;, &#34;resultsTableRow&#34;: [&#34;&lt;td class=\&#34;col-result\&#34;&gt;Passed&lt;/td&gt;&#34;, &#34;&lt;td class=\&#34;col-testId\&#34;&gt;test_cases/test_view_project_page.py::Test_View_Project_Page::test_verify_change_sequence_of_Fm_chapter&lt;/td&gt;&#34;, &#34;&lt;td class=\&#34;col-duration\&#34;&gt;00:00:28&lt;/td&gt;&#34;, &#34;&lt;td class=\&#34;col-links\&#34;&gt;&lt;/td&gt;&#34;], &#34;log&#34;: &#34;No log output captured.&#34;}], &#34;test_cases/test_chapter_overview_page.py::Test_Chapter_Overview::test_verify_open_chapter_content&#34;: [{&#34;extras&#34;: [], &#34;result&#34;: &#34;Passed&#34;, &#34;testId&#34;: &#34;test_cases/test_chapter_overview_page.py::Test_Chapter_Overview::test_verify_open_chapter_content&#34;, &#34;duration&#34;: &#34;00:00:33&#34;, &#34;resultsTableRow&#34;: [&#34;&lt;td class=\&#34;col-result\&#34;&gt;Passed&lt;/td&gt;&#34;, &#34;&lt;td class=\&#34;col-testId\&#34;&gt;test_cases/test_chapter_overview_page.py::Test_Chapter_Overview::test_verify_open_chapter_content&lt;/td&gt;&#34;, &#34;&lt;td class=\&#34;col-duration\&#34;&gt;00:00:33&lt;/td&gt;&#34;, &#34;&lt;td class=\&#34;col-links\&#34;&gt;&lt;/td&gt;&#34;], &#34;log&#34;: &#34;No log output captured.&#34;}], &#34;test_cases/test_chapter_overview_page.py::Test_Chapter_Overview::test_verify_cancel_edit_chapter&#34;: [{&#34;extras&#34;: [], &#34;result&#34;: &#34;Passed&#34;, &#34;testId&#34;: &#34;test_cases/test_chapter_overview_page.py::Test_Chapter_Overview::test_verify_cancel_edit_chapter&#34;, &#34;duration&#34;: &#34;00:01:12&#34;, &#34;resultsTableRow&#34;: [&#34;&lt;td class=\&#34;col-result\&#34;&gt;Passed&lt;/td&gt;&#34;, &#34;&lt;td class=\&#34;col-testId\&#34;&gt;test_cases/test_chapter_overview_page.py::Test_Chapter_Overview::test_verify_cancel_edit_chapter&lt;/td&gt;&#34;, &#34;&lt;td class=\&#34;col-duration\&#34;&gt;00:01:12&lt;/td&gt;&#34;, &#34;&lt;td class=\&#34;col-links\&#34;&gt;&lt;/td&gt;&#34;], &#34;log&#34;: &#34;No log output captured.&#34;}], &#34;test_cases/test_chapter_overview_page.py::Test_Chapter_Overview::test_verify_edit_chapter_title_content&#34;: [{&#34;extras&#34;: [{&#34;name&#34;: null, &#34;format_type&#34;: &#34;html&#34;, &#34;content&#34;: &#34;&lt;div&gt;&lt;img src=\&#34;D:\\python program\\ICC-Shop\\Screenshot/test_verify_edit_chapter_title_content.png\&#34; alt=\&#34;screenshot\&#34; style=\&#34;width:204px;height:128px;\&#34; onclick=\&#34;window.open(this.src)\&#34; align=\&#34;right\&#34;/&gt;&lt;/div&gt;&#34;, &#34;mime_type&#34;: null, &#34;extension&#34;: null}], &#34;result&#34;: &#34;Failed&#34;, &#34;testId&#34;: &#34;test_cases/test_chapter_overview_page.py::Test_Chapter_Overview::test_verify_edit_chapter_title_content&#34;, &#34;duration&#34;: &#34;00:01:32&#34;, &#34;resultsTableRow&#34;: [&#34;&lt;td class=\&#34;col-result\&#34;&gt;Failed&lt;/td&gt;&#34;, &#34;&lt;td class=\&#34;col-testId\&#34;&gt;test_cases/test_chapter_overview_page.py::Test_Chapter_Overview::test_verify_edit_chapter_title_content&lt;/td&gt;&#34;, &#34;&lt;td class=\&#34;col-duration\&#34;&gt;00:01:32&lt;/td&gt;&#34;, &#34;&lt;td class=\&#34;col-links\&#34;&gt;&lt;/td&gt;&#34;], &#34;log&#34;: &#34;self = &amp;lt;uitility.baseclass.Baseclass object at 0x0000021FCCF4BA10&amp;gt;\n\n    def wait_loadder_dissappried(self):\n        try:\n&amp;gt;           self.wait_until_invisibility(self.loader)\n\nuitility\\baseclass.py:176: \n_ _ _ _ _ _ _ _ _ _ _ _ _ _ _ _ _ _ _ _ _ _ _ _ _ _ _ _ _ _ _ _ _ _ _ _ _ _ _ _ _ _ _ _ _ _ _ _ _ _ _ _ _ _ _ _ _ _ _ _ _ _ _ _ _ _ _ _ _ _ _ _ _ _ _ _ _ _ _ _ _ _ _ _ _ _ _ _ _ _ _\nuitility\\baseclass.py:110: in wait_until_invisibility\n    return self.wait.until(\n_ _ _ _ _ _ _ _ _ _ _ _ _ _ _ _ _ _ _ _ _ _ _ _ _ _ _ _ _ _ _ _ _ _ _ _ _ _ _ _ _ _ _ _ _ _ _ _ _ _ _ _ _ _ _ _ _ _ _ _ _ _ _ _ _ _ _ _ _ _ _ _ _ _ _ _ _ _ _ _ _ _ _ _ _ _ _ _ _ _ _\n\nself = &amp;lt;selenium.webdriver.support.wait.WebDriverWait (session=&amp;quot;fb69ad13faa89f5a87fb8c936b6e5569&amp;quot;)&amp;gt;\nmethod = &amp;lt;function invisibility_of_element_located.&amp;lt;locals&amp;gt;._predicate at 0x0000021FCCED1A80&amp;gt;\nmessage = &amp;quot;(&amp;#x27;css selector&amp;#x27;, &amp;#x27;div.v-layout&amp;gt;div.v-progress-circular&amp;#x27;) still visibal on screen&amp;quot;\n\n    def until(self, method: Callable[[D], Union[Literal[False], T]], message: str = &amp;quot;&amp;quot;) -&amp;gt; T:\n        &amp;quot;&amp;quot;&amp;quot;Calls the method provided with the driver as an argument until the \\\n        return value does not evaluate to ``False``.\n    \n        :param method: callable(WebDriver)\n        :param message: optional message for :exc:`TimeoutException`\n        :returns: the result of the last call to `method`\n        :raises: :exc:`selenium.common.exceptions.TimeoutException` if timeout occurs\n        &amp;quot;&amp;quot;&amp;quot;\n        screen = None\n        stacktrace = None\n    \n        end_time = time.monotonic() + self._timeout\n        while True:\n            try:\n                value = method(self._driver)\n                if value:\n                    return value\n            except self._ignored_exceptions as exc:\n                screen = getattr(exc, &amp;quot;screen&amp;quot;, None)\n                stacktrace = getattr(exc, &amp;quot;stacktrace&amp;quot;, None)\n            time.sleep(self._poll)\n            if time.monotonic() &amp;gt; end_time:\n                break\n&amp;gt;       raise TimeoutException(message, screen, stacktrace)\nE       selenium.common.exceptions.TimeoutException: Message: (&amp;#x27;css selector&amp;#x27;, &amp;#x27;div.v-layout&amp;gt;div.v-progress-circular&amp;#x27;) still visibal on screen\n\nvenv\\Lib\\site-packages\\selenium\\webdriver\\support\\wait.py:105: TimeoutException\n\nDuring handling of the above exception, another exception occurred:\n\nself = &amp;lt;test_cases.test_chapter_overview_page.Test_Chapter_Overview object at 0x0000021FCCDAC5D0&amp;gt;\n\n    @allure.feature(&amp;quot;Chapter&amp;quot;)\n    @allure.title(&amp;quot;Verify Edit Chapter Title and Content&amp;quot;)\n    @allure.severity(allure.severity_level.BLOCKER)\n    def test_verify_edit_chapter_title_content(self):\n        self.dashboardpage.click_project_name(&amp;quot;2021 International Mechanical Code&amp;quot;)\n        self.dashboardpage.click_dashboard_button(VIEW_PROJECT)\n        self.viewprojectpage.click_on_chapter(&amp;quot;CHAPTER 4 VENTILATION&amp;quot;)\n        self.chap_overview.click_on_button(OPEN_CHAPTER)\n        # Save Draft\n        time.sleep(1)\n        self.chap_overview.click_on_chapter()\n        self.chap_overview.edit_contant(CHAPTER_TITLE, &amp;quot;TEST&amp;quot;)\n        self.chap_overview.edit_contant(CHAPTER_CONTENT, &amp;quot;Test content&amp;quot;)\n        time.sleep(1)\n        self.chap_overview.click_edit_page_button(SAVE_DRAFT)\n&amp;gt;       alert_draft = self.viewprojectpage.get_alert_message()\n\ntest_cases\\test_chapter_overview_page.py:119: \n_ _ _ _ _ _ _ _ _ _ _ _ _ _ _ _ _ _ _ _ _ _ _ _ _ _ _ _ _ _ _ _ _ _ _ _ _ _ _ _ _ _ _ _ _ _ _ _ _ _ _ _ _ _ _ _ _ _ _ _ _ _ _ _ _ _ _ _ _ _ _ _ _ _ _ _ _ _ _ _ _ _ _ _ _ _ _ _ _ _ _\npage_objects\\view_project_page.py:45: in get_alert_message\n    self.baseclass.wait_loadder_dissappried()\n_ _ _ _ _ _ _ _ _ _ _ _ _ _ _ _ _ _ _ _ _ _ _ _ _ _ _ _ _ _ _ _ _ _ _ _ _ _ _ _ _ _ _ _ _ _ _ _ _ _ _ _ _ _ _ _ _ _ _ _ _ _ _ _ _ _ _ _ _ _ _ _ _ _ _ _ _ _ _ _ _ _ _ _ _ _ _ _ _ _ _\n\nself = &amp;lt;uitility.baseclass.Baseclass object at 0x0000021FCCF4BA10&amp;gt;\n\n    def wait_loadder_dissappried(self):\n        try:\n            self.wait_until_invisibility(self.loader)\n        except:\n&amp;gt;           raise Exception(&amp;quot;Loadder still showing on screen&amp;quot;)\nE           Exception: Loadder still showing on screen\n\nuitility\\baseclass.py:178: Exception\n\n----------------------------- Captured stdout call -----------------------------\nElement: (&amp;#x27;css selector&amp;#x27;, &amp;#x27;div.vue3-snackbar-message-title&amp;#x27;) : &amp;lt;built-in method with_traceback of TimeoutException object at 0x0000021FCCF59540&amp;gt;\n&#34;}], &#34;test_cases/test_chapter_overview_page.py::Test_Chapter_Overview::test_verify_add_new_chapter&#34;: [{&#34;extras&#34;: [{&#34;name&#34;: null, &#34;format_type&#34;: &#34;html&#34;, &#34;content&#34;: &#34;&lt;div&gt;&lt;img src=\&#34;D:\\python program\\ICC-Shop\\Screenshot/test_verify_add_new_chapter.png\&#34; alt=\&#34;screenshot\&#34; style=\&#34;width:204px;height:128px;\&#34; onclick=\&#34;window.open(this.src)\&#34; align=\&#34;right\&#34;/&gt;&lt;/div&gt;&#34;, &#34;mime_type&#34;: null, &#34;extension&#34;: null}], &#34;result&#34;: &#34;Failed&#34;, &#34;testId&#34;: &#34;test_cases/test_chapter_overview_page.py::Test_Chapter_Overview::test_verify_add_new_chapter&#34;, &#34;duration&#34;: &#34;00:00:27&#34;, &#34;resultsTableRow&#34;: [&#34;&lt;td class=\&#34;col-result\&#34;&gt;Failed&lt;/td&gt;&#34;, &#34;&lt;td class=\&#34;col-testId\&#34;&gt;test_cases/test_chapter_overview_page.py::Test_Chapter_Overview::test_verify_add_new_chapter&lt;/td&gt;&#34;, &#34;&lt;td class=\&#34;col-duration\&#34;&gt;00:00:27&lt;/td&gt;&#34;, &#34;&lt;td class=\&#34;col-links\&#34;&gt;&lt;/td&gt;&#34;], &#34;log&#34;: &#34;self = &amp;lt;test_cases.test_chapter_overview_page.Test_Chapter_Overview object at 0x0000021FCCDAC990&amp;gt;\n\n    @allure.feature(&amp;quot;Chapter&amp;quot;)\n    @allure.title(&amp;quot;Verify Add new chapter&amp;quot;)\n    @allure.severity(allure.severity_level.BLOCKER)\n    @pytest.mark.dependency()\n    def test_verify_add_new_chapter(self):\n&amp;gt;       self.dashboardpage.click_project_name(&amp;quot;2021 International Mechanical Code&amp;quot;)\n\ntest_cases\\test_chapter_overview_page.py:155: \n_ _ _ _ _ _ _ _ _ _ _ _ _ _ _ _ _ _ _ _ _ _ _ _ _ _ _ _ _ _ _ _ _ _ _ _ _ _ _ _ _ _ _ _ _ _ _ _ _ _ _ _ _ _ _ _ _ _ _ _ _ _ _ _ _ _ _ _ _ _ _ _ _ _ _ _ _ _ _ _ _ _ _ _ _ _ _ _ _ _ _\npage_objects\\dashboard_page.py:210: in click_project_name\n    for i in self.get_row_data(&amp;quot;Project Name&amp;quot;):\npage_objects\\dashboard_page.py:144: in get_row_data\n    header = self.baseclass.wait_until_elements(self.__table_header)\nuitility\\baseclass.py:56: in wait_until_elements\n    return self.wait.until(EC.presence_of_all_elements_located(locator))\n_ _ _ _ _ _ _ _ _ _ _ _ _ _ _ _ _ _ _ _ _ _ _ _ _ _ _ _ _ _ _ _ _ _ _ _ _ _ _ _ _ _ _ _ _ _ _ _ _ _ _ _ _ _ _ _ _ _ _ _ _ _ _ _ _ _ _ _ _ _ _ _ _ _ _ _ _ _ _ _ _ _ _ _ _ _ _ _ _ _ _\n\nself = &amp;lt;selenium.webdriver.support.wait.WebDriverWait (session=&amp;quot;fb69ad13faa89f5a87fb8c936b6e5569&amp;quot;)&amp;gt;\nmethod = &amp;lt;function presence_of_all_elements_located.&amp;lt;locals&amp;gt;._predicate at 0x0000021FCCED22A0&amp;gt;, message = &amp;#x27;&amp;#x27;\n\n    def until(self, method: Callable[[D], Union[Literal[False], T]], message: str = &amp;quot;&amp;quot;) -&amp;gt; T:\n        &amp;quot;&amp;quot;&amp;quot;Calls the method provided with the driver as an argument until the \\\n        return value does not evaluate to ``False``.\n    \n        :param method: callable(WebDriver)\n        :param message: optional message for :exc:`TimeoutException`\n        :returns: the result of the last call to `method`\n        :raises: :exc:`selenium.common.exceptions.TimeoutException` if timeout occurs\n        &amp;quot;&amp;quot;&amp;quot;\n        screen = None\n        stacktrace = None\n    \n        end_time = time.monotonic() + self._timeout\n        while True:\n            try:\n                value = method(self._driver)\n                if value:\n                    return value\n            except self._ignored_exceptions as exc:\n                screen = getattr(exc, &amp;quot;screen&amp;quot;, None)\n                stacktrace = getattr(exc, &amp;quot;stacktrace&amp;quot;, None)\n            time.sleep(self._poll)\n            if time.monotonic() &amp;gt; end_time:\n                break\n&amp;gt;       raise TimeoutException(message, screen, stacktrace)\nE       selenium.common.exceptions.TimeoutException: Message:\n\nvenv\\Lib\\site-packages\\selenium\\webdriver\\support\\wait.py:105: TimeoutException\n&#34;}], &#34;test_cases/test_chapter_overview_page.py::Test_Chapter_Overview::test_verify_add_new_section&#34;: [{&#34;extras&#34;: [], &#34;result&#34;: &#34;Skipped&#34;, &#34;testId&#34;: &#34;test_cases/test_chapter_overview_page.py::Test_Chapter_Overview::test_verify_add_new_section::setup&#34;, &#34;duration&#34;: &#34;2 ms&#34;, &#34;resultsTableRow&#34;: [&#34;&lt;td class=\&#34;col-result\&#34;&gt;Skipped&lt;/td&gt;&#34;, &#34;&lt;td class=\&#34;col-testId\&#34;&gt;test_cases/test_chapter_overview_page.py::Test_Chapter_Overview::test_verify_add_new_section::setup&lt;/td&gt;&#34;, &#34;&lt;td class=\&#34;col-duration\&#34;&gt;2 ms&lt;/td&gt;&#34;, &#34;&lt;td class=\&#34;col-links\&#34;&gt;&lt;/td&gt;&#34;], &#34;log&#34;: &#34;(&amp;#x27;D:\\\\python program\\\\ICC-Shop\\\\venv\\\\Lib\\\\site-packages\\\\pytest_dependency.py&amp;#x27;, 101, &amp;#x27;Skipped: test_verify_add_new_section depends on test_verify_add_new_chapter&amp;#x27;)\n&#34;}], &#34;test_cases/test_chapter_overview_page.py::Test_Chapter_Overview::test_verify_add_new_sub_section&#34;: [{&#34;extras&#34;: [], &#34;result&#34;: &#34;Skipped&#34;, &#34;testId&#34;: &#34;test_cases/test_chapter_overview_page.py::Test_Chapter_Overview::test_verify_add_new_sub_section::setup&#34;, &#34;duration&#34;: &#34;3 ms&#34;, &#34;resultsTableRow&#34;: [&#34;&lt;td class=\&#34;col-result\&#34;&gt;Skipped&lt;/td&gt;&#34;, &#34;&lt;td class=\&#34;col-testId\&#34;&gt;test_cases/test_chapter_overview_page.py::Test_Chapter_Overview::test_verify_add_new_sub_section::setup&lt;/td&gt;&#34;, &#34;&lt;td class=\&#34;col-duration\&#34;&gt;3 ms&lt;/td&gt;&#34;, &#34;&lt;td class=\&#34;col-links\&#34;&gt;&lt;/td&gt;&#34;], &#34;log&#34;: &#34;(&amp;#x27;D:\\\\python program\\\\ICC-Shop\\\\venv\\\\Lib\\\\site-packages\\\\pytest_dependency.py&amp;#x27;, 101, &amp;#x27;Skipped: test_verify_add_new_sub_section depends on test_verify_add_new_section&amp;#x27;)\n&#34;}], &#34;test_cases/test_chapter_overview_page.py::Test_Chapter_Overview::test_verify_add_figure_at_section[Section-Automation Section Figure-Fig Alt text]&#34;: [{&#34;extras&#34;: [], &#34;result&#34;: &#34;Skipped&#34;, &#34;testId&#34;: &#34;test_cases/test_chapter_overview_page.py::Test_Chapter_Overview::test_verify_add_figure_at_section[Section-Automation Section Figure-Fig Alt text]::setup&#34;, &#34;duration&#34;: &#34;2 ms&#34;, &#34;resultsTableRow&#34;: [&#34;&lt;td class=\&#34;col-result\&#34;&gt;Skipped&lt;/td&gt;&#34;, &#34;&lt;td class=\&#34;col-testId\&#34;&gt;test_cases/test_chapter_overview_page.py::Test_Chapter_Overview::test_verify_add_figure_at_section[Section-Automation Section Figure-Fig Alt text]::setup&lt;/td&gt;&#34;, &#34;&lt;td class=\&#34;col-duration\&#34;&gt;2 ms&lt;/td&gt;&#34;, &#34;&lt;td class=\&#34;col-links\&#34;&gt;&lt;/td&gt;&#34;], &#34;log&#34;: &#34;(&amp;#x27;D:\\\\python program\\\\ICC-Shop\\\\venv\\\\Lib\\\\site-packages\\\\pytest_dependency.py&amp;#x27;, 101, &amp;#x27;Skipped: test_verify_add_figure_at_section[Section-Automation Section Figure-Fig Alt text] depends on test_verify_add_new_section&amp;#x27;)\n&#34;}], &#34;test_cases/test_chapter_overview_page.py::Test_Chapter_Overview::test_verify_add_figure_at_section[Sub-Section-Automation Sub Section Figure-Fig Alt text sub section]&#34;: [{&#34;extras&#34;: [], &#34;result&#34;: &#34;Skipped&#34;, &#34;testId&#34;: &#34;test_cases/test_chapter_overview_page.py::Test_Chapter_Overview::test_verify_add_figure_at_section[Sub-Section-Automation Sub Section Figure-Fig Alt text sub section]::setup&#34;, &#34;duration&#34;: &#34;2 ms&#34;, &#34;resultsTableRow&#34;: [&#34;&lt;td class=\&#34;col-result\&#34;&gt;Skipped&lt;/td&gt;&#34;, &#34;&lt;td class=\&#34;col-testId\&#34;&gt;test_cases/test_chapter_overview_page.py::Test_Chapter_Overview::test_verify_add_figure_at_section[Sub-Section-Automation Sub Section Figure-Fig Alt text sub section]::setup&lt;/td&gt;&#34;, &#34;&lt;td class=\&#34;col-duration\&#34;&gt;2 ms&lt;/td&gt;&#34;, &#34;&lt;td class=\&#34;col-links\&#34;&gt;&lt;/td&gt;&#34;], &#34;log&#34;: &#34;(&amp;#x27;D:\\\\python program\\\\ICC-Shop\\\\venv\\\\Lib\\\\site-packages\\\\pytest_dependency.py&amp;#x27;, 101, &amp;#x27;Skipped: test_verify_add_figure_at_section[Sub-Section-Automation Sub Section Figure-Fig Alt text sub section] depends on test_verify_add_new_section&amp;#x27;)\n&#34;}], &#34;test_cases/test_chapter_overview_page.py::Test_Chapter_Overview::test_verify_cancel_edit_figure[Automation Section Figure]&#34;: [{&#34;extras&#34;: [], &#34;result&#34;: &#34;Skipped&#34;, &#34;testId&#34;: &#34;test_cases/test_chapter_overview_page.py::Test_Chapter_Overview::test_verify_cancel_edit_figure[Automation Section Figure]::setup&#34;, &#34;duration&#34;: &#34;1 ms&#34;, &#34;resultsTableRow&#34;: [&#34;&lt;td class=\&#34;col-result\&#34;&gt;Skipped&lt;/td&gt;&#34;, &#34;&lt;td class=\&#34;col-testId\&#34;&gt;test_cases/test_chapter_overview_page.py::Test_Chapter_Overview::test_verify_cancel_edit_figure[Automation Section Figure]::setup&lt;/td&gt;&#34;, &#34;&lt;td class=\&#34;col-duration\&#34;&gt;1 ms&lt;/td&gt;&#34;, &#34;&lt;td class=\&#34;col-links\&#34;&gt;&lt;/td&gt;&#34;], &#34;log&#34;: &#34;(&amp;#x27;D:\\\\python program\\\\ICC-Shop\\\\venv\\\\Lib\\\\site-packages\\\\pytest_dependency.py&amp;#x27;, 101, &amp;#x27;Skipped: test_verify_cancel_edit_figure[Automation Section Figure] depends on test_verify_add_figure_at_section&amp;#x27;)\n&#34;}], &#34;test_cases/test_chapter_overview_page.py::Test_Chapter_Overview::test_verify_cancel_edit_figure[Automation Sub Section Figure]&#34;: [{&#34;extras&#34;: [], &#34;result&#34;: &#34;Skipped&#34;, &#34;testId&#34;: &#34;test_cases/test_chapter_overview_page.py::Test_Chapter_Overview::test_verify_cancel_edit_figure[Automation Sub Section Figure]::setup&#34;, &#34;duration&#34;: &#34;3 ms&#34;, &#34;resultsTableRow&#34;: [&#34;&lt;td class=\&#34;col-result\&#34;&gt;Skipped&lt;/td&gt;&#34;, &#34;&lt;td class=\&#34;col-testId\&#34;&gt;test_cases/test_chapter_overview_page.py::Test_Chapter_Overview::test_verify_cancel_edit_figure[Automation Sub Section Figure]::setup&lt;/td&gt;&#34;, &#34;&lt;td class=\&#34;col-duration\&#34;&gt;3 ms&lt;/td&gt;&#34;, &#34;&lt;td class=\&#34;col-links\&#34;&gt;&lt;/td&gt;&#34;], &#34;log&#34;: &#34;(&amp;#x27;D:\\\\python program\\\\ICC-Shop\\\\venv\\\\Lib\\\\site-packages\\\\pytest_dependency.py&amp;#x27;, 101, &amp;#x27;Skipped: test_verify_cancel_edit_figure[Automation Sub Section Figure] depends on test_verify_add_figure_at_section&amp;#x27;)\n&#34;}], &#34;test_cases/test_chapter_overview_page.py::Test_Chapter_Overview::test_verify_delete_figure_at_section[Automation Section Figure]&#34;: [{&#34;extras&#34;: [], &#34;result&#34;: &#34;Skipped&#34;, &#34;testId&#34;: &#34;test_cases/test_chapter_overview_page.py::Test_Chapter_Overview::test_verify_delete_figure_at_section[Automation Section Figure]::setup&#34;, &#34;duration&#34;: &#34;1 ms&#34;, &#34;resultsTableRow&#34;: [&#34;&lt;td class=\&#34;col-result\&#34;&gt;Skipped&lt;/td&gt;&#34;, &#34;&lt;td class=\&#34;col-testId\&#34;&gt;test_cases/test_chapter_overview_page.py::Test_Chapter_Overview::test_verify_delete_figure_at_section[Automation Section Figure]::setup&lt;/td&gt;&#34;, &#34;&lt;td class=\&#34;col-duration\&#34;&gt;1 ms&lt;/td&gt;&#34;, &#34;&lt;td class=\&#34;col-links\&#34;&gt;&lt;/td&gt;&#34;], &#34;log&#34;: &#34;(&amp;#x27;D:\\\\python program\\\\ICC-Shop\\\\venv\\\\Lib\\\\site-packages\\\\pytest_dependency.py&amp;#x27;, 101, &amp;#x27;Skipped: test_verify_delete_figure_at_section[Automation Section Figure] depends on test_verify_add_figure_at_section&amp;#x27;)\n&#34;}], &#34;test_cases/test_chapter_overview_page.py::Test_Chapter_Overview::test_verify_delete_figure_at_section[Automation Sub Section Figure]&#34;: [{&#34;extras&#34;: [], &#34;result&#34;: &#34;Skipped&#34;, &#34;testId&#34;: &#34;test_cases/test_chapter_overview_page.py::Test_Chapter_Overview::test_verify_delete_figure_at_section[Automation Sub Section Figure]::setup&#34;, &#34;duration&#34;: &#34;1 ms&#34;, &#34;resultsTableRow&#34;: [&#34;&lt;td class=\&#34;col-result\&#34;&gt;Skipped&lt;/td&gt;&#34;, &#34;&lt;td class=\&#34;col-testId\&#34;&gt;test_cases/test_chapter_overview_page.py::Test_Chapter_Overview::test_verify_delete_figure_at_section[Automation Sub Section Figure]::setup&lt;/td&gt;&#34;, &#34;&lt;td class=\&#34;col-duration\&#34;&gt;1 ms&lt;/td&gt;&#34;, &#34;&lt;td class=\&#34;col-links\&#34;&gt;&lt;/td&gt;&#34;], &#34;log&#34;: &#34;(&amp;#x27;D:\\\\python program\\\\ICC-Shop\\\\venv\\\\Lib\\\\site-packages\\\\pytest_dependency.py&amp;#x27;, 101, &amp;#x27;Skipped: test_verify_delete_figure_at_section[Automation Sub Section Figure] depends on test_verify_add_figure_at_section&amp;#x27;)\n&#34;}], &#34;test_cases/test_chapter_overview_page.py::Test_Chapter_Overview::test_verify_delete_new_sub_section&#34;: [{&#34;extras&#34;: [], &#34;result&#34;: &#34;Skipped&#34;, &#34;testId&#34;: &#34;test_cases/test_chapter_overview_page.py::Test_Chapter_Overview::test_verify_delete_new_sub_section::setup&#34;, &#34;duration&#34;: &#34;2 ms&#34;, &#34;resultsTableRow&#34;: [&#34;&lt;td class=\&#34;col-result\&#34;&gt;Skipped&lt;/td&gt;&#34;, &#34;&lt;td class=\&#34;col-testId\&#34;&gt;test_cases/test_chapter_overview_page.py::Test_Chapter_Overview::test_verify_delete_new_sub_section::setup&lt;/td&gt;&#34;, &#34;&lt;td class=\&#34;col-duration\&#34;&gt;2 ms&lt;/td&gt;&#34;, &#34;&lt;td class=\&#34;col-links\&#34;&gt;&lt;/td&gt;&#34;], &#34;log&#34;: &#34;(&amp;#x27;D:\\\\python program\\\\ICC-Shop\\\\venv\\\\Lib\\\\site-packages\\\\pytest_dependency.py&amp;#x27;, 101, &amp;#x27;Skipped: test_verify_delete_new_sub_section depends on test_verify_add_new_sub_section&amp;#x27;)\n&#34;}], &#34;test_cases/test_chapter_overview_page.py::Test_Chapter_Overview::test_verify_delete_new_section&#34;: [{&#34;extras&#34;: [], &#34;result&#34;: &#34;Skipped&#34;, &#34;testId&#34;: &#34;test_cases/test_chapter_overview_page.py::Test_Chapter_Overview::test_verify_delete_new_section::setup&#34;, &#34;duration&#34;: &#34;1 ms&#34;, &#34;resultsTableRow&#34;: [&#34;&lt;td class=\&#34;col-result\&#34;&gt;Skipped&lt;/td&gt;&#34;, &#34;&lt;td class=\&#34;col-testId\&#34;&gt;test_cases/test_chapter_overview_page.py::Test_Chapter_Overview::test_verify_delete_new_section::setup&lt;/td&gt;&#34;, &#34;&lt;td class=\&#34;col-duration\&#34;&gt;1 ms&lt;/td&gt;&#34;, &#34;&lt;td class=\&#34;col-links\&#34;&gt;&lt;/td&gt;&#34;], &#34;log&#34;: &#34;(&amp;#x27;D:\\\\python program\\\\ICC-Shop\\\\venv\\\\Lib\\\\site-packages\\\\pytest_dependency.py&amp;#x27;, 101, &amp;#x27;Skipped: test_verify_delete_new_section depends on test_verify_add_new_section&amp;#x27;)\n&#34;}], &#34;test_cases/test_chapter_overview_page.py::Test_Chapter_Overview::test_verify_delete_new_chapter&#34;: [{&#34;extras&#34;: [], &#34;result&#34;: &#34;Skipped&#34;, &#34;testId&#34;: &#34;test_cases/test_chapter_overview_page.py::Test_Chapter_Overview::test_verify_delete_new_chapter::setup&#34;, &#34;duration&#34;: &#34;2 ms&#34;, &#34;resultsTableRow&#34;: [&#34;&lt;td class=\&#34;col-result\&#34;&gt;Skipped&lt;/td&gt;&#34;, &#34;&lt;td class=\&#34;col-testId\&#34;&gt;test_cases/test_chapter_overview_page.py::Test_Chapter_Overview::test_verify_delete_new_chapter::setup&lt;/td&gt;&#34;, &#34;&lt;td class=\&#34;col-duration\&#34;&gt;2 ms&lt;/td&gt;&#34;, &#34;&lt;td class=\&#34;col-links\&#34;&gt;&lt;/td&gt;&#34;], &#34;log&#34;: &#34;(&amp;#x27;D:\\\\python program\\\\ICC-Shop\\\\venv\\\\Lib\\\\site-packages\\\\pytest_dependency.py&amp;#x27;, 101, &amp;#x27;Skipped: test_verify_delete_new_chapter depends on test_verify_add_new_chapter&amp;#x27;)\n&#34;}], &#34;test_cases/test_chapter_overview_page.py::Test_Chapter_Overview::test_verify_open_section_content&#34;: [{&#34;extras&#34;: [], &#34;result&#34;: &#34;Error&#34;, &#34;testId&#34;: &#34;test_cases/test_chapter_overview_page.py::Test_Chapter_Overview::test_verify_open_section_content::setup&#34;, &#34;duration&#34;: &#34;00:00:21&#34;, &#34;resultsTableRow&#34;: [&#34;&lt;td class=\&#34;col-result\&#34;&gt;Error&lt;/td&gt;&#34;, &#34;&lt;td class=\&#34;col-testId\&#34;&gt;test_cases/test_chapter_overview_page.py::Test_Chapter_Overview::test_verify_open_section_content::setup&lt;/td&gt;&#34;, &#34;&lt;td class=\&#34;col-duration\&#34;&gt;00:00:21&lt;/td&gt;&#34;, &#34;&lt;td class=\&#34;col-links\&#34;&gt;&lt;/td&gt;&#34;], &#34;log&#34;: &#34;self = &amp;lt;test_cases.test_chapter_overview_page.Test_Chapter_Overview object at 0x0000021FCCDB0ED0&amp;gt;\n\n    @allure.title(\n        &amp;quot;Fixture (Funcation Level): Navigate to Home page and Create Object of Page class&amp;quot;\n    )\n    @pytest.fixture(scope=&amp;quot;function&amp;quot;, autouse=True)\n    def setup_class_objects(self):\n        with allure.step(&amp;quot;Navigate to Home page and create page class objects&amp;quot;):\n&amp;gt;           self.driver.get(conftest.url)\n\ntest_cases\\test_base.py:52: \n_ _ _ _ _ _ _ _ _ _ _ _ _ _ _ _ _ _ _ _ _ _ _ _ _ _ _ _ _ _ _ _ _ _ _ _ _ _ _ _ _ _ _ _ _ _ _ _ _ _ _ _ _ _ _ _ _ _ _ _ _ _ _ _ _ _ _ _ _ _ _ _ _ _ _ _ _ _ _ _ _ _ _ _ _ _ _ _ _ _ _\nvenv\\Lib\\site-packages\\selenium\\webdriver\\remote\\webdriver.py:356: in get\n    self.execute(Command.GET, {&amp;quot;url&amp;quot;: url})\nvenv\\Lib\\site-packages\\selenium\\webdriver\\remote\\webdriver.py:347: in execute\n    self.error_handler.check_response(response)\n_ _ _ _ _ _ _ _ _ _ _ _ _ _ _ _ _ _ _ _ _ _ _ _ _ _ _ _ _ _ _ _ _ _ _ _ _ _ _ _ _ _ _ _ _ _ _ _ _ _ _ _ _ _ _ _ _ _ _ _ _ _ _ _ _ _ _ _ _ _ _ _ _ _ _ _ _ _ _ _ _ _ _ _ _ _ _ _ _ _ _\n\nself = &amp;lt;selenium.webdriver.remote.errorhandler.ErrorHandler object at 0x0000021FCC8BACD0&amp;gt;\nresponse = {&amp;#x27;status&amp;#x27;: 500, &amp;#x27;value&amp;#x27;: &amp;#x27;{&amp;quot;value&amp;quot;:{&amp;quot;error&amp;quot;:&amp;quot;unknown error&amp;quot;,&amp;quot;message&amp;quot;:&amp;quot;unknown error: net::ERR_CONNECTION_TIMED_OUT\\\\n...07FF72469E17F]\\\\n\\\\tBaseThreadInitThunk [0x00007FFAECF97374+20]\\\\n\\\\tRtlUserThreadStart [0x00007FFAEEA9CC91+33]\\\\n&amp;quot;}}&amp;#x27;}\n\n    def check_response(self, response: Dict[str, Any]) -&amp;gt; None:\n        &amp;quot;&amp;quot;&amp;quot;Checks that a JSON response from the WebDriver does not have an\n        error.\n    \n        :Args:\n         - response - The JSON response from the WebDriver server as a dictionary\n           object.\n    \n        :Raises: If the response contains an error message.\n        &amp;quot;&amp;quot;&amp;quot;\n        status = response.get(&amp;quot;status&amp;quot;, None)\n        if not status or status == ErrorCode.SUCCESS:\n            return\n        value = None\n        message = response.get(&amp;quot;message&amp;quot;, &amp;quot;&amp;quot;)\n        screen: str = response.get(&amp;quot;screen&amp;quot;, &amp;quot;&amp;quot;)\n        stacktrace = None\n        if isinstance(status, int):\n            value_json = response.get(&amp;quot;value&amp;quot;, None)\n            if value_json and isinstance(value_json, str):\n                import json\n    \n                try:\n                    value = json.loads(value_json)\n                    if len(value) == 1:\n                        value = value[&amp;quot;value&amp;quot;]\n                    status = value.get(&amp;quot;error&amp;quot;, None)\n                    if not status:\n                        status = value.get(&amp;quot;status&amp;quot;, ErrorCode.UNKNOWN_ERROR)\n                        message = value.get(&amp;quot;value&amp;quot;) or value.get(&amp;quot;message&amp;quot;)\n                        if not isinstance(message, str):\n                            value = message\n                            message = message.get(&amp;quot;message&amp;quot;)\n                    else:\n                        message = value.get(&amp;quot;message&amp;quot;, None)\n                except ValueError:\n                    pass\n    \n        exception_class: Type[WebDriverException]\n        e = ErrorCode()\n        error_codes = [item for item in dir(e) if not item.startswith(&amp;quot;__&amp;quot;)]\n        for error_code in error_codes:\n            error_info = getattr(ErrorCode, error_code)\n            if isinstance(error_info, list) and status in error_info:\n                exception_class = getattr(ExceptionMapping, error_code, WebDriverException)\n                break\n        else:\n            exception_class = WebDriverException\n    \n        if not value:\n            value = response[&amp;quot;value&amp;quot;]\n        if isinstance(value, str):\n            raise exception_class(value)\n        if message == &amp;quot;&amp;quot; and &amp;quot;message&amp;quot; in value:\n            message = value[&amp;quot;message&amp;quot;]\n    \n        screen = None  # type: ignore[assignment]\n        if &amp;quot;screen&amp;quot; in value:\n            screen = value[&amp;quot;screen&amp;quot;]\n    \n        stacktrace = None\n        st_value = value.get(&amp;quot;stackTrace&amp;quot;) or value.get(&amp;quot;stacktrace&amp;quot;)\n        if st_value:\n            if isinstance(st_value, str):\n                stacktrace = st_value.split(&amp;quot;\\n&amp;quot;)\n            else:\n                stacktrace = []\n                try:\n                    for frame in st_value:\n                        line = frame.get(&amp;quot;lineNumber&amp;quot;, &amp;quot;&amp;quot;)\n                        file = frame.get(&amp;quot;fileName&amp;quot;, &amp;quot;&amp;lt;anonymous&amp;gt;&amp;quot;)\n                        if line:\n                            file = f&amp;quot;{file}:{line}&amp;quot;\n                        meth = frame.get(&amp;quot;methodName&amp;quot;, &amp;quot;&amp;lt;anonymous&amp;gt;&amp;quot;)\n                        if &amp;quot;className&amp;quot; in frame:\n                            meth = f&amp;quot;{frame[&amp;#x27;className&amp;#x27;]}.{meth}&amp;quot;\n                        msg = &amp;quot;    at %s (%s)&amp;quot;\n                        msg = msg % (meth, file)\n                        stacktrace.append(msg)\n                except TypeError:\n                    pass\n        if exception_class == UnexpectedAlertPresentException:\n            alert_text = None\n            if &amp;quot;data&amp;quot; in value:\n                alert_text = value[&amp;quot;data&amp;quot;].get(&amp;quot;text&amp;quot;)\n            elif &amp;quot;alert&amp;quot; in value:\n                alert_text = value[&amp;quot;alert&amp;quot;].get(&amp;quot;text&amp;quot;)\n            raise exception_class(message, screen, stacktrace, alert_text)  # type: ignore[call-arg]  # mypy is not smart enough here\n&amp;gt;       raise exception_class(message, screen, stacktrace)\nE       selenium.common.exceptions.WebDriverException: Message: unknown error: net::ERR_CONNECTION_TIMED_OUT\nE         (Session info: chrome-headless-shell=126.0.6478.183)\nE       Stacktrace:\nE       \tGetHandleVerifier [0x00007FF72472EEB2+31554]\nE       \t(No symbol) [0x00007FF7246A7EE9]\nE       \t(No symbol) [0x00007FF72456872A]\nE       \t(No symbol) [0x00007FF724560782]\nE       \t(No symbol) [0x00007FF724551294]\nE       \t(No symbol) [0x00007FF724552B02]\nE       \t(No symbol) [0x00007FF7245515C1]\nE       \t(No symbol) [0x00007FF724550DA1]\nE       \t(No symbol) [0x00007FF724550CE0]\nE       \t(No symbol) [0x00007FF72454EC6D]\nE       \t(No symbol) [0x00007FF72454F2AC]\nE       \t(No symbol) [0x00007FF72456B501]\nE       \t(No symbol) [0x00007FF7245FD33E]\nE       \t(No symbol) [0x00007FF7245DD02A]\nE       \t(No symbol) [0x00007FF7245FC977]\nE       \t(No symbol) [0x00007FF7245DCDD3]\nE       \t(No symbol) [0x00007FF7245AA33B]\nE       \t(No symbol) [0x00007FF7245AAED1]\nE       \tGetHandleVerifier [0x00007FF724A38B2D+3217341]\nE       \tGetHandleVerifier [0x00007FF724A85AF3+3532675]\nE       \tGetHandleVerifier [0x00007FF724A7B0F0+3489152]\nE       \tGetHandleVerifier [0x00007FF7247DE786+750614]\nE       \t(No symbol) [0x00007FF7246B376F]\nE       \t(No symbol) [0x00007FF7246AEB24]\nE       \t(No symbol) [0x00007FF7246AECB2]\nE       \t(No symbol) [0x00007FF72469E17F]\nE       \tBaseThreadInitThunk [0x00007FFAECF97374+20]\nE       \tRtlUserThreadStart [0x00007FFAEEA9CC91+33]\n\nvenv\\Lib\\site-packages\\selenium\\webdriver\\remote\\errorhandler.py:229: WebDriverException\n&#34;}], &#34;test_cases/test_chapter_overview_page.py::Test_Chapter_Overview::test_verify_cancel_edit_section&#34;: [{&#34;extras&#34;: [], &#34;result&#34;: &#34;Error&#34;, &#34;testId&#34;: &#34;test_cases/test_chapter_overview_page.py::Test_Chapter_Overview::test_verify_cancel_edit_section::setup&#34;, &#34;duration&#34;: &#34;176 ms&#34;, &#34;resultsTableRow&#34;: [&#34;&lt;td class=\&#34;col-result\&#34;&gt;Error&lt;/td&gt;&#34;, &#34;&lt;td class=\&#34;col-testId\&#34;&gt;test_cases/test_chapter_overview_page.py::Test_Chapter_Overview::test_verify_cancel_edit_section::setup&lt;/td&gt;&#34;, &#34;&lt;td class=\&#34;col-duration\&#34;&gt;176 ms&lt;/td&gt;&#34;, &#34;&lt;td class=\&#34;col-links\&#34;&gt;&lt;/td&gt;&#34;], &#34;log&#34;: &#34;self = &amp;lt;test_cases.test_chapter_overview_page.Test_Chapter_Overview object at 0x0000021FCCDB1590&amp;gt;\n\n    @allure.title(\n        &amp;quot;Fixture (Funcation Level): Navigate to Home page and Create Object of Page class&amp;quot;\n    )\n    @pytest.fixture(scope=&amp;quot;function&amp;quot;, autouse=True)\n    def setup_class_objects(self):\n        with allure.step(&amp;quot;Navigate to Home page and create page class objects&amp;quot;):\n&amp;gt;           self.driver.get(conftest.url)\n\ntest_cases\\test_base.py:52: \n_ _ _ _ _ _ _ _ _ _ _ _ _ _ _ _ _ _ _ _ _ _ _ _ _ _ _ _ _ _ _ _ _ _ _ _ _ _ _ _ _ _ _ _ _ _ _ _ _ _ _ _ _ _ _ _ _ _ _ _ _ _ _ _ _ _ _ _ _ _ _ _ _ _ _ _ _ _ _ _ _ _ _ _ _ _ _ _ _ _ _\nvenv\\Lib\\site-packages\\selenium\\webdriver\\remote\\webdriver.py:356: in get\n    self.execute(Command.GET, {&amp;quot;url&amp;quot;: url})\nvenv\\Lib\\site-packages\\selenium\\webdriver\\remote\\webdriver.py:347: in execute\n    self.error_handler.check_response(response)\n_ _ _ _ _ _ _ _ _ _ _ _ _ _ _ _ _ _ _ _ _ _ _ _ _ _ _ _ _ _ _ _ _ _ _ _ _ _ _ _ _ _ _ _ _ _ _ _ _ _ _ _ _ _ _ _ _ _ _ _ _ _ _ _ _ _ _ _ _ _ _ _ _ _ _ _ _ _ _ _ _ _ _ _ _ _ _ _ _ _ _\n\nself = &amp;lt;selenium.webdriver.remote.errorhandler.ErrorHandler object at 0x0000021FCC8BACD0&amp;gt;\nresponse = {&amp;#x27;status&amp;#x27;: 500, &amp;#x27;value&amp;#x27;: &amp;#x27;{&amp;quot;value&amp;quot;:{&amp;quot;error&amp;quot;:&amp;quot;unknown error&amp;quot;,&amp;quot;message&amp;quot;:&amp;quot;unknown error: net::ERR_CONNECTION_TIMED_OUT\\\\n...07FF72469E17F]\\\\n\\\\tBaseThreadInitThunk [0x00007FFAECF97374+20]\\\\n\\\\tRtlUserThreadStart [0x00007FFAEEA9CC91+33]\\\\n&amp;quot;}}&amp;#x27;}\n\n    def check_response(self, response: Dict[str, Any]) -&amp;gt; None:\n        &amp;quot;&amp;quot;&amp;quot;Checks that a JSON response from the WebDriver does not have an\n        error.\n    \n        :Args:\n         - response - The JSON response from the WebDriver server as a dictionary\n           object.\n    \n        :Raises: If the response contains an error message.\n        &amp;quot;&amp;quot;&amp;quot;\n        status = response.get(&amp;quot;status&amp;quot;, None)\n        if not status or status == ErrorCode.SUCCESS:\n            return\n        value = None\n        message = response.get(&amp;quot;message&amp;quot;, &amp;quot;&amp;quot;)\n        screen: str = response.get(&amp;quot;screen&amp;quot;, &amp;quot;&amp;quot;)\n        stacktrace = None\n        if isinstance(status, int):\n            value_json = response.get(&amp;quot;value&amp;quot;, None)\n            if value_json and isinstance(value_json, str):\n                import json\n    \n                try:\n                    value = json.loads(value_json)\n                    if len(value) == 1:\n                        value = value[&amp;quot;value&amp;quot;]\n                    status = value.get(&amp;quot;error&amp;quot;, None)\n                    if not status:\n                        status = value.get(&amp;quot;status&amp;quot;, ErrorCode.UNKNOWN_ERROR)\n                        message = value.get(&amp;quot;value&amp;quot;) or value.get(&amp;quot;message&amp;quot;)\n                        if not isinstance(message, str):\n                            value = message\n                            message = message.get(&amp;quot;message&amp;quot;)\n                    else:\n                        message = value.get(&amp;quot;message&amp;quot;, None)\n                except ValueError:\n                    pass\n    \n        exception_class: Type[WebDriverException]\n        e = ErrorCode()\n        error_codes = [item for item in dir(e) if not item.startswith(&amp;quot;__&amp;quot;)]\n        for error_code in error_codes:\n            error_info = getattr(ErrorCode, error_code)\n            if isinstance(error_info, list) and status in error_info:\n                exception_class = getattr(ExceptionMapping, error_code, WebDriverException)\n                break\n        else:\n            exception_class = WebDriverException\n    \n        if not value:\n            value = response[&amp;quot;value&amp;quot;]\n        if isinstance(value, str):\n            raise exception_class(value)\n        if message == &amp;quot;&amp;quot; and &amp;quot;message&amp;quot; in value:\n            message = value[&amp;quot;message&amp;quot;]\n    \n        screen = None  # type: ignore[assignment]\n        if &amp;quot;screen&amp;quot; in value:\n            screen = value[&amp;quot;screen&amp;quot;]\n    \n        stacktrace = None\n        st_value = value.get(&amp;quot;stackTrace&amp;quot;) or value.get(&amp;quot;stacktrace&amp;quot;)\n        if st_value:\n            if isinstance(st_value, str):\n                stacktrace = st_value.split(&amp;quot;\\n&amp;quot;)\n            else:\n                stacktrace = []\n                try:\n                    for frame in st_value:\n                        line = frame.get(&amp;quot;lineNumber&amp;quot;, &amp;quot;&amp;quot;)\n                        file = frame.get(&amp;quot;fileName&amp;quot;, &amp;quot;&amp;lt;anonymous&amp;gt;&amp;quot;)\n                        if line:\n                            file = f&amp;quot;{file}:{line}&amp;quot;\n                        meth = frame.get(&amp;quot;methodName&amp;quot;, &amp;quot;&amp;lt;anonymous&amp;gt;&amp;quot;)\n                        if &amp;quot;className&amp;quot; in frame:\n                            meth = f&amp;quot;{frame[&amp;#x27;className&amp;#x27;]}.{meth}&amp;quot;\n                        msg = &amp;quot;    at %s (%s)&amp;quot;\n                        msg = msg % (meth, file)\n                        stacktrace.append(msg)\n                except TypeError:\n                    pass\n        if exception_class == UnexpectedAlertPresentException:\n            alert_text = None\n            if &amp;quot;data&amp;quot; in value:\n                alert_text = value[&amp;quot;data&amp;quot;].get(&amp;quot;text&amp;quot;)\n            elif &amp;quot;alert&amp;quot; in value:\n                alert_text = value[&amp;quot;alert&amp;quot;].get(&amp;quot;text&amp;quot;)\n            raise exception_class(message, screen, stacktrace, alert_text)  # type: ignore[call-arg]  # mypy is not smart enough here\n&amp;gt;       raise exception_class(message, screen, stacktrace)\nE       selenium.common.exceptions.WebDriverException: Message: unknown error: net::ERR_CONNECTION_TIMED_OUT\nE         (Session info: chrome-headless-shell=126.0.6478.183)\nE       Stacktrace:\nE       \tGetHandleVerifier [0x00007FF72472EEB2+31554]\nE       \t(No symbol) [0x00007FF7246A7EE9]\nE       \t(No symbol) [0x00007FF72456872A]\nE       \t(No symbol) [0x00007FF724560782]\nE       \t(No symbol) [0x00007FF724551294]\nE       \t(No symbol) [0x00007FF724552B02]\nE       \t(No symbol) [0x00007FF7245515C1]\nE       \t(No symbol) [0x00007FF724550DA1]\nE       \t(No symbol) [0x00007FF724550CE0]\nE       \t(No symbol) [0x00007FF72454EC6D]\nE       \t(No symbol) [0x00007FF72454F2AC]\nE       \t(No symbol) [0x00007FF72456B501]\nE       \t(No symbol) [0x00007FF7245FD33E]\nE       \t(No symbol) [0x00007FF7245DD02A]\nE       \t(No symbol) [0x00007FF7245FC977]\nE       \t(No symbol) [0x00007FF7245DCDD3]\nE       \t(No symbol) [0x00007FF7245AA33B]\nE       \t(No symbol) [0x00007FF7245AAED1]\nE       \tGetHandleVerifier [0x00007FF724A38B2D+3217341]\nE       \tGetHandleVerifier [0x00007FF724A85AF3+3532675]\nE       \tGetHandleVerifier [0x00007FF724A7B0F0+3489152]\nE       \tGetHandleVerifier [0x00007FF7247DE786+750614]\nE       \t(No symbol) [0x00007FF7246B376F]\nE       \t(No symbol) [0x00007FF7246AEB24]\nE       \t(No symbol) [0x00007FF7246AECB2]\nE       \t(No symbol) [0x00007FF72469E17F]\nE       \tBaseThreadInitThunk [0x00007FFAECF97374+20]\nE       \tRtlUserThreadStart [0x00007FFAEEA9CC91+33]\n\nvenv\\Lib\\site-packages\\selenium\\webdriver\\remote\\errorhandler.py:229: WebDriverException\n&#34;}], &#34;test_cases/test_chapter_overview_page.py::Test_Chapter_Overview::test_verify_edit_section_title&#34;: [{&#34;extras&#34;: [], &#34;result&#34;: &#34;Error&#34;, &#34;testId&#34;: &#34;test_cases/test_chapter_overview_page.py::Test_Chapter_Overview::test_verify_edit_section_title::setup&#34;, &#34;duration&#34;: &#34;00:00:21&#34;, &#34;resultsTableRow&#34;: [&#34;&lt;td class=\&#34;col-result\&#34;&gt;Error&lt;/td&gt;&#34;, &#34;&lt;td class=\&#34;col-testId\&#34;&gt;test_cases/test_chapter_overview_page.py::Test_Chapter_Overview::test_verify_edit_section_title::setup&lt;/td&gt;&#34;, &#34;&lt;td class=\&#34;col-duration\&#34;&gt;00:00:21&lt;/td&gt;&#34;, &#34;&lt;td class=\&#34;col-links\&#34;&gt;&lt;/td&gt;&#34;], &#34;log&#34;: &#34;self = &amp;lt;test_cases.test_chapter_overview_page.Test_Chapter_Overview object at 0x0000021FCCDB1C50&amp;gt;\n\n    @allure.title(\n        &amp;quot;Fixture (Funcation Level): Navigate to Home page and Create Object of Page class&amp;quot;\n    )\n    @pytest.fixture(scope=&amp;quot;function&amp;quot;, autouse=True)\n    def setup_class_objects(self):\n        with allure.step(&amp;quot;Navigate to Home page and create page class objects&amp;quot;):\n&amp;gt;           self.driver.get(conftest.url)\n\ntest_cases\\test_base.py:52: \n_ _ _ _ _ _ _ _ _ _ _ _ _ _ _ _ _ _ _ _ _ _ _ _ _ _ _ _ _ _ _ _ _ _ _ _ _ _ _ _ _ _ _ _ _ _ _ _ _ _ _ _ _ _ _ _ _ _ _ _ _ _ _ _ _ _ _ _ _ _ _ _ _ _ _ _ _ _ _ _ _ _ _ _ _ _ _ _ _ _ _\nvenv\\Lib\\site-packages\\selenium\\webdriver\\remote\\webdriver.py:356: in get\n    self.execute(Command.GET, {&amp;quot;url&amp;quot;: url})\nvenv\\Lib\\site-packages\\selenium\\webdriver\\remote\\webdriver.py:347: in execute\n    self.error_handler.check_response(response)\n_ _ _ _ _ _ _ _ _ _ _ _ _ _ _ _ _ _ _ _ _ _ _ _ _ _ _ _ _ _ _ _ _ _ _ _ _ _ _ _ _ _ _ _ _ _ _ _ _ _ _ _ _ _ _ _ _ _ _ _ _ _ _ _ _ _ _ _ _ _ _ _ _ _ _ _ _ _ _ _ _ _ _ _ _ _ _ _ _ _ _\n\nself = &amp;lt;selenium.webdriver.remote.errorhandler.ErrorHandler object at 0x0000021FCC8BACD0&amp;gt;\nresponse = {&amp;#x27;status&amp;#x27;: 500, &amp;#x27;value&amp;#x27;: &amp;#x27;{&amp;quot;value&amp;quot;:{&amp;quot;error&amp;quot;:&amp;quot;unknown error&amp;quot;,&amp;quot;message&amp;quot;:&amp;quot;unknown error: net::ERR_CONNECTION_TIMED_OUT\\\\n...07FF72469E17F]\\\\n\\\\tBaseThreadInitThunk [0x00007FFAECF97374+20]\\\\n\\\\tRtlUserThreadStart [0x00007FFAEEA9CC91+33]\\\\n&amp;quot;}}&amp;#x27;}\n\n    def check_response(self, response: Dict[str, Any]) -&amp;gt; None:\n        &amp;quot;&amp;quot;&amp;quot;Checks that a JSON response from the WebDriver does not have an\n        error.\n    \n        :Args:\n         - response - The JSON response from the WebDriver server as a dictionary\n           object.\n    \n        :Raises: If the response contains an error message.\n        &amp;quot;&amp;quot;&amp;quot;\n        status = response.get(&amp;quot;status&amp;quot;, None)\n        if not status or status == ErrorCode.SUCCESS:\n            return\n        value = None\n        message = response.get(&amp;quot;message&amp;quot;, &amp;quot;&amp;quot;)\n        screen: str = response.get(&amp;quot;screen&amp;quot;, &amp;quot;&amp;quot;)\n        stacktrace = None\n        if isinstance(status, int):\n            value_json = response.get(&amp;quot;value&amp;quot;, None)\n            if value_json and isinstance(value_json, str):\n                import json\n    \n                try:\n                    value = json.loads(value_json)\n                    if len(value) == 1:\n                        value = value[&amp;quot;value&amp;quot;]\n                    status = value.get(&amp;quot;error&amp;quot;, None)\n                    if not status:\n                        status = value.get(&amp;quot;status&amp;quot;, ErrorCode.UNKNOWN_ERROR)\n                        message = value.get(&amp;quot;value&amp;quot;) or value.get(&amp;quot;message&amp;quot;)\n                        if not isinstance(message, str):\n                            value = message\n                            message = message.get(&amp;quot;message&amp;quot;)\n                    else:\n                        message = value.get(&amp;quot;message&amp;quot;, None)\n                except ValueError:\n                    pass\n    \n        exception_class: Type[WebDriverException]\n        e = ErrorCode()\n        error_codes = [item for item in dir(e) if not item.startswith(&amp;quot;__&amp;quot;)]\n        for error_code in error_codes:\n            error_info = getattr(ErrorCode, error_code)\n            if isinstance(error_info, list) and status in error_info:\n                exception_class = getattr(ExceptionMapping, error_code, WebDriverException)\n                break\n        else:\n            exception_class = WebDriverException\n    \n        if not value:\n            value = response[&amp;quot;value&amp;quot;]\n        if isinstance(value, str):\n            raise exception_class(value)\n        if message == &amp;quot;&amp;quot; and &amp;quot;message&amp;quot; in value:\n            message = value[&amp;quot;message&amp;quot;]\n    \n        screen = None  # type: ignore[assignment]\n        if &amp;quot;screen&amp;quot; in value:\n            screen = value[&amp;quot;screen&amp;quot;]\n    \n        stacktrace = None\n        st_value = value.get(&amp;quot;stackTrace&amp;quot;) or value.get(&amp;quot;stacktrace&amp;quot;)\n        if st_value:\n            if isinstance(st_value, str):\n                stacktrace = st_value.split(&amp;quot;\\n&amp;quot;)\n            else:\n                stacktrace = []\n                try:\n                    for frame in st_value:\n                        line = frame.get(&amp;quot;lineNumber&amp;quot;, &amp;quot;&amp;quot;)\n                        file = frame.get(&amp;quot;fileName&amp;quot;, &amp;quot;&amp;lt;anonymous&amp;gt;&amp;quot;)\n                        if line:\n                            file = f&amp;quot;{file}:{line}&amp;quot;\n                        meth = frame.get(&amp;quot;methodName&amp;quot;, &amp;quot;&amp;lt;anonymous&amp;gt;&amp;quot;)\n                        if &amp;quot;className&amp;quot; in frame:\n                            meth = f&amp;quot;{frame[&amp;#x27;className&amp;#x27;]}.{meth}&amp;quot;\n                        msg = &amp;quot;    at %s (%s)&amp;quot;\n                        msg = msg % (meth, file)\n                        stacktrace.append(msg)\n                except TypeError:\n                    pass\n        if exception_class == UnexpectedAlertPresentException:\n            alert_text = None\n            if &amp;quot;data&amp;quot; in value:\n                alert_text = value[&amp;quot;data&amp;quot;].get(&amp;quot;text&amp;quot;)\n            elif &amp;quot;alert&amp;quot; in value:\n                alert_text = value[&amp;quot;alert&amp;quot;].get(&amp;quot;text&amp;quot;)\n            raise exception_class(message, screen, stacktrace, alert_text)  # type: ignore[call-arg]  # mypy is not smart enough here\n&amp;gt;       raise exception_class(message, screen, stacktrace)\nE       selenium.common.exceptions.WebDriverException: Message: unknown error: net::ERR_CONNECTION_TIMED_OUT\nE         (Session info: chrome-headless-shell=126.0.6478.183)\nE       Stacktrace:\nE       \tGetHandleVerifier [0x00007FF72472EEB2+31554]\nE       \t(No symbol) [0x00007FF7246A7EE9]\nE       \t(No symbol) [0x00007FF72456872A]\nE       \t(No symbol) [0x00007FF724560782]\nE       \t(No symbol) [0x00007FF724551294]\nE       \t(No symbol) [0x00007FF724552B02]\nE       \t(No symbol) [0x00007FF7245515C1]\nE       \t(No symbol) [0x00007FF724550DA1]\nE       \t(No symbol) [0x00007FF724550CE0]\nE       \t(No symbol) [0x00007FF72454EC6D]\nE       \t(No symbol) [0x00007FF72454F2AC]\nE       \t(No symbol) [0x00007FF72456B501]\nE       \t(No symbol) [0x00007FF7245FD33E]\nE       \t(No symbol) [0x00007FF7245DD02A]\nE       \t(No symbol) [0x00007FF7245FC977]\nE       \t(No symbol) [0x00007FF7245DCDD3]\nE       \t(No symbol) [0x00007FF7245AA33B]\nE       \t(No symbol) [0x00007FF7245AAED1]\nE       \tGetHandleVerifier [0x00007FF724A38B2D+3217341]\nE       \tGetHandleVerifier [0x00007FF724A85AF3+3532675]\nE       \tGetHandleVerifier [0x00007FF724A7B0F0+3489152]\nE       \tGetHandleVerifier [0x00007FF7247DE786+750614]\nE       \t(No symbol) [0x00007FF7246B376F]\nE       \t(No symbol) [0x00007FF7246AEB24]\nE       \t(No symbol) [0x00007FF7246AECB2]\nE       \t(No symbol) [0x00007FF72469E17F]\nE       \tBaseThreadInitThunk [0x00007FFAECF97374+20]\nE       \tRtlUserThreadStart [0x00007FFAEEA9CC91+33]\n\nvenv\\Lib\\site-packages\\selenium\\webdriver\\remote\\errorhandler.py:229: WebDriverException\n&#34;}], &#34;test_cases/test_chapter_overview_page.py::Test_Chapter_Overview::test_verify_open_sub_section_content&#34;: [{&#34;extras&#34;: [], &#34;result&#34;: &#34;Error&#34;, &#34;testId&#34;: &#34;test_cases/test_chapter_overview_page.py::Test_Chapter_Overview::test_verify_open_sub_section_content::setup&#34;, &#34;duration&#34;: &#34;162 ms&#34;, &#34;resultsTableRow&#34;: [&#34;&lt;td class=\&#34;col-result\&#34;&gt;Error&lt;/td&gt;&#34;, &#34;&lt;td class=\&#34;col-testId\&#34;&gt;test_cases/test_chapter_overview_page.py::Test_Chapter_Overview::test_verify_open_sub_section_content::setup&lt;/td&gt;&#34;, &#34;&lt;td class=\&#34;col-duration\&#34;&gt;162 ms&lt;/td&gt;&#34;, &#34;&lt;td class=\&#34;col-links\&#34;&gt;&lt;/td&gt;&#34;], &#34;log&#34;: &#34;self = &amp;lt;test_cases.test_chapter_overview_page.Test_Chapter_Overview object at 0x0000021FCCDB2310&amp;gt;\n\n    @allure.title(\n        &amp;quot;Fixture (Funcation Level): Navigate to Home page and Create Object of Page class&amp;quot;\n    )\n    @pytest.fixture(scope=&amp;quot;function&amp;quot;, autouse=True)\n    def setup_class_objects(self):\n        with allure.step(&amp;quot;Navigate to Home page and create page class objects&amp;quot;):\n&amp;gt;           self.driver.get(conftest.url)\n\ntest_cases\\test_base.py:52: \n_ _ _ _ _ _ _ _ _ _ _ _ _ _ _ _ _ _ _ _ _ _ _ _ _ _ _ _ _ _ _ _ _ _ _ _ _ _ _ _ _ _ _ _ _ _ _ _ _ _ _ _ _ _ _ _ _ _ _ _ _ _ _ _ _ _ _ _ _ _ _ _ _ _ _ _ _ _ _ _ _ _ _ _ _ _ _ _ _ _ _\nvenv\\Lib\\site-packages\\selenium\\webdriver\\remote\\webdriver.py:356: in get\n    self.execute(Command.GET, {&amp;quot;url&amp;quot;: url})\nvenv\\Lib\\site-packages\\selenium\\webdriver\\remote\\webdriver.py:347: in execute\n    self.error_handler.check_response(response)\n_ _ _ _ _ _ _ _ _ _ _ _ _ _ _ _ _ _ _ _ _ _ _ _ _ _ _ _ _ _ _ _ _ _ _ _ _ _ _ _ _ _ _ _ _ _ _ _ _ _ _ _ _ _ _ _ _ _ _ _ _ _ _ _ _ _ _ _ _ _ _ _ _ _ _ _ _ _ _ _ _ _ _ _ _ _ _ _ _ _ _\n\nself = &amp;lt;selenium.webdriver.remote.errorhandler.ErrorHandler object at 0x0000021FCC8BACD0&amp;gt;\nresponse = {&amp;#x27;status&amp;#x27;: 500, &amp;#x27;value&amp;#x27;: &amp;#x27;{&amp;quot;value&amp;quot;:{&amp;quot;error&amp;quot;:&amp;quot;unknown error&amp;quot;,&amp;quot;message&amp;quot;:&amp;quot;unknown error: net::ERR_CONNECTION_TIMED_OUT\\\\n...07FF72469E17F]\\\\n\\\\tBaseThreadInitThunk [0x00007FFAECF97374+20]\\\\n\\\\tRtlUserThreadStart [0x00007FFAEEA9CC91+33]\\\\n&amp;quot;}}&amp;#x27;}\n\n    def check_response(self, response: Dict[str, Any]) -&amp;gt; None:\n        &amp;quot;&amp;quot;&amp;quot;Checks that a JSON response from the WebDriver does not have an\n        error.\n    \n        :Args:\n         - response - The JSON response from the WebDriver server as a dictionary\n           object.\n    \n        :Raises: If the response contains an error message.\n        &amp;quot;&amp;quot;&amp;quot;\n        status = response.get(&amp;quot;status&amp;quot;, None)\n        if not status or status == ErrorCode.SUCCESS:\n            return\n        value = None\n        message = response.get(&amp;quot;message&amp;quot;, &amp;quot;&amp;quot;)\n        screen: str = response.get(&amp;quot;screen&amp;quot;, &amp;quot;&amp;quot;)\n        stacktrace = None\n        if isinstance(status, int):\n            value_json = response.get(&amp;quot;value&amp;quot;, None)\n            if value_json and isinstance(value_json, str):\n                import json\n    \n                try:\n                    value = json.loads(value_json)\n                    if len(value) == 1:\n                        value = value[&amp;quot;value&amp;quot;]\n                    status = value.get(&amp;quot;error&amp;quot;, None)\n                    if not status:\n                        status = value.get(&amp;quot;status&amp;quot;, ErrorCode.UNKNOWN_ERROR)\n                        message = value.get(&amp;quot;value&amp;quot;) or value.get(&amp;quot;message&amp;quot;)\n                        if not isinstance(message, str):\n                            value = message\n                            message = message.get(&amp;quot;message&amp;quot;)\n                    else:\n                        message = value.get(&amp;quot;message&amp;quot;, None)\n                except ValueError:\n                    pass\n    \n        exception_class: Type[WebDriverException]\n        e = ErrorCode()\n        error_codes = [item for item in dir(e) if not item.startswith(&amp;quot;__&amp;quot;)]\n        for error_code in error_codes:\n            error_info = getattr(ErrorCode, error_code)\n            if isinstance(error_info, list) and status in error_info:\n                exception_class = getattr(ExceptionMapping, error_code, WebDriverException)\n                break\n        else:\n            exception_class = WebDriverException\n    \n        if not value:\n            value = response[&amp;quot;value&amp;quot;]\n        if isinstance(value, str):\n            raise exception_class(value)\n        if message == &amp;quot;&amp;quot; and &amp;quot;message&amp;quot; in value:\n            message = value[&amp;quot;message&amp;quot;]\n    \n        screen = None  # type: ignore[assignment]\n        if &amp;quot;screen&amp;quot; in value:\n            screen = value[&amp;quot;screen&amp;quot;]\n    \n        stacktrace = None\n        st_value = value.get(&amp;quot;stackTrace&amp;quot;) or value.get(&amp;quot;stacktrace&amp;quot;)\n        if st_value:\n            if isinstance(st_value, str):\n                stacktrace = st_value.split(&amp;quot;\\n&amp;quot;)\n            else:\n                stacktrace = []\n                try:\n                    for frame in st_value:\n                        line = frame.get(&amp;quot;lineNumber&amp;quot;, &amp;quot;&amp;quot;)\n                        file = frame.get(&amp;quot;fileName&amp;quot;, &amp;quot;&amp;lt;anonymous&amp;gt;&amp;quot;)\n                        if line:\n                            file = f&amp;quot;{file}:{line}&amp;quot;\n                        meth = frame.get(&amp;quot;methodName&amp;quot;, &amp;quot;&amp;lt;anonymous&amp;gt;&amp;quot;)\n                        if &amp;quot;className&amp;quot; in frame:\n                            meth = f&amp;quot;{frame[&amp;#x27;className&amp;#x27;]}.{meth}&amp;quot;\n                        msg = &amp;quot;    at %s (%s)&amp;quot;\n                        msg = msg % (meth, file)\n                        stacktrace.append(msg)\n                except TypeError:\n                    pass\n        if exception_class == UnexpectedAlertPresentException:\n            alert_text = None\n            if &amp;quot;data&amp;quot; in value:\n                alert_text = value[&amp;quot;data&amp;quot;].get(&amp;quot;text&amp;quot;)\n            elif &amp;quot;alert&amp;quot; in value:\n                alert_text = value[&amp;quot;alert&amp;quot;].get(&amp;quot;text&amp;quot;)\n            raise exception_class(message, screen, stacktrace, alert_text)  # type: ignore[call-arg]  # mypy is not smart enough here\n&amp;gt;       raise exception_class(message, screen, stacktrace)\nE       selenium.common.exceptions.WebDriverException: Message: unknown error: net::ERR_CONNECTION_TIMED_OUT\nE         (Session info: chrome-headless-shell=126.0.6478.183)\nE       Stacktrace:\nE       \tGetHandleVerifier [0x00007FF72472EEB2+31554]\nE       \t(No symbol) [0x00007FF7246A7EE9]\nE       \t(No symbol) [0x00007FF72456872A]\nE       \t(No symbol) [0x00007FF724560782]\nE       \t(No symbol) [0x00007FF724551294]\nE       \t(No symbol) [0x00007FF724552B02]\nE       \t(No symbol) [0x00007FF7245515C1]\nE       \t(No symbol) [0x00007FF724550DA1]\nE       \t(No symbol) [0x00007FF724550CE0]\nE       \t(No symbol) [0x00007FF72454EC6D]\nE       \t(No symbol) [0x00007FF72454F2AC]\nE       \t(No symbol) [0x00007FF72456B501]\nE       \t(No symbol) [0x00007FF7245FD33E]\nE       \t(No symbol) [0x00007FF7245DD02A]\nE       \t(No symbol) [0x00007FF7245FC977]\nE       \t(No symbol) [0x00007FF7245DCDD3]\nE       \t(No symbol) [0x00007FF7245AA33B]\nE       \t(No symbol) [0x00007FF7245AAED1]\nE       \tGetHandleVerifier [0x00007FF724A38B2D+3217341]\nE       \tGetHandleVerifier [0x00007FF724A85AF3+3532675]\nE       \tGetHandleVerifier [0x00007FF724A7B0F0+3489152]\nE       \tGetHandleVerifier [0x00007FF7247DE786+750614]\nE       \t(No symbol) [0x00007FF7246B376F]\nE       \t(No symbol) [0x00007FF7246AEB24]\nE       \t(No symbol) [0x00007FF7246AECB2]\nE       \t(No symbol) [0x00007FF72469E17F]\nE       \tBaseThreadInitThunk [0x00007FFAECF97374+20]\nE       \tRtlUserThreadStart [0x00007FFAEEA9CC91+33]\n\nvenv\\Lib\\site-packages\\selenium\\webdriver\\remote\\errorhandler.py:229: WebDriverException\n&#34;}], &#34;test_cases/test_chapter_overview_page.py::Test_Chapter_Overview::test_verify_cancel_edit_subsection&#34;: [{&#34;extras&#34;: [], &#34;result&#34;: &#34;Error&#34;, &#34;testId&#34;: &#34;test_cases/test_chapter_overview_page.py::Test_Chapter_Overview::test_verify_cancel_edit_subsection::setup&#34;, &#34;duration&#34;: &#34;00:00:21&#34;, &#34;resultsTableRow&#34;: [&#34;&lt;td class=\&#34;col-result\&#34;&gt;Error&lt;/td&gt;&#34;, &#34;&lt;td class=\&#34;col-testId\&#34;&gt;test_cases/test_chapter_overview_page.py::Test_Chapter_Overview::test_verify_cancel_edit_subsection::setup&lt;/td&gt;&#34;, &#34;&lt;td class=\&#34;col-duration\&#34;&gt;00:00:21&lt;/td&gt;&#34;, &#34;&lt;td class=\&#34;col-links\&#34;&gt;&lt;/td&gt;&#34;], &#34;log&#34;: &#34;self = &amp;lt;test_cases.test_chapter_overview_page.Test_Chapter_Overview object at 0x0000021FCCDB29D0&amp;gt;\n\n    @allure.title(\n        &amp;quot;Fixture (Funcation Level): Navigate to Home page and Create Object of Page class&amp;quot;\n    )\n    @pytest.fixture(scope=&amp;quot;function&amp;quot;, autouse=True)\n    def setup_class_objects(self):\n        with allure.step(&amp;quot;Navigate to Home page and create page class objects&amp;quot;):\n&amp;gt;           self.driver.get(conftest.url)\n\ntest_cases\\test_base.py:52: \n_ _ _ _ _ _ _ _ _ _ _ _ _ _ _ _ _ _ _ _ _ _ _ _ _ _ _ _ _ _ _ _ _ _ _ _ _ _ _ _ _ _ _ _ _ _ _ _ _ _ _ _ _ _ _ _ _ _ _ _ _ _ _ _ _ _ _ _ _ _ _ _ _ _ _ _ _ _ _ _ _ _ _ _ _ _ _ _ _ _ _\nvenv\\Lib\\site-packages\\selenium\\webdriver\\remote\\webdriver.py:356: in get\n    self.execute(Command.GET, {&amp;quot;url&amp;quot;: url})\nvenv\\Lib\\site-packages\\selenium\\webdriver\\remote\\webdriver.py:347: in execute\n    self.error_handler.check_response(response)\n_ _ _ _ _ _ _ _ _ _ _ _ _ _ _ _ _ _ _ _ _ _ _ _ _ _ _ _ _ _ _ _ _ _ _ _ _ _ _ _ _ _ _ _ _ _ _ _ _ _ _ _ _ _ _ _ _ _ _ _ _ _ _ _ _ _ _ _ _ _ _ _ _ _ _ _ _ _ _ _ _ _ _ _ _ _ _ _ _ _ _\n\nself = &amp;lt;selenium.webdriver.remote.errorhandler.ErrorHandler object at 0x0000021FCC8BACD0&amp;gt;\nresponse = {&amp;#x27;status&amp;#x27;: 500, &amp;#x27;value&amp;#x27;: &amp;#x27;{&amp;quot;value&amp;quot;:{&amp;quot;error&amp;quot;:&amp;quot;unknown error&amp;quot;,&amp;quot;message&amp;quot;:&amp;quot;unknown error: net::ERR_CONNECTION_TIMED_OUT\\\\n...07FF72469E17F]\\\\n\\\\tBaseThreadInitThunk [0x00007FFAECF97374+20]\\\\n\\\\tRtlUserThreadStart [0x00007FFAEEA9CC91+33]\\\\n&amp;quot;}}&amp;#x27;}\n\n    def check_response(self, response: Dict[str, Any]) -&amp;gt; None:\n        &amp;quot;&amp;quot;&amp;quot;Checks that a JSON response from the WebDriver does not have an\n        error.\n    \n        :Args:\n         - response - The JSON response from the WebDriver server as a dictionary\n           object.\n    \n        :Raises: If the response contains an error message.\n        &amp;quot;&amp;quot;&amp;quot;\n        status = response.get(&amp;quot;status&amp;quot;, None)\n        if not status or status == ErrorCode.SUCCESS:\n            return\n        value = None\n        message = response.get(&amp;quot;message&amp;quot;, &amp;quot;&amp;quot;)\n        screen: str = response.get(&amp;quot;screen&amp;quot;, &amp;quot;&amp;quot;)\n        stacktrace = None\n        if isinstance(status, int):\n            value_json = response.get(&amp;quot;value&amp;quot;, None)\n            if value_json and isinstance(value_json, str):\n                import json\n    \n                try:\n                    value = json.loads(value_json)\n                    if len(value) == 1:\n                        value = value[&amp;quot;value&amp;quot;]\n                    status = value.get(&amp;quot;error&amp;quot;, None)\n                    if not status:\n                        status = value.get(&amp;quot;status&amp;quot;, ErrorCode.UNKNOWN_ERROR)\n                        message = value.get(&amp;quot;value&amp;quot;) or value.get(&amp;quot;message&amp;quot;)\n                        if not isinstance(message, str):\n                            value = message\n                            message = message.get(&amp;quot;message&amp;quot;)\n                    else:\n                        message = value.get(&amp;quot;message&amp;quot;, None)\n                except ValueError:\n                    pass\n    \n        exception_class: Type[WebDriverException]\n        e = ErrorCode()\n        error_codes = [item for item in dir(e) if not item.startswith(&amp;quot;__&amp;quot;)]\n        for error_code in error_codes:\n            error_info = getattr(ErrorCode, error_code)\n            if isinstance(error_info, list) and status in error_info:\n                exception_class = getattr(ExceptionMapping, error_code, WebDriverException)\n                break\n        else:\n            exception_class = WebDriverException\n    \n        if not value:\n            value = response[&amp;quot;value&amp;quot;]\n        if isinstance(value, str):\n            raise exception_class(value)\n        if message == &amp;quot;&amp;quot; and &amp;quot;message&amp;quot; in value:\n            message = value[&amp;quot;message&amp;quot;]\n    \n        screen = None  # type: ignore[assignment]\n        if &amp;quot;screen&amp;quot; in value:\n            screen = value[&amp;quot;screen&amp;quot;]\n    \n        stacktrace = None\n        st_value = value.get(&amp;quot;stackTrace&amp;quot;) or value.get(&amp;quot;stacktrace&amp;quot;)\n        if st_value:\n            if isinstance(st_value, str):\n                stacktrace = st_value.split(&amp;quot;\\n&amp;quot;)\n            else:\n                stacktrace = []\n                try:\n                    for frame in st_value:\n                        line = frame.get(&amp;quot;lineNumber&amp;quot;, &amp;quot;&amp;quot;)\n                        file = frame.get(&amp;quot;fileName&amp;quot;, &amp;quot;&amp;lt;anonymous&amp;gt;&amp;quot;)\n                        if line:\n                            file = f&amp;quot;{file}:{line}&amp;quot;\n                        meth = frame.get(&amp;quot;methodName&amp;quot;, &amp;quot;&amp;lt;anonymous&amp;gt;&amp;quot;)\n                        if &amp;quot;className&amp;quot; in frame:\n                            meth = f&amp;quot;{frame[&amp;#x27;className&amp;#x27;]}.{meth}&amp;quot;\n                        msg = &amp;quot;    at %s (%s)&amp;quot;\n                        msg = msg % (meth, file)\n                        stacktrace.append(msg)\n                except TypeError:\n                    pass\n        if exception_class == UnexpectedAlertPresentException:\n            alert_text = None\n            if &amp;quot;data&amp;quot; in value:\n                alert_text = value[&amp;quot;data&amp;quot;].get(&amp;quot;text&amp;quot;)\n            elif &amp;quot;alert&amp;quot; in value:\n                alert_text = value[&amp;quot;alert&amp;quot;].get(&amp;quot;text&amp;quot;)\n            raise exception_class(message, screen, stacktrace, alert_text)  # type: ignore[call-arg]  # mypy is not smart enough here\n&amp;gt;       raise exception_class(message, screen, stacktrace)\nE       selenium.common.exceptions.WebDriverException: Message: unknown error: net::ERR_CONNECTION_TIMED_OUT\nE         (Session info: chrome-headless-shell=126.0.6478.183)\nE       Stacktrace:\nE       \tGetHandleVerifier [0x00007FF72472EEB2+31554]\nE       \t(No symbol) [0x00007FF7246A7EE9]\nE       \t(No symbol) [0x00007FF72456872A]\nE       \t(No symbol) [0x00007FF724560782]\nE       \t(No symbol) [0x00007FF724551294]\nE       \t(No symbol) [0x00007FF724552B02]\nE       \t(No symbol) [0x00007FF7245515C1]\nE       \t(No symbol) [0x00007FF724550DA1]\nE       \t(No symbol) [0x00007FF724550CE0]\nE       \t(No symbol) [0x00007FF72454EC6D]\nE       \t(No symbol) [0x00007FF72454F2AC]\nE       \t(No symbol) [0x00007FF72456B501]\nE       \t(No symbol) [0x00007FF7245FD33E]\nE       \t(No symbol) [0x00007FF7245DD02A]\nE       \t(No symbol) [0x00007FF7245FC977]\nE       \t(No symbol) [0x00007FF7245DCDD3]\nE       \t(No symbol) [0x00007FF7245AA33B]\nE       \t(No symbol) [0x00007FF7245AAED1]\nE       \tGetHandleVerifier [0x00007FF724A38B2D+3217341]\nE       \tGetHandleVerifier [0x00007FF724A85AF3+3532675]\nE       \tGetHandleVerifier [0x00007FF724A7B0F0+3489152]\nE       \tGetHandleVerifier [0x00007FF7247DE786+750614]\nE       \t(No symbol) [0x00007FF7246B376F]\nE       \t(No symbol) [0x00007FF7246AEB24]\nE       \t(No symbol) [0x00007FF7246AECB2]\nE       \t(No symbol) [0x00007FF72469E17F]\nE       \tBaseThreadInitThunk [0x00007FFAECF97374+20]\nE       \tRtlUserThreadStart [0x00007FFAEEA9CC91+33]\n\nvenv\\Lib\\site-packages\\selenium\\webdriver\\remote\\errorhandler.py:229: WebDriverException\n&#34;}], &#34;test_cases/test_chapter_overview_page.py::Test_Chapter_Overview::test_verify_edit_subsection_title_content&#34;: [{&#34;extras&#34;: [], &#34;result&#34;: &#34;Error&#34;, &#34;testId&#34;: &#34;test_cases/test_chapter_overview_page.py::Test_Chapter_Overview::test_verify_edit_subsection_title_content::setup&#34;, &#34;duration&#34;: &#34;148 ms&#34;, &#34;resultsTableRow&#34;: [&#34;&lt;td class=\&#34;col-result\&#34;&gt;Error&lt;/td&gt;&#34;, &#34;&lt;td class=\&#34;col-testId\&#34;&gt;test_cases/test_chapter_overview_page.py::Test_Chapter_Overview::test_verify_edit_subsection_title_content::setup&lt;/td&gt;&#34;, &#34;&lt;td class=\&#34;col-duration\&#34;&gt;148 ms&lt;/td&gt;&#34;, &#34;&lt;td class=\&#34;col-links\&#34;&gt;&lt;/td&gt;&#34;], &#34;log&#34;: &#34;self = &amp;lt;test_cases.test_chapter_overview_page.Test_Chapter_Overview object at 0x0000021FCCDB3090&amp;gt;\n\n    @allure.title(\n        &amp;quot;Fixture (Funcation Level): Navigate to Home page and Create Object of Page class&amp;quot;\n    )\n    @pytest.fixture(scope=&amp;quot;function&amp;quot;, autouse=True)\n    def setup_class_objects(self):\n        with allure.step(&amp;quot;Navigate to Home page and create page class objects&amp;quot;):\n&amp;gt;           self.driver.get(conftest.url)\n\ntest_cases\\test_base.py:52: \n_ _ _ _ _ _ _ _ _ _ _ _ _ _ _ _ _ _ _ _ _ _ _ _ _ _ _ _ _ _ _ _ _ _ _ _ _ _ _ _ _ _ _ _ _ _ _ _ _ _ _ _ _ _ _ _ _ _ _ _ _ _ _ _ _ _ _ _ _ _ _ _ _ _ _ _ _ _ _ _ _ _ _ _ _ _ _ _ _ _ _\nvenv\\Lib\\site-packages\\selenium\\webdriver\\remote\\webdriver.py:356: in get\n    self.execute(Command.GET, {&amp;quot;url&amp;quot;: url})\nvenv\\Lib\\site-packages\\selenium\\webdriver\\remote\\webdriver.py:347: in execute\n    self.error_handler.check_response(response)\n_ _ _ _ _ _ _ _ _ _ _ _ _ _ _ _ _ _ _ _ _ _ _ _ _ _ _ _ _ _ _ _ _ _ _ _ _ _ _ _ _ _ _ _ _ _ _ _ _ _ _ _ _ _ _ _ _ _ _ _ _ _ _ _ _ _ _ _ _ _ _ _ _ _ _ _ _ _ _ _ _ _ _ _ _ _ _ _ _ _ _\n\nself = &amp;lt;selenium.webdriver.remote.errorhandler.ErrorHandler object at 0x0000021FCC8BACD0&amp;gt;\nresponse = {&amp;#x27;status&amp;#x27;: 500, &amp;#x27;value&amp;#x27;: &amp;#x27;{&amp;quot;value&amp;quot;:{&amp;quot;error&amp;quot;:&amp;quot;unknown error&amp;quot;,&amp;quot;message&amp;quot;:&amp;quot;unknown error: net::ERR_CONNECTION_TIMED_OUT\\\\n...07FF72469E17F]\\\\n\\\\tBaseThreadInitThunk [0x00007FFAECF97374+20]\\\\n\\\\tRtlUserThreadStart [0x00007FFAEEA9CC91+33]\\\\n&amp;quot;}}&amp;#x27;}\n\n    def check_response(self, response: Dict[str, Any]) -&amp;gt; None:\n        &amp;quot;&amp;quot;&amp;quot;Checks that a JSON response from the WebDriver does not have an\n        error.\n    \n        :Args:\n         - response - The JSON response from the WebDriver server as a dictionary\n           object.\n    \n        :Raises: If the response contains an error message.\n        &amp;quot;&amp;quot;&amp;quot;\n        status = response.get(&amp;quot;status&amp;quot;, None)\n        if not status or status == ErrorCode.SUCCESS:\n            return\n        value = None\n        message = response.get(&amp;quot;message&amp;quot;, &amp;quot;&amp;quot;)\n        screen: str = response.get(&amp;quot;screen&amp;quot;, &amp;quot;&amp;quot;)\n        stacktrace = None\n        if isinstance(status, int):\n            value_json = response.get(&amp;quot;value&amp;quot;, None)\n            if value_json and isinstance(value_json, str):\n                import json\n    \n                try:\n                    value = json.loads(value_json)\n                    if len(value) == 1:\n                        value = value[&amp;quot;value&amp;quot;]\n                    status = value.get(&amp;quot;error&amp;quot;, None)\n                    if not status:\n                        status = value.get(&amp;quot;status&amp;quot;, ErrorCode.UNKNOWN_ERROR)\n                        message = value.get(&amp;quot;value&amp;quot;) or value.get(&amp;quot;message&amp;quot;)\n                        if not isinstance(message, str):\n                            value = message\n                            message = message.get(&amp;quot;message&amp;quot;)\n                    else:\n                        message = value.get(&amp;quot;message&amp;quot;, None)\n                except ValueError:\n                    pass\n    \n        exception_class: Type[WebDriverException]\n        e = ErrorCode()\n        error_codes = [item for item in dir(e) if not item.startswith(&amp;quot;__&amp;quot;)]\n        for error_code in error_codes:\n            error_info = getattr(ErrorCode, error_code)\n            if isinstance(error_info, list) and status in error_info:\n                exception_class = getattr(ExceptionMapping, error_code, WebDriverException)\n                break\n        else:\n            exception_class = WebDriverException\n    \n        if not value:\n            value = response[&amp;quot;value&amp;quot;]\n        if isinstance(value, str):\n            raise exception_class(value)\n        if message == &amp;quot;&amp;quot; and &amp;quot;message&amp;quot; in value:\n            message = value[&amp;quot;message&amp;quot;]\n    \n        screen = None  # type: ignore[assignment]\n        if &amp;quot;screen&amp;quot; in value:\n            screen = value[&amp;quot;screen&amp;quot;]\n    \n        stacktrace = None\n        st_value = value.get(&amp;quot;stackTrace&amp;quot;) or value.get(&amp;quot;stacktrace&amp;quot;)\n        if st_value:\n            if isinstance(st_value, str):\n                stacktrace = st_value.split(&amp;quot;\\n&amp;quot;)\n            else:\n                stacktrace = []\n                try:\n                    for frame in st_value:\n                        line = frame.get(&amp;quot;lineNumber&amp;quot;, &amp;quot;&amp;quot;)\n                        file = frame.get(&amp;quot;fileName&amp;quot;, &amp;quot;&amp;lt;anonymous&amp;gt;&amp;quot;)\n                        if line:\n                            file = f&amp;quot;{file}:{line}&amp;quot;\n                        meth = frame.get(&amp;quot;methodName&amp;quot;, &amp;quot;&amp;lt;anonymous&amp;gt;&amp;quot;)\n                        if &amp;quot;className&amp;quot; in frame:\n                            meth = f&amp;quot;{frame[&amp;#x27;className&amp;#x27;]}.{meth}&amp;quot;\n                        msg = &amp;quot;    at %s (%s)&amp;quot;\n                        msg = msg % (meth, file)\n                        stacktrace.append(msg)\n                except TypeError:\n                    pass\n        if exception_class == UnexpectedAlertPresentException:\n            alert_text = None\n            if &amp;quot;data&amp;quot; in value:\n                alert_text = value[&amp;quot;data&amp;quot;].get(&amp;quot;text&amp;quot;)\n            elif &amp;quot;alert&amp;quot; in value:\n                alert_text = value[&amp;quot;alert&amp;quot;].get(&amp;quot;text&amp;quot;)\n            raise exception_class(message, screen, stacktrace, alert_text)  # type: ignore[call-arg]  # mypy is not smart enough here\n&amp;gt;       raise exception_class(message, screen, stacktrace)\nE       selenium.common.exceptions.WebDriverException: Message: unknown error: net::ERR_CONNECTION_TIMED_OUT\nE         (Session info: chrome-headless-shell=126.0.6478.183)\nE       Stacktrace:\nE       \tGetHandleVerifier [0x00007FF72472EEB2+31554]\nE       \t(No symbol) [0x00007FF7246A7EE9]\nE       \t(No symbol) [0x00007FF72456872A]\nE       \t(No symbol) [0x00007FF724560782]\nE       \t(No symbol) [0x00007FF724551294]\nE       \t(No symbol) [0x00007FF724552B02]\nE       \t(No symbol) [0x00007FF7245515C1]\nE       \t(No symbol) [0x00007FF724550DA1]\nE       \t(No symbol) [0x00007FF724550CE0]\nE       \t(No symbol) [0x00007FF72454EC6D]\nE       \t(No symbol) [0x00007FF72454F2AC]\nE       \t(No symbol) [0x00007FF72456B501]\nE       \t(No symbol) [0x00007FF7245FD33E]\nE       \t(No symbol) [0x00007FF7245DD02A]\nE       \t(No symbol) [0x00007FF7245FC977]\nE       \t(No symbol) [0x00007FF7245DCDD3]\nE       \t(No symbol) [0x00007FF7245AA33B]\nE       \t(No symbol) [0x00007FF7245AAED1]\nE       \tGetHandleVerifier [0x00007FF724A38B2D+3217341]\nE       \tGetHandleVerifier [0x00007FF724A85AF3+3532675]\nE       \tGetHandleVerifier [0x00007FF724A7B0F0+3489152]\nE       \tGetHandleVerifier [0x00007FF7247DE786+750614]\nE       \t(No symbol) [0x00007FF7246B376F]\nE       \t(No symbol) [0x00007FF7246AEB24]\nE       \t(No symbol) [0x00007FF7246AECB2]\nE       \t(No symbol) [0x00007FF72469E17F]\nE       \tBaseThreadInitThunk [0x00007FFAECF97374+20]\nE       \tRtlUserThreadStart [0x00007FFAEEA9CC91+33]\n\nvenv\\Lib\\site-packages\\selenium\\webdriver\\remote\\errorhandler.py:229: WebDriverException\n&#34;}], &#34;test_cases/test_fm_chapter_overview_page.py::Test_Fm_Chapter_Overview::test_verify_cancel_edit_fm_chapter&#34;: [{&#34;extras&#34;: [], &#34;result&#34;: &#34;Error&#34;, &#34;testId&#34;: &#34;test_cases/test_fm_chapter_overview_page.py::Test_Fm_Chapter_Overview::test_verify_cancel_edit_fm_chapter::setup&#34;, &#34;duration&#34;: &#34;00:00:56&#34;, &#34;resultsTableRow&#34;: [&#34;&lt;td class=\&#34;col-result\&#34;&gt;Error&lt;/td&gt;&#34;, &#34;&lt;td class=\&#34;col-testId\&#34;&gt;test_cases/test_fm_chapter_overview_page.py::Test_Fm_Chapter_Overview::test_verify_cancel_edit_fm_chapter::setup&lt;/td&gt;&#34;, &#34;&lt;td class=\&#34;col-duration\&#34;&gt;00:00:56&lt;/td&gt;&#34;, &#34;&lt;td class=\&#34;col-links\&#34;&gt;&lt;/td&gt;&#34;], &#34;log&#34;: &#34;self = &amp;lt;test_cases.test_fm_chapter_overview_page.Test_Fm_Chapter_Overview object at 0x0000021FCCDCC4D0&amp;gt;\nlaunch_browser = &amp;lt;selenium.webdriver.chrome.webdriver.WebDriver (session=&amp;quot;fb69ad13faa89f5a87fb8c936b6e5569&amp;quot;)&amp;gt;\n\n    @allure.title(\n        &amp;quot;Fixture (Class Level): Setup WebDriver,Baseclass Objects and TearDown Delete all cookies&amp;quot;\n    )\n    @pytest.fixture(scope=&amp;quot;class&amp;quot;, autouse=True)\n    def before_class(self, launch_browser):\n        with allure.step(&amp;quot;Asign objects&amp;quot;):\n            Test_Base.driver = launch_browser\n            Test_Base.baseclass = Baseclass(self.driver, conftest.webdriver_wait)\n            Test_Base.loginpage = Login_Page(self.baseclass)\n        with allure.step(&amp;quot;Run Login Action before test class&amp;quot;):\n            if self.__class__.__name__ != &amp;quot;Test_Login_Page&amp;quot;:\n&amp;gt;               self.loginpage.login(&amp;quot;ct-super-admin-test@iccsafe.org&amp;quot;, &amp;quot;Password5&amp;quot;)\n\ntest_cases\\test_base.py:39: \n_ _ _ _ _ _ _ _ _ _ _ _ _ _ _ _ _ _ _ _ _ _ _ _ _ _ _ _ _ _ _ _ _ _ _ _ _ _ _ _ _ _ _ _ _ _ _ _ _ _ _ _ _ _ _ _ _ _ _ _ _ _ _ _ _ _ _ _ _ _ _ _ _ _ _ _ _ _ _ _ _ _ _ _ _ _ _ _ _ _ _\npage_objects\\login_page.py:31: in login\n    self.baseclass.click_javascript_executor(self.login_button)\nuitility\\baseclass.py:85: in click_javascript_executor\n    element = self.wait.until(EC.visibility_of_element_located(locator))\n_ _ _ _ _ _ _ _ _ _ _ _ _ _ _ _ _ _ _ _ _ _ _ _ _ _ _ _ _ _ _ _ _ _ _ _ _ _ _ _ _ _ _ _ _ _ _ _ _ _ _ _ _ _ _ _ _ _ _ _ _ _ _ _ _ _ _ _ _ _ _ _ _ _ _ _ _ _ _ _ _ _ _ _ _ _ _ _ _ _ _\n\nself = &amp;lt;selenium.webdriver.support.wait.WebDriverWait (session=&amp;quot;fb69ad13faa89f5a87fb8c936b6e5569&amp;quot;)&amp;gt;\nmethod = &amp;lt;function visibility_of_element_located.&amp;lt;locals&amp;gt;._predicate at 0x0000021FCCF4EB60&amp;gt;, message = &amp;#x27;&amp;#x27;\n\n    def until(self, method: Callable[[D], Union[Literal[False], T]], message: str = &amp;quot;&amp;quot;) -&amp;gt; T:\n        &amp;quot;&amp;quot;&amp;quot;Calls the method provided with the driver as an argument until the \\\n        return value does not evaluate to ``False``.\n    \n        :param method: callable(WebDriver)\n        :param message: optional message for :exc:`TimeoutException`\n        :returns: the result of the last call to `method`\n        :raises: :exc:`selenium.common.exceptions.TimeoutException` if timeout occurs\n        &amp;quot;&amp;quot;&amp;quot;\n        screen = None\n        stacktrace = None\n    \n        end_time = time.monotonic() + self._timeout\n        while True:\n            try:\n                value = method(self._driver)\n                if value:\n                    return value\n            except self._ignored_exceptions as exc:\n                screen = getattr(exc, &amp;quot;screen&amp;quot;, None)\n                stacktrace = getattr(exc, &amp;quot;stacktrace&amp;quot;, None)\n            time.sleep(self._poll)\n            if time.monotonic() &amp;gt; end_time:\n                break\n&amp;gt;       raise TimeoutException(message, screen, stacktrace)\nE       selenium.common.exceptions.TimeoutException: Message: \nE       Stacktrace:\nE       \tGetHandleVerifier [0x00007FF72472EEB2+31554]\nE       \t(No symbol) [0x00007FF7246A7EE9]\nE       \t(No symbol) [0x00007FF72456872A]\nE       \t(No symbol) [0x00007FF7245B8434]\nE       \t(No symbol) [0x00007FF7245B853C]\nE       \t(No symbol) [0x00007FF7245FF6A7]\nE       \t(No symbol) [0x00007FF7245DD06F]\nE       \t(No symbol) [0x00007FF7245FC977]\nE       \t(No symbol) [0x00007FF7245DCDD3]\nE       \t(No symbol) [0x00007FF7245AA33B]\nE       \t(No symbol) [0x00007FF7245AAED1]\nE       \tGetHandleVerifier [0x00007FF724A38B2D+3217341]\nE       \tGetHandleVerifier [0x00007FF724A85AF3+3532675]\nE       \tGetHandleVerifier [0x00007FF724A7B0F0+3489152]\nE       \tGetHandleVerifier [0x00007FF7247DE786+750614]\nE       \t(No symbol) [0x00007FF7246B376F]\nE       \t(No symbol) [0x00007FF7246AEB24]\nE       \t(No symbol) [0x00007FF7246AECB2]\nE       \t(No symbol) [0x00007FF72469E17F]\nE       \tBaseThreadInitThunk [0x00007FFAECF97374+20]\nE       \tRtlUserThreadStart [0x00007FFAEEA9CC91+33]\n\nvenv\\Lib\\site-packages\\selenium\\webdriver\\support\\wait.py:105: TimeoutException\n\n---------------------------- Captured stdout setup -----------------------------\nElement: (&amp;#x27;css selector&amp;#x27;, &amp;quot;input[name=&amp;#x27;email&amp;#x27;]&amp;quot;) : Message: \nStacktrace:\n\tGetHandleVerifier [0x00007FF72472EEB2+31554]\n\t(No symbol) [0x00007FF7246A7EE9]\n\t(No symbol) [0x00007FF72456872A]\n\t(No symbol) [0x00007FF7245B8434]\n\t(No symbol) [0x00007FF7245B853C]\n\t(No symbol) [0x00007FF7245FF6A7]\n\t(No symbol) [0x00007FF7245DD06F]\n\t(No symbol) [0x00007FF7245FC977]\n\t(No symbol) [0x00007FF7245DCDD3]\n\t(No symbol) [0x00007FF7245AA33B]\n\t(No symbol) [0x00007FF7245AAED1]\n\tGetHandleVerifier [0x00007FF724A38B2D+3217341]\n\tGetHandleVerifier [0x00007FF724A85AF3+3532675]\n\tGetHandleVerifier [0x00007FF724A7B0F0+3489152]\n\tGetHandleVerifier [0x00007FF7247DE786+750614]\n\t(No symbol) [0x00007FF7246B376F]\n\t(No symbol) [0x00007FF7246AEB24]\n\t(No symbol) [0x00007FF7246AECB2]\n\t(No symbol) [0x00007FF72469E17F]\n\tBaseThreadInitThunk [0x00007FFAECF97374+20]\n\tRtlUserThreadStart [0x00007FFAEEA9CC91+33]\n\nElement: (&amp;#x27;css selector&amp;#x27;, &amp;quot;input[name=&amp;#x27;password&amp;#x27;]&amp;quot;) : Message: \nStacktrace:\n\tGetHandleVerifier [0x00007FF72472EEB2+31554]\n\t(No symbol) [0x00007FF7246A7EE9]\n\t(No symbol) [0x00007FF72456872A]\n\t(No symbol) [0x00007FF7245B8434]\n\t(No symbol) [0x00007FF7245B853C]\n\t(No symbol) [0x00007FF7245FF6A7]\n\t(No symbol) [0x00007FF7245DD06F]\n\t(No symbol) [0x00007FF7245FC977]\n\t(No symbol) [0x00007FF7245DCDD3]\n\t(No symbol) [0x00007FF7245AA33B]\n\t(No symbol) [0x00007FF7245AAED1]\n\tGetHandleVerifier [0x00007FF724A38B2D+3217341]\n\tGetHandleVerifier [0x00007FF724A85AF3+3532675]\n\tGetHandleVerifier [0x00007FF724A7B0F0+3489152]\n\tGetHandleVerifier [0x00007FF7247DE786+750614]\n\t(No symbol) [0x00007FF7246B376F]\n\t(No symbol) [0x00007FF7246AEB24]\n\t(No symbol) [0x00007FF7246AECB2]\n\t(No symbol) [0x00007FF72469E17F]\n\tBaseThreadInitThunk [0x00007FFAECF97374+20]\n\tRtlUserThreadStart [0x00007FFAEEA9CC91+33]\n\n&#34;}], &#34;test_cases/test_fm_chapter_overview_page.py::Test_Fm_Chapter_Overview::test_verify_edit_fm_chapter_title_content&#34;: [{&#34;extras&#34;: [], &#34;result&#34;: &#34;Error&#34;, &#34;testId&#34;: &#34;test_cases/test_fm_chapter_overview_page.py::Test_Fm_Chapter_Overview::test_verify_edit_fm_chapter_title_content::setup&#34;, &#34;duration&#34;: &#34;1 ms&#34;, &#34;resultsTableRow&#34;: [&#34;&lt;td class=\&#34;col-result\&#34;&gt;Error&lt;/td&gt;&#34;, &#34;&lt;td class=\&#34;col-testId\&#34;&gt;test_cases/test_fm_chapter_overview_page.py::Test_Fm_Chapter_Overview::test_verify_edit_fm_chapter_title_content::setup&lt;/td&gt;&#34;, &#34;&lt;td class=\&#34;col-duration\&#34;&gt;1 ms&lt;/td&gt;&#34;, &#34;&lt;td class=\&#34;col-links\&#34;&gt;&lt;/td&gt;&#34;], &#34;log&#34;: &#34;self = &amp;lt;test_cases.test_fm_chapter_overview_page.Test_Fm_Chapter_Overview object at 0x0000021FCCDCC4D0&amp;gt;\nlaunch_browser = &amp;lt;selenium.webdriver.chrome.webdriver.WebDriver (session=&amp;quot;fb69ad13faa89f5a87fb8c936b6e5569&amp;quot;)&amp;gt;\n\n    @allure.title(\n        &amp;quot;Fixture (Class Level): Setup WebDriver,Baseclass Objects and TearDown Delete all cookies&amp;quot;\n    )\n    @pytest.fixture(scope=&amp;quot;class&amp;quot;, autouse=True)\n    def before_class(self, launch_browser):\n        with allure.step(&amp;quot;Asign objects&amp;quot;):\n            Test_Base.driver = launch_browser\n            Test_Base.baseclass = Baseclass(self.driver, conftest.webdriver_wait)\n            Test_Base.loginpage = Login_Page(self.baseclass)\n        with allure.step(&amp;quot;Run Login Action before test class&amp;quot;):\n            if self.__class__.__name__ != &amp;quot;Test_Login_Page&amp;quot;:\n&amp;gt;               self.loginpage.login(&amp;quot;ct-super-admin-test@iccsafe.org&amp;quot;, &amp;quot;Password5&amp;quot;)\n\ntest_cases\\test_base.py:39: \n_ _ _ _ _ _ _ _ _ _ _ _ _ _ _ _ _ _ _ _ _ _ _ _ _ _ _ _ _ _ _ _ _ _ _ _ _ _ _ _ _ _ _ _ _ _ _ _ _ _ _ _ _ _ _ _ _ _ _ _ _ _ _ _ _ _ _ _ _ _ _ _ _ _ _ _ _ _ _ _ _ _ _ _ _ _ _ _ _ _ _\npage_objects\\login_page.py:31: in login\n    self.baseclass.click_javascript_executor(self.login_button)\nuitility\\baseclass.py:85: in click_javascript_executor\n    element = self.wait.until(EC.visibility_of_element_located(locator))\n_ _ _ _ _ _ _ _ _ _ _ _ _ _ _ _ _ _ _ _ _ _ _ _ _ _ _ _ _ _ _ _ _ _ _ _ _ _ _ _ _ _ _ _ _ _ _ _ _ _ _ _ _ _ _ _ _ _ _ _ _ _ _ _ _ _ _ _ _ _ _ _ _ _ _ _ _ _ _ _ _ _ _ _ _ _ _ _ _ _ _\n\nself = &amp;lt;selenium.webdriver.support.wait.WebDriverWait (session=&amp;quot;fb69ad13faa89f5a87fb8c936b6e5569&amp;quot;)&amp;gt;\nmethod = &amp;lt;function visibility_of_element_located.&amp;lt;locals&amp;gt;._predicate at 0x0000021FCCF4EB60&amp;gt;, message = &amp;#x27;&amp;#x27;\n\n    def until(self, method: Callable[[D], Union[Literal[False], T]], message: str = &amp;quot;&amp;quot;) -&amp;gt; T:\n        &amp;quot;&amp;quot;&amp;quot;Calls the method provided with the driver as an argument until the \\\n        return value does not evaluate to ``False``.\n    \n        :param method: callable(WebDriver)\n        :param message: optional message for :exc:`TimeoutException`\n        :returns: the result of the last call to `method`\n        :raises: :exc:`selenium.common.exceptions.TimeoutException` if timeout occurs\n        &amp;quot;&amp;quot;&amp;quot;\n        screen = None\n        stacktrace = None\n    \n        end_time = time.monotonic() + self._timeout\n        while True:\n            try:\n                value = method(self._driver)\n                if value:\n                    return value\n            except self._ignored_exceptions as exc:\n                screen = getattr(exc, &amp;quot;screen&amp;quot;, None)\n                stacktrace = getattr(exc, &amp;quot;stacktrace&amp;quot;, None)\n            time.sleep(self._poll)\n            if time.monotonic() &amp;gt; end_time:\n                break\n&amp;gt;       raise TimeoutException(message, screen, stacktrace)\nE       selenium.common.exceptions.TimeoutException: Message: \nE       Stacktrace:\nE       \tGetHandleVerifier [0x00007FF72472EEB2+31554]\nE       \t(No symbol) [0x00007FF7246A7EE9]\nE       \t(No symbol) [0x00007FF72456872A]\nE       \t(No symbol) [0x00007FF7245B8434]\nE       \t(No symbol) [0x00007FF7245B853C]\nE       \t(No symbol) [0x00007FF7245FF6A7]\nE       \t(No symbol) [0x00007FF7245DD06F]\nE       \t(No symbol) [0x00007FF7245FC977]\nE       \t(No symbol) [0x00007FF7245DCDD3]\nE       \t(No symbol) [0x00007FF7245AA33B]\nE       \t(No symbol) [0x00007FF7245AAED1]\nE       \tGetHandleVerifier [0x00007FF724A38B2D+3217341]\nE       \tGetHandleVerifier [0x00007FF724A85AF3+3532675]\nE       \tGetHandleVerifier [0x00007FF724A7B0F0+3489152]\nE       \tGetHandleVerifier [0x00007FF7247DE786+750614]\nE       \t(No symbol) [0x00007FF7246B376F]\nE       \t(No symbol) [0x00007FF7246AEB24]\nE       \t(No symbol) [0x00007FF7246AECB2]\nE       \t(No symbol) [0x00007FF72469E17F]\nE       \tBaseThreadInitThunk [0x00007FFAECF97374+20]\nE       \tRtlUserThreadStart [0x00007FFAEEA9CC91+33]\n\nvenv\\Lib\\site-packages\\selenium\\webdriver\\support\\wait.py:105: TimeoutException\n&#34;}], &#34;test_cases/test_fm_chapter_overview_page.py::Test_Fm_Chapter_Overview::test_verify_cancel_edit_fm_section&#34;: [{&#34;extras&#34;: [], &#34;result&#34;: &#34;Error&#34;, &#34;testId&#34;: &#34;test_cases/test_fm_chapter_overview_page.py::Test_Fm_Chapter_Overview::test_verify_cancel_edit_fm_section::setup&#34;, &#34;duration&#34;: &#34;2 ms&#34;, &#34;resultsTableRow&#34;: [&#34;&lt;td class=\&#34;col-result\&#34;&gt;Error&lt;/td&gt;&#34;, &#34;&lt;td class=\&#34;col-testId\&#34;&gt;test_cases/test_fm_chapter_overview_page.py::Test_Fm_Chapter_Overview::test_verify_cancel_edit_fm_section::setup&lt;/td&gt;&#34;, &#34;&lt;td class=\&#34;col-duration\&#34;&gt;2 ms&lt;/td&gt;&#34;, &#34;&lt;td class=\&#34;col-links\&#34;&gt;&lt;/td&gt;&#34;], &#34;log&#34;: &#34;self = &amp;lt;test_cases.test_fm_chapter_overview_page.Test_Fm_Chapter_Overview object at 0x0000021FCCDCC4D0&amp;gt;\nlaunch_browser = &amp;lt;selenium.webdriver.chrome.webdriver.WebDriver (session=&amp;quot;fb69ad13faa89f5a87fb8c936b6e5569&amp;quot;)&amp;gt;\n\n    @allure.title(\n        &amp;quot;Fixture (Class Level): Setup WebDriver,Baseclass Objects and TearDown Delete all cookies&amp;quot;\n    )\n    @pytest.fixture(scope=&amp;quot;class&amp;quot;, autouse=True)\n    def before_class(self, launch_browser):\n        with allure.step(&amp;quot;Asign objects&amp;quot;):\n            Test_Base.driver = launch_browser\n            Test_Base.baseclass = Baseclass(self.driver, conftest.webdriver_wait)\n            Test_Base.loginpage = Login_Page(self.baseclass)\n        with allure.step(&amp;quot;Run Login Action before test class&amp;quot;):\n            if self.__class__.__name__ != &amp;quot;Test_Login_Page&amp;quot;:\n&amp;gt;               self.loginpage.login(&amp;quot;ct-super-admin-test@iccsafe.org&amp;quot;, &amp;quot;Password5&amp;quot;)\n\ntest_cases\\test_base.py:39: \n_ _ _ _ _ _ _ _ _ _ _ _ _ _ _ _ _ _ _ _ _ _ _ _ _ _ _ _ _ _ _ _ _ _ _ _ _ _ _ _ _ _ _ _ _ _ _ _ _ _ _ _ _ _ _ _ _ _ _ _ _ _ _ _ _ _ _ _ _ _ _ _ _ _ _ _ _ _ _ _ _ _ _ _ _ _ _ _ _ _ _\npage_objects\\login_page.py:31: in login\n    self.baseclass.click_javascript_executor(self.login_button)\nuitility\\baseclass.py:85: in click_javascript_executor\n    element = self.wait.until(EC.visibility_of_element_located(locator))\n_ _ _ _ _ _ _ _ _ _ _ _ _ _ _ _ _ _ _ _ _ _ _ _ _ _ _ _ _ _ _ _ _ _ _ _ _ _ _ _ _ _ _ _ _ _ _ _ _ _ _ _ _ _ _ _ _ _ _ _ _ _ _ _ _ _ _ _ _ _ _ _ _ _ _ _ _ _ _ _ _ _ _ _ _ _ _ _ _ _ _\n\nself = &amp;lt;selenium.webdriver.support.wait.WebDriverWait (session=&amp;quot;fb69ad13faa89f5a87fb8c936b6e5569&amp;quot;)&amp;gt;\nmethod = &amp;lt;function visibility_of_element_located.&amp;lt;locals&amp;gt;._predicate at 0x0000021FCCF4EB60&amp;gt;, message = &amp;#x27;&amp;#x27;\n\n    def until(self, method: Callable[[D], Union[Literal[False], T]], message: str = &amp;quot;&amp;quot;) -&amp;gt; T:\n        &amp;quot;&amp;quot;&amp;quot;Calls the method provided with the driver as an argument until the \\\n        return value does not evaluate to ``False``.\n    \n        :param method: callable(WebDriver)\n        :param message: optional message for :exc:`TimeoutException`\n        :returns: the result of the last call to `method`\n        :raises: :exc:`selenium.common.exceptions.TimeoutException` if timeout occurs\n        &amp;quot;&amp;quot;&amp;quot;\n        screen = None\n        stacktrace = None\n    \n        end_time = time.monotonic() + self._timeout\n        while True:\n            try:\n                value = method(self._driver)\n                if value:\n                    return value\n            except self._ignored_exceptions as exc:\n                screen = getattr(exc, &amp;quot;screen&amp;quot;, None)\n                stacktrace = getattr(exc, &amp;quot;stacktrace&amp;quot;, None)\n            time.sleep(self._poll)\n            if time.monotonic() &amp;gt; end_time:\n                break\n&amp;gt;       raise TimeoutException(message, screen, stacktrace)\nE       selenium.common.exceptions.TimeoutException: Message: \nE       Stacktrace:\nE       \tGetHandleVerifier [0x00007FF72472EEB2+31554]\nE       \t(No symbol) [0x00007FF7246A7EE9]\nE       \t(No symbol) [0x00007FF72456872A]\nE       \t(No symbol) [0x00007FF7245B8434]\nE       \t(No symbol) [0x00007FF7245B853C]\nE       \t(No symbol) [0x00007FF7245FF6A7]\nE       \t(No symbol) [0x00007FF7245DD06F]\nE       \t(No symbol) [0x00007FF7245FC977]\nE       \t(No symbol) [0x00007FF7245DCDD3]\nE       \t(No symbol) [0x00007FF7245AA33B]\nE       \t(No symbol) [0x00007FF7245AAED1]\nE       \tGetHandleVerifier [0x00007FF724A38B2D+3217341]\nE       \tGetHandleVerifier [0x00007FF724A85AF3+3532675]\nE       \tGetHandleVerifier [0x00007FF724A7B0F0+3489152]\nE       \tGetHandleVerifier [0x00007FF7247DE786+750614]\nE       \t(No symbol) [0x00007FF7246B376F]\nE       \t(No symbol) [0x00007FF7246AEB24]\nE       \t(No symbol) [0x00007FF7246AECB2]\nE       \t(No symbol) [0x00007FF72469E17F]\nE       \tBaseThreadInitThunk [0x00007FFAECF97374+20]\nE       \tRtlUserThreadStart [0x00007FFAEEA9CC91+33]\n\nvenv\\Lib\\site-packages\\selenium\\webdriver\\support\\wait.py:105: TimeoutException\n&#34;}], &#34;test_cases/test_fm_chapter_overview_page.py::Test_Fm_Chapter_Overview::test_verify_edit_fm_section_title_content&#34;: [{&#34;extras&#34;: [], &#34;result&#34;: &#34;Error&#34;, &#34;testId&#34;: &#34;test_cases/test_fm_chapter_overview_page.py::Test_Fm_Chapter_Overview::test_verify_edit_fm_section_title_content::setup&#34;, &#34;duration&#34;: &#34;2 ms&#34;, &#34;resultsTableRow&#34;: [&#34;&lt;td class=\&#34;col-result\&#34;&gt;Error&lt;/td&gt;&#34;, &#34;&lt;td class=\&#34;col-testId\&#34;&gt;test_cases/test_fm_chapter_overview_page.py::Test_Fm_Chapter_Overview::test_verify_edit_fm_section_title_content::setup&lt;/td&gt;&#34;, &#34;&lt;td class=\&#34;col-duration\&#34;&gt;2 ms&lt;/td&gt;&#34;, &#34;&lt;td class=\&#34;col-links\&#34;&gt;&lt;/td&gt;&#34;], &#34;log&#34;: &#34;self = &amp;lt;test_cases.test_fm_chapter_overview_page.Test_Fm_Chapter_Overview object at 0x0000021FCCDCC4D0&amp;gt;\nlaunch_browser = &amp;lt;selenium.webdriver.chrome.webdriver.WebDriver (session=&amp;quot;fb69ad13faa89f5a87fb8c936b6e5569&amp;quot;)&amp;gt;\n\n    @allure.title(\n        &amp;quot;Fixture (Class Level): Setup WebDriver,Baseclass Objects and TearDown Delete all cookies&amp;quot;\n    )\n    @pytest.fixture(scope=&amp;quot;class&amp;quot;, autouse=True)\n    def before_class(self, launch_browser):\n        with allure.step(&amp;quot;Asign objects&amp;quot;):\n            Test_Base.driver = launch_browser\n            Test_Base.baseclass = Baseclass(self.driver, conftest.webdriver_wait)\n            Test_Base.loginpage = Login_Page(self.baseclass)\n        with allure.step(&amp;quot;Run Login Action before test class&amp;quot;):\n            if self.__class__.__name__ != &amp;quot;Test_Login_Page&amp;quot;:\n&amp;gt;               self.loginpage.login(&amp;quot;ct-super-admin-test@iccsafe.org&amp;quot;, &amp;quot;Password5&amp;quot;)\n\ntest_cases\\test_base.py:39: \n_ _ _ _ _ _ _ _ _ _ _ _ _ _ _ _ _ _ _ _ _ _ _ _ _ _ _ _ _ _ _ _ _ _ _ _ _ _ _ _ _ _ _ _ _ _ _ _ _ _ _ _ _ _ _ _ _ _ _ _ _ _ _ _ _ _ _ _ _ _ _ _ _ _ _ _ _ _ _ _ _ _ _ _ _ _ _ _ _ _ _\npage_objects\\login_page.py:31: in login\n    self.baseclass.click_javascript_executor(self.login_button)\nuitility\\baseclass.py:85: in click_javascript_executor\n    element = self.wait.until(EC.visibility_of_element_located(locator))\n_ _ _ _ _ _ _ _ _ _ _ _ _ _ _ _ _ _ _ _ _ _ _ _ _ _ _ _ _ _ _ _ _ _ _ _ _ _ _ _ _ _ _ _ _ _ _ _ _ _ _ _ _ _ _ _ _ _ _ _ _ _ _ _ _ _ _ _ _ _ _ _ _ _ _ _ _ _ _ _ _ _ _ _ _ _ _ _ _ _ _\n\nself = &amp;lt;selenium.webdriver.support.wait.WebDriverWait (session=&amp;quot;fb69ad13faa89f5a87fb8c936b6e5569&amp;quot;)&amp;gt;\nmethod = &amp;lt;function visibility_of_element_located.&amp;lt;locals&amp;gt;._predicate at 0x0000021FCCF4EB60&amp;gt;, message = &amp;#x27;&amp;#x27;\n\n    def until(self, method: Callable[[D], Union[Literal[False], T]], message: str = &amp;quot;&amp;quot;) -&amp;gt; T:\n        &amp;quot;&amp;quot;&amp;quot;Calls the method provided with the driver as an argument until the \\\n        return value does not evaluate to ``False``.\n    \n        :param method: callable(WebDriver)\n        :param message: optional message for :exc:`TimeoutException`\n        :returns: the result of the last call to `method`\n        :raises: :exc:`selenium.common.exceptions.TimeoutException` if timeout occurs\n        &amp;quot;&amp;quot;&amp;quot;\n        screen = None\n        stacktrace = None\n    \n        end_time = time.monotonic() + self._timeout\n        while True:\n            try:\n                value = method(self._driver)\n                if value:\n                    return value\n            except self._ignored_exceptions as exc:\n                screen = getattr(exc, &amp;quot;screen&amp;quot;, None)\n                stacktrace = getattr(exc, &amp;quot;stacktrace&amp;quot;, None)\n            time.sleep(self._poll)\n            if time.monotonic() &amp;gt; end_time:\n                break\n&amp;gt;       raise TimeoutException(message, screen, stacktrace)\nE       selenium.common.exceptions.TimeoutException: Message: \nE       Stacktrace:\nE       \tGetHandleVerifier [0x00007FF72472EEB2+31554]\nE       \t(No symbol) [0x00007FF7246A7EE9]\nE       \t(No symbol) [0x00007FF72456872A]\nE       \t(No symbol) [0x00007FF7245B8434]\nE       \t(No symbol) [0x00007FF7245B853C]\nE       \t(No symbol) [0x00007FF7245FF6A7]\nE       \t(No symbol) [0x00007FF7245DD06F]\nE       \t(No symbol) [0x00007FF7245FC977]\nE       \t(No symbol) [0x00007FF7245DCDD3]\nE       \t(No symbol) [0x00007FF7245AA33B]\nE       \t(No symbol) [0x00007FF7245AAED1]\nE       \tGetHandleVerifier [0x00007FF724A38B2D+3217341]\nE       \tGetHandleVerifier [0x00007FF724A85AF3+3532675]\nE       \tGetHandleVerifier [0x00007FF724A7B0F0+3489152]\nE       \tGetHandleVerifier [0x00007FF7247DE786+750614]\nE       \t(No symbol) [0x00007FF7246B376F]\nE       \t(No symbol) [0x00007FF7246AEB24]\nE       \t(No symbol) [0x00007FF7246AECB2]\nE       \t(No symbol) [0x00007FF72469E17F]\nE       \tBaseThreadInitThunk [0x00007FFAECF97374+20]\nE       \tRtlUserThreadStart [0x00007FFAEEA9CC91+33]\n\nvenv\\Lib\\site-packages\\selenium\\webdriver\\support\\wait.py:105: TimeoutException\n&#34;}], &#34;test_cases/test_fm_chapter_overview_page.py::Test_Fm_Chapter_Overview::test_verify_add_new_fm_chapter&#34;: [{&#34;extras&#34;: [], &#34;result&#34;: &#34;Error&#34;, &#34;testId&#34;: &#34;test_cases/test_fm_chapter_overview_page.py::Test_Fm_Chapter_Overview::test_verify_add_new_fm_chapter::setup&#34;, &#34;duration&#34;: &#34;3 ms&#34;, &#34;resultsTableRow&#34;: [&#34;&lt;td class=\&#34;col-result\&#34;&gt;Error&lt;/td&gt;&#34;, &#34;&lt;td class=\&#34;col-testId\&#34;&gt;test_cases/test_fm_chapter_overview_page.py::Test_Fm_Chapter_Overview::test_verify_add_new_fm_chapter::setup&lt;/td&gt;&#34;, &#34;&lt;td class=\&#34;col-duration\&#34;&gt;3 ms&lt;/td&gt;&#34;, &#34;&lt;td class=\&#34;col-links\&#34;&gt;&lt;/td&gt;&#34;], &#34;log&#34;: &#34;self = &amp;lt;test_cases.test_fm_chapter_overview_page.Test_Fm_Chapter_Overview object at 0x0000021FCCDCC4D0&amp;gt;\nlaunch_browser = &amp;lt;selenium.webdriver.chrome.webdriver.WebDriver (session=&amp;quot;fb69ad13faa89f5a87fb8c936b6e5569&amp;quot;)&amp;gt;\n\n    @allure.title(\n        &amp;quot;Fixture (Class Level): Setup WebDriver,Baseclass Objects and TearDown Delete all cookies&amp;quot;\n    )\n    @pytest.fixture(scope=&amp;quot;class&amp;quot;, autouse=True)\n    def before_class(self, launch_browser):\n        with allure.step(&amp;quot;Asign objects&amp;quot;):\n            Test_Base.driver = launch_browser\n            Test_Base.baseclass = Baseclass(self.driver, conftest.webdriver_wait)\n            Test_Base.loginpage = Login_Page(self.baseclass)\n        with allure.step(&amp;quot;Run Login Action before test class&amp;quot;):\n            if self.__class__.__name__ != &amp;quot;Test_Login_Page&amp;quot;:\n&amp;gt;               self.loginpage.login(&amp;quot;ct-super-admin-test@iccsafe.org&amp;quot;, &amp;quot;Password5&amp;quot;)\n\ntest_cases\\test_base.py:39: \n_ _ _ _ _ _ _ _ _ _ _ _ _ _ _ _ _ _ _ _ _ _ _ _ _ _ _ _ _ _ _ _ _ _ _ _ _ _ _ _ _ _ _ _ _ _ _ _ _ _ _ _ _ _ _ _ _ _ _ _ _ _ _ _ _ _ _ _ _ _ _ _ _ _ _ _ _ _ _ _ _ _ _ _ _ _ _ _ _ _ _\npage_objects\\login_page.py:31: in login\n    self.baseclass.click_javascript_executor(self.login_button)\nuitility\\baseclass.py:85: in click_javascript_executor\n    element = self.wait.until(EC.visibility_of_element_located(locator))\n_ _ _ _ _ _ _ _ _ _ _ _ _ _ _ _ _ _ _ _ _ _ _ _ _ _ _ _ _ _ _ _ _ _ _ _ _ _ _ _ _ _ _ _ _ _ _ _ _ _ _ _ _ _ _ _ _ _ _ _ _ _ _ _ _ _ _ _ _ _ _ _ _ _ _ _ _ _ _ _ _ _ _ _ _ _ _ _ _ _ _\n\nself = &amp;lt;selenium.webdriver.support.wait.WebDriverWait (session=&amp;quot;fb69ad13faa89f5a87fb8c936b6e5569&amp;quot;)&amp;gt;\nmethod = &amp;lt;function visibility_of_element_located.&amp;lt;locals&amp;gt;._predicate at 0x0000021FCCF4EB60&amp;gt;, message = &amp;#x27;&amp;#x27;\n\n    def until(self, method: Callable[[D], Union[Literal[False], T]], message: str = &amp;quot;&amp;quot;) -&amp;gt; T:\n        &amp;quot;&amp;quot;&amp;quot;Calls the method provided with the driver as an argument until the \\\n        return value does not evaluate to ``False``.\n    \n        :param method: callable(WebDriver)\n        :param message: optional message for :exc:`TimeoutException`\n        :returns: the result of the last call to `method`\n        :raises: :exc:`selenium.common.exceptions.TimeoutException` if timeout occurs\n        &amp;quot;&amp;quot;&amp;quot;\n        screen = None\n        stacktrace = None\n    \n        end_time = time.monotonic() + self._timeout\n        while True:\n            try:\n                value = method(self._driver)\n                if value:\n                    return value\n            except self._ignored_exceptions as exc:\n                screen = getattr(exc, &amp;quot;screen&amp;quot;, None)\n                stacktrace = getattr(exc, &amp;quot;stacktrace&amp;quot;, None)\n            time.sleep(self._poll)\n            if time.monotonic() &amp;gt; end_time:\n                break\n&amp;gt;       raise TimeoutException(message, screen, stacktrace)\nE       selenium.common.exceptions.TimeoutException: Message: \nE       Stacktrace:\nE       \tGetHandleVerifier [0x00007FF72472EEB2+31554]\nE       \t(No symbol) [0x00007FF7246A7EE9]\nE       \t(No symbol) [0x00007FF72456872A]\nE       \t(No symbol) [0x00007FF7245B8434]\nE       \t(No symbol) [0x00007FF7245B853C]\nE       \t(No symbol) [0x00007FF7245FF6A7]\nE       \t(No symbol) [0x00007FF7245DD06F]\nE       \t(No symbol) [0x00007FF7245FC977]\nE       \t(No symbol) [0x00007FF7245DCDD3]\nE       \t(No symbol) [0x00007FF7245AA33B]\nE       \t(No symbol) [0x00007FF7245AAED1]\nE       \tGetHandleVerifier [0x00007FF724A38B2D+3217341]\nE       \tGetHandleVerifier [0x00007FF724A85AF3+3532675]\nE       \tGetHandleVerifier [0x00007FF724A7B0F0+3489152]\nE       \tGetHandleVerifier [0x00007FF7247DE786+750614]\nE       \t(No symbol) [0x00007FF7246B376F]\nE       \t(No symbol) [0x00007FF7246AEB24]\nE       \t(No symbol) [0x00007FF7246AECB2]\nE       \t(No symbol) [0x00007FF72469E17F]\nE       \tBaseThreadInitThunk [0x00007FFAECF97374+20]\nE       \tRtlUserThreadStart [0x00007FFAEEA9CC91+33]\n\nvenv\\Lib\\site-packages\\selenium\\webdriver\\support\\wait.py:105: TimeoutException\n&#34;}], &#34;test_cases/test_fm_chapter_overview_page.py::Test_Fm_Chapter_Overview::test_verify_add_new_fm_section&#34;: [{&#34;extras&#34;: [], &#34;result&#34;: &#34;Skipped&#34;, &#34;testId&#34;: &#34;test_cases/test_fm_chapter_overview_page.py::Test_Fm_Chapter_Overview::test_verify_add_new_fm_section::setup&#34;, &#34;duration&#34;: &#34;1 ms&#34;, &#34;resultsTableRow&#34;: [&#34;&lt;td class=\&#34;col-result\&#34;&gt;Skipped&lt;/td&gt;&#34;, &#34;&lt;td class=\&#34;col-testId\&#34;&gt;test_cases/test_fm_chapter_overview_page.py::Test_Fm_Chapter_Overview::test_verify_add_new_fm_section::setup&lt;/td&gt;&#34;, &#34;&lt;td class=\&#34;col-duration\&#34;&gt;1 ms&lt;/td&gt;&#34;, &#34;&lt;td class=\&#34;col-links\&#34;&gt;&lt;/td&gt;&#34;], &#34;log&#34;: &#34;(&amp;#x27;D:\\\\python program\\\\ICC-Shop\\\\venv\\\\Lib\\\\site-packages\\\\pytest_dependency.py&amp;#x27;, 101, &amp;#x27;Skipped: test_verify_add_new_fm_section depends on test_verify_add_new_fm_chapter&amp;#x27;)\n&#34;}], &#34;test_cases/test_fm_chapter_overview_page.py::Test_Fm_Chapter_Overview::test_verify_add_new_fm_figure&#34;: [{&#34;extras&#34;: [], &#34;result&#34;: &#34;Skipped&#34;, &#34;testId&#34;: &#34;test_cases/test_fm_chapter_overview_page.py::Test_Fm_Chapter_Overview::test_verify_add_new_fm_figure::setup&#34;, &#34;duration&#34;: &#34;1 ms&#34;, &#34;resultsTableRow&#34;: [&#34;&lt;td class=\&#34;col-result\&#34;&gt;Skipped&lt;/td&gt;&#34;, &#34;&lt;td class=\&#34;col-testId\&#34;&gt;test_cases/test_fm_chapter_overview_page.py::Test_Fm_Chapter_Overview::test_verify_add_new_fm_figure::setup&lt;/td&gt;&#34;, &#34;&lt;td class=\&#34;col-duration\&#34;&gt;1 ms&lt;/td&gt;&#34;, &#34;&lt;td class=\&#34;col-links\&#34;&gt;&lt;/td&gt;&#34;], &#34;log&#34;: &#34;(&amp;#x27;D:\\\\python program\\\\ICC-Shop\\\\venv\\\\Lib\\\\site-packages\\\\pytest_dependency.py&amp;#x27;, 101, &amp;#x27;Skipped: test_verify_add_new_fm_figure depends on test_verify_add_new_fm_chapter&amp;#x27;)\n&#34;}], &#34;test_cases/test_fm_chapter_overview_page.py::Test_Fm_Chapter_Overview::test_verify_cancel_edit_fm_figure&#34;: [{&#34;extras&#34;: [], &#34;result&#34;: &#34;Skipped&#34;, &#34;testId&#34;: &#34;test_cases/test_fm_chapter_overview_page.py::Test_Fm_Chapter_Overview::test_verify_cancel_edit_fm_figure::setup&#34;, &#34;duration&#34;: &#34;2 ms&#34;, &#34;resultsTableRow&#34;: [&#34;&lt;td class=\&#34;col-result\&#34;&gt;Skipped&lt;/td&gt;&#34;, &#34;&lt;td class=\&#34;col-testId\&#34;&gt;test_cases/test_fm_chapter_overview_page.py::Test_Fm_Chapter_Overview::test_verify_cancel_edit_fm_figure::setup&lt;/td&gt;&#34;, &#34;&lt;td class=\&#34;col-duration\&#34;&gt;2 ms&lt;/td&gt;&#34;, &#34;&lt;td class=\&#34;col-links\&#34;&gt;&lt;/td&gt;&#34;], &#34;log&#34;: &#34;(&amp;#x27;D:\\\\python program\\\\ICC-Shop\\\\venv\\\\Lib\\\\site-packages\\\\pytest_dependency.py&amp;#x27;, 101, &amp;#x27;Skipped: test_verify_cancel_edit_fm_figure depends on test_verify_add_new_fm_figure&amp;#x27;)\n&#34;}], &#34;test_cases/test_fm_chapter_overview_page.py::Test_Fm_Chapter_Overview::test_verify_delete_fm_figure&#34;: [{&#34;extras&#34;: [], &#34;result&#34;: &#34;Skipped&#34;, &#34;testId&#34;: &#34;test_cases/test_fm_chapter_overview_page.py::Test_Fm_Chapter_Overview::test_verify_delete_fm_figure::setup&#34;, &#34;duration&#34;: &#34;1 ms&#34;, &#34;resultsTableRow&#34;: [&#34;&lt;td class=\&#34;col-result\&#34;&gt;Skipped&lt;/td&gt;&#34;, &#34;&lt;td class=\&#34;col-testId\&#34;&gt;test_cases/test_fm_chapter_overview_page.py::Test_Fm_Chapter_Overview::test_verify_delete_fm_figure::setup&lt;/td&gt;&#34;, &#34;&lt;td class=\&#34;col-duration\&#34;&gt;1 ms&lt;/td&gt;&#34;, &#34;&lt;td class=\&#34;col-links\&#34;&gt;&lt;/td&gt;&#34;], &#34;log&#34;: &#34;(&amp;#x27;D:\\\\python program\\\\ICC-Shop\\\\venv\\\\Lib\\\\site-packages\\\\pytest_dependency.py&amp;#x27;, 101, &amp;#x27;Skipped: test_verify_delete_fm_figure depends on test_verify_add_new_fm_figure&amp;#x27;)\n&#34;}], &#34;test_cases/test_fm_chapter_overview_page.py::Test_Fm_Chapter_Overview::test_verify_add_fm_section_with_no_title_associated&#34;: [{&#34;extras&#34;: [], &#34;result&#34;: &#34;Error&#34;, &#34;testId&#34;: &#34;test_cases/test_fm_chapter_overview_page.py::Test_Fm_Chapter_Overview::test_verify_add_fm_section_with_no_title_associated::setup&#34;, &#34;duration&#34;: &#34;3 ms&#34;, &#34;resultsTableRow&#34;: [&#34;&lt;td class=\&#34;col-result\&#34;&gt;Error&lt;/td&gt;&#34;, &#34;&lt;td class=\&#34;col-testId\&#34;&gt;test_cases/test_fm_chapter_overview_page.py::Test_Fm_Chapter_Overview::test_verify_add_fm_section_with_no_title_associated::setup&lt;/td&gt;&#34;, &#34;&lt;td class=\&#34;col-duration\&#34;&gt;3 ms&lt;/td&gt;&#34;, &#34;&lt;td class=\&#34;col-links\&#34;&gt;&lt;/td&gt;&#34;], &#34;log&#34;: &#34;self = &amp;lt;test_cases.test_fm_chapter_overview_page.Test_Fm_Chapter_Overview object at 0x0000021FCCDCC4D0&amp;gt;\nlaunch_browser = &amp;lt;selenium.webdriver.chrome.webdriver.WebDriver (session=&amp;quot;fb69ad13faa89f5a87fb8c936b6e5569&amp;quot;)&amp;gt;\n\n    @allure.title(\n        &amp;quot;Fixture (Class Level): Setup WebDriver,Baseclass Objects and TearDown Delete all cookies&amp;quot;\n    )\n    @pytest.fixture(scope=&amp;quot;class&amp;quot;, autouse=True)\n    def before_class(self, launch_browser):\n        with allure.step(&amp;quot;Asign objects&amp;quot;):\n            Test_Base.driver = launch_browser\n            Test_Base.baseclass = Baseclass(self.driver, conftest.webdriver_wait)\n            Test_Base.loginpage = Login_Page(self.baseclass)\n        with allure.step(&amp;quot;Run Login Action before test class&amp;quot;):\n            if self.__class__.__name__ != &amp;quot;Test_Login_Page&amp;quot;:\n&amp;gt;               self.loginpage.login(&amp;quot;ct-super-admin-test@iccsafe.org&amp;quot;, &amp;quot;Password5&amp;quot;)\n\ntest_cases\\test_base.py:39: \n_ _ _ _ _ _ _ _ _ _ _ _ _ _ _ _ _ _ _ _ _ _ _ _ _ _ _ _ _ _ _ _ _ _ _ _ _ _ _ _ _ _ _ _ _ _ _ _ _ _ _ _ _ _ _ _ _ _ _ _ _ _ _ _ _ _ _ _ _ _ _ _ _ _ _ _ _ _ _ _ _ _ _ _ _ _ _ _ _ _ _\npage_objects\\login_page.py:31: in login\n    self.baseclass.click_javascript_executor(self.login_button)\nuitility\\baseclass.py:85: in click_javascript_executor\n    element = self.wait.until(EC.visibility_of_element_located(locator))\n_ _ _ _ _ _ _ _ _ _ _ _ _ _ _ _ _ _ _ _ _ _ _ _ _ _ _ _ _ _ _ _ _ _ _ _ _ _ _ _ _ _ _ _ _ _ _ _ _ _ _ _ _ _ _ _ _ _ _ _ _ _ _ _ _ _ _ _ _ _ _ _ _ _ _ _ _ _ _ _ _ _ _ _ _ _ _ _ _ _ _\n\nself = &amp;lt;selenium.webdriver.support.wait.WebDriverWait (session=&amp;quot;fb69ad13faa89f5a87fb8c936b6e5569&amp;quot;)&amp;gt;\nmethod = &amp;lt;function visibility_of_element_located.&amp;lt;locals&amp;gt;._predicate at 0x0000021FCCF4EB60&amp;gt;, message = &amp;#x27;&amp;#x27;\n\n    def until(self, method: Callable[[D], Union[Literal[False], T]], message: str = &amp;quot;&amp;quot;) -&amp;gt; T:\n        &amp;quot;&amp;quot;&amp;quot;Calls the method provided with the driver as an argument until the \\\n        return value does not evaluate to ``False``.\n    \n        :param method: callable(WebDriver)\n        :param message: optional message for :exc:`TimeoutException`\n        :returns: the result of the last call to `method`\n        :raises: :exc:`selenium.common.exceptions.TimeoutException` if timeout occurs\n        &amp;quot;&amp;quot;&amp;quot;\n        screen = None\n        stacktrace = None\n    \n        end_time = time.monotonic() + self._timeout\n        while True:\n            try:\n                value = method(self._driver)\n                if value:\n                    return value\n            except self._ignored_exceptions as exc:\n                screen = getattr(exc, &amp;quot;screen&amp;quot;, None)\n                stacktrace = getattr(exc, &amp;quot;stacktrace&amp;quot;, None)\n            time.sleep(self._poll)\n            if time.monotonic() &amp;gt; end_time:\n                break\n&amp;gt;       raise TimeoutException(message, screen, stacktrace)\nE       selenium.common.exceptions.TimeoutException: Message: \nE       Stacktrace:\nE       \tGetHandleVerifier [0x00007FF72472EEB2+31554]\nE       \t(No symbol) [0x00007FF7246A7EE9]\nE       \t(No symbol) [0x00007FF72456872A]\nE       \t(No symbol) [0x00007FF7245B8434]\nE       \t(No symbol) [0x00007FF7245B853C]\nE       \t(No symbol) [0x00007FF7245FF6A7]\nE       \t(No symbol) [0x00007FF7245DD06F]\nE       \t(No symbol) [0x00007FF7245FC977]\nE       \t(No symbol) [0x00007FF7245DCDD3]\nE       \t(No symbol) [0x00007FF7245AA33B]\nE       \t(No symbol) [0x00007FF7245AAED1]\nE       \tGetHandleVerifier [0x00007FF724A38B2D+3217341]\nE       \tGetHandleVerifier [0x00007FF724A85AF3+3532675]\nE       \tGetHandleVerifier [0x00007FF724A7B0F0+3489152]\nE       \tGetHandleVerifier [0x00007FF7247DE786+750614]\nE       \t(No symbol) [0x00007FF7246B376F]\nE       \t(No symbol) [0x00007FF7246AEB24]\nE       \t(No symbol) [0x00007FF7246AECB2]\nE       \t(No symbol) [0x00007FF72469E17F]\nE       \tBaseThreadInitThunk [0x00007FFAECF97374+20]\nE       \tRtlUserThreadStart [0x00007FFAEEA9CC91+33]\n\nvenv\\Lib\\site-packages\\selenium\\webdriver\\support\\wait.py:105: TimeoutException\n&#34;}], &#34;test_cases/test_appendix_overview_page.py::Test_Appendix_Overview::test_verify_open_Appendix_content&#34;: [{&#34;extras&#34;: [], &#34;result&#34;: &#34;Error&#34;, &#34;testId&#34;: &#34;test_cases/test_appendix_overview_page.py::Test_Appendix_Overview::test_verify_open_Appendix_content::setup&#34;, &#34;duration&#34;: &#34;00:00:56&#34;, &#34;resultsTableRow&#34;: [&#34;&lt;td class=\&#34;col-result\&#34;&gt;Error&lt;/td&gt;&#34;, &#34;&lt;td class=\&#34;col-testId\&#34;&gt;test_cases/test_appendix_overview_page.py::Test_Appendix_Overview::test_verify_open_Appendix_content::setup&lt;/td&gt;&#34;, &#34;&lt;td class=\&#34;col-duration\&#34;&gt;00:00:56&lt;/td&gt;&#34;, &#34;&lt;td class=\&#34;col-links\&#34;&gt;&lt;/td&gt;&#34;], &#34;log&#34;: &#34;self = &amp;lt;test_cases.test_appendix_overview_page.Test_Appendix_Overview object at 0x0000021FCCD99490&amp;gt;\nlaunch_browser = &amp;lt;selenium.webdriver.chrome.webdriver.WebDriver (session=&amp;quot;fb69ad13faa89f5a87fb8c936b6e5569&amp;quot;)&amp;gt;\n\n    @allure.title(\n        &amp;quot;Fixture (Class Level): Setup WebDriver,Baseclass Objects and TearDown Delete all cookies&amp;quot;\n    )\n    @pytest.fixture(scope=&amp;quot;class&amp;quot;, autouse=True)\n    def before_class(self, launch_browser):\n        with allure.step(&amp;quot;Asign objects&amp;quot;):\n            Test_Base.driver = launch_browser\n            Test_Base.baseclass = Baseclass(self.driver, conftest.webdriver_wait)\n            Test_Base.loginpage = Login_Page(self.baseclass)\n        with allure.step(&amp;quot;Run Login Action before test class&amp;quot;):\n            if self.__class__.__name__ != &amp;quot;Test_Login_Page&amp;quot;:\n&amp;gt;               self.loginpage.login(&amp;quot;ct-super-admin-test@iccsafe.org&amp;quot;, &amp;quot;Password5&amp;quot;)\n\ntest_cases\\test_base.py:39: \n_ _ _ _ _ _ _ _ _ _ _ _ _ _ _ _ _ _ _ _ _ _ _ _ _ _ _ _ _ _ _ _ _ _ _ _ _ _ _ _ _ _ _ _ _ _ _ _ _ _ _ _ _ _ _ _ _ _ _ _ _ _ _ _ _ _ _ _ _ _ _ _ _ _ _ _ _ _ _ _ _ _ _ _ _ _ _ _ _ _ _\npage_objects\\login_page.py:31: in login\n    self.baseclass.click_javascript_executor(self.login_button)\nuitility\\baseclass.py:85: in click_javascript_executor\n    element = self.wait.until(EC.visibility_of_element_located(locator))\n_ _ _ _ _ _ _ _ _ _ _ _ _ _ _ _ _ _ _ _ _ _ _ _ _ _ _ _ _ _ _ _ _ _ _ _ _ _ _ _ _ _ _ _ _ _ _ _ _ _ _ _ _ _ _ _ _ _ _ _ _ _ _ _ _ _ _ _ _ _ _ _ _ _ _ _ _ _ _ _ _ _ _ _ _ _ _ _ _ _ _\n\nself = &amp;lt;selenium.webdriver.support.wait.WebDriverWait (session=&amp;quot;fb69ad13faa89f5a87fb8c936b6e5569&amp;quot;)&amp;gt;\nmethod = &amp;lt;function visibility_of_element_located.&amp;lt;locals&amp;gt;._predicate at 0x0000021FCCED2F20&amp;gt;, message = &amp;#x27;&amp;#x27;\n\n    def until(self, method: Callable[[D], Union[Literal[False], T]], message: str = &amp;quot;&amp;quot;) -&amp;gt; T:\n        &amp;quot;&amp;quot;&amp;quot;Calls the method provided with the driver as an argument until the \\\n        return value does not evaluate to ``False``.\n    \n        :param method: callable(WebDriver)\n        :param message: optional message for :exc:`TimeoutException`\n        :returns: the result of the last call to `method`\n        :raises: :exc:`selenium.common.exceptions.TimeoutException` if timeout occurs\n        &amp;quot;&amp;quot;&amp;quot;\n        screen = None\n        stacktrace = None\n    \n        end_time = time.monotonic() + self._timeout\n        while True:\n            try:\n                value = method(self._driver)\n                if value:\n                    return value\n            except self._ignored_exceptions as exc:\n                screen = getattr(exc, &amp;quot;screen&amp;quot;, None)\n                stacktrace = getattr(exc, &amp;quot;stacktrace&amp;quot;, None)\n            time.sleep(self._poll)\n            if time.monotonic() &amp;gt; end_time:\n                break\n&amp;gt;       raise TimeoutException(message, screen, stacktrace)\nE       selenium.common.exceptions.TimeoutException: Message: \nE       Stacktrace:\nE       \tGetHandleVerifier [0x00007FF72472EEB2+31554]\nE       \t(No symbol) [0x00007FF7246A7EE9]\nE       \t(No symbol) [0x00007FF72456872A]\nE       \t(No symbol) [0x00007FF7245B8434]\nE       \t(No symbol) [0x00007FF7245B853C]\nE       \t(No symbol) [0x00007FF7245FF6A7]\nE       \t(No symbol) [0x00007FF7245DD06F]\nE       \t(No symbol) [0x00007FF7245FC977]\nE       \t(No symbol) [0x00007FF7245DCDD3]\nE       \t(No symbol) [0x00007FF7245AA33B]\nE       \t(No symbol) [0x00007FF7245AAED1]\nE       \tGetHandleVerifier [0x00007FF724A38B2D+3217341]\nE       \tGetHandleVerifier [0x00007FF724A85AF3+3532675]\nE       \tGetHandleVerifier [0x00007FF724A7B0F0+3489152]\nE       \tGetHandleVerifier [0x00007FF7247DE786+750614]\nE       \t(No symbol) [0x00007FF7246B376F]\nE       \t(No symbol) [0x00007FF7246AEB24]\nE       \t(No symbol) [0x00007FF7246AECB2]\nE       \t(No symbol) [0x00007FF72469E17F]\nE       \tBaseThreadInitThunk [0x00007FFAECF97374+20]\nE       \tRtlUserThreadStart [0x00007FFAEEA9CC91+33]\n\nvenv\\Lib\\site-packages\\selenium\\webdriver\\support\\wait.py:105: TimeoutException\n\n---------------------------- Captured stdout setup -----------------------------\nElement: (&amp;#x27;css selector&amp;#x27;, &amp;quot;input[name=&amp;#x27;email&amp;#x27;]&amp;quot;) : Message: \nStacktrace:\n\tGetHandleVerifier [0x00007FF72472EEB2+31554]\n\t(No symbol) [0x00007FF7246A7EE9]\n\t(No symbol) [0x00007FF72456872A]\n\t(No symbol) [0x00007FF7245B8434]\n\t(No symbol) [0x00007FF7245B853C]\n\t(No symbol) [0x00007FF7245FF6A7]\n\t(No symbol) [0x00007FF7245DD06F]\n\t(No symbol) [0x00007FF7245FC977]\n\t(No symbol) [0x00007FF7245DCDD3]\n\t(No symbol) [0x00007FF7245AA33B]\n\t(No symbol) [0x00007FF7245AAED1]\n\tGetHandleVerifier [0x00007FF724A38B2D+3217341]\n\tGetHandleVerifier [0x00007FF724A85AF3+3532675]\n\tGetHandleVerifier [0x00007FF724A7B0F0+3489152]\n\tGetHandleVerifier [0x00007FF7247DE786+750614]\n\t(No symbol) [0x00007FF7246B376F]\n\t(No symbol) [0x00007FF7246AEB24]\n\t(No symbol) [0x00007FF7246AECB2]\n\t(No symbol) [0x00007FF72469E17F]\n\tBaseThreadInitThunk [0x00007FFAECF97374+20]\n\tRtlUserThreadStart [0x00007FFAEEA9CC91+33]\n\nElement: (&amp;#x27;css selector&amp;#x27;, &amp;quot;input[name=&amp;#x27;password&amp;#x27;]&amp;quot;) : Message: \nStacktrace:\n\tGetHandleVerifier [0x00007FF72472EEB2+31554]\n\t(No symbol) [0x00007FF7246A7EE9]\n\t(No symbol) [0x00007FF72456872A]\n\t(No symbol) [0x00007FF7245B8434]\n\t(No symbol) [0x00007FF7245B853C]\n\t(No symbol) [0x00007FF7245FF6A7]\n\t(No symbol) [0x00007FF7245DD06F]\n\t(No symbol) [0x00007FF7245FC977]\n\t(No symbol) [0x00007FF7245DCDD3]\n\t(No symbol) [0x00007FF7245AA33B]\n\t(No symbol) [0x00007FF7245AAED1]\n\tGetHandleVerifier [0x00007FF724A38B2D+3217341]\n\tGetHandleVerifier [0x00007FF724A85AF3+3532675]\n\tGetHandleVerifier [0x00007FF724A7B0F0+3489152]\n\tGetHandleVerifier [0x00007FF7247DE786+750614]\n\t(No symbol) [0x00007FF7246B376F]\n\t(No symbol) [0x00007FF7246AEB24]\n\t(No symbol) [0x00007FF7246AECB2]\n\t(No symbol) [0x00007FF72469E17F]\n\tBaseThreadInitThunk [0x00007FFAECF97374+20]\n\tRtlUserThreadStart [0x00007FFAEEA9CC91+33]\n\n&#34;}], &#34;test_cases/test_appendix_overview_page.py::Test_Appendix_Overview::test_verify_cancel_edit_chapter&#34;: [{&#34;extras&#34;: [], &#34;result&#34;: &#34;Error&#34;, &#34;testId&#34;: &#34;test_cases/test_appendix_overview_page.py::Test_Appendix_Overview::test_verify_cancel_edit_chapter::setup&#34;, &#34;duration&#34;: &#34;2 ms&#34;, &#34;resultsTableRow&#34;: [&#34;&lt;td class=\&#34;col-result\&#34;&gt;Error&lt;/td&gt;&#34;, &#34;&lt;td class=\&#34;col-testId\&#34;&gt;test_cases/test_appendix_overview_page.py::Test_Appendix_Overview::test_verify_cancel_edit_chapter::setup&lt;/td&gt;&#34;, &#34;&lt;td class=\&#34;col-duration\&#34;&gt;2 ms&lt;/td&gt;&#34;, &#34;&lt;td class=\&#34;col-links\&#34;&gt;&lt;/td&gt;&#34;], &#34;log&#34;: &#34;self = &amp;lt;test_cases.test_appendix_overview_page.Test_Appendix_Overview object at 0x0000021FCCD99490&amp;gt;\nlaunch_browser = &amp;lt;selenium.webdriver.chrome.webdriver.WebDriver (session=&amp;quot;fb69ad13faa89f5a87fb8c936b6e5569&amp;quot;)&amp;gt;\n\n    @allure.title(\n        &amp;quot;Fixture (Class Level): Setup WebDriver,Baseclass Objects and TearDown Delete all cookies&amp;quot;\n    )\n    @pytest.fixture(scope=&amp;quot;class&amp;quot;, autouse=True)\n    def before_class(self, launch_browser):\n        with allure.step(&amp;quot;Asign objects&amp;quot;):\n            Test_Base.driver = launch_browser\n            Test_Base.baseclass = Baseclass(self.driver, conftest.webdriver_wait)\n            Test_Base.loginpage = Login_Page(self.baseclass)\n        with allure.step(&amp;quot;Run Login Action before test class&amp;quot;):\n            if self.__class__.__name__ != &amp;quot;Test_Login_Page&amp;quot;:\n&amp;gt;               self.loginpage.login(&amp;quot;ct-super-admin-test@iccsafe.org&amp;quot;, &amp;quot;Password5&amp;quot;)\n\ntest_cases\\test_base.py:39: \n_ _ _ _ _ _ _ _ _ _ _ _ _ _ _ _ _ _ _ _ _ _ _ _ _ _ _ _ _ _ _ _ _ _ _ _ _ _ _ _ _ _ _ _ _ _ _ _ _ _ _ _ _ _ _ _ _ _ _ _ _ _ _ _ _ _ _ _ _ _ _ _ _ _ _ _ _ _ _ _ _ _ _ _ _ _ _ _ _ _ _\npage_objects\\login_page.py:31: in login\n    self.baseclass.click_javascript_executor(self.login_button)\nuitility\\baseclass.py:85: in click_javascript_executor\n    element = self.wait.until(EC.visibility_of_element_located(locator))\n_ _ _ _ _ _ _ _ _ _ _ _ _ _ _ _ _ _ _ _ _ _ _ _ _ _ _ _ _ _ _ _ _ _ _ _ _ _ _ _ _ _ _ _ _ _ _ _ _ _ _ _ _ _ _ _ _ _ _ _ _ _ _ _ _ _ _ _ _ _ _ _ _ _ _ _ _ _ _ _ _ _ _ _ _ _ _ _ _ _ _\n\nself = &amp;lt;selenium.webdriver.support.wait.WebDriverWait (session=&amp;quot;fb69ad13faa89f5a87fb8c936b6e5569&amp;quot;)&amp;gt;\nmethod = &amp;lt;function visibility_of_element_located.&amp;lt;locals&amp;gt;._predicate at 0x0000021FCCED2F20&amp;gt;, message = &amp;#x27;&amp;#x27;\n\n    def until(self, method: Callable[[D], Union[Literal[False], T]], message: str = &amp;quot;&amp;quot;) -&amp;gt; T:\n        &amp;quot;&amp;quot;&amp;quot;Calls the method provided with the driver as an argument until the \\\n        return value does not evaluate to ``False``.\n    \n        :param method: callable(WebDriver)\n        :param message: optional message for :exc:`TimeoutException`\n        :returns: the result of the last call to `method`\n        :raises: :exc:`selenium.common.exceptions.TimeoutException` if timeout occurs\n        &amp;quot;&amp;quot;&amp;quot;\n        screen = None\n        stacktrace = None\n    \n        end_time = time.monotonic() + self._timeout\n        while True:\n            try:\n                value = method(self._driver)\n                if value:\n                    return value\n            except self._ignored_exceptions as exc:\n                screen = getattr(exc, &amp;quot;screen&amp;quot;, None)\n                stacktrace = getattr(exc, &amp;quot;stacktrace&amp;quot;, None)\n            time.sleep(self._poll)\n            if time.monotonic() &amp;gt; end_time:\n                break\n&amp;gt;       raise TimeoutException(message, screen, stacktrace)\nE       selenium.common.exceptions.TimeoutException: Message: \nE       Stacktrace:\nE       \tGetHandleVerifier [0x00007FF72472EEB2+31554]\nE       \t(No symbol) [0x00007FF7246A7EE9]\nE       \t(No symbol) [0x00007FF72456872A]\nE       \t(No symbol) [0x00007FF7245B8434]\nE       \t(No symbol) [0x00007FF7245B853C]\nE       \t(No symbol) [0x00007FF7245FF6A7]\nE       \t(No symbol) [0x00007FF7245DD06F]\nE       \t(No symbol) [0x00007FF7245FC977]\nE       \t(No symbol) [0x00007FF7245DCDD3]\nE       \t(No symbol) [0x00007FF7245AA33B]\nE       \t(No symbol) [0x00007FF7245AAED1]\nE       \tGetHandleVerifier [0x00007FF724A38B2D+3217341]\nE       \tGetHandleVerifier [0x00007FF724A85AF3+3532675]\nE       \tGetHandleVerifier [0x00007FF724A7B0F0+3489152]\nE       \tGetHandleVerifier [0x00007FF7247DE786+750614]\nE       \t(No symbol) [0x00007FF7246B376F]\nE       \t(No symbol) [0x00007FF7246AEB24]\nE       \t(No symbol) [0x00007FF7246AECB2]\nE       \t(No symbol) [0x00007FF72469E17F]\nE       \tBaseThreadInitThunk [0x00007FFAECF97374+20]\nE       \tRtlUserThreadStart [0x00007FFAEEA9CC91+33]\n\nvenv\\Lib\\site-packages\\selenium\\webdriver\\support\\wait.py:105: TimeoutException\n&#34;}], &#34;test_cases/test_appendix_overview_page.py::Test_Appendix_Overview::test_verify_edit_appendix_title_content&#34;: [{&#34;extras&#34;: [], &#34;result&#34;: &#34;Error&#34;, &#34;testId&#34;: &#34;test_cases/test_appendix_overview_page.py::Test_Appendix_Overview::test_verify_edit_appendix_title_content::setup&#34;, &#34;duration&#34;: &#34;1 ms&#34;, &#34;resultsTableRow&#34;: [&#34;&lt;td class=\&#34;col-result\&#34;&gt;Error&lt;/td&gt;&#34;, &#34;&lt;td class=\&#34;col-testId\&#34;&gt;test_cases/test_appendix_overview_page.py::Test_Appendix_Overview::test_verify_edit_appendix_title_content::setup&lt;/td&gt;&#34;, &#34;&lt;td class=\&#34;col-duration\&#34;&gt;1 ms&lt;/td&gt;&#34;, &#34;&lt;td class=\&#34;col-links\&#34;&gt;&lt;/td&gt;&#34;], &#34;log&#34;: &#34;self = &amp;lt;test_cases.test_appendix_overview_page.Test_Appendix_Overview object at 0x0000021FCCD99490&amp;gt;\nlaunch_browser = &amp;lt;selenium.webdriver.chrome.webdriver.WebDriver (session=&amp;quot;fb69ad13faa89f5a87fb8c936b6e5569&amp;quot;)&amp;gt;\n\n    @allure.title(\n        &amp;quot;Fixture (Class Level): Setup WebDriver,Baseclass Objects and TearDown Delete all cookies&amp;quot;\n    )\n    @pytest.fixture(scope=&amp;quot;class&amp;quot;, autouse=True)\n    def before_class(self, launch_browser):\n        with allure.step(&amp;quot;Asign objects&amp;quot;):\n            Test_Base.driver = launch_browser\n            Test_Base.baseclass = Baseclass(self.driver, conftest.webdriver_wait)\n            Test_Base.loginpage = Login_Page(self.baseclass)\n        with allure.step(&amp;quot;Run Login Action before test class&amp;quot;):\n            if self.__class__.__name__ != &amp;quot;Test_Login_Page&amp;quot;:\n&amp;gt;               self.loginpage.login(&amp;quot;ct-super-admin-test@iccsafe.org&amp;quot;, &amp;quot;Password5&amp;quot;)\n\ntest_cases\\test_base.py:39: \n_ _ _ _ _ _ _ _ _ _ _ _ _ _ _ _ _ _ _ _ _ _ _ _ _ _ _ _ _ _ _ _ _ _ _ _ _ _ _ _ _ _ _ _ _ _ _ _ _ _ _ _ _ _ _ _ _ _ _ _ _ _ _ _ _ _ _ _ _ _ _ _ _ _ _ _ _ _ _ _ _ _ _ _ _ _ _ _ _ _ _\npage_objects\\login_page.py:31: in login\n    self.baseclass.click_javascript_executor(self.login_button)\nuitility\\baseclass.py:85: in click_javascript_executor\n    element = self.wait.until(EC.visibility_of_element_located(locator))\n_ _ _ _ _ _ _ _ _ _ _ _ _ _ _ _ _ _ _ _ _ _ _ _ _ _ _ _ _ _ _ _ _ _ _ _ _ _ _ _ _ _ _ _ _ _ _ _ _ _ _ _ _ _ _ _ _ _ _ _ _ _ _ _ _ _ _ _ _ _ _ _ _ _ _ _ _ _ _ _ _ _ _ _ _ _ _ _ _ _ _\n\nself = &amp;lt;selenium.webdriver.support.wait.WebDriverWait (session=&amp;quot;fb69ad13faa89f5a87fb8c936b6e5569&amp;quot;)&amp;gt;\nmethod = &amp;lt;function visibility_of_element_located.&amp;lt;locals&amp;gt;._predicate at 0x0000021FCCED2F20&amp;gt;, message = &amp;#x27;&amp;#x27;\n\n    def until(self, method: Callable[[D], Union[Literal[False], T]], message: str = &amp;quot;&amp;quot;) -&amp;gt; T:\n        &amp;quot;&amp;quot;&amp;quot;Calls the method provided with the driver as an argument until the \\\n        return value does not evaluate to ``False``.\n    \n        :param method: callable(WebDriver)\n        :param message: optional message for :exc:`TimeoutException`\n        :returns: the result of the last call to `method`\n        :raises: :exc:`selenium.common.exceptions.TimeoutException` if timeout occurs\n        &amp;quot;&amp;quot;&amp;quot;\n        screen = None\n        stacktrace = None\n    \n        end_time = time.monotonic() + self._timeout\n        while True:\n            try:\n                value = method(self._driver)\n                if value:\n                    return value\n            except self._ignored_exceptions as exc:\n                screen = getattr(exc, &amp;quot;screen&amp;quot;, None)\n                stacktrace = getattr(exc, &amp;quot;stacktrace&amp;quot;, None)\n            time.sleep(self._poll)\n            if time.monotonic() &amp;gt; end_time:\n                break\n&amp;gt;       raise TimeoutException(message, screen, stacktrace)\nE       selenium.common.exceptions.TimeoutException: Message: \nE       Stacktrace:\nE       \tGetHandleVerifier [0x00007FF72472EEB2+31554]\nE       \t(No symbol) [0x00007FF7246A7EE9]\nE       \t(No symbol) [0x00007FF72456872A]\nE       \t(No symbol) [0x00007FF7245B8434]\nE       \t(No symbol) [0x00007FF7245B853C]\nE       \t(No symbol) [0x00007FF7245FF6A7]\nE       \t(No symbol) [0x00007FF7245DD06F]\nE       \t(No symbol) [0x00007FF7245FC977]\nE       \t(No symbol) [0x00007FF7245DCDD3]\nE       \t(No symbol) [0x00007FF7245AA33B]\nE       \t(No symbol) [0x00007FF7245AAED1]\nE       \tGetHandleVerifier [0x00007FF724A38B2D+3217341]\nE       \tGetHandleVerifier [0x00007FF724A85AF3+3532675]\nE       \tGetHandleVerifier [0x00007FF724A7B0F0+3489152]\nE       \tGetHandleVerifier [0x00007FF7247DE786+750614]\nE       \t(No symbol) [0x00007FF7246B376F]\nE       \t(No symbol) [0x00007FF7246AEB24]\nE       \t(No symbol) [0x00007FF7246AECB2]\nE       \t(No symbol) [0x00007FF72469E17F]\nE       \tBaseThreadInitThunk [0x00007FFAECF97374+20]\nE       \tRtlUserThreadStart [0x00007FFAEEA9CC91+33]\n\nvenv\\Lib\\site-packages\\selenium\\webdriver\\support\\wait.py:105: TimeoutException\n&#34;}], &#34;test_cases/test_appendix_overview_page.py::Test_Appendix_Overview::test_verify_add_new_appendix&#34;: [{&#34;extras&#34;: [], &#34;result&#34;: &#34;Error&#34;, &#34;testId&#34;: &#34;test_cases/test_appendix_overview_page.py::Test_Appendix_Overview::test_verify_add_new_appendix::setup&#34;, &#34;duration&#34;: &#34;1 ms&#34;, &#34;resultsTableRow&#34;: [&#34;&lt;td class=\&#34;col-result\&#34;&gt;Error&lt;/td&gt;&#34;, &#34;&lt;td class=\&#34;col-testId\&#34;&gt;test_cases/test_appendix_overview_page.py::Test_Appendix_Overview::test_verify_add_new_appendix::setup&lt;/td&gt;&#34;, &#34;&lt;td class=\&#34;col-duration\&#34;&gt;1 ms&lt;/td&gt;&#34;, &#34;&lt;td class=\&#34;col-links\&#34;&gt;&lt;/td&gt;&#34;], &#34;log&#34;: &#34;self = &amp;lt;test_cases.test_appendix_overview_page.Test_Appendix_Overview object at 0x0000021FCCD99490&amp;gt;\nlaunch_browser = &amp;lt;selenium.webdriver.chrome.webdriver.WebDriver (session=&amp;quot;fb69ad13faa89f5a87fb8c936b6e5569&amp;quot;)&amp;gt;\n\n    @allure.title(\n        &amp;quot;Fixture (Class Level): Setup WebDriver,Baseclass Objects and TearDown Delete all cookies&amp;quot;\n    )\n    @pytest.fixture(scope=&amp;quot;class&amp;quot;, autouse=True)\n    def before_class(self, launch_browser):\n        with allure.step(&amp;quot;Asign objects&amp;quot;):\n            Test_Base.driver = launch_browser\n            Test_Base.baseclass = Baseclass(self.driver, conftest.webdriver_wait)\n            Test_Base.loginpage = Login_Page(self.baseclass)\n        with allure.step(&amp;quot;Run Login Action before test class&amp;quot;):\n            if self.__class__.__name__ != &amp;quot;Test_Login_Page&amp;quot;:\n&amp;gt;               self.loginpage.login(&amp;quot;ct-super-admin-test@iccsafe.org&amp;quot;, &amp;quot;Password5&amp;quot;)\n\ntest_cases\\test_base.py:39: \n_ _ _ _ _ _ _ _ _ _ _ _ _ _ _ _ _ _ _ _ _ _ _ _ _ _ _ _ _ _ _ _ _ _ _ _ _ _ _ _ _ _ _ _ _ _ _ _ _ _ _ _ _ _ _ _ _ _ _ _ _ _ _ _ _ _ _ _ _ _ _ _ _ _ _ _ _ _ _ _ _ _ _ _ _ _ _ _ _ _ _\npage_objects\\login_page.py:31: in login\n    self.baseclass.click_javascript_executor(self.login_button)\nuitility\\baseclass.py:85: in click_javascript_executor\n    element = self.wait.until(EC.visibility_of_element_located(locator))\n_ _ _ _ _ _ _ _ _ _ _ _ _ _ _ _ _ _ _ _ _ _ _ _ _ _ _ _ _ _ _ _ _ _ _ _ _ _ _ _ _ _ _ _ _ _ _ _ _ _ _ _ _ _ _ _ _ _ _ _ _ _ _ _ _ _ _ _ _ _ _ _ _ _ _ _ _ _ _ _ _ _ _ _ _ _ _ _ _ _ _\n\nself = &amp;lt;selenium.webdriver.support.wait.WebDriverWait (session=&amp;quot;fb69ad13faa89f5a87fb8c936b6e5569&amp;quot;)&amp;gt;\nmethod = &amp;lt;function visibility_of_element_located.&amp;lt;locals&amp;gt;._predicate at 0x0000021FCCED2F20&amp;gt;, message = &amp;#x27;&amp;#x27;\n\n    def until(self, method: Callable[[D], Union[Literal[False], T]], message: str = &amp;quot;&amp;quot;) -&amp;gt; T:\n        &amp;quot;&amp;quot;&amp;quot;Calls the method provided with the driver as an argument until the \\\n        return value does not evaluate to ``False``.\n    \n        :param method: callable(WebDriver)\n        :param message: optional message for :exc:`TimeoutException`\n        :returns: the result of the last call to `method`\n        :raises: :exc:`selenium.common.exceptions.TimeoutException` if timeout occurs\n        &amp;quot;&amp;quot;&amp;quot;\n        screen = None\n        stacktrace = None\n    \n        end_time = time.monotonic() + self._timeout\n        while True:\n            try:\n                value = method(self._driver)\n                if value:\n                    return value\n            except self._ignored_exceptions as exc:\n                screen = getattr(exc, &amp;quot;screen&amp;quot;, None)\n                stacktrace = getattr(exc, &amp;quot;stacktrace&amp;quot;, None)\n            time.sleep(self._poll)\n            if time.monotonic() &amp;gt; end_time:\n                break\n&amp;gt;       raise TimeoutException(message, screen, stacktrace)\nE       selenium.common.exceptions.TimeoutException: Message: \nE       Stacktrace:\nE       \tGetHandleVerifier [0x00007FF72472EEB2+31554]\nE       \t(No symbol) [0x00007FF7246A7EE9]\nE       \t(No symbol) [0x00007FF72456872A]\nE       \t(No symbol) [0x00007FF7245B8434]\nE       \t(No symbol) [0x00007FF7245B853C]\nE       \t(No symbol) [0x00007FF7245FF6A7]\nE       \t(No symbol) [0x00007FF7245DD06F]\nE       \t(No symbol) [0x00007FF7245FC977]\nE       \t(No symbol) [0x00007FF7245DCDD3]\nE       \t(No symbol) [0x00007FF7245AA33B]\nE       \t(No symbol) [0x00007FF7245AAED1]\nE       \tGetHandleVerifier [0x00007FF724A38B2D+3217341]\nE       \tGetHandleVerifier [0x00007FF724A85AF3+3532675]\nE       \tGetHandleVerifier [0x00007FF724A7B0F0+3489152]\nE       \tGetHandleVerifier [0x00007FF7247DE786+750614]\nE       \t(No symbol) [0x00007FF7246B376F]\nE       \t(No symbol) [0x00007FF7246AEB24]\nE       \t(No symbol) [0x00007FF7246AECB2]\nE       \t(No symbol) [0x00007FF72469E17F]\nE       \tBaseThreadInitThunk [0x00007FFAECF97374+20]\nE       \tRtlUserThreadStart [0x00007FFAEEA9CC91+33]\n\nvenv\\Lib\\site-packages\\selenium\\webdriver\\support\\wait.py:105: TimeoutException\n&#34;}], &#34;test_cases/test_appendix_overview_page.py::Test_Appendix_Overview::test_verify_add_new_appendix_section&#34;: [{&#34;extras&#34;: [], &#34;result&#34;: &#34;Skipped&#34;, &#34;testId&#34;: &#34;test_cases/test_appendix_overview_page.py::Test_Appendix_Overview::test_verify_add_new_appendix_section::setup&#34;, &#34;duration&#34;: &#34;1 ms&#34;, &#34;resultsTableRow&#34;: [&#34;&lt;td class=\&#34;col-result\&#34;&gt;Skipped&lt;/td&gt;&#34;, &#34;&lt;td class=\&#34;col-testId\&#34;&gt;test_cases/test_appendix_overview_page.py::Test_Appendix_Overview::test_verify_add_new_appendix_section::setup&lt;/td&gt;&#34;, &#34;&lt;td class=\&#34;col-duration\&#34;&gt;1 ms&lt;/td&gt;&#34;, &#34;&lt;td class=\&#34;col-links\&#34;&gt;&lt;/td&gt;&#34;], &#34;log&#34;: &#34;(&amp;#x27;D:\\\\python program\\\\ICC-Shop\\\\venv\\\\Lib\\\\site-packages\\\\pytest_dependency.py&amp;#x27;, 101, &amp;#x27;Skipped: test_verify_add_new_appendix_section depends on test_verify_add_new_appendix&amp;#x27;)\n&#34;}], &#34;test_cases/test_appendix_overview_page.py::Test_Appendix_Overview::test_verify_add_new_appendix_sub_section&#34;: [{&#34;extras&#34;: [], &#34;result&#34;: &#34;Skipped&#34;, &#34;testId&#34;: &#34;test_cases/test_appendix_overview_page.py::Test_Appendix_Overview::test_verify_add_new_appendix_sub_section::setup&#34;, &#34;duration&#34;: &#34;1 ms&#34;, &#34;resultsTableRow&#34;: [&#34;&lt;td class=\&#34;col-result\&#34;&gt;Skipped&lt;/td&gt;&#34;, &#34;&lt;td class=\&#34;col-testId\&#34;&gt;test_cases/test_appendix_overview_page.py::Test_Appendix_Overview::test_verify_add_new_appendix_sub_section::setup&lt;/td&gt;&#34;, &#34;&lt;td class=\&#34;col-duration\&#34;&gt;1 ms&lt;/td&gt;&#34;, &#34;&lt;td class=\&#34;col-links\&#34;&gt;&lt;/td&gt;&#34;], &#34;log&#34;: &#34;(&amp;#x27;D:\\\\python program\\\\ICC-Shop\\\\venv\\\\Lib\\\\site-packages\\\\pytest_dependency.py&amp;#x27;, 101, &amp;#x27;Skipped: test_verify_add_new_appendix_sub_section depends on test_verify_add_new_appendix_section&amp;#x27;)\n&#34;}], &#34;test_cases/test_appendix_overview_page.py::Test_Appendix_Overview::test_verify_add_figure_at_appendix[Section-Automation Appendix Section Figure-Fig Alt section]&#34;: [{&#34;extras&#34;: [], &#34;result&#34;: &#34;Skipped&#34;, &#34;testId&#34;: &#34;test_cases/test_appendix_overview_page.py::Test_Appendix_Overview::test_verify_add_figure_at_appendix[Section-Automation Appendix Section Figure-Fig Alt section]::setup&#34;, &#34;duration&#34;: &#34;5 ms&#34;, &#34;resultsTableRow&#34;: [&#34;&lt;td class=\&#34;col-result\&#34;&gt;Skipped&lt;/td&gt;&#34;, &#34;&lt;td class=\&#34;col-testId\&#34;&gt;test_cases/test_appendix_overview_page.py::Test_Appendix_Overview::test_verify_add_figure_at_appendix[Section-Automation Appendix Section Figure-Fig Alt section]::setup&lt;/td&gt;&#34;, &#34;&lt;td class=\&#34;col-duration\&#34;&gt;5 ms&lt;/td&gt;&#34;, &#34;&lt;td class=\&#34;col-links\&#34;&gt;&lt;/td&gt;&#34;], &#34;log&#34;: &#34;(&amp;#x27;D:\\\\python program\\\\ICC-Shop\\\\venv\\\\Lib\\\\site-packages\\\\pytest_dependency.py&amp;#x27;, 101, &amp;#x27;Skipped: test_verify_add_figure_at_appendix[Section-Automation Appendix Section Figure-Fig Alt section] depends on test_verify_add_new_appendix_section&amp;#x27;)\n&#34;}], &#34;test_cases/test_appendix_overview_page.py::Test_Appendix_Overview::test_verify_add_figure_at_appendix[Sub-Section-Automation Appendix Sub Section Figure-Fig Alt sub section]&#34;: [{&#34;extras&#34;: [], &#34;result&#34;: &#34;Skipped&#34;, &#34;testId&#34;: &#34;test_cases/test_appendix_overview_page.py::Test_Appendix_Overview::test_verify_add_figure_at_appendix[Sub-Section-Automation Appendix Sub Section Figure-Fig Alt sub section]::setup&#34;, &#34;duration&#34;: &#34;2 ms&#34;, &#34;resultsTableRow&#34;: [&#34;&lt;td class=\&#34;col-result\&#34;&gt;Skipped&lt;/td&gt;&#34;, &#34;&lt;td class=\&#34;col-testId\&#34;&gt;test_cases/test_appendix_overview_page.py::Test_Appendix_Overview::test_verify_add_figure_at_appendix[Sub-Section-Automation Appendix Sub Section Figure-Fig Alt sub section]::setup&lt;/td&gt;&#34;, &#34;&lt;td class=\&#34;col-duration\&#34;&gt;2 ms&lt;/td&gt;&#34;, &#34;&lt;td class=\&#34;col-links\&#34;&gt;&lt;/td&gt;&#34;], &#34;log&#34;: &#34;(&amp;#x27;D:\\\\python program\\\\ICC-Shop\\\\venv\\\\Lib\\\\site-packages\\\\pytest_dependency.py&amp;#x27;, 101, &amp;#x27;Skipped: test_verify_add_figure_at_appendix[Sub-Section-Automation Appendix Sub Section Figure-Fig Alt sub section] depends on test_verify_add_new_appendix_section&amp;#x27;)\n&#34;}], &#34;test_cases/test_appendix_overview_page.py::Test_Appendix_Overview::test_verify_cancel_edit_appendix_figure[Automation Appendix Section Figure]&#34;: [{&#34;extras&#34;: [], &#34;result&#34;: &#34;Skipped&#34;, &#34;testId&#34;: &#34;test_cases/test_appendix_overview_page.py::Test_Appendix_Overview::test_verify_cancel_edit_appendix_figure[Automation Appendix Section Figure]::setup&#34;, &#34;duration&#34;: &#34;1 ms&#34;, &#34;resultsTableRow&#34;: [&#34;&lt;td class=\&#34;col-result\&#34;&gt;Skipped&lt;/td&gt;&#34;, &#34;&lt;td class=\&#34;col-testId\&#34;&gt;test_cases/test_appendix_overview_page.py::Test_Appendix_Overview::test_verify_cancel_edit_appendix_figure[Automation Appendix Section Figure]::setup&lt;/td&gt;&#34;, &#34;&lt;td class=\&#34;col-duration\&#34;&gt;1 ms&lt;/td&gt;&#34;, &#34;&lt;td class=\&#34;col-links\&#34;&gt;&lt;/td&gt;&#34;], &#34;log&#34;: &#34;(&amp;#x27;D:\\\\python program\\\\ICC-Shop\\\\venv\\\\Lib\\\\site-packages\\\\pytest_dependency.py&amp;#x27;, 101, &amp;#x27;Skipped: test_verify_cancel_edit_appendix_figure[Automation Appendix Section Figure] depends on test_verify_add_figure_at_appendix&amp;#x27;)\n&#34;}], &#34;test_cases/test_appendix_overview_page.py::Test_Appendix_Overview::test_verify_cancel_edit_appendix_figure[Automation Appendix Sub Section Figure]&#34;: [{&#34;extras&#34;: [], &#34;result&#34;: &#34;Skipped&#34;, &#34;testId&#34;: &#34;test_cases/test_appendix_overview_page.py::Test_Appendix_Overview::test_verify_cancel_edit_appendix_figure[Automation Appendix Sub Section Figure]::setup&#34;, &#34;duration&#34;: &#34;1 ms&#34;, &#34;resultsTableRow&#34;: [&#34;&lt;td class=\&#34;col-result\&#34;&gt;Skipped&lt;/td&gt;&#34;, &#34;&lt;td class=\&#34;col-testId\&#34;&gt;test_cases/test_appendix_overview_page.py::Test_Appendix_Overview::test_verify_cancel_edit_appendix_figure[Automation Appendix Sub Section Figure]::setup&lt;/td&gt;&#34;, &#34;&lt;td class=\&#34;col-duration\&#34;&gt;1 ms&lt;/td&gt;&#34;, &#34;&lt;td class=\&#34;col-links\&#34;&gt;&lt;/td&gt;&#34;], &#34;log&#34;: &#34;(&amp;#x27;D:\\\\python program\\\\ICC-Shop\\\\venv\\\\Lib\\\\site-packages\\\\pytest_dependency.py&amp;#x27;, 101, &amp;#x27;Skipped: test_verify_cancel_edit_appendix_figure[Automation Appendix Sub Section Figure] depends on test_verify_add_figure_at_appendix&amp;#x27;)\n&#34;}], &#34;test_cases/test_appendix_overview_page.py::Test_Appendix_Overview::test_verify_delete_figure_at_appendix[Automation Appendix Section Figure]&#34;: [{&#34;extras&#34;: [], &#34;result&#34;: &#34;Skipped&#34;, &#34;testId&#34;: &#34;test_cases/test_appendix_overview_page.py::Test_Appendix_Overview::test_verify_delete_figure_at_appendix[Automation Appendix Section Figure]::setup&#34;, &#34;duration&#34;: &#34;3 ms&#34;, &#34;resultsTableRow&#34;: [&#34;&lt;td class=\&#34;col-result\&#34;&gt;Skipped&lt;/td&gt;&#34;, &#34;&lt;td class=\&#34;col-testId\&#34;&gt;test_cases/test_appendix_overview_page.py::Test_Appendix_Overview::test_verify_delete_figure_at_appendix[Automation Appendix Section Figure]::setup&lt;/td&gt;&#34;, &#34;&lt;td class=\&#34;col-duration\&#34;&gt;3 ms&lt;/td&gt;&#34;, &#34;&lt;td class=\&#34;col-links\&#34;&gt;&lt;/td&gt;&#34;], &#34;log&#34;: &#34;(&amp;#x27;D:\\\\python program\\\\ICC-Shop\\\\venv\\\\Lib\\\\site-packages\\\\pytest_dependency.py&amp;#x27;, 101, &amp;#x27;Skipped: test_verify_delete_figure_at_appendix[Automation Appendix Section Figure] depends on test_verify_add_figure_at_appendix&amp;#x27;)\n&#34;}], &#34;test_cases/test_appendix_overview_page.py::Test_Appendix_Overview::test_verify_delete_figure_at_appendix[Automation Appendix Sub Section Figure]&#34;: [{&#34;extras&#34;: [], &#34;result&#34;: &#34;Skipped&#34;, &#34;testId&#34;: &#34;test_cases/test_appendix_overview_page.py::Test_Appendix_Overview::test_verify_delete_figure_at_appendix[Automation Appendix Sub Section Figure]::setup&#34;, &#34;duration&#34;: &#34;1 ms&#34;, &#34;resultsTableRow&#34;: [&#34;&lt;td class=\&#34;col-result\&#34;&gt;Skipped&lt;/td&gt;&#34;, &#34;&lt;td class=\&#34;col-testId\&#34;&gt;test_cases/test_appendix_overview_page.py::Test_Appendix_Overview::test_verify_delete_figure_at_appendix[Automation Appendix Sub Section Figure]::setup&lt;/td&gt;&#34;, &#34;&lt;td class=\&#34;col-duration\&#34;&gt;1 ms&lt;/td&gt;&#34;, &#34;&lt;td class=\&#34;col-links\&#34;&gt;&lt;/td&gt;&#34;], &#34;log&#34;: &#34;(&amp;#x27;D:\\\\python program\\\\ICC-Shop\\\\venv\\\\Lib\\\\site-packages\\\\pytest_dependency.py&amp;#x27;, 101, &amp;#x27;Skipped: test_verify_delete_figure_at_appendix[Automation Appendix Sub Section Figure] depends on test_verify_add_figure_at_appendix&amp;#x27;)\n&#34;}], &#34;test_cases/test_appendix_overview_page.py::Test_Appendix_Overview::test_verify_delete_appendix_sub_section&#34;: [{&#34;extras&#34;: [], &#34;result&#34;: &#34;Skipped&#34;, &#34;testId&#34;: &#34;test_cases/test_appendix_overview_page.py::Test_Appendix_Overview::test_verify_delete_appendix_sub_section::setup&#34;, &#34;duration&#34;: &#34;1 ms&#34;, &#34;resultsTableRow&#34;: [&#34;&lt;td class=\&#34;col-result\&#34;&gt;Skipped&lt;/td&gt;&#34;, &#34;&lt;td class=\&#34;col-testId\&#34;&gt;test_cases/test_appendix_overview_page.py::Test_Appendix_Overview::test_verify_delete_appendix_sub_section::setup&lt;/td&gt;&#34;, &#34;&lt;td class=\&#34;col-duration\&#34;&gt;1 ms&lt;/td&gt;&#34;, &#34;&lt;td class=\&#34;col-links\&#34;&gt;&lt;/td&gt;&#34;], &#34;log&#34;: &#34;(&amp;#x27;D:\\\\python program\\\\ICC-Shop\\\\venv\\\\Lib\\\\site-packages\\\\pytest_dependency.py&amp;#x27;, 101, &amp;#x27;Skipped: test_verify_delete_appendix_sub_section depends on test_verify_add_new_appendix_sub_section&amp;#x27;)\n&#34;}], &#34;test_cases/test_appendix_overview_page.py::Test_Appendix_Overview::test_verify_delete_appendix_section&#34;: [{&#34;extras&#34;: [], &#34;result&#34;: &#34;Skipped&#34;, &#34;testId&#34;: &#34;test_cases/test_appendix_overview_page.py::Test_Appendix_Overview::test_verify_delete_appendix_section::setup&#34;, &#34;duration&#34;: &#34;1 ms&#34;, &#34;resultsTableRow&#34;: [&#34;&lt;td class=\&#34;col-result\&#34;&gt;Skipped&lt;/td&gt;&#34;, &#34;&lt;td class=\&#34;col-testId\&#34;&gt;test_cases/test_appendix_overview_page.py::Test_Appendix_Overview::test_verify_delete_appendix_section::setup&lt;/td&gt;&#34;, &#34;&lt;td class=\&#34;col-duration\&#34;&gt;1 ms&lt;/td&gt;&#34;, &#34;&lt;td class=\&#34;col-links\&#34;&gt;&lt;/td&gt;&#34;], &#34;log&#34;: &#34;(&amp;#x27;D:\\\\python program\\\\ICC-Shop\\\\venv\\\\Lib\\\\site-packages\\\\pytest_dependency.py&amp;#x27;, 101, &amp;#x27;Skipped: test_verify_delete_appendix_section depends on test_verify_add_new_appendix_section&amp;#x27;)\n&#34;}], &#34;test_cases/test_appendix_overview_page.py::Test_Appendix_Overview::test_verify_delete_appendix_chapter&#34;: [{&#34;extras&#34;: [], &#34;result&#34;: &#34;Skipped&#34;, &#34;testId&#34;: &#34;test_cases/test_appendix_overview_page.py::Test_Appendix_Overview::test_verify_delete_appendix_chapter::setup&#34;, &#34;duration&#34;: &#34;5 ms&#34;, &#34;resultsTableRow&#34;: [&#34;&lt;td class=\&#34;col-result\&#34;&gt;Skipped&lt;/td&gt;&#34;, &#34;&lt;td class=\&#34;col-testId\&#34;&gt;test_cases/test_appendix_overview_page.py::Test_Appendix_Overview::test_verify_delete_appendix_chapter::setup&lt;/td&gt;&#34;, &#34;&lt;td class=\&#34;col-duration\&#34;&gt;5 ms&lt;/td&gt;&#34;, &#34;&lt;td class=\&#34;col-links\&#34;&gt;&lt;/td&gt;&#34;], &#34;log&#34;: &#34;(&amp;#x27;D:\\\\python program\\\\ICC-Shop\\\\venv\\\\Lib\\\\site-packages\\\\pytest_dependency.py&amp;#x27;, 101, &amp;#x27;Skipped: test_verify_delete_appendix_chapter depends on test_verify_add_new_appendix&amp;#x27;)\n&#34;}]}, &#34;renderCollapsed&#34;: [&#34;passed&#34;], &#34;initialSort&#34;: &#34;result&#34;, &#34;title&#34;: &#34;\&#34;CCT-VUE\&#34;&#34;}"></div>
    <script>
      (function(){function r(e,n,t){function o(i,f){if(!n[i]){if(!e[i]){var c="function"==typeof require&&require;if(!f&&c)return c(i,!0);if(u)return u(i,!0);var a=new Error("Cannot find module '"+i+"'");throw a.code="MODULE_NOT_FOUND",a}var p=n[i]={exports:{}};e[i][0].call(p.exports,function(r){var n=e[i][1][r];return o(n||r)},p,p.exports,r,e,n,t)}return n[i].exports}for(var u="function"==typeof require&&require,i=0;i<t.length;i++)o(t[i]);return o}return r})()({1:[function(require,module,exports){
const { getCollapsedCategory, setCollapsedIds } = require('./storage.js')

class DataManager {
    setManager(data) {
        const collapsedCategories = [...getCollapsedCategory(data.renderCollapsed)]
        const collapsedIds = []
        const tests = Object.values(data.tests).flat().map((test, index) => {
            const collapsed = collapsedCategories.includes(test.result.toLowerCase())
            const id = `test_${index}`
            if (collapsed) {
                collapsedIds.push(id)
            }
            return {
                ...test,
                id,
                collapsed,
            }
        })
        const dataBlob = { ...data, tests }
        this.data = { ...dataBlob }
        this.renderData = { ...dataBlob }
        setCollapsedIds(collapsedIds)
    }

    get allData() {
        return { ...this.data }
    }

    resetRender() {
        this.renderData = { ...this.data }
    }

    setRender(data) {
        this.renderData.tests = [...data]
    }

    toggleCollapsedItem(id) {
        this.renderData.tests = this.renderData.tests.map((test) =>
            test.id === id ? { ...test, collapsed: !test.collapsed } : test,
        )
    }

    set allCollapsed(collapsed) {
        this.renderData = { ...this.renderData, tests: [...this.renderData.tests.map((test) => (
            { ...test, collapsed }
        ))] }
    }

    get testSubset() {
        return [...this.renderData.tests]
    }

    get environment() {
        return this.renderData.environment
    }

    get initialSort() {
        return this.data.initialSort
    }
}

module.exports = {
    manager: new DataManager(),
}

},{"./storage.js":8}],2:[function(require,module,exports){
const mediaViewer = require('./mediaviewer.js')
const templateEnvRow = document.getElementById('template_environment_row')
const templateResult = document.getElementById('template_results-table__tbody')

function htmlToElements(html) {
    const temp = document.createElement('template')
    temp.innerHTML = html
    return temp.content.childNodes
}

const find = (selector, elem) => {
    if (!elem) {
        elem = document
    }
    return elem.querySelector(selector)
}

const findAll = (selector, elem) => {
    if (!elem) {
        elem = document
    }
    return [...elem.querySelectorAll(selector)]
}

const dom = {
    getStaticRow: (key, value) => {
        const envRow = templateEnvRow.content.cloneNode(true)
        const isObj = typeof value === 'object' && value !== null
        const values = isObj ? Object.keys(value).map((k) => `${k}: ${value[k]}`) : null

        const valuesElement = htmlToElements(
            values ? `<ul>${values.map((val) => `<li>${val}</li>`).join('')}<ul>` : `<div>${value}</div>`)[0]
        const td = findAll('td', envRow)
        td[0].textContent = key
        td[1].appendChild(valuesElement)

        return envRow
    },
    getResultTBody: ({ testId, id, log, extras, resultsTableRow, tableHtml, result, collapsed }) => {
        const resultBody = templateResult.content.cloneNode(true)
        resultBody.querySelector('tbody').classList.add(result.toLowerCase())
        resultBody.querySelector('tbody').id = testId
        resultBody.querySelector('.collapsible').dataset.id = id

        resultsTableRow.forEach((html) => {
            const t = document.createElement('template')
            t.innerHTML = html
            resultBody.querySelector('.collapsible').appendChild(t.content)
        })

        if (log) {
            // Wrap lines starting with "E" with span.error to color those lines red
            const wrappedLog = log.replace(/^E.*$/gm, (match) => `<span class="error">${match}</span>`)
            resultBody.querySelector('.log').innerHTML = wrappedLog
        } else {
            resultBody.querySelector('.log').remove()
        }

        if (collapsed) {
            resultBody.querySelector('.collapsible > td')?.classList.add('collapsed')
            resultBody.querySelector('.extras-row').classList.add('hidden')
        } else {
            resultBody.querySelector('.collapsible > td')?.classList.remove('collapsed')
        }

        const media = []
        extras?.forEach(({ name, format_type, content }) => {
            if (['image', 'video'].includes(format_type)) {
                media.push({ path: content, name, format_type })
            }

            if (format_type === 'html') {
                resultBody.querySelector('.extraHTML').insertAdjacentHTML('beforeend', `<div>${content}</div>`)
            }
        })
        mediaViewer.setup(resultBody, media)

        // Add custom html from the pytest_html_results_table_html hook
        tableHtml?.forEach((item) => {
            resultBody.querySelector('td[class="extra"]').insertAdjacentHTML('beforeend', item)
        })

        return resultBody
    },
}

module.exports = {
    dom,
    htmlToElements,
    find,
    findAll,
}

},{"./mediaviewer.js":6}],3:[function(require,module,exports){
const { manager } = require('./datamanager.js')
const { doSort } = require('./sort.js')
const storageModule = require('./storage.js')

const getFilteredSubSet = (filter) =>
    manager.allData.tests.filter(({ result }) => filter.includes(result.toLowerCase()))

const doInitFilter = () => {
    const currentFilter = storageModule.getVisible()
    const filteredSubset = getFilteredSubSet(currentFilter)
    manager.setRender(filteredSubset)
}

const doFilter = (type, show) => {
    if (show) {
        storageModule.showCategory(type)
    } else {
        storageModule.hideCategory(type)
    }

    const currentFilter = storageModule.getVisible()
    const filteredSubset = getFilteredSubSet(currentFilter)
    manager.setRender(filteredSubset)

    const sortColumn = storageModule.getSort()
    doSort(sortColumn, true)
}

module.exports = {
    doFilter,
    doInitFilter,
}

},{"./datamanager.js":1,"./sort.js":7,"./storage.js":8}],4:[function(require,module,exports){
const { redraw, bindEvents, renderStatic } = require('./main.js')
const { doInitFilter } = require('./filter.js')
const { doInitSort } = require('./sort.js')
const { manager } = require('./datamanager.js')
const data = JSON.parse(document.getElementById('data-container').dataset.jsonblob)

function init() {
    manager.setManager(data)
    doInitFilter()
    doInitSort()
    renderStatic()
    redraw()
    bindEvents()
}

init()

},{"./datamanager.js":1,"./filter.js":3,"./main.js":5,"./sort.js":7}],5:[function(require,module,exports){
const { dom, find, findAll } = require('./dom.js')
const { manager } = require('./datamanager.js')
const { doSort } = require('./sort.js')
const { doFilter } = require('./filter.js')
const {
    getVisible,
    getCollapsedIds,
    setCollapsedIds,
    getSort,
    getSortDirection,
    possibleFilters,
} = require('./storage.js')

const removeChildren = (node) => {
    while (node.firstChild) {
        node.removeChild(node.firstChild)
    }
}

const renderStatic = () => {
    const renderEnvironmentTable = () => {
        const environment = manager.environment
        const rows = Object.keys(environment).map((key) => dom.getStaticRow(key, environment[key]))
        const table = document.getElementById('environment')
        removeChildren(table)
        rows.forEach((row) => table.appendChild(row))
    }
    renderEnvironmentTable()
}

const addItemToggleListener = (elem) => {
    elem.addEventListener('click', ({ target }) => {
        const id = target.parentElement.dataset.id
        manager.toggleCollapsedItem(id)

        const collapsedIds = getCollapsedIds()
        if (collapsedIds.includes(id)) {
            const updated = collapsedIds.filter((item) => item !== id)
            setCollapsedIds(updated)
        } else {
            collapsedIds.push(id)
            setCollapsedIds(collapsedIds)
        }
        redraw()
    })
}

const renderContent = (tests) => {
    const sortAttr = getSort(manager.initialSort)
    const sortAsc = JSON.parse(getSortDirection())
    const rows = tests.map(dom.getResultTBody)
    const table = document.getElementById('results-table')
    const tableHeader = document.getElementById('results-table-head')

    const newTable = document.createElement('table')
    newTable.id = 'results-table'

    // remove all sorting classes and set the relevant
    findAll('.sortable', tableHeader).forEach((elem) => elem.classList.remove('asc', 'desc'))
    tableHeader.querySelector(`.sortable[data-column-type="${sortAttr}"]`)?.classList.add(sortAsc ? 'desc' : 'asc')
    newTable.appendChild(tableHeader)

    if (!rows.length) {
        const emptyTable = document.getElementById('template_results-table__body--empty').content.cloneNode(true)
        newTable.appendChild(emptyTable)
    } else {
        rows.forEach((row) => {
            if (!!row) {
                findAll('.collapsible td:not(.col-links', row).forEach(addItemToggleListener)
                find('.logexpander', row).addEventListener('click',
                    (evt) => evt.target.parentNode.classList.toggle('expanded'),
                )
                newTable.appendChild(row)
            }
        })
    }

    table.replaceWith(newTable)
}

const renderDerived = () => {
    const currentFilter = getVisible()
    possibleFilters.forEach((result) => {
        const input = document.querySelector(`input[data-test-result="${result}"]`)
        input.checked = currentFilter.includes(result)
    })
}

const bindEvents = () => {
    const filterColumn = (evt) => {
        const { target: element } = evt
        const { testResult } = element.dataset

        doFilter(testResult, element.checked)
        const collapsedIds = getCollapsedIds()
        const updated = manager.renderData.tests.map((test) => {
            return {
                ...test,
                collapsed: collapsedIds.includes(test.id),
            }
        })
        manager.setRender(updated)
        redraw()
    }

    const header = document.getElementById('environment-header')
    header.addEventListener('click', () => {
        const table = document.getElementById('environment')
        table.classList.toggle('hidden')
        header.classList.toggle('collapsed')
    })

    findAll('input[name="filter_checkbox"]').forEach((elem) => {
        elem.addEventListener('click', filterColumn)
    })

    findAll('.sortable').forEach((elem) => {
        elem.addEventListener('click', (evt) => {
            const { target: element } = evt
            const { columnType } = element.dataset
            doSort(columnType)
            redraw()
        })
    })

    document.getElementById('show_all_details').addEventListener('click', () => {
        manager.allCollapsed = false
        setCollapsedIds([])
        redraw()
    })
    document.getElementById('hide_all_details').addEventListener('click', () => {
        manager.allCollapsed = true
        const allIds = manager.renderData.tests.map((test) => test.id)
        setCollapsedIds(allIds)
        redraw()
    })
}

const redraw = () => {
    const { testSubset } = manager

    renderContent(testSubset)
    renderDerived()
}

module.exports = {
    redraw,
    bindEvents,
    renderStatic,
}

},{"./datamanager.js":1,"./dom.js":2,"./filter.js":3,"./sort.js":7,"./storage.js":8}],6:[function(require,module,exports){
class MediaViewer {
    constructor(assets) {
        this.assets = assets
        this.index = 0
    }

    nextActive() {
        this.index = this.index === this.assets.length - 1 ? 0 : this.index + 1
        return [this.activeFile, this.index]
    }

    prevActive() {
        this.index = this.index === 0 ? this.assets.length - 1 : this.index -1
        return [this.activeFile, this.index]
    }

    get currentIndex() {
        return this.index
    }

    get activeFile() {
        return this.assets[this.index]
    }
}


const setup = (resultBody, assets) => {
    if (!assets.length) {
        resultBody.querySelector('.media').classList.add('hidden')
        return
    }

    const mediaViewer = new MediaViewer(assets)
    const container = resultBody.querySelector('.media-container')
    const leftArrow = resultBody.querySelector('.media-container__nav--left')
    const rightArrow = resultBody.querySelector('.media-container__nav--right')
    const mediaName = resultBody.querySelector('.media__name')
    const counter = resultBody.querySelector('.media__counter')
    const imageEl = resultBody.querySelector('img')
    const sourceEl = resultBody.querySelector('source')
    const videoEl = resultBody.querySelector('video')

    const setImg = (media, index) => {
        if (media?.format_type === 'image') {
            imageEl.src = media.path

            imageEl.classList.remove('hidden')
            videoEl.classList.add('hidden')
        } else if (media?.format_type === 'video') {
            sourceEl.src = media.path

            videoEl.classList.remove('hidden')
            imageEl.classList.add('hidden')
        }

        mediaName.innerText = media?.name
        counter.innerText = `${index + 1} / ${assets.length}`
    }
    setImg(mediaViewer.activeFile, mediaViewer.currentIndex)

    const moveLeft = () => {
        const [media, index] = mediaViewer.prevActive()
        setImg(media, index)
    }
    const doRight = () => {
        const [media, index] = mediaViewer.nextActive()
        setImg(media, index)
    }
    const openImg = () => {
        window.open(mediaViewer.activeFile.path, '_blank')
    }
    if (assets.length === 1) {
        container.classList.add('media-container--fullscreen')
    } else {
        leftArrow.addEventListener('click', moveLeft)
        rightArrow.addEventListener('click', doRight)
    }
    imageEl.addEventListener('click', openImg)
}

module.exports = {
    setup,
}

},{}],7:[function(require,module,exports){
const { manager } = require('./datamanager.js')
const storageModule = require('./storage.js')

const genericSort = (list, key, ascending, customOrder) => {
    let sorted
    if (customOrder) {
        sorted = list.sort((a, b) => {
            const aValue = a.result.toLowerCase()
            const bValue = b.result.toLowerCase()

            const aIndex = customOrder.findIndex((item) => item.toLowerCase() === aValue)
            const bIndex = customOrder.findIndex((item) => item.toLowerCase() === bValue)

            // Compare the indices to determine the sort order
            return aIndex - bIndex
        })
    } else {
        sorted = list.sort((a, b) => a[key] === b[key] ? 0 : a[key] > b[key] ? 1 : -1)
    }

    if (ascending) {
        sorted.reverse()
    }
    return sorted
}

const durationSort = (list, ascending) => {
    const parseDuration = (duration) => {
        if (duration.includes(':')) {
            // If it's in the format "HH:mm:ss"
            const [hours, minutes, seconds] = duration.split(':').map(Number)
            return (hours * 3600 + minutes * 60 + seconds) * 1000
        } else {
            // If it's in the format "nnn ms"
            return parseInt(duration)
        }
    }
    const sorted = list.sort((a, b) => parseDuration(a['duration']) - parseDuration(b['duration']))
    if (ascending) {
        sorted.reverse()
    }
    return sorted
}

const doInitSort = () => {
    const type = storageModule.getSort(manager.initialSort)
    const ascending = storageModule.getSortDirection()
    const list = manager.testSubset
    const initialOrder = ['Error', 'Failed', 'Rerun', 'XFailed', 'XPassed', 'Skipped', 'Passed']

    storageModule.setSort(type)
    storageModule.setSortDirection(ascending)

    if (type?.toLowerCase() === 'original') {
        manager.setRender(list)
    } else {
        let sortedList
        switch (type) {
        case 'duration':
            sortedList = durationSort(list, ascending)
            break
        case 'result':
            sortedList = genericSort(list, type, ascending, initialOrder)
            break
        default:
            sortedList = genericSort(list, type, ascending)
            break
        }
        manager.setRender(sortedList)
    }
}

const doSort = (type, skipDirection) => {
    const newSortType = storageModule.getSort(manager.initialSort) !== type
    const currentAsc = storageModule.getSortDirection()
    let ascending
    if (skipDirection) {
        ascending = currentAsc
    } else {
        ascending = newSortType ? false : !currentAsc
    }
    storageModule.setSort(type)
    storageModule.setSortDirection(ascending)

    const list = manager.testSubset
    const sortedList = type === 'duration' ? durationSort(list, ascending) : genericSort(list, type, ascending)
    manager.setRender(sortedList)
}

module.exports = {
    doInitSort,
    doSort,
}

},{"./datamanager.js":1,"./storage.js":8}],8:[function(require,module,exports){
const possibleFilters = [
    'passed',
    'skipped',
    'failed',
    'error',
    'xfailed',
    'xpassed',
    'rerun',
]

const getVisible = () => {
    const url = new URL(window.location.href)
    const settings = new URLSearchParams(url.search).get('visible')
    const lower = (item) => {
        const lowerItem = item.toLowerCase()
        if (possibleFilters.includes(lowerItem)) {
            return lowerItem
        }
        return null
    }
    return settings === null ?
        possibleFilters :
        [...new Set(settings?.split(',').map(lower).filter((item) => item))]
}

const hideCategory = (categoryToHide) => {
    const url = new URL(window.location.href)
    const visibleParams = new URLSearchParams(url.search).get('visible')
    const currentVisible = visibleParams ? visibleParams.split(',') : [...possibleFilters]
    const settings = [...new Set(currentVisible)].filter((f) => f !== categoryToHide).join(',')

    url.searchParams.set('visible', settings)
    window.history.pushState({}, null, unescape(url.href))
}

const showCategory = (categoryToShow) => {
    if (typeof window === 'undefined') {
        return
    }
    const url = new URL(window.location.href)
    const currentVisible = new URLSearchParams(url.search).get('visible')?.split(',').filter(Boolean) ||
        [...possibleFilters]
    const settings = [...new Set([categoryToShow, ...currentVisible])]
    const noFilter = possibleFilters.length === settings.length || !settings.length

    noFilter ? url.searchParams.delete('visible') : url.searchParams.set('visible', settings.join(','))
    window.history.pushState({}, null, unescape(url.href))
}

const getSort = (initialSort) => {
    const url = new URL(window.location.href)
    let sort = new URLSearchParams(url.search).get('sort')
    if (!sort) {
        sort = initialSort || 'result'
    }
    return sort
}

const setSort = (type) => {
    const url = new URL(window.location.href)
    url.searchParams.set('sort', type)
    window.history.pushState({}, null, unescape(url.href))
}

const getCollapsedCategory = (renderCollapsed) => {
    let categories
    if (typeof window !== 'undefined') {
        const url = new URL(window.location.href)
        const collapsedItems = new URLSearchParams(url.search).get('collapsed')
        switch (true) {
        case !renderCollapsed && collapsedItems === null:
            categories = ['passed']
            break
        case collapsedItems?.length === 0 || /^["']{2}$/.test(collapsedItems):
            categories = []
            break
        case /^all$/.test(collapsedItems) || collapsedItems === null && /^all$/.test(renderCollapsed):
            categories = [...possibleFilters]
            break
        default:
            categories = collapsedItems?.split(',').map((item) => item.toLowerCase()) || renderCollapsed
            break
        }
    } else {
        categories = []
    }
    return categories
}

const getSortDirection = () => JSON.parse(sessionStorage.getItem('sortAsc')) || false
const setSortDirection = (ascending) => sessionStorage.setItem('sortAsc', ascending)

const getCollapsedIds = () => JSON.parse(sessionStorage.getItem('collapsedIds')) || []
const setCollapsedIds = (list) => sessionStorage.setItem('collapsedIds', JSON.stringify(list))

module.exports = {
    getVisible,
    hideCategory,
    showCategory,
    getCollapsedIds,
    setCollapsedIds,
    getSort,
    setSort,
    getSortDirection,
    setSortDirection,
    getCollapsedCategory,
    possibleFilters,
}

},{}]},{},[4]);
    </script>
  </footer>
</html>