<!DOCTYPE html>
<html>
  <head>
    <meta charset="utf-8"/>
    <title id="head-title">&#34;CCT-VUE&#34;</title>
      <link href="assets\style.css" rel="stylesheet" type="text/css"/>
  </head>
  <body>
    <h1 id="title">&#34;CCT-VUE&#34;</h1>
    <p>Report generated on 23-Aug-2024 at 22:06:07 by <a href="https://pypi.python.org/pypi/pytest-html">pytest-html</a>
        v4.1.1</p>
    <div id="environment-header">
      <h2>Environment</h2>
    </div>
    <table id="environment"></table>
    <!-- TEMPLATES -->
      <template id="template_environment_row">
      <tr>
        <td></td>
        <td></td>
      </tr>
    </template>
    <template id="template_results-table__body--empty">
      <tbody class="results-table-row">
        <tr id="not-found-message">
          <td colspan="4">No results found. Check the filters.</th>
        </tr>
    </template>
    <template id="template_results-table__tbody">
      <tbody class="results-table-row">
        <tr class="collapsible">
        </tr>
        <tr class="extras-row">
          <td class="extra" colspan="4">
            <div class="extraHTML"></div>
            <div class="media">
              <div class="media-container">
                  <div class="media-container__nav--left"><</div>
                  <div class="media-container__viewport">
                    <img src="" />
                    <video controls>
                      <source src="" type="video/mp4">
                    </video>
                  </div>
                  <div class="media-container__nav--right">></div>
                </div>
                <div class="media__name"></div>
                <div class="media__counter"></div>
            </div>
            <div class="logwrapper">
              <div class="logexpander"></div>
              <div class="log"></div>
            </div>
          </td>
        </tr>
      </tbody>
    </template>
    <!-- END TEMPLATES -->
    <div class="summary">
      <div class="summary__data">
        <h2>Summary</h2>
        <div class="additional-summary prefix">
          Project Name : "ICC-CCT"
          Reporter : "Vrushabh"
        </div>
        <p class="run-count">84 tests took 00:55:12.</p>
        <p class="filter">(Un)check the boxes to filter the results.</p>
        <div class="summary__reload">
          <div class="summary__reload__button hidden" onclick="location.reload()">
            <div>There are still tests running. <br />Reload this page to get the latest results!</div>
          </div>
        </div>
        <div class="summary__spacer"></div>
        <div class="controls">
          <div class="filters">
            <input checked="true" class="filter" name="filter_checkbox" type="checkbox" data-test-result="failed" />
            <span class="failed">18 Failed,</span>
            <input checked="true" class="filter" name="filter_checkbox" type="checkbox" data-test-result="passed" />
            <span class="passed">66 Passed,</span>
            <input checked="true" class="filter" name="filter_checkbox" type="checkbox" data-test-result="skipped" />
            <span class="skipped">13 Skipped,</span>
            <input checked="true" class="filter" name="filter_checkbox" type="checkbox" data-test-result="xfailed" disabled/>
            <span class="xfailed">0 Expected failures,</span>
            <input checked="true" class="filter" name="filter_checkbox" type="checkbox" data-test-result="xpassed" disabled/>
            <span class="xpassed">0 Unexpected passes,</span>
            <input checked="true" class="filter" name="filter_checkbox" type="checkbox" data-test-result="error" disabled/>
            <span class="error">0 Errors,</span>
            <input checked="true" class="filter" name="filter_checkbox" type="checkbox" data-test-result="rerun" disabled/>
            <span class="rerun">0 Reruns</span>
          </div>
          <div class="collapse">
            <button id="show_all_details">Show all details</button>&nbsp;/&nbsp;<button id="hide_all_details">Hide all details</button>
          </div>
        </div>
      </div>
      <div class="additional-summary summary">
        {'name': 'URL', 'format_type': 'url', 'content': 'https://correlation-vueui-dev.iccsafe.org/', 'mime_type': None, 'extension': None}
      </div>
      <div class="additional-summary postfix">
      </div>
    </div>
    <table id="results-table">
      <thead id="results-table-head">
        <tr>
          <th class="sortable" data-column-type="result">Result</th>
          <th class="sortable" data-column-type="testId">Test</th>
          <th class="sortable" data-column-type="duration">Duration</th>
          <th>Links</th>
        </tr>
      </thead>
    </table>
  </body>
  <footer>
    <div id="data-container" data-jsonblob="{&#34;environment&#34;: {&#34;Python&#34;: &#34;3.11.5&#34;, &#34;Platform&#34;: &#34;Windows-10-10.0.19045-SP0&#34;, &#34;Packages&#34;: {&#34;pytest&#34;: &#34;8.1.1&#34;, &#34;pluggy&#34;: &#34;1.4.0&#34;}, &#34;Plugins&#34;: {&#34;allure-pytest&#34;: &#34;2.13.3&#34;, &#34;ast-transformer&#34;: &#34;1.0.3&#34;, &#34;check&#34;: &#34;2.3.1&#34;, &#34;dependency&#34;: &#34;0.6.0&#34;, &#34;html&#34;: &#34;4.1.1&#34;, &#34;metadata&#34;: &#34;3.1.1&#34;, &#34;order&#34;: &#34;1.2.1&#34;, &#34;ordering&#34;: &#34;0.6&#34;, &#34;rerunfailures&#34;: &#34;14.0&#34;, &#34;xdist&#34;: &#34;3.5.0&#34;}, &#34;JAVA_HOME&#34;: &#34;C:\\Program Files\\Java\\jdk-17.0.5&#34;, &#34;Browser&#34;: &#34;chrome&#34;, &#34;URL&#34;: &#34;https://correlation-vueui-dev.iccsafe.org/&#34;}, &#34;tests&#34;: {&#34;test_cases/test_login_page.py::Test_Login_Page::test_login_with_invalid_email_password[inavlid.user@iccsafe.org-Password5]&#34;: [{&#34;extras&#34;: [], &#34;result&#34;: &#34;Passed&#34;, &#34;testId&#34;: &#34;test_cases/test_login_page.py::Test_Login_Page::test_login_with_invalid_email_password[inavlid.user@iccsafe.org-Password5]&#34;, &#34;duration&#34;: &#34;00:00:18&#34;, &#34;resultsTableRow&#34;: [&#34;&lt;td class=\&#34;col-result\&#34;&gt;Passed&lt;/td&gt;&#34;, &#34;&lt;td class=\&#34;col-testId\&#34;&gt;test_cases/test_login_page.py::Test_Login_Page::test_login_with_invalid_email_password[inavlid.user@iccsafe.org-Password5]&lt;/td&gt;&#34;, &#34;&lt;td class=\&#34;col-duration\&#34;&gt;00:00:18&lt;/td&gt;&#34;, &#34;&lt;td class=\&#34;col-links\&#34;&gt;&lt;/td&gt;&#34;], &#34;log&#34;: &#34;No log output captured.&#34;}], &#34;test_cases/test_login_page.py::Test_Login_Page::test_login_with_invalid_email_password[ct-super-admin-test@iccsafe.org-Pass123]&#34;: [{&#34;extras&#34;: [], &#34;result&#34;: &#34;Passed&#34;, &#34;testId&#34;: &#34;test_cases/test_login_page.py::Test_Login_Page::test_login_with_invalid_email_password[ct-super-admin-test@iccsafe.org-Pass123]&#34;, &#34;duration&#34;: &#34;00:00:05&#34;, &#34;resultsTableRow&#34;: [&#34;&lt;td class=\&#34;col-result\&#34;&gt;Passed&lt;/td&gt;&#34;, &#34;&lt;td class=\&#34;col-testId\&#34;&gt;test_cases/test_login_page.py::Test_Login_Page::test_login_with_invalid_email_password[ct-super-admin-test@iccsafe.org-Pass123]&lt;/td&gt;&#34;, &#34;&lt;td class=\&#34;col-duration\&#34;&gt;00:00:05&lt;/td&gt;&#34;, &#34;&lt;td class=\&#34;col-links\&#34;&gt;&lt;/td&gt;&#34;], &#34;log&#34;: &#34;No log output captured.&#34;}], &#34;test_cases/test_login_page.py::Test_Login_Page::test_login_with_empty_email&#34;: [{&#34;extras&#34;: [], &#34;result&#34;: &#34;Passed&#34;, &#34;testId&#34;: &#34;test_cases/test_login_page.py::Test_Login_Page::test_login_with_empty_email&#34;, &#34;duration&#34;: &#34;00:00:04&#34;, &#34;resultsTableRow&#34;: [&#34;&lt;td class=\&#34;col-result\&#34;&gt;Passed&lt;/td&gt;&#34;, &#34;&lt;td class=\&#34;col-testId\&#34;&gt;test_cases/test_login_page.py::Test_Login_Page::test_login_with_empty_email&lt;/td&gt;&#34;, &#34;&lt;td class=\&#34;col-duration\&#34;&gt;00:00:04&lt;/td&gt;&#34;, &#34;&lt;td class=\&#34;col-links\&#34;&gt;&lt;/td&gt;&#34;], &#34;log&#34;: &#34;No log output captured.&#34;}], &#34;test_cases/test_login_page.py::Test_Login_Page::test_login_with_empty_password&#34;: [{&#34;extras&#34;: [], &#34;result&#34;: &#34;Passed&#34;, &#34;testId&#34;: &#34;test_cases/test_login_page.py::Test_Login_Page::test_login_with_empty_password&#34;, &#34;duration&#34;: &#34;00:00:04&#34;, &#34;resultsTableRow&#34;: [&#34;&lt;td class=\&#34;col-result\&#34;&gt;Passed&lt;/td&gt;&#34;, &#34;&lt;td class=\&#34;col-testId\&#34;&gt;test_cases/test_login_page.py::Test_Login_Page::test_login_with_empty_password&lt;/td&gt;&#34;, &#34;&lt;td class=\&#34;col-duration\&#34;&gt;00:00:04&lt;/td&gt;&#34;, &#34;&lt;td class=\&#34;col-links\&#34;&gt;&lt;/td&gt;&#34;], &#34;log&#34;: &#34;No log output captured.&#34;}], &#34;test_cases/test_login_page.py::Test_Login_Page::test_forgotpassword_link&#34;: [{&#34;extras&#34;: [], &#34;result&#34;: &#34;Passed&#34;, &#34;testId&#34;: &#34;test_cases/test_login_page.py::Test_Login_Page::test_forgotpassword_link&#34;, &#34;duration&#34;: &#34;00:00:15&#34;, &#34;resultsTableRow&#34;: [&#34;&lt;td class=\&#34;col-result\&#34;&gt;Passed&lt;/td&gt;&#34;, &#34;&lt;td class=\&#34;col-testId\&#34;&gt;test_cases/test_login_page.py::Test_Login_Page::test_forgotpassword_link&lt;/td&gt;&#34;, &#34;&lt;td class=\&#34;col-duration\&#34;&gt;00:00:15&lt;/td&gt;&#34;, &#34;&lt;td class=\&#34;col-links\&#34;&gt;&lt;/td&gt;&#34;], &#34;log&#34;: &#34;No log output captured.&#34;}], &#34;test_cases/test_login_page.py::Test_Login_Page::test_login_with_valid_data&#34;: [{&#34;extras&#34;: [], &#34;result&#34;: &#34;Passed&#34;, &#34;testId&#34;: &#34;test_cases/test_login_page.py::Test_Login_Page::test_login_with_valid_data&#34;, &#34;duration&#34;: &#34;00:00:08&#34;, &#34;resultsTableRow&#34;: [&#34;&lt;td class=\&#34;col-result\&#34;&gt;Passed&lt;/td&gt;&#34;, &#34;&lt;td class=\&#34;col-testId\&#34;&gt;test_cases/test_login_page.py::Test_Login_Page::test_login_with_valid_data&lt;/td&gt;&#34;, &#34;&lt;td class=\&#34;col-duration\&#34;&gt;00:00:08&lt;/td&gt;&#34;, &#34;&lt;td class=\&#34;col-links\&#34;&gt;&lt;/td&gt;&#34;], &#34;log&#34;: &#34;No log output captured.&#34;}], &#34;test_cases/test_dashboard_page.py::Test_Dashboard_Page::test_change_tabs[INACTIVE PROJECTS-inactive]&#34;: [{&#34;extras&#34;: [], &#34;result&#34;: &#34;Passed&#34;, &#34;testId&#34;: &#34;test_cases/test_dashboard_page.py::Test_Dashboard_Page::test_change_tabs[INACTIVE PROJECTS-inactive]&#34;, &#34;duration&#34;: &#34;00:00:17&#34;, &#34;resultsTableRow&#34;: [&#34;&lt;td class=\&#34;col-result\&#34;&gt;Passed&lt;/td&gt;&#34;, &#34;&lt;td class=\&#34;col-testId\&#34;&gt;test_cases/test_dashboard_page.py::Test_Dashboard_Page::test_change_tabs[INACTIVE PROJECTS-inactive]&lt;/td&gt;&#34;, &#34;&lt;td class=\&#34;col-duration\&#34;&gt;00:00:17&lt;/td&gt;&#34;, &#34;&lt;td class=\&#34;col-links\&#34;&gt;&lt;/td&gt;&#34;], &#34;log&#34;: &#34;No log output captured.&#34;}], &#34;test_cases/test_dashboard_page.py::Test_Dashboard_Page::test_change_tabs[CONTENT FINAL-blueline]&#34;: [{&#34;extras&#34;: [{&#34;name&#34;: null, &#34;format_type&#34;: &#34;html&#34;, &#34;content&#34;: &#34;&lt;div&gt;&lt;img src=\&#34;D:\\python program\\ICC-Shop\\Screenshot/test_change_tabs[CONTENT FINAL-blueline].png\&#34; alt=\&#34;screenshot\&#34; style=\&#34;width:204px;height:128px;\&#34; onclick=\&#34;window.open(this.src)\&#34; align=\&#34;right\&#34;/&gt;&lt;/div&gt;&#34;, &#34;mime_type&#34;: null, &#34;extension&#34;: null}], &#34;result&#34;: &#34;Failed&#34;, &#34;testId&#34;: &#34;test_cases/test_dashboard_page.py::Test_Dashboard_Page::test_change_tabs[CONTENT FINAL-blueline]&#34;, &#34;duration&#34;: &#34;00:00:07&#34;, &#34;resultsTableRow&#34;: [&#34;&lt;td class=\&#34;col-result\&#34;&gt;Failed&lt;/td&gt;&#34;, &#34;&lt;td class=\&#34;col-testId\&#34;&gt;test_cases/test_dashboard_page.py::Test_Dashboard_Page::test_change_tabs[CONTENT FINAL-blueline]&lt;/td&gt;&#34;, &#34;&lt;td class=\&#34;col-duration\&#34;&gt;00:00:07&lt;/td&gt;&#34;, &#34;&lt;td class=\&#34;col-links\&#34;&gt;&lt;/td&gt;&#34;], &#34;log&#34;: &#34;FAILURE: check https://correlation-vueui-dev.iccsafe.org/projects/blueline == https://correlation-vueui-dev.iccsafe.org/projects/active: Expecated: https://correlation-vueui-dev.iccsafe.org/projects/blueline, equal to Founded: https://correlation-vueui-dev.iccsafe.org/projects/active\ntest_dashboard_page.py:42 in test_change_tabs() -&amp;gt; Baseclass.assert_equals(conftest.url + &amp;quot;projects/&amp;quot; + url, current_url)\nbaseclass.py:143 in assert_equals() -&amp;gt; check.equal(\n\nFAILURE: check 2021 International Zoning Code != 2021 International Zoning Code: Expecated: 2021 International Zoning Code, not equal to Founded: 2021 International Zoning Code\n------------------------------------------------------------\nFailed Checks: 2\n&#34;}], &#34;test_cases/test_dashboard_page.py::Test_Dashboard_Page::test_select_category[ACTIVE PROJECTS]&#34;: [{&#34;extras&#34;: [], &#34;result&#34;: &#34;Passed&#34;, &#34;testId&#34;: &#34;test_cases/test_dashboard_page.py::Test_Dashboard_Page::test_select_category[ACTIVE PROJECTS]&#34;, &#34;duration&#34;: &#34;00:00:08&#34;, &#34;resultsTableRow&#34;: [&#34;&lt;td class=\&#34;col-result\&#34;&gt;Passed&lt;/td&gt;&#34;, &#34;&lt;td class=\&#34;col-testId\&#34;&gt;test_cases/test_dashboard_page.py::Test_Dashboard_Page::test_select_category[ACTIVE PROJECTS]&lt;/td&gt;&#34;, &#34;&lt;td class=\&#34;col-duration\&#34;&gt;00:00:08&lt;/td&gt;&#34;, &#34;&lt;td class=\&#34;col-links\&#34;&gt;&lt;/td&gt;&#34;], &#34;log&#34;: &#34;No log output captured.&#34;}], &#34;test_cases/test_dashboard_page.py::Test_Dashboard_Page::test_select_category[INACTIVE PROJECTS]&#34;: [{&#34;extras&#34;: [{&#34;name&#34;: null, &#34;format_type&#34;: &#34;html&#34;, &#34;content&#34;: &#34;&lt;div&gt;&lt;img src=\&#34;D:\\python program\\ICC-Shop\\Screenshot/test_select_category[INACTIVE PROJECTS].png\&#34; alt=\&#34;screenshot\&#34; style=\&#34;width:204px;height:128px;\&#34; onclick=\&#34;window.open(this.src)\&#34; align=\&#34;right\&#34;/&gt;&lt;/div&gt;&#34;, &#34;mime_type&#34;: null, &#34;extension&#34;: null}], &#34;result&#34;: &#34;Failed&#34;, &#34;testId&#34;: &#34;test_cases/test_dashboard_page.py::Test_Dashboard_Page::test_select_category[INACTIVE PROJECTS]&#34;, &#34;duration&#34;: &#34;00:00:22&#34;, &#34;resultsTableRow&#34;: [&#34;&lt;td class=\&#34;col-result\&#34;&gt;Failed&lt;/td&gt;&#34;, &#34;&lt;td class=\&#34;col-testId\&#34;&gt;test_cases/test_dashboard_page.py::Test_Dashboard_Page::test_select_category[INACTIVE PROJECTS]&lt;/td&gt;&#34;, &#34;&lt;td class=\&#34;col-duration\&#34;&gt;00:00:22&lt;/td&gt;&#34;, &#34;&lt;td class=\&#34;col-links\&#34;&gt;&lt;/td&gt;&#34;], &#34;log&#34;: &#34;self = &amp;lt;test_cases.test_dashboard_page.Test_Dashboard_Page object at 0x000002BB6A19D290&amp;gt;, tab_name = &amp;#x27;INACTIVE PROJECTS&amp;#x27;\n\n    @allure.title(&amp;quot;Verify select category&amp;quot;)\n    @allure.severity(allure.severity_level.CRITICAL)\n    @pytest.mark.parametrize(\n        &amp;quot;tab_name&amp;quot;,\n        [&amp;quot;ACTIVE PROJECTS&amp;quot;, &amp;quot;INACTIVE PROJECTS&amp;quot;, &amp;quot;CONTENT FINAL&amp;quot;],\n    )\n    def test_select_category(self, tab_name):\n&amp;gt;       self.dashboardpage.click_tabs(tab_name)\n\ntest_cases\\test_dashboard_page.py:52: \n_ _ _ _ _ _ _ _ _ _ _ _ _ _ _ _ _ _ _ _ _ _ _ _ _ _ _ _ _ _ _ _ _ _ _ _ _ _ _ _ _ _ _ _ _ _ _ _ _ _ _ _ _ _ _ _ _ _ _ _ _ _ _ _ _ _ _ _ _ _ _ _ _ _ _ _ _ _ _ _ _ _ \npage_objects\\dashboard_page.py:66: in click_tabs\n    for tab in self.baseclass.wait_until_elements(self.tabs):\nuitility\\baseclass.py:54: in wait_until_elements\n    return self.wait.until(EC.presence_of_all_elements_located(locator))\n_ _ _ _ _ _ _ _ _ _ _ _ _ _ _ _ _ _ _ _ _ _ _ _ _ _ _ _ _ _ _ _ _ _ _ _ _ _ _ _ _ _ _ _ _ _ _ _ _ _ _ _ _ _ _ _ _ _ _ _ _ _ _ _ _ _ _ _ _ _ _ _ _ _ _ _ _ _ _ _ _ _ \n\nself = &amp;lt;selenium.webdriver.support.wait.WebDriverWait (session=&amp;quot;e90bf60b9e0264faae218cb450c9d5ed&amp;quot;)&amp;gt;\nmethod = &amp;lt;function presence_of_all_elements_located.&amp;lt;locals&amp;gt;._predicate at 0x000002BB6A262AC0&amp;gt;, message = &amp;#x27;&amp;#x27;\n\n    def until(self, method: Callable[[D], Union[Literal[False], T]], message: str = &amp;quot;&amp;quot;) -&amp;gt; T:\n        &amp;quot;&amp;quot;&amp;quot;Calls the method provided with the driver as an argument until the \\\n        return value does not evaluate to ``False``.\n    \n        :param method: callable(WebDriver)\n        :param message: optional message for :exc:`TimeoutException`\n        :returns: the result of the last call to `method`\n        :raises: :exc:`selenium.common.exceptions.TimeoutException` if timeout occurs\n        &amp;quot;&amp;quot;&amp;quot;\n        screen = None\n        stacktrace = None\n    \n        end_time = time.monotonic() + self._timeout\n        while True:\n            try:\n                value = method(self._driver)\n                if value:\n                    return value\n            except self._ignored_exceptions as exc:\n                screen = getattr(exc, &amp;quot;screen&amp;quot;, None)\n                stacktrace = getattr(exc, &amp;quot;stacktrace&amp;quot;, None)\n            time.sleep(self._poll)\n            if time.monotonic() &amp;gt; end_time:\n                break\n&amp;gt;       raise TimeoutException(message, screen, stacktrace)\nE       selenium.common.exceptions.TimeoutException: Message:\n\nvenv\\Lib\\site-packages\\selenium\\webdriver\\support\\wait.py:105: TimeoutException\n&#34;}], &#34;test_cases/test_dashboard_page.py::Test_Dashboard_Page::test_select_category[CONTENT FINAL]&#34;: [{&#34;extras&#34;: [{&#34;name&#34;: null, &#34;format_type&#34;: &#34;html&#34;, &#34;content&#34;: &#34;&lt;div&gt;&lt;img src=\&#34;D:\\python program\\ICC-Shop\\Screenshot/test_select_category[CONTENT FINAL].png\&#34; alt=\&#34;screenshot\&#34; style=\&#34;width:204px;height:128px;\&#34; onclick=\&#34;window.open(this.src)\&#34; align=\&#34;right\&#34;/&gt;&lt;/div&gt;&#34;, &#34;mime_type&#34;: null, &#34;extension&#34;: null}], &#34;result&#34;: &#34;Failed&#34;, &#34;testId&#34;: &#34;test_cases/test_dashboard_page.py::Test_Dashboard_Page::test_select_category[CONTENT FINAL]&#34;, &#34;duration&#34;: &#34;00:00:23&#34;, &#34;resultsTableRow&#34;: [&#34;&lt;td class=\&#34;col-result\&#34;&gt;Failed&lt;/td&gt;&#34;, &#34;&lt;td class=\&#34;col-testId\&#34;&gt;test_cases/test_dashboard_page.py::Test_Dashboard_Page::test_select_category[CONTENT FINAL]&lt;/td&gt;&#34;, &#34;&lt;td class=\&#34;col-duration\&#34;&gt;00:00:23&lt;/td&gt;&#34;, &#34;&lt;td class=\&#34;col-links\&#34;&gt;&lt;/td&gt;&#34;], &#34;log&#34;: &#34;self = &amp;lt;test_cases.test_dashboard_page.Test_Dashboard_Page object at 0x000002BB6A19D510&amp;gt;, tab_name = &amp;#x27;CONTENT FINAL&amp;#x27;\n\n    @allure.title(&amp;quot;Verify select category&amp;quot;)\n    @allure.severity(allure.severity_level.CRITICAL)\n    @pytest.mark.parametrize(\n        &amp;quot;tab_name&amp;quot;,\n        [&amp;quot;ACTIVE PROJECTS&amp;quot;, &amp;quot;INACTIVE PROJECTS&amp;quot;, &amp;quot;CONTENT FINAL&amp;quot;],\n    )\n    def test_select_category(self, tab_name):\n&amp;gt;       self.dashboardpage.click_tabs(tab_name)\n\ntest_cases\\test_dashboard_page.py:52: \n_ _ _ _ _ _ _ _ _ _ _ _ _ _ _ _ _ _ _ _ _ _ _ _ _ _ _ _ _ _ _ _ _ _ _ _ _ _ _ _ _ _ _ _ _ _ _ _ _ _ _ _ _ _ _ _ _ _ _ _ _ _ _ _ _ _ _ _ _ _ _ _ _ _ _ _ _ _ _ _ _ _ \npage_objects\\dashboard_page.py:66: in click_tabs\n    for tab in self.baseclass.wait_until_elements(self.tabs):\nuitility\\baseclass.py:54: in wait_until_elements\n    return self.wait.until(EC.presence_of_all_elements_located(locator))\n_ _ _ _ _ _ _ _ _ _ _ _ _ _ _ _ _ _ _ _ _ _ _ _ _ _ _ _ _ _ _ _ _ _ _ _ _ _ _ _ _ _ _ _ _ _ _ _ _ _ _ _ _ _ _ _ _ _ _ _ _ _ _ _ _ _ _ _ _ _ _ _ _ _ _ _ _ _ _ _ _ _ \n\nself = &amp;lt;selenium.webdriver.support.wait.WebDriverWait (session=&amp;quot;e90bf60b9e0264faae218cb450c9d5ed&amp;quot;)&amp;gt;\nmethod = &amp;lt;function presence_of_all_elements_located.&amp;lt;locals&amp;gt;._predicate at 0x000002BB6A261B20&amp;gt;, message = &amp;#x27;&amp;#x27;\n\n    def until(self, method: Callable[[D], Union[Literal[False], T]], message: str = &amp;quot;&amp;quot;) -&amp;gt; T:\n        &amp;quot;&amp;quot;&amp;quot;Calls the method provided with the driver as an argument until the \\\n        return value does not evaluate to ``False``.\n    \n        :param method: callable(WebDriver)\n        :param message: optional message for :exc:`TimeoutException`\n        :returns: the result of the last call to `method`\n        :raises: :exc:`selenium.common.exceptions.TimeoutException` if timeout occurs\n        &amp;quot;&amp;quot;&amp;quot;\n        screen = None\n        stacktrace = None\n    \n        end_time = time.monotonic() + self._timeout\n        while True:\n            try:\n                value = method(self._driver)\n                if value:\n                    return value\n            except self._ignored_exceptions as exc:\n                screen = getattr(exc, &amp;quot;screen&amp;quot;, None)\n                stacktrace = getattr(exc, &amp;quot;stacktrace&amp;quot;, None)\n            time.sleep(self._poll)\n            if time.monotonic() &amp;gt; end_time:\n                break\n&amp;gt;       raise TimeoutException(message, screen, stacktrace)\nE       selenium.common.exceptions.TimeoutException: Message:\n\nvenv\\Lib\\site-packages\\selenium\\webdriver\\support\\wait.py:105: TimeoutException\n&#34;}], &#34;test_cases/test_dashboard_page.py::Test_Dashboard_Page::test_clear_category&#34;: [{&#34;extras&#34;: [{&#34;name&#34;: null, &#34;format_type&#34;: &#34;html&#34;, &#34;content&#34;: &#34;&lt;div&gt;&lt;img src=\&#34;D:\\python program\\ICC-Shop\\Screenshot/test_clear_category.png\&#34; alt=\&#34;screenshot\&#34; style=\&#34;width:204px;height:128px;\&#34; onclick=\&#34;window.open(this.src)\&#34; align=\&#34;right\&#34;/&gt;&lt;/div&gt;&#34;, &#34;mime_type&#34;: null, &#34;extension&#34;: null}], &#34;result&#34;: &#34;Failed&#34;, &#34;testId&#34;: &#34;test_cases/test_dashboard_page.py::Test_Dashboard_Page::test_clear_category&#34;, &#34;duration&#34;: &#34;00:00:22&#34;, &#34;resultsTableRow&#34;: [&#34;&lt;td class=\&#34;col-result\&#34;&gt;Failed&lt;/td&gt;&#34;, &#34;&lt;td class=\&#34;col-testId\&#34;&gt;test_cases/test_dashboard_page.py::Test_Dashboard_Page::test_clear_category&lt;/td&gt;&#34;, &#34;&lt;td class=\&#34;col-duration\&#34;&gt;00:00:22&lt;/td&gt;&#34;, &#34;&lt;td class=\&#34;col-links\&#34;&gt;&lt;/td&gt;&#34;], &#34;log&#34;: &#34;self = &amp;lt;test_cases.test_dashboard_page.Test_Dashboard_Page object at 0x000002BB6A19DB50&amp;gt;\n\n    @allure.title(&amp;quot;Verify clear category&amp;quot;)\n    @allure.severity(allure.severity_level.NORMAL)\n    # @pytest.mark.parametrize(\n    #     &amp;quot;tab_name&amp;quot;,\n    #     [&amp;quot;ACTIVE PROJECTS&amp;quot;, &amp;quot;INACTIVE PROJECTS&amp;quot;, &amp;quot;CONTENT FINAL&amp;quot;],\n    # )\n    def test_clear_category(self):\n        # self.dashboardpage.click_tabs(tab_name)\n&amp;gt;       category_name = self.dashboardpage.get_first_category()\n\ntest_cases\\test_dashboard_page.py:67: \n_ _ _ _ _ _ _ _ _ _ _ _ _ _ _ _ _ _ _ _ _ _ _ _ _ _ _ _ _ _ _ _ _ _ _ _ _ _ _ _ _ _ _ _ _ _ _ _ _ _ _ _ _ _ _ _ _ _ _ _ _ _ _ _ _ _ _ _ _ _ _ _ _ _ _ _ _ _ _ _ _ _ \npage_objects\\dashboard_page.py:171: in get_first_category\n    text = self.get_row_data(&amp;quot;Category&amp;quot;)[0].text\npage_objects\\dashboard_page.py:144: in get_row_data\n    header = self.baseclass.wait_until_elements(self.__table_header)\nuitility\\baseclass.py:54: in wait_until_elements\n    return self.wait.until(EC.presence_of_all_elements_located(locator))\n_ _ _ _ _ _ _ _ _ _ _ _ _ _ _ _ _ _ _ _ _ _ _ _ _ _ _ _ _ _ _ _ _ _ _ _ _ _ _ _ _ _ _ _ _ _ _ _ _ _ _ _ _ _ _ _ _ _ _ _ _ _ _ _ _ _ _ _ _ _ _ _ _ _ _ _ _ _ _ _ _ _ \n\nself = &amp;lt;selenium.webdriver.support.wait.WebDriverWait (session=&amp;quot;e90bf60b9e0264faae218cb450c9d5ed&amp;quot;)&amp;gt;\nmethod = &amp;lt;function presence_of_all_elements_located.&amp;lt;locals&amp;gt;._predicate at 0x000002BB6A2618A0&amp;gt;, message = &amp;#x27;&amp;#x27;\n\n    def until(self, method: Callable[[D], Union[Literal[False], T]], message: str = &amp;quot;&amp;quot;) -&amp;gt; T:\n        &amp;quot;&amp;quot;&amp;quot;Calls the method provided with the driver as an argument until the \\\n        return value does not evaluate to ``False``.\n    \n        :param method: callable(WebDriver)\n        :param message: optional message for :exc:`TimeoutException`\n        :returns: the result of the last call to `method`\n        :raises: :exc:`selenium.common.exceptions.TimeoutException` if timeout occurs\n        &amp;quot;&amp;quot;&amp;quot;\n        screen = None\n        stacktrace = None\n    \n        end_time = time.monotonic() + self._timeout\n        while True:\n            try:\n                value = method(self._driver)\n                if value:\n                    return value\n            except self._ignored_exceptions as exc:\n                screen = getattr(exc, &amp;quot;screen&amp;quot;, None)\n                stacktrace = getattr(exc, &amp;quot;stacktrace&amp;quot;, None)\n            time.sleep(self._poll)\n            if time.monotonic() &amp;gt; end_time:\n                break\n&amp;gt;       raise TimeoutException(message, screen, stacktrace)\nE       selenium.common.exceptions.TimeoutException: Message:\n\nvenv\\Lib\\site-packages\\selenium\\webdriver\\support\\wait.py:105: TimeoutException\n&#34;}], &#34;test_cases/test_dashboard_page.py::Test_Dashboard_Page::test_search_text_title_textbox[ACTIVE PROJECTS-IPMC2021 First Printing]&#34;: [{&#34;extras&#34;: [{&#34;name&#34;: null, &#34;format_type&#34;: &#34;html&#34;, &#34;content&#34;: &#34;&lt;div&gt;&lt;img src=\&#34;D:\\python program\\ICC-Shop\\Screenshot/test_search_text_title_textbox[ACTIVE PROJECTS-IPMC2021 First Printing].png\&#34; alt=\&#34;screenshot\&#34; style=\&#34;width:204px;height:128px;\&#34; onclick=\&#34;window.open(this.src)\&#34; align=\&#34;right\&#34;/&gt;&lt;/div&gt;&#34;, &#34;mime_type&#34;: null, &#34;extension&#34;: null}], &#34;result&#34;: &#34;Failed&#34;, &#34;testId&#34;: &#34;test_cases/test_dashboard_page.py::Test_Dashboard_Page::test_search_text_title_textbox[ACTIVE PROJECTS-IPMC2021 First Printing]&#34;, &#34;duration&#34;: &#34;00:00:22&#34;, &#34;resultsTableRow&#34;: [&#34;&lt;td class=\&#34;col-result\&#34;&gt;Failed&lt;/td&gt;&#34;, &#34;&lt;td class=\&#34;col-testId\&#34;&gt;test_cases/test_dashboard_page.py::Test_Dashboard_Page::test_search_text_title_textbox[ACTIVE PROJECTS-IPMC2021 First Printing]&lt;/td&gt;&#34;, &#34;&lt;td class=\&#34;col-duration\&#34;&gt;00:00:22&lt;/td&gt;&#34;, &#34;&lt;td class=\&#34;col-links\&#34;&gt;&lt;/td&gt;&#34;], &#34;log&#34;: &#34;self = &amp;lt;test_cases.test_dashboard_page.Test_Dashboard_Page object at 0x000002BB6A19EB10&amp;gt;, tab_name = &amp;#x27;ACTIVE PROJECTS&amp;#x27;, title = &amp;#x27;IPMC2021 First Printing&amp;#x27;\n\n    @allure.title(&amp;quot;Verify search title&amp;quot;)\n    @allure.severity(allure.severity_level.CRITICAL)\n    @pytest.mark.parametrize(\n        (&amp;quot;tab_name&amp;quot;, &amp;quot;title&amp;quot;),\n        [\n            (&amp;quot;ACTIVE PROJECTS&amp;quot;, &amp;quot;IPMC2021 First Printing&amp;quot;),\n            (&amp;quot;INACTIVE PROJECTS&amp;quot;, &amp;quot;2021 IECC&amp;quot;),\n            (&amp;quot;CONTENT FINAL&amp;quot;, &amp;quot;2021 International Fire Code&amp;quot;),\n        ],\n    )\n    def test_search_text_title_textbox(self, tab_name, title):\n&amp;gt;       self.dashboardpage.click_tabs(tab_name)\n\ntest_cases\\test_dashboard_page.py:88: \n_ _ _ _ _ _ _ _ _ _ _ _ _ _ _ _ _ _ _ _ _ _ _ _ _ _ _ _ _ _ _ _ _ _ _ _ _ _ _ _ _ _ _ _ _ _ _ _ _ _ _ _ _ _ _ _ _ _ _ _ _ _ _ _ _ _ _ _ _ _ _ _ _ _ _ _ _ _ _ _ _ _ \npage_objects\\dashboard_page.py:66: in click_tabs\n    for tab in self.baseclass.wait_until_elements(self.tabs):\nuitility\\baseclass.py:54: in wait_until_elements\n    return self.wait.until(EC.presence_of_all_elements_located(locator))\n_ _ _ _ _ _ _ _ _ _ _ _ _ _ _ _ _ _ _ _ _ _ _ _ _ _ _ _ _ _ _ _ _ _ _ _ _ _ _ _ _ _ _ _ _ _ _ _ _ _ _ _ _ _ _ _ _ _ _ _ _ _ _ _ _ _ _ _ _ _ _ _ _ _ _ _ _ _ _ _ _ _ \n\nself = &amp;lt;selenium.webdriver.support.wait.WebDriverWait (session=&amp;quot;e90bf60b9e0264faae218cb450c9d5ed&amp;quot;)&amp;gt;\nmethod = &amp;lt;function presence_of_all_elements_located.&amp;lt;locals&amp;gt;._predicate at 0x000002BB6A2632E0&amp;gt;, message = &amp;#x27;&amp;#x27;\n\n    def until(self, method: Callable[[D], Union[Literal[False], T]], message: str = &amp;quot;&amp;quot;) -&amp;gt; T:\n        &amp;quot;&amp;quot;&amp;quot;Calls the method provided with the driver as an argument until the \\\n        return value does not evaluate to ``False``.\n    \n        :param method: callable(WebDriver)\n        :param message: optional message for :exc:`TimeoutException`\n        :returns: the result of the last call to `method`\n        :raises: :exc:`selenium.common.exceptions.TimeoutException` if timeout occurs\n        &amp;quot;&amp;quot;&amp;quot;\n        screen = None\n        stacktrace = None\n    \n        end_time = time.monotonic() + self._timeout\n        while True:\n            try:\n                value = method(self._driver)\n                if value:\n                    return value\n            except self._ignored_exceptions as exc:\n                screen = getattr(exc, &amp;quot;screen&amp;quot;, None)\n                stacktrace = getattr(exc, &amp;quot;stacktrace&amp;quot;, None)\n            time.sleep(self._poll)\n            if time.monotonic() &amp;gt; end_time:\n                break\n&amp;gt;       raise TimeoutException(message, screen, stacktrace)\nE       selenium.common.exceptions.TimeoutException: Message:\n\nvenv\\Lib\\site-packages\\selenium\\webdriver\\support\\wait.py:105: TimeoutException\n&#34;}], &#34;test_cases/test_dashboard_page.py::Test_Dashboard_Page::test_search_text_title_textbox[INACTIVE PROJECTS-2021 IECC]&#34;: [{&#34;extras&#34;: [{&#34;name&#34;: null, &#34;format_type&#34;: &#34;html&#34;, &#34;content&#34;: &#34;&lt;div&gt;&lt;img src=\&#34;D:\\python program\\ICC-Shop\\Screenshot/test_search_text_title_textbox[INACTIVE PROJECTS-2021 IECC].png\&#34; alt=\&#34;screenshot\&#34; style=\&#34;width:204px;height:128px;\&#34; onclick=\&#34;window.open(this.src)\&#34; align=\&#34;right\&#34;/&gt;&lt;/div&gt;&#34;, &#34;mime_type&#34;: null, &#34;extension&#34;: null}], &#34;result&#34;: &#34;Failed&#34;, &#34;testId&#34;: &#34;test_cases/test_dashboard_page.py::Test_Dashboard_Page::test_search_text_title_textbox[INACTIVE PROJECTS-2021 IECC]&#34;, &#34;duration&#34;: &#34;00:00:22&#34;, &#34;resultsTableRow&#34;: [&#34;&lt;td class=\&#34;col-result\&#34;&gt;Failed&lt;/td&gt;&#34;, &#34;&lt;td class=\&#34;col-testId\&#34;&gt;test_cases/test_dashboard_page.py::Test_Dashboard_Page::test_search_text_title_textbox[INACTIVE PROJECTS-2021 IECC]&lt;/td&gt;&#34;, &#34;&lt;td class=\&#34;col-duration\&#34;&gt;00:00:22&lt;/td&gt;&#34;, &#34;&lt;td class=\&#34;col-links\&#34;&gt;&lt;/td&gt;&#34;], &#34;log&#34;: &#34;self = &amp;lt;test_cases.test_dashboard_page.Test_Dashboard_Page object at 0x000002BB6A19ED50&amp;gt;, tab_name = &amp;#x27;INACTIVE PROJECTS&amp;#x27;, title = &amp;#x27;2021 IECC&amp;#x27;\n\n    @allure.title(&amp;quot;Verify search title&amp;quot;)\n    @allure.severity(allure.severity_level.CRITICAL)\n    @pytest.mark.parametrize(\n        (&amp;quot;tab_name&amp;quot;, &amp;quot;title&amp;quot;),\n        [\n            (&amp;quot;ACTIVE PROJECTS&amp;quot;, &amp;quot;IPMC2021 First Printing&amp;quot;),\n            (&amp;quot;INACTIVE PROJECTS&amp;quot;, &amp;quot;2021 IECC&amp;quot;),\n            (&amp;quot;CONTENT FINAL&amp;quot;, &amp;quot;2021 International Fire Code&amp;quot;),\n        ],\n    )\n    def test_search_text_title_textbox(self, tab_name, title):\n&amp;gt;       self.dashboardpage.click_tabs(tab_name)\n\ntest_cases\\test_dashboard_page.py:88: \n_ _ _ _ _ _ _ _ _ _ _ _ _ _ _ _ _ _ _ _ _ _ _ _ _ _ _ _ _ _ _ _ _ _ _ _ _ _ _ _ _ _ _ _ _ _ _ _ _ _ _ _ _ _ _ _ _ _ _ _ _ _ _ _ _ _ _ _ _ _ _ _ _ _ _ _ _ _ _ _ _ _ \npage_objects\\dashboard_page.py:66: in click_tabs\n    for tab in self.baseclass.wait_until_elements(self.tabs):\nuitility\\baseclass.py:54: in wait_until_elements\n    return self.wait.until(EC.presence_of_all_elements_located(locator))\n_ _ _ _ _ _ _ _ _ _ _ _ _ _ _ _ _ _ _ _ _ _ _ _ _ _ _ _ _ _ _ _ _ _ _ _ _ _ _ _ _ _ _ _ _ _ _ _ _ _ _ _ _ _ _ _ _ _ _ _ _ _ _ _ _ _ _ _ _ _ _ _ _ _ _ _ _ _ _ _ _ _ \n\nself = &amp;lt;selenium.webdriver.support.wait.WebDriverWait (session=&amp;quot;e90bf60b9e0264faae218cb450c9d5ed&amp;quot;)&amp;gt;\nmethod = &amp;lt;function presence_of_all_elements_located.&amp;lt;locals&amp;gt;._predicate at 0x000002BB6A3540E0&amp;gt;, message = &amp;#x27;&amp;#x27;\n\n    def until(self, method: Callable[[D], Union[Literal[False], T]], message: str = &amp;quot;&amp;quot;) -&amp;gt; T:\n        &amp;quot;&amp;quot;&amp;quot;Calls the method provided with the driver as an argument until the \\\n        return value does not evaluate to ``False``.\n    \n        :param method: callable(WebDriver)\n        :param message: optional message for :exc:`TimeoutException`\n        :returns: the result of the last call to `method`\n        :raises: :exc:`selenium.common.exceptions.TimeoutException` if timeout occurs\n        &amp;quot;&amp;quot;&amp;quot;\n        screen = None\n        stacktrace = None\n    \n        end_time = time.monotonic() + self._timeout\n        while True:\n            try:\n                value = method(self._driver)\n                if value:\n                    return value\n            except self._ignored_exceptions as exc:\n                screen = getattr(exc, &amp;quot;screen&amp;quot;, None)\n                stacktrace = getattr(exc, &amp;quot;stacktrace&amp;quot;, None)\n            time.sleep(self._poll)\n            if time.monotonic() &amp;gt; end_time:\n                break\n&amp;gt;       raise TimeoutException(message, screen, stacktrace)\nE       selenium.common.exceptions.TimeoutException: Message:\n\nvenv\\Lib\\site-packages\\selenium\\webdriver\\support\\wait.py:105: TimeoutException\n&#34;}], &#34;test_cases/test_dashboard_page.py::Test_Dashboard_Page::test_search_text_title_textbox[CONTENT FINAL-2021 International Fire Code]&#34;: [{&#34;extras&#34;: [{&#34;name&#34;: null, &#34;format_type&#34;: &#34;html&#34;, &#34;content&#34;: &#34;&lt;div&gt;&lt;img src=\&#34;D:\\python program\\ICC-Shop\\Screenshot/test_search_text_title_textbox[CONTENT FINAL-2021 International Fire Code].png\&#34; alt=\&#34;screenshot\&#34; style=\&#34;width:204px;height:128px;\&#34; onclick=\&#34;window.open(this.src)\&#34; align=\&#34;right\&#34;/&gt;&lt;/div&gt;&#34;, &#34;mime_type&#34;: null, &#34;extension&#34;: null}], &#34;result&#34;: &#34;Failed&#34;, &#34;testId&#34;: &#34;test_cases/test_dashboard_page.py::Test_Dashboard_Page::test_search_text_title_textbox[CONTENT FINAL-2021 International Fire Code]&#34;, &#34;duration&#34;: &#34;00:00:23&#34;, &#34;resultsTableRow&#34;: [&#34;&lt;td class=\&#34;col-result\&#34;&gt;Failed&lt;/td&gt;&#34;, &#34;&lt;td class=\&#34;col-testId\&#34;&gt;test_cases/test_dashboard_page.py::Test_Dashboard_Page::test_search_text_title_textbox[CONTENT FINAL-2021 International Fire Code]&lt;/td&gt;&#34;, &#34;&lt;td class=\&#34;col-duration\&#34;&gt;00:00:23&lt;/td&gt;&#34;, &#34;&lt;td class=\&#34;col-links\&#34;&gt;&lt;/td&gt;&#34;], &#34;log&#34;: &#34;self = &amp;lt;test_cases.test_dashboard_page.Test_Dashboard_Page object at 0x000002BB6A19EFD0&amp;gt;, tab_name = &amp;#x27;CONTENT FINAL&amp;#x27;, title = &amp;#x27;2021 International Fire Code&amp;#x27;\n\n    @allure.title(&amp;quot;Verify search title&amp;quot;)\n    @allure.severity(allure.severity_level.CRITICAL)\n    @pytest.mark.parametrize(\n        (&amp;quot;tab_name&amp;quot;, &amp;quot;title&amp;quot;),\n        [\n            (&amp;quot;ACTIVE PROJECTS&amp;quot;, &amp;quot;IPMC2021 First Printing&amp;quot;),\n            (&amp;quot;INACTIVE PROJECTS&amp;quot;, &amp;quot;2021 IECC&amp;quot;),\n            (&amp;quot;CONTENT FINAL&amp;quot;, &amp;quot;2021 International Fire Code&amp;quot;),\n        ],\n    )\n    def test_search_text_title_textbox(self, tab_name, title):\n&amp;gt;       self.dashboardpage.click_tabs(tab_name)\n\ntest_cases\\test_dashboard_page.py:88: \n_ _ _ _ _ _ _ _ _ _ _ _ _ _ _ _ _ _ _ _ _ _ _ _ _ _ _ _ _ _ _ _ _ _ _ _ _ _ _ _ _ _ _ _ _ _ _ _ _ _ _ _ _ _ _ _ _ _ _ _ _ _ _ _ _ _ _ _ _ _ _ _ _ _ _ _ _ _ _ _ _ _ \npage_objects\\dashboard_page.py:66: in click_tabs\n    for tab in self.baseclass.wait_until_elements(self.tabs):\nuitility\\baseclass.py:54: in wait_until_elements\n    return self.wait.until(EC.presence_of_all_elements_located(locator))\n_ _ _ _ _ _ _ _ _ _ _ _ _ _ _ _ _ _ _ _ _ _ _ _ _ _ _ _ _ _ _ _ _ _ _ _ _ _ _ _ _ _ _ _ _ _ _ _ _ _ _ _ _ _ _ _ _ _ _ _ _ _ _ _ _ _ _ _ _ _ _ _ _ _ _ _ _ _ _ _ _ _ \n\nself = &amp;lt;selenium.webdriver.support.wait.WebDriverWait (session=&amp;quot;e90bf60b9e0264faae218cb450c9d5ed&amp;quot;)&amp;gt;\nmethod = &amp;lt;function presence_of_all_elements_located.&amp;lt;locals&amp;gt;._predicate at 0x000002BB6A3544A0&amp;gt;, message = &amp;#x27;&amp;#x27;\n\n    def until(self, method: Callable[[D], Union[Literal[False], T]], message: str = &amp;quot;&amp;quot;) -&amp;gt; T:\n        &amp;quot;&amp;quot;&amp;quot;Calls the method provided with the driver as an argument until the \\\n        return value does not evaluate to ``False``.\n    \n        :param method: callable(WebDriver)\n        :param message: optional message for :exc:`TimeoutException`\n        :returns: the result of the last call to `method`\n        :raises: :exc:`selenium.common.exceptions.TimeoutException` if timeout occurs\n        &amp;quot;&amp;quot;&amp;quot;\n        screen = None\n        stacktrace = None\n    \n        end_time = time.monotonic() + self._timeout\n        while True:\n            try:\n                value = method(self._driver)\n                if value:\n                    return value\n            except self._ignored_exceptions as exc:\n                screen = getattr(exc, &amp;quot;screen&amp;quot;, None)\n                stacktrace = getattr(exc, &amp;quot;stacktrace&amp;quot;, None)\n            time.sleep(self._poll)\n            if time.monotonic() &amp;gt; end_time:\n                break\n&amp;gt;       raise TimeoutException(message, screen, stacktrace)\nE       selenium.common.exceptions.TimeoutException: Message:\n\nvenv\\Lib\\site-packages\\selenium\\webdriver\\support\\wait.py:105: TimeoutException\n&#34;}], &#34;test_cases/test_dashboard_page.py::Test_Dashboard_Page::test_clear_title_textbox&#34;: [{&#34;extras&#34;: [], &#34;result&#34;: &#34;Passed&#34;, &#34;testId&#34;: &#34;test_cases/test_dashboard_page.py::Test_Dashboard_Page::test_clear_title_textbox&#34;, &#34;duration&#34;: &#34;00:00:16&#34;, &#34;resultsTableRow&#34;: [&#34;&lt;td class=\&#34;col-result\&#34;&gt;Passed&lt;/td&gt;&#34;, &#34;&lt;td class=\&#34;col-testId\&#34;&gt;test_cases/test_dashboard_page.py::Test_Dashboard_Page::test_clear_title_textbox&lt;/td&gt;&#34;, &#34;&lt;td class=\&#34;col-duration\&#34;&gt;00:00:16&lt;/td&gt;&#34;, &#34;&lt;td class=\&#34;col-links\&#34;&gt;&lt;/td&gt;&#34;], &#34;log&#34;: &#34;No log output captured.&#34;}], &#34;test_cases/test_dashboard_page.py::Test_Dashboard_Page::test_get_dashboard_button_text[ACTIVE PROJECTS-button_name0]&#34;: [{&#34;extras&#34;: [], &#34;result&#34;: &#34;Passed&#34;, &#34;testId&#34;: &#34;test_cases/test_dashboard_page.py::Test_Dashboard_Page::test_get_dashboard_button_text[ACTIVE PROJECTS-button_name0]&#34;, &#34;duration&#34;: &#34;00:00:09&#34;, &#34;resultsTableRow&#34;: [&#34;&lt;td class=\&#34;col-result\&#34;&gt;Passed&lt;/td&gt;&#34;, &#34;&lt;td class=\&#34;col-testId\&#34;&gt;test_cases/test_dashboard_page.py::Test_Dashboard_Page::test_get_dashboard_button_text[ACTIVE PROJECTS-button_name0]&lt;/td&gt;&#34;, &#34;&lt;td class=\&#34;col-duration\&#34;&gt;00:00:09&lt;/td&gt;&#34;, &#34;&lt;td class=\&#34;col-links\&#34;&gt;&lt;/td&gt;&#34;], &#34;log&#34;: &#34;No log output captured.&#34;}], &#34;test_cases/test_dashboard_page.py::Test_Dashboard_Page::test_get_dashboard_button_text[INACTIVE PROJECTS-button_name1]&#34;: [{&#34;extras&#34;: [], &#34;result&#34;: &#34;Passed&#34;, &#34;testId&#34;: &#34;test_cases/test_dashboard_page.py::Test_Dashboard_Page::test_get_dashboard_button_text[INACTIVE PROJECTS-button_name1]&#34;, &#34;duration&#34;: &#34;00:00:07&#34;, &#34;resultsTableRow&#34;: [&#34;&lt;td class=\&#34;col-result\&#34;&gt;Passed&lt;/td&gt;&#34;, &#34;&lt;td class=\&#34;col-testId\&#34;&gt;test_cases/test_dashboard_page.py::Test_Dashboard_Page::test_get_dashboard_button_text[INACTIVE PROJECTS-button_name1]&lt;/td&gt;&#34;, &#34;&lt;td class=\&#34;col-duration\&#34;&gt;00:00:07&lt;/td&gt;&#34;, &#34;&lt;td class=\&#34;col-links\&#34;&gt;&lt;/td&gt;&#34;], &#34;log&#34;: &#34;No log output captured.&#34;}], &#34;test_cases/test_dashboard_page.py::Test_Dashboard_Page::test_get_dashboard_button_text[CONTENT FINAL-button_name2]&#34;: [{&#34;extras&#34;: [], &#34;result&#34;: &#34;Passed&#34;, &#34;testId&#34;: &#34;test_cases/test_dashboard_page.py::Test_Dashboard_Page::test_get_dashboard_button_text[CONTENT FINAL-button_name2]&#34;, &#34;duration&#34;: &#34;00:00:07&#34;, &#34;resultsTableRow&#34;: [&#34;&lt;td class=\&#34;col-result\&#34;&gt;Passed&lt;/td&gt;&#34;, &#34;&lt;td class=\&#34;col-testId\&#34;&gt;test_cases/test_dashboard_page.py::Test_Dashboard_Page::test_get_dashboard_button_text[CONTENT FINAL-button_name2]&lt;/td&gt;&#34;, &#34;&lt;td class=\&#34;col-duration\&#34;&gt;00:00:07&lt;/td&gt;&#34;, &#34;&lt;td class=\&#34;col-links\&#34;&gt;&lt;/td&gt;&#34;], &#34;log&#34;: &#34;No log output captured.&#34;}], &#34;test_cases/test_dashboard_page.py::Test_Dashboard_Page::test_view_project[ACTIVE PROJECTS]&#34;: [{&#34;extras&#34;: [], &#34;result&#34;: &#34;Passed&#34;, &#34;testId&#34;: &#34;test_cases/test_dashboard_page.py::Test_Dashboard_Page::test_view_project[ACTIVE PROJECTS]&#34;, &#34;duration&#34;: &#34;00:00:14&#34;, &#34;resultsTableRow&#34;: [&#34;&lt;td class=\&#34;col-result\&#34;&gt;Passed&lt;/td&gt;&#34;, &#34;&lt;td class=\&#34;col-testId\&#34;&gt;test_cases/test_dashboard_page.py::Test_Dashboard_Page::test_view_project[ACTIVE PROJECTS]&lt;/td&gt;&#34;, &#34;&lt;td class=\&#34;col-duration\&#34;&gt;00:00:14&lt;/td&gt;&#34;, &#34;&lt;td class=\&#34;col-links\&#34;&gt;&lt;/td&gt;&#34;], &#34;log&#34;: &#34;No log output captured.&#34;}], &#34;test_cases/test_dashboard_page.py::Test_Dashboard_Page::test_view_project[INACTIVE PROJECTS]&#34;: [{&#34;extras&#34;: [], &#34;result&#34;: &#34;Passed&#34;, &#34;testId&#34;: &#34;test_cases/test_dashboard_page.py::Test_Dashboard_Page::test_view_project[INACTIVE PROJECTS]&#34;, &#34;duration&#34;: &#34;00:00:13&#34;, &#34;resultsTableRow&#34;: [&#34;&lt;td class=\&#34;col-result\&#34;&gt;Passed&lt;/td&gt;&#34;, &#34;&lt;td class=\&#34;col-testId\&#34;&gt;test_cases/test_dashboard_page.py::Test_Dashboard_Page::test_view_project[INACTIVE PROJECTS]&lt;/td&gt;&#34;, &#34;&lt;td class=\&#34;col-duration\&#34;&gt;00:00:13&lt;/td&gt;&#34;, &#34;&lt;td class=\&#34;col-links\&#34;&gt;&lt;/td&gt;&#34;], &#34;log&#34;: &#34;No log output captured.&#34;}], &#34;test_cases/test_dashboard_page.py::Test_Dashboard_Page::test_view_project[CONTENT FINAL]&#34;: [{&#34;extras&#34;: [], &#34;result&#34;: &#34;Passed&#34;, &#34;testId&#34;: &#34;test_cases/test_dashboard_page.py::Test_Dashboard_Page::test_view_project[CONTENT FINAL]&#34;, &#34;duration&#34;: &#34;00:00:15&#34;, &#34;resultsTableRow&#34;: [&#34;&lt;td class=\&#34;col-result\&#34;&gt;Passed&lt;/td&gt;&#34;, &#34;&lt;td class=\&#34;col-testId\&#34;&gt;test_cases/test_dashboard_page.py::Test_Dashboard_Page::test_view_project[CONTENT FINAL]&lt;/td&gt;&#34;, &#34;&lt;td class=\&#34;col-duration\&#34;&gt;00:00:15&lt;/td&gt;&#34;, &#34;&lt;td class=\&#34;col-links\&#34;&gt;&lt;/td&gt;&#34;], &#34;log&#34;: &#34;No log output captured.&#34;}], &#34;test_cases/test_dashboard_page.py::Test_Dashboard_Page::test_project_details[ACTIVE PROJECTS]&#34;: [{&#34;extras&#34;: [{&#34;name&#34;: null, &#34;format_type&#34;: &#34;html&#34;, &#34;content&#34;: &#34;&lt;div&gt;&lt;img src=\&#34;D:\\python program\\ICC-Shop\\Screenshot/test_project_details[ACTIVE PROJECTS].png\&#34; alt=\&#34;screenshot\&#34; style=\&#34;width:204px;height:128px;\&#34; onclick=\&#34;window.open(this.src)\&#34; align=\&#34;right\&#34;/&gt;&lt;/div&gt;&#34;, &#34;mime_type&#34;: null, &#34;extension&#34;: null}], &#34;result&#34;: &#34;Failed&#34;, &#34;testId&#34;: &#34;test_cases/test_dashboard_page.py::Test_Dashboard_Page::test_project_details[ACTIVE PROJECTS]&#34;, &#34;duration&#34;: &#34;00:00:36&#34;, &#34;resultsTableRow&#34;: [&#34;&lt;td class=\&#34;col-result\&#34;&gt;Failed&lt;/td&gt;&#34;, &#34;&lt;td class=\&#34;col-testId\&#34;&gt;test_cases/test_dashboard_page.py::Test_Dashboard_Page::test_project_details[ACTIVE PROJECTS]&lt;/td&gt;&#34;, &#34;&lt;td class=\&#34;col-duration\&#34;&gt;00:00:36&lt;/td&gt;&#34;, &#34;&lt;td class=\&#34;col-links\&#34;&gt;&lt;/td&gt;&#34;], &#34;log&#34;: &#34;self = &amp;lt;test_cases.test_dashboard_page.Test_Dashboard_Page object at 0x000002BB6A1A9150&amp;gt;, tab_name = &amp;#x27;ACTIVE PROJECTS&amp;#x27;\n\n    @allure.title(&amp;quot;Verify project details button&amp;quot;)\n    @allure.severity(allure.severity_level.BLOCKER)\n    @pytest.mark.parametrize(\n        &amp;quot;tab_name&amp;quot;,\n        [&amp;quot;ACTIVE PROJECTS&amp;quot;, &amp;quot;CONTENT FINAL&amp;quot;],\n    )\n    def test_project_details(self, tab_name):\n        self.dashboardpage.click_tabs(tab_name)\n        project_name_1 = self.dashboardpage.get_first_project_name()\n        title_name_1 = self.dashboardpage.get_first_title_name()\n        self.dashboardpage.click_project_name(project_name_1)\n        self.dashboardpage.click_dashboard_button(PROJECT_DETAILS)\n        time.sleep(4)\n&amp;gt;       project_name_2 = self.addproject_page.get_filled_text(PROJECT_NAME)\n\ntest_cases\\test_dashboard_page.py:156: \n_ _ _ _ _ _ _ _ _ _ _ _ _ _ _ _ _ _ _ _ _ _ _ _ _ _ _ _ _ _ _ _ _ _ _ _ _ _ _ _ _ _ _ _ _ _ _ _ _ _ _ _ _ _ _ _ _ _ _ _ _ _ _ _ _ _ _ _ _ _ _ _ _ _ _ _ _ _ _ _ _ _ \npage_objects\\add_edit_project_page.py:134: in get_filled_text\n    filled_text = self.baseclass.get_text_javascript_executor_textbox(\nuitility\\baseclass.py:99: in get_text_javascript_executor_textbox\n    element = self.wait.until(EC.presence_of_element_located(locator))\n_ _ _ _ _ _ _ _ _ _ _ _ _ _ _ _ _ _ _ _ _ _ _ _ _ _ _ _ _ _ _ _ _ _ _ _ _ _ _ _ _ _ _ _ _ _ _ _ _ _ _ _ _ _ _ _ _ _ _ _ _ _ _ _ _ _ _ _ _ _ _ _ _ _ _ _ _ _ _ _ _ _ \n\nself = &amp;lt;selenium.webdriver.support.wait.WebDriverWait (session=&amp;quot;e90bf60b9e0264faae218cb450c9d5ed&amp;quot;)&amp;gt;\nmethod = &amp;lt;function presence_of_element_located.&amp;lt;locals&amp;gt;._predicate at 0x000002BB6A354720&amp;gt;, message = &amp;#x27;&amp;#x27;\n\n    def until(self, method: Callable[[D], Union[Literal[False], T]], message: str = &amp;quot;&amp;quot;) -&amp;gt; T:\n        &amp;quot;&amp;quot;&amp;quot;Calls the method provided with the driver as an argument until the \\\n        return value does not evaluate to ``False``.\n    \n        :param method: callable(WebDriver)\n        :param message: optional message for :exc:`TimeoutException`\n        :returns: the result of the last call to `method`\n        :raises: :exc:`selenium.common.exceptions.TimeoutException` if timeout occurs\n        &amp;quot;&amp;quot;&amp;quot;\n        screen = None\n        stacktrace = None\n    \n        end_time = time.monotonic() + self._timeout\n        while True:\n            try:\n                value = method(self._driver)\n                if value:\n                    return value\n            except self._ignored_exceptions as exc:\n                screen = getattr(exc, &amp;quot;screen&amp;quot;, None)\n                stacktrace = getattr(exc, &amp;quot;stacktrace&amp;quot;, None)\n            time.sleep(self._poll)\n            if time.monotonic() &amp;gt; end_time:\n                break\n&amp;gt;       raise TimeoutException(message, screen, stacktrace)\nE       selenium.common.exceptions.TimeoutException: Message: \nE       Stacktrace:\nE       \tGetHandleVerifier [0x00007FF7267F9642+30946]\nE       \t(No symbol) [0x00007FF7267AE3D9]\nE       \t(No symbol) [0x00007FF7266A6FDA]\nE       \t(No symbol) [0x00007FF7266F822C]\nE       \t(No symbol) [0x00007FF7266F850C]\nE       \t(No symbol) [0x00007FF72673DCB7]\nE       \t(No symbol) [0x00007FF72671CAAF]\nE       \t(No symbol) [0x00007FF72673B041]\nE       \t(No symbol) [0x00007FF72671C813]\nE       \t(No symbol) [0x00007FF7266EA6E5]\nE       \t(No symbol) [0x00007FF7266EB021]\nE       \tGetHandleVerifier [0x00007FF72692F84D+1301229]\nE       \tGetHandleVerifier [0x00007FF72693BDC7+1351783]\nE       \tGetHandleVerifier [0x00007FF726932A13+1313971]\nE       \tGetHandleVerifier [0x00007FF72682DD16+245686]\nE       \t(No symbol) [0x00007FF7267B759F]\nE       \t(No symbol) [0x00007FF7267B3814]\nE       \t(No symbol) [0x00007FF7267B39A2]\nE       \t(No symbol) [0x00007FF7267AA3FF]\nE       \tBaseThreadInitThunk [0x00007FF9342D7374+20]\nE       \tRtlUserThreadStart [0x00007FF935A5CC91+33]\n\nvenv\\Lib\\site-packages\\selenium\\webdriver\\support\\wait.py:105: TimeoutException\n&#34;}], &#34;test_cases/test_dashboard_page.py::Test_Dashboard_Page::test_project_details[CONTENT FINAL]&#34;: [{&#34;extras&#34;: [{&#34;name&#34;: null, &#34;format_type&#34;: &#34;html&#34;, &#34;content&#34;: &#34;&lt;div&gt;&lt;img src=\&#34;D:\\python program\\ICC-Shop\\Screenshot/test_project_details[CONTENT FINAL].png\&#34; alt=\&#34;screenshot\&#34; style=\&#34;width:204px;height:128px;\&#34; onclick=\&#34;window.open(this.src)\&#34; align=\&#34;right\&#34;/&gt;&lt;/div&gt;&#34;, &#34;mime_type&#34;: null, &#34;extension&#34;: null}], &#34;result&#34;: &#34;Failed&#34;, &#34;testId&#34;: &#34;test_cases/test_dashboard_page.py::Test_Dashboard_Page::test_project_details[CONTENT FINAL]&#34;, &#34;duration&#34;: &#34;00:00:23&#34;, &#34;resultsTableRow&#34;: [&#34;&lt;td class=\&#34;col-result\&#34;&gt;Failed&lt;/td&gt;&#34;, &#34;&lt;td class=\&#34;col-testId\&#34;&gt;test_cases/test_dashboard_page.py::Test_Dashboard_Page::test_project_details[CONTENT FINAL]&lt;/td&gt;&#34;, &#34;&lt;td class=\&#34;col-duration\&#34;&gt;00:00:23&lt;/td&gt;&#34;, &#34;&lt;td class=\&#34;col-links\&#34;&gt;&lt;/td&gt;&#34;], &#34;log&#34;: &#34;self = &amp;lt;test_cases.test_dashboard_page.Test_Dashboard_Page object at 0x000002BB6A1A92D0&amp;gt;, tab_name = &amp;#x27;CONTENT FINAL&amp;#x27;\n\n    @allure.title(&amp;quot;Verify project details button&amp;quot;)\n    @allure.severity(allure.severity_level.BLOCKER)\n    @pytest.mark.parametrize(\n        &amp;quot;tab_name&amp;quot;,\n        [&amp;quot;ACTIVE PROJECTS&amp;quot;, &amp;quot;CONTENT FINAL&amp;quot;],\n    )\n    def test_project_details(self, tab_name):\n&amp;gt;       self.dashboardpage.click_tabs(tab_name)\n\ntest_cases\\test_dashboard_page.py:150: \n_ _ _ _ _ _ _ _ _ _ _ _ _ _ _ _ _ _ _ _ _ _ _ _ _ _ _ _ _ _ _ _ _ _ _ _ _ _ _ _ _ _ _ _ _ _ _ _ _ _ _ _ _ _ _ _ _ _ _ _ _ _ _ _ _ _ _ _ _ _ _ _ _ _ _ _ _ _ _ _ _ _ \npage_objects\\dashboard_page.py:66: in click_tabs\n    for tab in self.baseclass.wait_until_elements(self.tabs):\nuitility\\baseclass.py:54: in wait_until_elements\n    return self.wait.until(EC.presence_of_all_elements_located(locator))\n_ _ _ _ _ _ _ _ _ _ _ _ _ _ _ _ _ _ _ _ _ _ _ _ _ _ _ _ _ _ _ _ _ _ _ _ _ _ _ _ _ _ _ _ _ _ _ _ _ _ _ _ _ _ _ _ _ _ _ _ _ _ _ _ _ _ _ _ _ _ _ _ _ _ _ _ _ _ _ _ _ _ \n\nself = &amp;lt;selenium.webdriver.support.wait.WebDriverWait (session=&amp;quot;e90bf60b9e0264faae218cb450c9d5ed&amp;quot;)&amp;gt;\nmethod = &amp;lt;function presence_of_all_elements_located.&amp;lt;locals&amp;gt;._predicate at 0x000002BB6A354F40&amp;gt;, message = &amp;#x27;&amp;#x27;\n\n    def until(self, method: Callable[[D], Union[Literal[False], T]], message: str = &amp;quot;&amp;quot;) -&amp;gt; T:\n        &amp;quot;&amp;quot;&amp;quot;Calls the method provided with the driver as an argument until the \\\n        return value does not evaluate to ``False``.\n    \n        :param method: callable(WebDriver)\n        :param message: optional message for :exc:`TimeoutException`\n        :returns: the result of the last call to `method`\n        :raises: :exc:`selenium.common.exceptions.TimeoutException` if timeout occurs\n        &amp;quot;&amp;quot;&amp;quot;\n        screen = None\n        stacktrace = None\n    \n        end_time = time.monotonic() + self._timeout\n        while True:\n            try:\n                value = method(self._driver)\n                if value:\n                    return value\n            except self._ignored_exceptions as exc:\n                screen = getattr(exc, &amp;quot;screen&amp;quot;, None)\n                stacktrace = getattr(exc, &amp;quot;stacktrace&amp;quot;, None)\n            time.sleep(self._poll)\n            if time.monotonic() &amp;gt; end_time:\n                break\n&amp;gt;       raise TimeoutException(message, screen, stacktrace)\nE       selenium.common.exceptions.TimeoutException: Message:\n\nvenv\\Lib\\site-packages\\selenium\\webdriver\\support\\wait.py:105: TimeoutException\n&#34;}], &#34;test_cases/test_dashboard_page.py::Test_Dashboard_Page::test_add_project_button&#34;: [{&#34;extras&#34;: [{&#34;name&#34;: null, &#34;format_type&#34;: &#34;html&#34;, &#34;content&#34;: &#34;&lt;div&gt;&lt;img src=\&#34;D:\\python program\\ICC-Shop\\Screenshot/test_add_project_button.png\&#34; alt=\&#34;screenshot\&#34; style=\&#34;width:204px;height:128px;\&#34; onclick=\&#34;window.open(this.src)\&#34; align=\&#34;right\&#34;/&gt;&lt;/div&gt;&#34;, &#34;mime_type&#34;: null, &#34;extension&#34;: null}], &#34;result&#34;: &#34;Failed&#34;, &#34;testId&#34;: &#34;test_cases/test_dashboard_page.py::Test_Dashboard_Page::test_add_project_button&#34;, &#34;duration&#34;: &#34;00:01:04&#34;, &#34;resultsTableRow&#34;: [&#34;&lt;td class=\&#34;col-result\&#34;&gt;Failed&lt;/td&gt;&#34;, &#34;&lt;td class=\&#34;col-testId\&#34;&gt;test_cases/test_dashboard_page.py::Test_Dashboard_Page::test_add_project_button&lt;/td&gt;&#34;, &#34;&lt;td class=\&#34;col-duration\&#34;&gt;00:01:04&lt;/td&gt;&#34;, &#34;&lt;td class=\&#34;col-links\&#34;&gt;&lt;/td&gt;&#34;], &#34;log&#34;: &#34;FAILURE: check Add Project == None: Expecated: Add Project, equal to Founded: None\ntest_dashboard_page.py:167 in test_add_project_button() -&amp;gt; Baseclass.assert_equals(&amp;quot;Add Project&amp;quot;, text)\nbaseclass.py:143 in assert_equals() -&amp;gt; check.equal(\n\n------------------------------------------------------------\nFailed Checks: 1\n\n----------------------------- Captured stdout call -----------------------------\nElement: (&amp;#x27;xpath&amp;#x27;, &amp;quot;//span[text()=&amp;#x27; Add Project &amp;#x27;]&amp;quot;) : Message: \nStacktrace:\n\tGetHandleVerifier [0x00007FF7267F9642+30946]\n\t(No symbol) [0x00007FF7267AE3D9]\n\t(No symbol) [0x00007FF7266A6FDA]\n\t(No symbol) [0x00007FF7266F822C]\n\t(No symbol) [0x00007FF7266F850C]\n\t(No symbol) [0x00007FF72673DCB7]\n\t(No symbol) [0x00007FF72671CAAF]\n\t(No symbol) [0x00007FF72673B041]\n\t(No symbol) [0x00007FF72671C813]\n\t(No symbol) [0x00007FF7266EA6E5]\n\t(No symbol) [0x00007FF7266EB021]\n\tGetHandleVerifier [0x00007FF72692F84D+1301229]\n\tGetHandleVerifier [0x00007FF72693BDC7+1351783]\n\tGetHandleVerifier [0x00007FF726932A13+1313971]\n\tGetHandleVerifier [0x00007FF72682DD16+245686]\n\t(No symbol) [0x00007FF7267B759F]\n\t(No symbol) [0x00007FF7267B3814]\n\t(No symbol) [0x00007FF7267B39A2]\n\t(No symbol) [0x00007FF7267AA3FF]\n\tBaseThreadInitThunk [0x00007FF9342D7374+20]\n\tRtlUserThreadStart [0x00007FF935A5CC91+33]\n\nElement: (&amp;#x27;xpath&amp;#x27;, &amp;quot;//div[@class=&amp;#x27;v-toolbar-title__placeholder&amp;#x27;]&amp;quot;) : &amp;lt;built-in method with_traceback of TimeoutException object at 0x000002BB6A39E020&amp;gt;\nElement: (&amp;#x27;css selector&amp;#x27;, &amp;#x27;i.mdi-close&amp;#x27;) : Message: \nStacktrace:\n\tGetHandleVerifier [0x00007FF7267F9642+30946]\n\t(No symbol) [0x00007FF7267AE3D9]\n\t(No symbol) [0x00007FF7266A6FDA]\n\t(No symbol) [0x00007FF7266F822C]\n\t(No symbol) [0x00007FF7266F850C]\n\t(No symbol) [0x00007FF72673DCB7]\n\t(No symbol) [0x00007FF72671CAAF]\n\t(No symbol) [0x00007FF72673B041]\n\t(No symbol) [0x00007FF72671C813]\n\t(No symbol) [0x00007FF7266EA6E5]\n\t(No symbol) [0x00007FF7266EB021]\n\tGetHandleVerifier [0x00007FF72692F84D+1301229]\n\tGetHandleVerifier [0x00007FF72693BDC7+1351783]\n\tGetHandleVerifier [0x00007FF726932A13+1313971]\n\tGetHandleVerifier [0x00007FF72682DD16+245686]\n\t(No symbol) [0x00007FF7267B759F]\n\t(No symbol) [0x00007FF7267B3814]\n\t(No symbol) [0x00007FF7267B39A2]\n\t(No symbol) [0x00007FF7267AA3FF]\n\tBaseThreadInitThunk [0x00007FF9342D7374+20]\n\tRtlUserThreadStart [0x00007FF935A5CC91+33]\n\n&#34;}], &#34;test_cases/test_dashboard_page.py::Test_Dashboard_Page::test_remove_project[ACTIVE PROJECTS-Close]&#34;: [{&#34;extras&#34;: [{&#34;name&#34;: null, &#34;format_type&#34;: &#34;html&#34;, &#34;content&#34;: &#34;&lt;div&gt;&lt;img src=\&#34;D:\\python program\\ICC-Shop\\Screenshot/test_remove_project[ACTIVE PROJECTS-Close].png\&#34; alt=\&#34;screenshot\&#34; style=\&#34;width:204px;height:128px;\&#34; onclick=\&#34;window.open(this.src)\&#34; align=\&#34;right\&#34;/&gt;&lt;/div&gt;&#34;, &#34;mime_type&#34;: null, &#34;extension&#34;: null}], &#34;result&#34;: &#34;Failed&#34;, &#34;testId&#34;: &#34;test_cases/test_dashboard_page.py::Test_Dashboard_Page::test_remove_project[ACTIVE PROJECTS-Close]&#34;, &#34;duration&#34;: &#34;00:00:47&#34;, &#34;resultsTableRow&#34;: [&#34;&lt;td class=\&#34;col-result\&#34;&gt;Failed&lt;/td&gt;&#34;, &#34;&lt;td class=\&#34;col-testId\&#34;&gt;test_cases/test_dashboard_page.py::Test_Dashboard_Page::test_remove_project[ACTIVE PROJECTS-Close]&lt;/td&gt;&#34;, &#34;&lt;td class=\&#34;col-duration\&#34;&gt;00:00:47&lt;/td&gt;&#34;, &#34;&lt;td class=\&#34;col-links\&#34;&gt;&lt;/td&gt;&#34;], &#34;log&#34;: &#34;self = &amp;lt;test_cases.test_dashboard_page.Test_Dashboard_Page object at 0x000002BB6A1A9E10&amp;gt;, tab_name = &amp;#x27;ACTIVE PROJECTS&amp;#x27;, alert_text = &amp;#x27;Close&amp;#x27;\n\n    @allure.title(&amp;quot;Verify remove project&amp;quot;)\n    @allure.severity(allure.severity_level.BLOCKER)\n    @pytest.mark.parametrize(\n        (&amp;quot;tab_name&amp;quot;, &amp;quot;alert_text&amp;quot;),\n        [(&amp;quot;ACTIVE PROJECTS&amp;quot;, CLOSE), (&amp;quot;INACTIVE PROJECTS&amp;quot;, DELETE)],\n    )\n    def test_remove_project(self, tab_name, alert_text):\n        self.dashboardpage.click_tabs(tab_name)\n        project_name = self.dashboardpage.check_project_display(\n            &amp;quot;2021 International Mechanical Code&amp;quot;\n        )\n        self.dashboardpage.enter_text_title_textbox(project_name)\n        self.dashboardpage.click_project_name(project_name)\n        self.dashboardpage.click_dashboard_button(alert_text)\n        act_alert_text = self.dashboardpage.get_alert_text()\n        self.dashboardpage.click_on_alert_button(YES)\n        self.dashboardpage.wait_alert_dissappired()\n        Baseclass.assert_equals(alert_text + &amp;quot; Project?&amp;quot;, act_alert_text)\n&amp;gt;       result = self.dashboardpage.project_row_is_displayed()\n\ntest_cases\\test_dashboard_page.py:187: \n_ _ _ _ _ _ _ _ _ _ _ _ _ _ _ _ _ _ _ _ _ _ _ _ _ _ _ _ _ _ _ _ _ _ _ _ _ _ _ _ _ _ _ _ _ _ _ _ _ _ _ _ _ _ _ _ _ _ _ _ _ _ _ _ _ _ _ _ _ _ _ _ _ _ _ _ _ _ _ _ _ _ \npage_objects\\dashboard_page.py:141: in project_row_is_displayed\n    return self.baseclass.wait_until_invisibility(self.table_rows)\nuitility\\baseclass.py:108: in wait_until_invisibility\n    return self.wait.until(\n_ _ _ _ _ _ _ _ _ _ _ _ _ _ _ _ _ _ _ _ _ _ _ _ _ _ _ _ _ _ _ _ _ _ _ _ _ _ _ _ _ _ _ _ _ _ _ _ _ _ _ _ _ _ _ _ _ _ _ _ _ _ _ _ _ _ _ _ _ _ _ _ _ _ _ _ _ _ _ _ _ _ \n\nself = &amp;lt;selenium.webdriver.support.wait.WebDriverWait (session=&amp;quot;e90bf60b9e0264faae218cb450c9d5ed&amp;quot;)&amp;gt;\nmethod = &amp;lt;function invisibility_of_element_located.&amp;lt;locals&amp;gt;._predicate at 0x000002BB6A261760&amp;gt;, message = &amp;quot;(&amp;#x27;xpath&amp;#x27;, &amp;#x27;//tbody/tr&amp;#x27;) still visibal on screen&amp;quot;\n\n    def until(self, method: Callable[[D], Union[Literal[False], T]], message: str = &amp;quot;&amp;quot;) -&amp;gt; T:\n        &amp;quot;&amp;quot;&amp;quot;Calls the method provided with the driver as an argument until the \\\n        return value does not evaluate to ``False``.\n    \n        :param method: callable(WebDriver)\n        :param message: optional message for :exc:`TimeoutException`\n        :returns: the result of the last call to `method`\n        :raises: :exc:`selenium.common.exceptions.TimeoutException` if timeout occurs\n        &amp;quot;&amp;quot;&amp;quot;\n        screen = None\n        stacktrace = None\n    \n        end_time = time.monotonic() + self._timeout\n        while True:\n            try:\n                value = method(self._driver)\n                if value:\n                    return value\n            except self._ignored_exceptions as exc:\n                screen = getattr(exc, &amp;quot;screen&amp;quot;, None)\n                stacktrace = getattr(exc, &amp;quot;stacktrace&amp;quot;, None)\n            time.sleep(self._poll)\n            if time.monotonic() &amp;gt; end_time:\n                break\n&amp;gt;       raise TimeoutException(message, screen, stacktrace)\nE       selenium.common.exceptions.TimeoutException: Message: (&amp;#x27;xpath&amp;#x27;, &amp;#x27;//tbody/tr&amp;#x27;) still visibal on screen\n\nvenv\\Lib\\site-packages\\selenium\\webdriver\\support\\wait.py:105: TimeoutException\n&#34;}], &#34;test_cases/test_dashboard_page.py::Test_Dashboard_Page::test_remove_project[INACTIVE PROJECTS-Delete]&#34;: [{&#34;extras&#34;: [{&#34;name&#34;: null, &#34;format_type&#34;: &#34;html&#34;, &#34;content&#34;: &#34;&lt;div&gt;&lt;img src=\&#34;D:\\python program\\ICC-Shop\\Screenshot/test_remove_project[INACTIVE PROJECTS-Delete].png\&#34; alt=\&#34;screenshot\&#34; style=\&#34;width:204px;height:128px;\&#34; onclick=\&#34;window.open(this.src)\&#34; align=\&#34;right\&#34;/&gt;&lt;/div&gt;&#34;, &#34;mime_type&#34;: null, &#34;extension&#34;: null}], &#34;result&#34;: &#34;Failed&#34;, &#34;testId&#34;: &#34;test_cases/test_dashboard_page.py::Test_Dashboard_Page::test_remove_project[INACTIVE PROJECTS-Delete]&#34;, &#34;duration&#34;: &#34;00:00:42&#34;, &#34;resultsTableRow&#34;: [&#34;&lt;td class=\&#34;col-result\&#34;&gt;Failed&lt;/td&gt;&#34;, &#34;&lt;td class=\&#34;col-testId\&#34;&gt;test_cases/test_dashboard_page.py::Test_Dashboard_Page::test_remove_project[INACTIVE PROJECTS-Delete]&lt;/td&gt;&#34;, &#34;&lt;td class=\&#34;col-duration\&#34;&gt;00:00:42&lt;/td&gt;&#34;, &#34;&lt;td class=\&#34;col-links\&#34;&gt;&lt;/td&gt;&#34;], &#34;log&#34;: &#34;self = &amp;lt;test_cases.test_dashboard_page.Test_Dashboard_Page object at 0x000002BB6A1A9F90&amp;gt;, tab_name = &amp;#x27;INACTIVE PROJECTS&amp;#x27;, alert_text = &amp;#x27;Delete&amp;#x27;\n\n    @allure.title(&amp;quot;Verify remove project&amp;quot;)\n    @allure.severity(allure.severity_level.BLOCKER)\n    @pytest.mark.parametrize(\n        (&amp;quot;tab_name&amp;quot;, &amp;quot;alert_text&amp;quot;),\n        [(&amp;quot;ACTIVE PROJECTS&amp;quot;, CLOSE), (&amp;quot;INACTIVE PROJECTS&amp;quot;, DELETE)],\n    )\n    def test_remove_project(self, tab_name, alert_text):\n        self.dashboardpage.click_tabs(tab_name)\n        project_name = self.dashboardpage.check_project_display(\n            &amp;quot;2021 International Mechanical Code&amp;quot;\n        )\n        self.dashboardpage.enter_text_title_textbox(project_name)\n        self.dashboardpage.click_project_name(project_name)\n        self.dashboardpage.click_dashboard_button(alert_text)\n        act_alert_text = self.dashboardpage.get_alert_text()\n        self.dashboardpage.click_on_alert_button(YES)\n        self.dashboardpage.wait_alert_dissappired()\n        Baseclass.assert_equals(alert_text + &amp;quot; Project?&amp;quot;, act_alert_text)\n&amp;gt;       result = self.dashboardpage.project_row_is_displayed()\n\ntest_cases\\test_dashboard_page.py:187: \n_ _ _ _ _ _ _ _ _ _ _ _ _ _ _ _ _ _ _ _ _ _ _ _ _ _ _ _ _ _ _ _ _ _ _ _ _ _ _ _ _ _ _ _ _ _ _ _ _ _ _ _ _ _ _ _ _ _ _ _ _ _ _ _ _ _ _ _ _ _ _ _ _ _ _ _ _ _ _ _ _ _ \npage_objects\\dashboard_page.py:141: in project_row_is_displayed\n    return self.baseclass.wait_until_invisibility(self.table_rows)\nuitility\\baseclass.py:108: in wait_until_invisibility\n    return self.wait.until(\n_ _ _ _ _ _ _ _ _ _ _ _ _ _ _ _ _ _ _ _ _ _ _ _ _ _ _ _ _ _ _ _ _ _ _ _ _ _ _ _ _ _ _ _ _ _ _ _ _ _ _ _ _ _ _ _ _ _ _ _ _ _ _ _ _ _ _ _ _ _ _ _ _ _ _ _ _ _ _ _ _ _ \n\nself = &amp;lt;selenium.webdriver.support.wait.WebDriverWait (session=&amp;quot;e90bf60b9e0264faae218cb450c9d5ed&amp;quot;)&amp;gt;\nmethod = &amp;lt;function invisibility_of_element_located.&amp;lt;locals&amp;gt;._predicate at 0x000002BB6A261620&amp;gt;, message = &amp;quot;(&amp;#x27;xpath&amp;#x27;, &amp;#x27;//tbody/tr&amp;#x27;) still visibal on screen&amp;quot;\n\n    def until(self, method: Callable[[D], Union[Literal[False], T]], message: str = &amp;quot;&amp;quot;) -&amp;gt; T:\n        &amp;quot;&amp;quot;&amp;quot;Calls the method provided with the driver as an argument until the \\\n        return value does not evaluate to ``False``.\n    \n        :param method: callable(WebDriver)\n        :param message: optional message for :exc:`TimeoutException`\n        :returns: the result of the last call to `method`\n        :raises: :exc:`selenium.common.exceptions.TimeoutException` if timeout occurs\n        &amp;quot;&amp;quot;&amp;quot;\n        screen = None\n        stacktrace = None\n    \n        end_time = time.monotonic() + self._timeout\n        while True:\n            try:\n                value = method(self._driver)\n                if value:\n                    return value\n            except self._ignored_exceptions as exc:\n                screen = getattr(exc, &amp;quot;screen&amp;quot;, None)\n                stacktrace = getattr(exc, &amp;quot;stacktrace&amp;quot;, None)\n            time.sleep(self._poll)\n            if time.monotonic() &amp;gt; end_time:\n                break\n&amp;gt;       raise TimeoutException(message, screen, stacktrace)\nE       selenium.common.exceptions.TimeoutException: Message: (&amp;#x27;xpath&amp;#x27;, &amp;#x27;//tbody/tr&amp;#x27;) still visibal on screen\n\nvenv\\Lib\\site-packages\\selenium\\webdriver\\support\\wait.py:105: TimeoutException\n&#34;}], &#34;test_cases/test_add_project_page.py::Test_Add_Project_Page::test_cancel_to_add_project&#34;: [{&#34;extras&#34;: [], &#34;result&#34;: &#34;Passed&#34;, &#34;testId&#34;: &#34;test_cases/test_add_project_page.py::Test_Add_Project_Page::test_cancel_to_add_project&#34;, &#34;duration&#34;: &#34;00:00:09&#34;, &#34;resultsTableRow&#34;: [&#34;&lt;td class=\&#34;col-result\&#34;&gt;Passed&lt;/td&gt;&#34;, &#34;&lt;td class=\&#34;col-testId\&#34;&gt;test_cases/test_add_project_page.py::Test_Add_Project_Page::test_cancel_to_add_project&lt;/td&gt;&#34;, &#34;&lt;td class=\&#34;col-duration\&#34;&gt;00:00:09&lt;/td&gt;&#34;, &#34;&lt;td class=\&#34;col-links\&#34;&gt;&lt;/td&gt;&#34;], &#34;log&#34;: &#34;No log output captured.&#34;}], &#34;test_cases/test_add_project_page.py::Test_Add_Project_Page::test_add_project_enalbed&#34;: [{&#34;extras&#34;: [], &#34;result&#34;: &#34;Passed&#34;, &#34;testId&#34;: &#34;test_cases/test_add_project_page.py::Test_Add_Project_Page::test_add_project_enalbed&#34;, &#34;duration&#34;: &#34;00:00:02&#34;, &#34;resultsTableRow&#34;: [&#34;&lt;td class=\&#34;col-result\&#34;&gt;Passed&lt;/td&gt;&#34;, &#34;&lt;td class=\&#34;col-testId\&#34;&gt;test_cases/test_add_project_page.py::Test_Add_Project_Page::test_add_project_enalbed&lt;/td&gt;&#34;, &#34;&lt;td class=\&#34;col-duration\&#34;&gt;00:00:02&lt;/td&gt;&#34;, &#34;&lt;td class=\&#34;col-links\&#34;&gt;&lt;/td&gt;&#34;], &#34;log&#34;: &#34;No log output captured.&#34;}], &#34;test_cases/test_add_project_page.py::Test_Add_Project_Page::test_select_base_book&#34;: [{&#34;extras&#34;: [], &#34;result&#34;: &#34;Passed&#34;, &#34;testId&#34;: &#34;test_cases/test_add_project_page.py::Test_Add_Project_Page::test_select_base_book&#34;, &#34;duration&#34;: &#34;00:00:14&#34;, &#34;resultsTableRow&#34;: [&#34;&lt;td class=\&#34;col-result\&#34;&gt;Passed&lt;/td&gt;&#34;, &#34;&lt;td class=\&#34;col-testId\&#34;&gt;test_cases/test_add_project_page.py::Test_Add_Project_Page::test_select_base_book&lt;/td&gt;&#34;, &#34;&lt;td class=\&#34;col-duration\&#34;&gt;00:00:14&lt;/td&gt;&#34;, &#34;&lt;td class=\&#34;col-links\&#34;&gt;&lt;/td&gt;&#34;], &#34;log&#34;: &#34;No log output captured.&#34;}], &#34;test_cases/test_add_project_page.py::Test_Add_Project_Page::test_clear_from_add_new_project&#34;: [{&#34;extras&#34;: [], &#34;result&#34;: &#34;Passed&#34;, &#34;testId&#34;: &#34;test_cases/test_add_project_page.py::Test_Add_Project_Page::test_clear_from_add_new_project&#34;, &#34;duration&#34;: &#34;00:00:09&#34;, &#34;resultsTableRow&#34;: [&#34;&lt;td class=\&#34;col-result\&#34;&gt;Passed&lt;/td&gt;&#34;, &#34;&lt;td class=\&#34;col-testId\&#34;&gt;test_cases/test_add_project_page.py::Test_Add_Project_Page::test_clear_from_add_new_project&lt;/td&gt;&#34;, &#34;&lt;td class=\&#34;col-duration\&#34;&gt;00:00:09&lt;/td&gt;&#34;, &#34;&lt;td class=\&#34;col-links\&#34;&gt;&lt;/td&gt;&#34;], &#34;log&#34;: &#34;No log output captured.&#34;}], &#34;test_cases/test_add_project_page.py::Test_Add_Project_Page::test_add_new_project&#34;: [{&#34;extras&#34;: [], &#34;result&#34;: &#34;Passed&#34;, &#34;testId&#34;: &#34;test_cases/test_add_project_page.py::Test_Add_Project_Page::test_add_new_project&#34;, &#34;duration&#34;: &#34;00:00:46&#34;, &#34;resultsTableRow&#34;: [&#34;&lt;td class=\&#34;col-result\&#34;&gt;Passed&lt;/td&gt;&#34;, &#34;&lt;td class=\&#34;col-testId\&#34;&gt;test_cases/test_add_project_page.py::Test_Add_Project_Page::test_add_new_project&lt;/td&gt;&#34;, &#34;&lt;td class=\&#34;col-duration\&#34;&gt;00:00:46&lt;/td&gt;&#34;, &#34;&lt;td class=\&#34;col-links\&#34;&gt;&lt;/td&gt;&#34;], &#34;log&#34;: &#34;No log output captured.&#34;}], &#34;test_cases/test_view_project_page.py::Test_View_Project_Page::test_verify_defination_managemant&#34;: [{&#34;extras&#34;: [], &#34;result&#34;: &#34;Passed&#34;, &#34;testId&#34;: &#34;test_cases/test_view_project_page.py::Test_View_Project_Page::test_verify_defination_managemant&#34;, &#34;duration&#34;: &#34;00:00:25&#34;, &#34;resultsTableRow&#34;: [&#34;&lt;td class=\&#34;col-result\&#34;&gt;Passed&lt;/td&gt;&#34;, &#34;&lt;td class=\&#34;col-testId\&#34;&gt;test_cases/test_view_project_page.py::Test_View_Project_Page::test_verify_defination_managemant&lt;/td&gt;&#34;, &#34;&lt;td class=\&#34;col-duration\&#34;&gt;00:00:25&lt;/td&gt;&#34;, &#34;&lt;td class=\&#34;col-links\&#34;&gt;&lt;/td&gt;&#34;], &#34;log&#34;: &#34;No log output captured.&#34;}], &#34;test_cases/test_view_project_page.py::Test_View_Project_Page::test_verify_search_clear_defination&#34;: [{&#34;extras&#34;: [], &#34;result&#34;: &#34;Passed&#34;, &#34;testId&#34;: &#34;test_cases/test_view_project_page.py::Test_View_Project_Page::test_verify_search_clear_defination&#34;, &#34;duration&#34;: &#34;00:00:23&#34;, &#34;resultsTableRow&#34;: [&#34;&lt;td class=\&#34;col-result\&#34;&gt;Passed&lt;/td&gt;&#34;, &#34;&lt;td class=\&#34;col-testId\&#34;&gt;test_cases/test_view_project_page.py::Test_View_Project_Page::test_verify_search_clear_defination&lt;/td&gt;&#34;, &#34;&lt;td class=\&#34;col-duration\&#34;&gt;00:00:23&lt;/td&gt;&#34;, &#34;&lt;td class=\&#34;col-links\&#34;&gt;&lt;/td&gt;&#34;], &#34;log&#34;: &#34;No log output captured.&#34;}], &#34;test_cases/test_view_project_page.py::Test_View_Project_Page::test_verify_external_link_management&#34;: [{&#34;extras&#34;: [], &#34;result&#34;: &#34;Passed&#34;, &#34;testId&#34;: &#34;test_cases/test_view_project_page.py::Test_View_Project_Page::test_verify_external_link_management&#34;, &#34;duration&#34;: &#34;00:00:20&#34;, &#34;resultsTableRow&#34;: [&#34;&lt;td class=\&#34;col-result\&#34;&gt;Passed&lt;/td&gt;&#34;, &#34;&lt;td class=\&#34;col-testId\&#34;&gt;test_cases/test_view_project_page.py::Test_View_Project_Page::test_verify_external_link_management&lt;/td&gt;&#34;, &#34;&lt;td class=\&#34;col-duration\&#34;&gt;00:00:20&lt;/td&gt;&#34;, &#34;&lt;td class=\&#34;col-links\&#34;&gt;&lt;/td&gt;&#34;], &#34;log&#34;: &#34;No log output captured.&#34;}], &#34;test_cases/test_view_project_page.py::Test_View_Project_Page::test_verify_chapter_version_clickable_count&#34;: [{&#34;extras&#34;: [], &#34;result&#34;: &#34;Passed&#34;, &#34;testId&#34;: &#34;test_cases/test_view_project_page.py::Test_View_Project_Page::test_verify_chapter_version_clickable_count&#34;, &#34;duration&#34;: &#34;00:00:14&#34;, &#34;resultsTableRow&#34;: [&#34;&lt;td class=\&#34;col-result\&#34;&gt;Passed&lt;/td&gt;&#34;, &#34;&lt;td class=\&#34;col-testId\&#34;&gt;test_cases/test_view_project_page.py::Test_View_Project_Page::test_verify_chapter_version_clickable_count&lt;/td&gt;&#34;, &#34;&lt;td class=\&#34;col-duration\&#34;&gt;00:00:14&lt;/td&gt;&#34;, &#34;&lt;td class=\&#34;col-links\&#34;&gt;&lt;/td&gt;&#34;], &#34;log&#34;: &#34;No log output captured.&#34;}], &#34;test_cases/test_view_project_page.py::Test_View_Project_Page::test_verify_chapter_status[PREFACE]&#34;: [{&#34;extras&#34;: [], &#34;result&#34;: &#34;Passed&#34;, &#34;testId&#34;: &#34;test_cases/test_view_project_page.py::Test_View_Project_Page::test_verify_chapter_status[PREFACE]&#34;, &#34;duration&#34;: &#34;00:00:27&#34;, &#34;resultsTableRow&#34;: [&#34;&lt;td class=\&#34;col-result\&#34;&gt;Passed&lt;/td&gt;&#34;, &#34;&lt;td class=\&#34;col-testId\&#34;&gt;test_cases/test_view_project_page.py::Test_View_Project_Page::test_verify_chapter_status[PREFACE]&lt;/td&gt;&#34;, &#34;&lt;td class=\&#34;col-duration\&#34;&gt;00:00:27&lt;/td&gt;&#34;, &#34;&lt;td class=\&#34;col-links\&#34;&gt;&lt;/td&gt;&#34;], &#34;log&#34;: &#34;No log output captured.&#34;}], &#34;test_cases/test_view_project_page.py::Test_View_Project_Page::test_verify_chapter_status[CHAPTER 2 DEFINITIONS]&#34;: [{&#34;extras&#34;: [], &#34;result&#34;: &#34;Passed&#34;, &#34;testId&#34;: &#34;test_cases/test_view_project_page.py::Test_View_Project_Page::test_verify_chapter_status[CHAPTER 2 DEFINITIONS]&#34;, &#34;duration&#34;: &#34;00:00:20&#34;, &#34;resultsTableRow&#34;: [&#34;&lt;td class=\&#34;col-result\&#34;&gt;Passed&lt;/td&gt;&#34;, &#34;&lt;td class=\&#34;col-testId\&#34;&gt;test_cases/test_view_project_page.py::Test_View_Project_Page::test_verify_chapter_status[CHAPTER 2 DEFINITIONS]&lt;/td&gt;&#34;, &#34;&lt;td class=\&#34;col-duration\&#34;&gt;00:00:20&lt;/td&gt;&#34;, &#34;&lt;td class=\&#34;col-links\&#34;&gt;&lt;/td&gt;&#34;], &#34;log&#34;: &#34;No log output captured.&#34;}], &#34;test_cases/test_view_project_page.py::Test_View_Project_Page::test_verify_chapter_status[INDEX]&#34;: [{&#34;extras&#34;: [], &#34;result&#34;: &#34;Passed&#34;, &#34;testId&#34;: &#34;test_cases/test_view_project_page.py::Test_View_Project_Page::test_verify_chapter_status[INDEX]&#34;, &#34;duration&#34;: &#34;00:00:30&#34;, &#34;resultsTableRow&#34;: [&#34;&lt;td class=\&#34;col-result\&#34;&gt;Passed&lt;/td&gt;&#34;, &#34;&lt;td class=\&#34;col-testId\&#34;&gt;test_cases/test_view_project_page.py::Test_View_Project_Page::test_verify_chapter_status[INDEX]&lt;/td&gt;&#34;, &#34;&lt;td class=\&#34;col-duration\&#34;&gt;00:00:30&lt;/td&gt;&#34;, &#34;&lt;td class=\&#34;col-links\&#34;&gt;&lt;/td&gt;&#34;], &#34;log&#34;: &#34;No log output captured.&#34;}], &#34;test_cases/test_view_project_page.py::Test_View_Project_Page::test_verify_Fm_chapter_names&#34;: [{&#34;extras&#34;: [], &#34;result&#34;: &#34;Passed&#34;, &#34;testId&#34;: &#34;test_cases/test_view_project_page.py::Test_View_Project_Page::test_verify_Fm_chapter_names&#34;, &#34;duration&#34;: &#34;00:00:15&#34;, &#34;resultsTableRow&#34;: [&#34;&lt;td class=\&#34;col-result\&#34;&gt;Passed&lt;/td&gt;&#34;, &#34;&lt;td class=\&#34;col-testId\&#34;&gt;test_cases/test_view_project_page.py::Test_View_Project_Page::test_verify_Fm_chapter_names&lt;/td&gt;&#34;, &#34;&lt;td class=\&#34;col-duration\&#34;&gt;00:00:15&lt;/td&gt;&#34;, &#34;&lt;td class=\&#34;col-links\&#34;&gt;&lt;/td&gt;&#34;], &#34;log&#34;: &#34;No log output captured.&#34;}], &#34;test_cases/test_view_project_page.py::Test_View_Project_Page::test_verify_change_sequence_of_Fm_chapter&#34;: [{&#34;extras&#34;: [], &#34;result&#34;: &#34;Passed&#34;, &#34;testId&#34;: &#34;test_cases/test_view_project_page.py::Test_View_Project_Page::test_verify_change_sequence_of_Fm_chapter&#34;, &#34;duration&#34;: &#34;00:00:20&#34;, &#34;resultsTableRow&#34;: [&#34;&lt;td class=\&#34;col-result\&#34;&gt;Passed&lt;/td&gt;&#34;, &#34;&lt;td class=\&#34;col-testId\&#34;&gt;test_cases/test_view_project_page.py::Test_View_Project_Page::test_verify_change_sequence_of_Fm_chapter&lt;/td&gt;&#34;, &#34;&lt;td class=\&#34;col-duration\&#34;&gt;00:00:20&lt;/td&gt;&#34;, &#34;&lt;td class=\&#34;col-links\&#34;&gt;&lt;/td&gt;&#34;], &#34;log&#34;: &#34;No log output captured.&#34;}], &#34;test_cases/test_chapter_overview_page.py::Test_Chapter_Overview::test_verify_open_chapter_content&#34;: [{&#34;extras&#34;: [], &#34;result&#34;: &#34;Passed&#34;, &#34;testId&#34;: &#34;test_cases/test_chapter_overview_page.py::Test_Chapter_Overview::test_verify_open_chapter_content&#34;, &#34;duration&#34;: &#34;00:00:39&#34;, &#34;resultsTableRow&#34;: [&#34;&lt;td class=\&#34;col-result\&#34;&gt;Passed&lt;/td&gt;&#34;, &#34;&lt;td class=\&#34;col-testId\&#34;&gt;test_cases/test_chapter_overview_page.py::Test_Chapter_Overview::test_verify_open_chapter_content&lt;/td&gt;&#34;, &#34;&lt;td class=\&#34;col-duration\&#34;&gt;00:00:39&lt;/td&gt;&#34;, &#34;&lt;td class=\&#34;col-links\&#34;&gt;&lt;/td&gt;&#34;], &#34;log&#34;: &#34;No log output captured.&#34;}], &#34;test_cases/test_chapter_overview_page.py::Test_Chapter_Overview::test_verify_cancel_edit_chapter&#34;: [{&#34;extras&#34;: [], &#34;result&#34;: &#34;Passed&#34;, &#34;testId&#34;: &#34;test_cases/test_chapter_overview_page.py::Test_Chapter_Overview::test_verify_cancel_edit_chapter&#34;, &#34;duration&#34;: &#34;00:00:41&#34;, &#34;resultsTableRow&#34;: [&#34;&lt;td class=\&#34;col-result\&#34;&gt;Passed&lt;/td&gt;&#34;, &#34;&lt;td class=\&#34;col-testId\&#34;&gt;test_cases/test_chapter_overview_page.py::Test_Chapter_Overview::test_verify_cancel_edit_chapter&lt;/td&gt;&#34;, &#34;&lt;td class=\&#34;col-duration\&#34;&gt;00:00:41&lt;/td&gt;&#34;, &#34;&lt;td class=\&#34;col-links\&#34;&gt;&lt;/td&gt;&#34;], &#34;log&#34;: &#34;No log output captured.&#34;}], &#34;test_cases/test_chapter_overview_page.py::Test_Chapter_Overview::test_verify_edit_chapter_title_content&#34;: [{&#34;extras&#34;: [], &#34;result&#34;: &#34;Passed&#34;, &#34;testId&#34;: &#34;test_cases/test_chapter_overview_page.py::Test_Chapter_Overview::test_verify_edit_chapter_title_content&#34;, &#34;duration&#34;: &#34;00:01:08&#34;, &#34;resultsTableRow&#34;: [&#34;&lt;td class=\&#34;col-result\&#34;&gt;Passed&lt;/td&gt;&#34;, &#34;&lt;td class=\&#34;col-testId\&#34;&gt;test_cases/test_chapter_overview_page.py::Test_Chapter_Overview::test_verify_edit_chapter_title_content&lt;/td&gt;&#34;, &#34;&lt;td class=\&#34;col-duration\&#34;&gt;00:01:08&lt;/td&gt;&#34;, &#34;&lt;td class=\&#34;col-links\&#34;&gt;&lt;/td&gt;&#34;], &#34;log&#34;: &#34;No log output captured.&#34;}], &#34;test_cases/test_chapter_overview_page.py::Test_Chapter_Overview::test_verify_add_new_chapter&#34;: [{&#34;extras&#34;: [], &#34;result&#34;: &#34;Passed&#34;, &#34;testId&#34;: &#34;test_cases/test_chapter_overview_page.py::Test_Chapter_Overview::test_verify_add_new_chapter&#34;, &#34;duration&#34;: &#34;00:00:51&#34;, &#34;resultsTableRow&#34;: [&#34;&lt;td class=\&#34;col-result\&#34;&gt;Passed&lt;/td&gt;&#34;, &#34;&lt;td class=\&#34;col-testId\&#34;&gt;test_cases/test_chapter_overview_page.py::Test_Chapter_Overview::test_verify_add_new_chapter&lt;/td&gt;&#34;, &#34;&lt;td class=\&#34;col-duration\&#34;&gt;00:00:51&lt;/td&gt;&#34;, &#34;&lt;td class=\&#34;col-links\&#34;&gt;&lt;/td&gt;&#34;], &#34;log&#34;: &#34;No log output captured.&#34;}], &#34;test_cases/test_chapter_overview_page.py::Test_Chapter_Overview::test_verify_add_new_section&#34;: [{&#34;extras&#34;: [], &#34;result&#34;: &#34;Passed&#34;, &#34;testId&#34;: &#34;test_cases/test_chapter_overview_page.py::Test_Chapter_Overview::test_verify_add_new_section&#34;, &#34;duration&#34;: &#34;00:01:19&#34;, &#34;resultsTableRow&#34;: [&#34;&lt;td class=\&#34;col-result\&#34;&gt;Passed&lt;/td&gt;&#34;, &#34;&lt;td class=\&#34;col-testId\&#34;&gt;test_cases/test_chapter_overview_page.py::Test_Chapter_Overview::test_verify_add_new_section&lt;/td&gt;&#34;, &#34;&lt;td class=\&#34;col-duration\&#34;&gt;00:01:19&lt;/td&gt;&#34;, &#34;&lt;td class=\&#34;col-links\&#34;&gt;&lt;/td&gt;&#34;], &#34;log&#34;: &#34;No log output captured.&#34;}], &#34;test_cases/test_chapter_overview_page.py::Test_Chapter_Overview::test_verify_add_new_sub_section&#34;: [{&#34;extras&#34;: [], &#34;result&#34;: &#34;Passed&#34;, &#34;testId&#34;: &#34;test_cases/test_chapter_overview_page.py::Test_Chapter_Overview::test_verify_add_new_sub_section&#34;, &#34;duration&#34;: &#34;00:01:18&#34;, &#34;resultsTableRow&#34;: [&#34;&lt;td class=\&#34;col-result\&#34;&gt;Passed&lt;/td&gt;&#34;, &#34;&lt;td class=\&#34;col-testId\&#34;&gt;test_cases/test_chapter_overview_page.py::Test_Chapter_Overview::test_verify_add_new_sub_section&lt;/td&gt;&#34;, &#34;&lt;td class=\&#34;col-duration\&#34;&gt;00:01:18&lt;/td&gt;&#34;, &#34;&lt;td class=\&#34;col-links\&#34;&gt;&lt;/td&gt;&#34;], &#34;log&#34;: &#34;No log output captured.&#34;}], &#34;test_cases/test_chapter_overview_page.py::Test_Chapter_Overview::test_verify_add_figure_at_section[Section-Automation Section Figure-Fig Alt text]&#34;: [{&#34;extras&#34;: [{&#34;name&#34;: null, &#34;format_type&#34;: &#34;html&#34;, &#34;content&#34;: &#34;&lt;div&gt;&lt;img src=\&#34;D:\\python program\\ICC-Shop\\Screenshot/test_verify_add_figure_at_section[Section-Automation Section Figure-Fig Alt text].png\&#34; alt=\&#34;screenshot\&#34; style=\&#34;width:204px;height:128px;\&#34; onclick=\&#34;window.open(this.src)\&#34; align=\&#34;right\&#34;/&gt;&lt;/div&gt;&#34;, &#34;mime_type&#34;: null, &#34;extension&#34;: null}], &#34;result&#34;: &#34;Failed&#34;, &#34;testId&#34;: &#34;test_cases/test_chapter_overview_page.py::Test_Chapter_Overview::test_verify_add_figure_at_section[Section-Automation Section Figure-Fig Alt text]&#34;, &#34;duration&#34;: &#34;00:01:29&#34;, &#34;resultsTableRow&#34;: [&#34;&lt;td class=\&#34;col-result\&#34;&gt;Failed&lt;/td&gt;&#34;, &#34;&lt;td class=\&#34;col-testId\&#34;&gt;test_cases/test_chapter_overview_page.py::Test_Chapter_Overview::test_verify_add_figure_at_section[Section-Automation Section Figure-Fig Alt text]&lt;/td&gt;&#34;, &#34;&lt;td class=\&#34;col-duration\&#34;&gt;00:01:29&lt;/td&gt;&#34;, &#34;&lt;td class=\&#34;col-links\&#34;&gt;&lt;/td&gt;&#34;], &#34;log&#34;: &#34;self = &amp;lt;test_cases.test_chapter_overview_page.Test_Chapter_Overview object at 0x000002BB6A187390&amp;gt;, section_type = &amp;#x27;Section&amp;#x27;, fig_title = &amp;#x27;Automation Section Figure&amp;#x27;\nfig_alt_text = &amp;#x27;Fig Alt text&amp;#x27;\n\n    @allure.feature(&amp;quot;Figure&amp;quot;)\n    @allure.title(&amp;quot;Verify Add new Figure at section&amp;quot;)\n    @allure.severity(allure.severity_level.BLOCKER)\n    @pytest.mark.dependency(\n        name=&amp;quot;test_verify_add_figure_at_section&amp;quot;,\n        depends=[&amp;quot;test_verify_add_new_section&amp;quot;, &amp;quot;test_verify_add_new_sub_section&amp;quot;],\n        scope=&amp;quot;class&amp;quot;,\n    )\n    @pytest.mark.parametrize(\n        [&amp;quot;section_type&amp;quot;, &amp;quot;fig_title&amp;quot;, &amp;quot;fig_alt_text&amp;quot;],\n        [\n            (&amp;quot;Section&amp;quot;, &amp;quot;Automation Section Figure&amp;quot;, &amp;quot;Fig Alt text&amp;quot;),\n            (\n                &amp;quot;Sub-Section&amp;quot;,\n                &amp;quot;Automation Sub Section Figure&amp;quot;,\n                &amp;quot;Fig Alt text sub section&amp;quot;,\n            ),\n        ],\n    )\n    def test_verify_add_figure_at_section(self, section_type, fig_title, fig_alt_text):\n        self.dashboardpage.click_project_name(&amp;quot;2021 International Mechanical Code&amp;quot;)\n        self.dashboardpage.click_dashboard_button(VIEW_PROJECT)\n        self.viewprojectpage.click_on_chapter(&amp;quot;CHAPTER 16 AUTOMATION TEST&amp;quot;)\n        self.chap_overview.click_on_button(OPEN_CHAPTER)\n        self.chap_overview.click_on_section_on_toc(&amp;quot;SECTION 1601 SECTION DATA&amp;quot;)\n        if section_type == &amp;quot;Section&amp;quot;:\n            section_number = self.chap_overview.get_section_number(\n                &amp;quot;SECTION 1601 SECTION DATA&amp;quot;\n            )\n        else:\n            time.sleep(0.5)\n            section_number = self.chap_overview.get_sub_section_number(\n                &amp;quot;1601.1 Sub Section Data&amp;quot;\n            )\n    \n        self.header_footer.click_on_add_new()\n        time.sleep(0.5)\n        self.header_footer.click_on_model_list(NEW_CODE_ELEMENT)\n        self.header_footer.click_on_code_element_button(FIGURE)\n        self.chap_overview.click_edit_page_button(SET_FIG_ORDINAL)\n        time.sleep(0.5)\n        self.chap_overview.enter_new_ordinal_text(section_number)\n        self.chap_overview.click_relocate_alt_button(VALIDATE_LOCATION)\n        validate_text = self.chap_overview.get_validate_message()\n        self.chap_overview.click_relocate_alt_button(RELOCATE_FIG)\n        self.chap_overview.enter_text_in_textbox(FIG_NOTE_ABOVE, &amp;quot;Fig Above text&amp;quot;)\n        self.chap_overview.enter_text_in_textbox(FIG_NOTE_BELOW, &amp;quot;Fig Below text&amp;quot;)\n        self.chap_overview.enter_text_in_textbox(FIG_TITLE, fig_title)\n        self.chap_overview.enter_text_in_textbox(FIG_ALT, fig_alt_text)\n&amp;gt;       result = self.chap_overview.upload_figure(&amp;quot;Test Data/JPG_Valid.jpeg&amp;quot;)\n\ntest_cases\\test_chapter_overview_page.py:351: \n_ _ _ _ _ _ _ _ _ _ _ _ _ _ _ _ _ _ _ _ _ _ _ _ _ _ _ _ _ _ _ _ _ _ _ _ _ _ _ _ _ _ _ _ _ _ _ _ _ _ _ _ _ _ _ _ _ _ _ _ _ _ _ _ _ _ _ _ _ _ _ _ _ _ _ _ _ _ _ _ _ _ \n\nself = &amp;lt;page_objects.chapter_overview_page.Chapter_Overview_page object at 0x000002BB6A385710&amp;gt;, file_path = &amp;#x27;Test Data/JPG_Valid.jpeg&amp;#x27;\n\n    @allure.step(&amp;quot;Upload Figure&amp;quot;)\n    def upload_figure(self, file_path):\n        element = self.baseclass.wait_until(self.__fig_upload)\n        element.send_keys(os.path.abspath(file_path))\n        image = self.baseclass.wait_until(self.__uploaded_fig)\n&amp;gt;       return image.is_displayed()\nE       AttributeError: &amp;#x27;NoneType&amp;#x27; object has no attribute &amp;#x27;is_displayed&amp;#x27;\n\npage_objects\\chapter_overview_page.py:511: AttributeError\n\n----------------------------- Captured stdout call -----------------------------\nElement: (&amp;#x27;xpath&amp;#x27;, &amp;quot;//img[@class=&amp;#x27;v-img__img v-img__img--cover&amp;#x27;]&amp;quot;) : Message: \nStacktrace:\n\tGetHandleVerifier [0x00007FF7267F9642+30946]\n\t(No symbol) [0x00007FF7267AE3D9]\n\t(No symbol) [0x00007FF7266A6FDA]\n\t(No symbol) [0x00007FF7266F822C]\n\t(No symbol) [0x00007FF7266F850C]\n\t(No symbol) [0x00007FF72673DCB7]\n\t(No symbol) [0x00007FF72671CAAF]\n\t(No symbol) [0x00007FF72673B041]\n\t(No symbol) [0x00007FF72671C813]\n\t(No symbol) [0x00007FF7266EA6E5]\n\t(No symbol) [0x00007FF7266EB021]\n\tGetHandleVerifier [0x00007FF72692F84D+1301229]\n\tGetHandleVerifier [0x00007FF72693BDC7+1351783]\n\tGetHandleVerifier [0x00007FF726932A13+1313971]\n\tGetHandleVerifier [0x00007FF72682DD16+245686]\n\t(No symbol) [0x00007FF7267B759F]\n\t(No symbol) [0x00007FF7267B3814]\n\t(No symbol) [0x00007FF7267B39A2]\n\t(No symbol) [0x00007FF7267AA3FF]\n\tBaseThreadInitThunk [0x00007FF9342D7374+20]\n\tRtlUserThreadStart [0x00007FF935A5CC91+33]\n\n&#34;}], &#34;test_cases/test_chapter_overview_page.py::Test_Chapter_Overview::test_verify_add_figure_at_section[Sub-Section-Automation Sub Section Figure-Fig Alt text sub section]&#34;: [{&#34;extras&#34;: [{&#34;name&#34;: null, &#34;format_type&#34;: &#34;html&#34;, &#34;content&#34;: &#34;&lt;div&gt;&lt;img src=\&#34;D:\\python program\\ICC-Shop\\Screenshot/test_verify_add_figure_at_section[Sub-Section-Automation Sub Section Figure-Fig Alt text sub section].png\&#34; alt=\&#34;screenshot\&#34; style=\&#34;width:204px;height:128px;\&#34; onclick=\&#34;window.open(this.src)\&#34; align=\&#34;right\&#34;/&gt;&lt;/div&gt;&#34;, &#34;mime_type&#34;: null, &#34;extension&#34;: null}], &#34;result&#34;: &#34;Failed&#34;, &#34;testId&#34;: &#34;test_cases/test_chapter_overview_page.py::Test_Chapter_Overview::test_verify_add_figure_at_section[Sub-Section-Automation Sub Section Figure-Fig Alt text sub section]&#34;, &#34;duration&#34;: &#34;00:01:24&#34;, &#34;resultsTableRow&#34;: [&#34;&lt;td class=\&#34;col-result\&#34;&gt;Failed&lt;/td&gt;&#34;, &#34;&lt;td class=\&#34;col-testId\&#34;&gt;test_cases/test_chapter_overview_page.py::Test_Chapter_Overview::test_verify_add_figure_at_section[Sub-Section-Automation Sub Section Figure-Fig Alt text sub section]&lt;/td&gt;&#34;, &#34;&lt;td class=\&#34;col-duration\&#34;&gt;00:01:24&lt;/td&gt;&#34;, &#34;&lt;td class=\&#34;col-links\&#34;&gt;&lt;/td&gt;&#34;], &#34;log&#34;: &#34;self = &amp;lt;test_cases.test_chapter_overview_page.Test_Chapter_Overview object at 0x000002BB6A187510&amp;gt;, section_type = &amp;#x27;Sub-Section&amp;#x27;\nfig_title = &amp;#x27;Automation Sub Section Figure&amp;#x27;, fig_alt_text = &amp;#x27;Fig Alt text sub section&amp;#x27;\n\n    @allure.feature(&amp;quot;Figure&amp;quot;)\n    @allure.title(&amp;quot;Verify Add new Figure at section&amp;quot;)\n    @allure.severity(allure.severity_level.BLOCKER)\n    @pytest.mark.dependency(\n        name=&amp;quot;test_verify_add_figure_at_section&amp;quot;,\n        depends=[&amp;quot;test_verify_add_new_section&amp;quot;, &amp;quot;test_verify_add_new_sub_section&amp;quot;],\n        scope=&amp;quot;class&amp;quot;,\n    )\n    @pytest.mark.parametrize(\n        [&amp;quot;section_type&amp;quot;, &amp;quot;fig_title&amp;quot;, &amp;quot;fig_alt_text&amp;quot;],\n        [\n            (&amp;quot;Section&amp;quot;, &amp;quot;Automation Section Figure&amp;quot;, &amp;quot;Fig Alt text&amp;quot;),\n            (\n                &amp;quot;Sub-Section&amp;quot;,\n                &amp;quot;Automation Sub Section Figure&amp;quot;,\n                &amp;quot;Fig Alt text sub section&amp;quot;,\n            ),\n        ],\n    )\n    def test_verify_add_figure_at_section(self, section_type, fig_title, fig_alt_text):\n        self.dashboardpage.click_project_name(&amp;quot;2021 International Mechanical Code&amp;quot;)\n        self.dashboardpage.click_dashboard_button(VIEW_PROJECT)\n        self.viewprojectpage.click_on_chapter(&amp;quot;CHAPTER 16 AUTOMATION TEST&amp;quot;)\n        self.chap_overview.click_on_button(OPEN_CHAPTER)\n        self.chap_overview.click_on_section_on_toc(&amp;quot;SECTION 1601 SECTION DATA&amp;quot;)\n        if section_type == &amp;quot;Section&amp;quot;:\n            section_number = self.chap_overview.get_section_number(\n                &amp;quot;SECTION 1601 SECTION DATA&amp;quot;\n            )\n        else:\n            time.sleep(0.5)\n            section_number = self.chap_overview.get_sub_section_number(\n                &amp;quot;1601.1 Sub Section Data&amp;quot;\n            )\n    \n        self.header_footer.click_on_add_new()\n        time.sleep(0.5)\n        self.header_footer.click_on_model_list(NEW_CODE_ELEMENT)\n        self.header_footer.click_on_code_element_button(FIGURE)\n        self.chap_overview.click_edit_page_button(SET_FIG_ORDINAL)\n        time.sleep(0.5)\n        self.chap_overview.enter_new_ordinal_text(section_number)\n        self.chap_overview.click_relocate_alt_button(VALIDATE_LOCATION)\n        validate_text = self.chap_overview.get_validate_message()\n        self.chap_overview.click_relocate_alt_button(RELOCATE_FIG)\n        self.chap_overview.enter_text_in_textbox(FIG_NOTE_ABOVE, &amp;quot;Fig Above text&amp;quot;)\n        self.chap_overview.enter_text_in_textbox(FIG_NOTE_BELOW, &amp;quot;Fig Below text&amp;quot;)\n        self.chap_overview.enter_text_in_textbox(FIG_TITLE, fig_title)\n        self.chap_overview.enter_text_in_textbox(FIG_ALT, fig_alt_text)\n&amp;gt;       result = self.chap_overview.upload_figure(&amp;quot;Test Data/JPG_Valid.jpeg&amp;quot;)\n\ntest_cases\\test_chapter_overview_page.py:351: \n_ _ _ _ _ _ _ _ _ _ _ _ _ _ _ _ _ _ _ _ _ _ _ _ _ _ _ _ _ _ _ _ _ _ _ _ _ _ _ _ _ _ _ _ _ _ _ _ _ _ _ _ _ _ _ _ _ _ _ _ _ _ _ _ _ _ _ _ _ _ _ _ _ _ _ _ _ _ _ _ _ _ \n\nself = &amp;lt;page_objects.chapter_overview_page.Chapter_Overview_page object at 0x000002BB6A3C6D10&amp;gt;, file_path = &amp;#x27;Test Data/JPG_Valid.jpeg&amp;#x27;\n\n    @allure.step(&amp;quot;Upload Figure&amp;quot;)\n    def upload_figure(self, file_path):\n        element = self.baseclass.wait_until(self.__fig_upload)\n        element.send_keys(os.path.abspath(file_path))\n        image = self.baseclass.wait_until(self.__uploaded_fig)\n&amp;gt;       return image.is_displayed()\nE       AttributeError: &amp;#x27;NoneType&amp;#x27; object has no attribute &amp;#x27;is_displayed&amp;#x27;\n\npage_objects\\chapter_overview_page.py:511: AttributeError\n\n----------------------------- Captured stdout call -----------------------------\nElement: (&amp;#x27;xpath&amp;#x27;, &amp;quot;//img[@class=&amp;#x27;v-img__img v-img__img--cover&amp;#x27;]&amp;quot;) : Message: \nStacktrace:\n\tGetHandleVerifier [0x00007FF7267F9642+30946]\n\t(No symbol) [0x00007FF7267AE3D9]\n\t(No symbol) [0x00007FF7266A6FDA]\n\t(No symbol) [0x00007FF7266F822C]\n\t(No symbol) [0x00007FF7266F850C]\n\t(No symbol) [0x00007FF72673DCB7]\n\t(No symbol) [0x00007FF72671CAAF]\n\t(No symbol) [0x00007FF72673B041]\n\t(No symbol) [0x00007FF72671C813]\n\t(No symbol) [0x00007FF7266EA6E5]\n\t(No symbol) [0x00007FF7266EB021]\n\tGetHandleVerifier [0x00007FF72692F84D+1301229]\n\tGetHandleVerifier [0x00007FF72693BDC7+1351783]\n\tGetHandleVerifier [0x00007FF726932A13+1313971]\n\tGetHandleVerifier [0x00007FF72682DD16+245686]\n\t(No symbol) [0x00007FF7267B759F]\n\t(No symbol) [0x00007FF7267B3814]\n\t(No symbol) [0x00007FF7267B39A2]\n\t(No symbol) [0x00007FF7267AA3FF]\n\tBaseThreadInitThunk [0x00007FF9342D7374+20]\n\tRtlUserThreadStart [0x00007FF935A5CC91+33]\n\n&#34;}], &#34;test_cases/test_chapter_overview_page.py::Test_Chapter_Overview::test_verify_cancel_edit_figure[Automation Section Figure]&#34;: [{&#34;extras&#34;: [], &#34;result&#34;: &#34;Skipped&#34;, &#34;testId&#34;: &#34;test_cases/test_chapter_overview_page.py::Test_Chapter_Overview::test_verify_cancel_edit_figure[Automation Section Figure]::setup&#34;, &#34;duration&#34;: &#34;1 ms&#34;, &#34;resultsTableRow&#34;: [&#34;&lt;td class=\&#34;col-result\&#34;&gt;Skipped&lt;/td&gt;&#34;, &#34;&lt;td class=\&#34;col-testId\&#34;&gt;test_cases/test_chapter_overview_page.py::Test_Chapter_Overview::test_verify_cancel_edit_figure[Automation Section Figure]::setup&lt;/td&gt;&#34;, &#34;&lt;td class=\&#34;col-duration\&#34;&gt;1 ms&lt;/td&gt;&#34;, &#34;&lt;td class=\&#34;col-links\&#34;&gt;&lt;/td&gt;&#34;], &#34;log&#34;: &#34;(&amp;#x27;d:\\\\python program\\\\ICC-Shop\\\\venv\\\\Lib\\\\site-packages\\\\pytest_dependency.py&amp;#x27;, 101, &amp;#x27;Skipped: test_verify_cancel_edit_figure[Automation Section Figure] depends on test_verify_add_figure_at_section&amp;#x27;)\n&#34;}], &#34;test_cases/test_chapter_overview_page.py::Test_Chapter_Overview::test_verify_cancel_edit_figure[Automation Sub Section Figure]&#34;: [{&#34;extras&#34;: [], &#34;result&#34;: &#34;Skipped&#34;, &#34;testId&#34;: &#34;test_cases/test_chapter_overview_page.py::Test_Chapter_Overview::test_verify_cancel_edit_figure[Automation Sub Section Figure]::setup&#34;, &#34;duration&#34;: &#34;1 ms&#34;, &#34;resultsTableRow&#34;: [&#34;&lt;td class=\&#34;col-result\&#34;&gt;Skipped&lt;/td&gt;&#34;, &#34;&lt;td class=\&#34;col-testId\&#34;&gt;test_cases/test_chapter_overview_page.py::Test_Chapter_Overview::test_verify_cancel_edit_figure[Automation Sub Section Figure]::setup&lt;/td&gt;&#34;, &#34;&lt;td class=\&#34;col-duration\&#34;&gt;1 ms&lt;/td&gt;&#34;, &#34;&lt;td class=\&#34;col-links\&#34;&gt;&lt;/td&gt;&#34;], &#34;log&#34;: &#34;(&amp;#x27;d:\\\\python program\\\\ICC-Shop\\\\venv\\\\Lib\\\\site-packages\\\\pytest_dependency.py&amp;#x27;, 101, &amp;#x27;Skipped: test_verify_cancel_edit_figure[Automation Sub Section Figure] depends on test_verify_add_figure_at_section&amp;#x27;)\n&#34;}], &#34;test_cases/test_chapter_overview_page.py::Test_Chapter_Overview::test_verify_delete_figure_at_section[Automation Section Figure]&#34;: [{&#34;extras&#34;: [], &#34;result&#34;: &#34;Skipped&#34;, &#34;testId&#34;: &#34;test_cases/test_chapter_overview_page.py::Test_Chapter_Overview::test_verify_delete_figure_at_section[Automation Section Figure]::setup&#34;, &#34;duration&#34;: &#34;1 ms&#34;, &#34;resultsTableRow&#34;: [&#34;&lt;td class=\&#34;col-result\&#34;&gt;Skipped&lt;/td&gt;&#34;, &#34;&lt;td class=\&#34;col-testId\&#34;&gt;test_cases/test_chapter_overview_page.py::Test_Chapter_Overview::test_verify_delete_figure_at_section[Automation Section Figure]::setup&lt;/td&gt;&#34;, &#34;&lt;td class=\&#34;col-duration\&#34;&gt;1 ms&lt;/td&gt;&#34;, &#34;&lt;td class=\&#34;col-links\&#34;&gt;&lt;/td&gt;&#34;], &#34;log&#34;: &#34;(&amp;#x27;d:\\\\python program\\\\ICC-Shop\\\\venv\\\\Lib\\\\site-packages\\\\pytest_dependency.py&amp;#x27;, 101, &amp;#x27;Skipped: test_verify_delete_figure_at_section[Automation Section Figure] depends on test_verify_add_figure_at_section&amp;#x27;)\n&#34;}], &#34;test_cases/test_chapter_overview_page.py::Test_Chapter_Overview::test_verify_delete_figure_at_section[Automation Sub Section Figure]&#34;: [{&#34;extras&#34;: [], &#34;result&#34;: &#34;Skipped&#34;, &#34;testId&#34;: &#34;test_cases/test_chapter_overview_page.py::Test_Chapter_Overview::test_verify_delete_figure_at_section[Automation Sub Section Figure]::setup&#34;, &#34;duration&#34;: &#34;1 ms&#34;, &#34;resultsTableRow&#34;: [&#34;&lt;td class=\&#34;col-result\&#34;&gt;Skipped&lt;/td&gt;&#34;, &#34;&lt;td class=\&#34;col-testId\&#34;&gt;test_cases/test_chapter_overview_page.py::Test_Chapter_Overview::test_verify_delete_figure_at_section[Automation Sub Section Figure]::setup&lt;/td&gt;&#34;, &#34;&lt;td class=\&#34;col-duration\&#34;&gt;1 ms&lt;/td&gt;&#34;, &#34;&lt;td class=\&#34;col-links\&#34;&gt;&lt;/td&gt;&#34;], &#34;log&#34;: &#34;(&amp;#x27;d:\\\\python program\\\\ICC-Shop\\\\venv\\\\Lib\\\\site-packages\\\\pytest_dependency.py&amp;#x27;, 101, &amp;#x27;Skipped: test_verify_delete_figure_at_section[Automation Sub Section Figure] depends on test_verify_add_figure_at_section&amp;#x27;)\n&#34;}], &#34;test_cases/test_chapter_overview_page.py::Test_Chapter_Overview::test_verify_delete_new_sub_section&#34;: [{&#34;extras&#34;: [], &#34;result&#34;: &#34;Passed&#34;, &#34;testId&#34;: &#34;test_cases/test_chapter_overview_page.py::Test_Chapter_Overview::test_verify_delete_new_sub_section&#34;, &#34;duration&#34;: &#34;00:01:05&#34;, &#34;resultsTableRow&#34;: [&#34;&lt;td class=\&#34;col-result\&#34;&gt;Passed&lt;/td&gt;&#34;, &#34;&lt;td class=\&#34;col-testId\&#34;&gt;test_cases/test_chapter_overview_page.py::Test_Chapter_Overview::test_verify_delete_new_sub_section&lt;/td&gt;&#34;, &#34;&lt;td class=\&#34;col-duration\&#34;&gt;00:01:05&lt;/td&gt;&#34;, &#34;&lt;td class=\&#34;col-links\&#34;&gt;&lt;/td&gt;&#34;], &#34;log&#34;: &#34;No log output captured.&#34;}], &#34;test_cases/test_chapter_overview_page.py::Test_Chapter_Overview::test_verify_delete_new_section&#34;: [{&#34;extras&#34;: [], &#34;result&#34;: &#34;Passed&#34;, &#34;testId&#34;: &#34;test_cases/test_chapter_overview_page.py::Test_Chapter_Overview::test_verify_delete_new_section&#34;, &#34;duration&#34;: &#34;00:01:06&#34;, &#34;resultsTableRow&#34;: [&#34;&lt;td class=\&#34;col-result\&#34;&gt;Passed&lt;/td&gt;&#34;, &#34;&lt;td class=\&#34;col-testId\&#34;&gt;test_cases/test_chapter_overview_page.py::Test_Chapter_Overview::test_verify_delete_new_section&lt;/td&gt;&#34;, &#34;&lt;td class=\&#34;col-duration\&#34;&gt;00:01:06&lt;/td&gt;&#34;, &#34;&lt;td class=\&#34;col-links\&#34;&gt;&lt;/td&gt;&#34;], &#34;log&#34;: &#34;No log output captured.&#34;}], &#34;test_cases/test_chapter_overview_page.py::Test_Chapter_Overview::test_verify_delete_new_chapter&#34;: [{&#34;extras&#34;: [], &#34;result&#34;: &#34;Passed&#34;, &#34;testId&#34;: &#34;test_cases/test_chapter_overview_page.py::Test_Chapter_Overview::test_verify_delete_new_chapter&#34;, &#34;duration&#34;: &#34;00:00:41&#34;, &#34;resultsTableRow&#34;: [&#34;&lt;td class=\&#34;col-result\&#34;&gt;Passed&lt;/td&gt;&#34;, &#34;&lt;td class=\&#34;col-testId\&#34;&gt;test_cases/test_chapter_overview_page.py::Test_Chapter_Overview::test_verify_delete_new_chapter&lt;/td&gt;&#34;, &#34;&lt;td class=\&#34;col-duration\&#34;&gt;00:00:41&lt;/td&gt;&#34;, &#34;&lt;td class=\&#34;col-links\&#34;&gt;&lt;/td&gt;&#34;], &#34;log&#34;: &#34;No log output captured.&#34;}], &#34;test_cases/test_chapter_overview_page.py::Test_Chapter_Overview::test_verify_open_section_content&#34;: [{&#34;extras&#34;: [], &#34;result&#34;: &#34;Passed&#34;, &#34;testId&#34;: &#34;test_cases/test_chapter_overview_page.py::Test_Chapter_Overview::test_verify_open_section_content&#34;, &#34;duration&#34;: &#34;00:00:32&#34;, &#34;resultsTableRow&#34;: [&#34;&lt;td class=\&#34;col-result\&#34;&gt;Passed&lt;/td&gt;&#34;, &#34;&lt;td class=\&#34;col-testId\&#34;&gt;test_cases/test_chapter_overview_page.py::Test_Chapter_Overview::test_verify_open_section_content&lt;/td&gt;&#34;, &#34;&lt;td class=\&#34;col-duration\&#34;&gt;00:00:32&lt;/td&gt;&#34;, &#34;&lt;td class=\&#34;col-links\&#34;&gt;&lt;/td&gt;&#34;], &#34;log&#34;: &#34;No log output captured.&#34;}], &#34;test_cases/test_chapter_overview_page.py::Test_Chapter_Overview::test_verify_cancel_edit_section&#34;: [{&#34;extras&#34;: [], &#34;result&#34;: &#34;Passed&#34;, &#34;testId&#34;: &#34;test_cases/test_chapter_overview_page.py::Test_Chapter_Overview::test_verify_cancel_edit_section&#34;, &#34;duration&#34;: &#34;00:00:50&#34;, &#34;resultsTableRow&#34;: [&#34;&lt;td class=\&#34;col-result\&#34;&gt;Passed&lt;/td&gt;&#34;, &#34;&lt;td class=\&#34;col-testId\&#34;&gt;test_cases/test_chapter_overview_page.py::Test_Chapter_Overview::test_verify_cancel_edit_section&lt;/td&gt;&#34;, &#34;&lt;td class=\&#34;col-duration\&#34;&gt;00:00:50&lt;/td&gt;&#34;, &#34;&lt;td class=\&#34;col-links\&#34;&gt;&lt;/td&gt;&#34;], &#34;log&#34;: &#34;No log output captured.&#34;}], &#34;test_cases/test_chapter_overview_page.py::Test_Chapter_Overview::test_verify_edit_section_title&#34;: [{&#34;extras&#34;: [], &#34;result&#34;: &#34;Passed&#34;, &#34;testId&#34;: &#34;test_cases/test_chapter_overview_page.py::Test_Chapter_Overview::test_verify_edit_section_title&#34;, &#34;duration&#34;: &#34;00:01:18&#34;, &#34;resultsTableRow&#34;: [&#34;&lt;td class=\&#34;col-result\&#34;&gt;Passed&lt;/td&gt;&#34;, &#34;&lt;td class=\&#34;col-testId\&#34;&gt;test_cases/test_chapter_overview_page.py::Test_Chapter_Overview::test_verify_edit_section_title&lt;/td&gt;&#34;, &#34;&lt;td class=\&#34;col-duration\&#34;&gt;00:01:18&lt;/td&gt;&#34;, &#34;&lt;td class=\&#34;col-links\&#34;&gt;&lt;/td&gt;&#34;], &#34;log&#34;: &#34;No log output captured.&#34;}], &#34;test_cases/test_chapter_overview_page.py::Test_Chapter_Overview::test_verify_open_sub_section_content&#34;: [{&#34;extras&#34;: [], &#34;result&#34;: &#34;Passed&#34;, &#34;testId&#34;: &#34;test_cases/test_chapter_overview_page.py::Test_Chapter_Overview::test_verify_open_sub_section_content&#34;, &#34;duration&#34;: &#34;00:00:32&#34;, &#34;resultsTableRow&#34;: [&#34;&lt;td class=\&#34;col-result\&#34;&gt;Passed&lt;/td&gt;&#34;, &#34;&lt;td class=\&#34;col-testId\&#34;&gt;test_cases/test_chapter_overview_page.py::Test_Chapter_Overview::test_verify_open_sub_section_content&lt;/td&gt;&#34;, &#34;&lt;td class=\&#34;col-duration\&#34;&gt;00:00:32&lt;/td&gt;&#34;, &#34;&lt;td class=\&#34;col-links\&#34;&gt;&lt;/td&gt;&#34;], &#34;log&#34;: &#34;No log output captured.&#34;}], &#34;test_cases/test_chapter_overview_page.py::Test_Chapter_Overview::test_verify_cancel_edit_subsection&#34;: [{&#34;extras&#34;: [], &#34;result&#34;: &#34;Passed&#34;, &#34;testId&#34;: &#34;test_cases/test_chapter_overview_page.py::Test_Chapter_Overview::test_verify_cancel_edit_subsection&#34;, &#34;duration&#34;: &#34;00:00:47&#34;, &#34;resultsTableRow&#34;: [&#34;&lt;td class=\&#34;col-result\&#34;&gt;Passed&lt;/td&gt;&#34;, &#34;&lt;td class=\&#34;col-testId\&#34;&gt;test_cases/test_chapter_overview_page.py::Test_Chapter_Overview::test_verify_cancel_edit_subsection&lt;/td&gt;&#34;, &#34;&lt;td class=\&#34;col-duration\&#34;&gt;00:00:47&lt;/td&gt;&#34;, &#34;&lt;td class=\&#34;col-links\&#34;&gt;&lt;/td&gt;&#34;], &#34;log&#34;: &#34;No log output captured.&#34;}], &#34;test_cases/test_chapter_overview_page.py::Test_Chapter_Overview::test_verify_edit_subsection_title_content&#34;: [{&#34;extras&#34;: [], &#34;result&#34;: &#34;Passed&#34;, &#34;testId&#34;: &#34;test_cases/test_chapter_overview_page.py::Test_Chapter_Overview::test_verify_edit_subsection_title_content&#34;, &#34;duration&#34;: &#34;00:01:23&#34;, &#34;resultsTableRow&#34;: [&#34;&lt;td class=\&#34;col-result\&#34;&gt;Passed&lt;/td&gt;&#34;, &#34;&lt;td class=\&#34;col-testId\&#34;&gt;test_cases/test_chapter_overview_page.py::Test_Chapter_Overview::test_verify_edit_subsection_title_content&lt;/td&gt;&#34;, &#34;&lt;td class=\&#34;col-duration\&#34;&gt;00:01:23&lt;/td&gt;&#34;, &#34;&lt;td class=\&#34;col-links\&#34;&gt;&lt;/td&gt;&#34;], &#34;log&#34;: &#34;No log output captured.&#34;}], &#34;test_cases/test_fm_chapter_overview_page.py::Test_Fm_Chapter_Overview::test_verify_cancel_edit_fm_chapter&#34;: [{&#34;extras&#34;: [], &#34;result&#34;: &#34;Passed&#34;, &#34;testId&#34;: &#34;test_cases/test_fm_chapter_overview_page.py::Test_Fm_Chapter_Overview::test_verify_cancel_edit_fm_chapter&#34;, &#34;duration&#34;: &#34;00:00:52&#34;, &#34;resultsTableRow&#34;: [&#34;&lt;td class=\&#34;col-result\&#34;&gt;Passed&lt;/td&gt;&#34;, &#34;&lt;td class=\&#34;col-testId\&#34;&gt;test_cases/test_fm_chapter_overview_page.py::Test_Fm_Chapter_Overview::test_verify_cancel_edit_fm_chapter&lt;/td&gt;&#34;, &#34;&lt;td class=\&#34;col-duration\&#34;&gt;00:00:52&lt;/td&gt;&#34;, &#34;&lt;td class=\&#34;col-links\&#34;&gt;&lt;/td&gt;&#34;], &#34;log&#34;: &#34;No log output captured.&#34;}], &#34;test_cases/test_fm_chapter_overview_page.py::Test_Fm_Chapter_Overview::test_verify_edit_fm_chapter_title_content&#34;: [{&#34;extras&#34;: [], &#34;result&#34;: &#34;Passed&#34;, &#34;testId&#34;: &#34;test_cases/test_fm_chapter_overview_page.py::Test_Fm_Chapter_Overview::test_verify_edit_fm_chapter_title_content&#34;, &#34;duration&#34;: &#34;00:00:56&#34;, &#34;resultsTableRow&#34;: [&#34;&lt;td class=\&#34;col-result\&#34;&gt;Passed&lt;/td&gt;&#34;, &#34;&lt;td class=\&#34;col-testId\&#34;&gt;test_cases/test_fm_chapter_overview_page.py::Test_Fm_Chapter_Overview::test_verify_edit_fm_chapter_title_content&lt;/td&gt;&#34;, &#34;&lt;td class=\&#34;col-duration\&#34;&gt;00:00:56&lt;/td&gt;&#34;, &#34;&lt;td class=\&#34;col-links\&#34;&gt;&lt;/td&gt;&#34;], &#34;log&#34;: &#34;No log output captured.&#34;}], &#34;test_cases/test_fm_chapter_overview_page.py::Test_Fm_Chapter_Overview::test_verify_cancel_edit_fm_section&#34;: [{&#34;extras&#34;: [], &#34;result&#34;: &#34;Passed&#34;, &#34;testId&#34;: &#34;test_cases/test_fm_chapter_overview_page.py::Test_Fm_Chapter_Overview::test_verify_cancel_edit_fm_section&#34;, &#34;duration&#34;: &#34;00:00:52&#34;, &#34;resultsTableRow&#34;: [&#34;&lt;td class=\&#34;col-result\&#34;&gt;Passed&lt;/td&gt;&#34;, &#34;&lt;td class=\&#34;col-testId\&#34;&gt;test_cases/test_fm_chapter_overview_page.py::Test_Fm_Chapter_Overview::test_verify_cancel_edit_fm_section&lt;/td&gt;&#34;, &#34;&lt;td class=\&#34;col-duration\&#34;&gt;00:00:52&lt;/td&gt;&#34;, &#34;&lt;td class=\&#34;col-links\&#34;&gt;&lt;/td&gt;&#34;], &#34;log&#34;: &#34;No log output captured.&#34;}], &#34;test_cases/test_fm_chapter_overview_page.py::Test_Fm_Chapter_Overview::test_verify_edit_fm_section_title_content&#34;: [{&#34;extras&#34;: [], &#34;result&#34;: &#34;Passed&#34;, &#34;testId&#34;: &#34;test_cases/test_fm_chapter_overview_page.py::Test_Fm_Chapter_Overview::test_verify_edit_fm_section_title_content&#34;, &#34;duration&#34;: &#34;00:01:09&#34;, &#34;resultsTableRow&#34;: [&#34;&lt;td class=\&#34;col-result\&#34;&gt;Passed&lt;/td&gt;&#34;, &#34;&lt;td class=\&#34;col-testId\&#34;&gt;test_cases/test_fm_chapter_overview_page.py::Test_Fm_Chapter_Overview::test_verify_edit_fm_section_title_content&lt;/td&gt;&#34;, &#34;&lt;td class=\&#34;col-duration\&#34;&gt;00:01:09&lt;/td&gt;&#34;, &#34;&lt;td class=\&#34;col-links\&#34;&gt;&lt;/td&gt;&#34;], &#34;log&#34;: &#34;No log output captured.&#34;}], &#34;test_cases/test_fm_chapter_overview_page.py::Test_Fm_Chapter_Overview::test_verify_add_new_fm_chapter&#34;: [{&#34;extras&#34;: [], &#34;result&#34;: &#34;Passed&#34;, &#34;testId&#34;: &#34;test_cases/test_fm_chapter_overview_page.py::Test_Fm_Chapter_Overview::test_verify_add_new_fm_chapter&#34;, &#34;duration&#34;: &#34;00:01:12&#34;, &#34;resultsTableRow&#34;: [&#34;&lt;td class=\&#34;col-result\&#34;&gt;Passed&lt;/td&gt;&#34;, &#34;&lt;td class=\&#34;col-testId\&#34;&gt;test_cases/test_fm_chapter_overview_page.py::Test_Fm_Chapter_Overview::test_verify_add_new_fm_chapter&lt;/td&gt;&#34;, &#34;&lt;td class=\&#34;col-duration\&#34;&gt;00:01:12&lt;/td&gt;&#34;, &#34;&lt;td class=\&#34;col-links\&#34;&gt;&lt;/td&gt;&#34;], &#34;log&#34;: &#34;No log output captured.&#34;}], &#34;test_cases/test_fm_chapter_overview_page.py::Test_Fm_Chapter_Overview::test_verify_add_new_fm_section&#34;: [{&#34;extras&#34;: [], &#34;result&#34;: &#34;Passed&#34;, &#34;testId&#34;: &#34;test_cases/test_fm_chapter_overview_page.py::Test_Fm_Chapter_Overview::test_verify_add_new_fm_section&#34;, &#34;duration&#34;: &#34;00:01:18&#34;, &#34;resultsTableRow&#34;: [&#34;&lt;td class=\&#34;col-result\&#34;&gt;Passed&lt;/td&gt;&#34;, &#34;&lt;td class=\&#34;col-testId\&#34;&gt;test_cases/test_fm_chapter_overview_page.py::Test_Fm_Chapter_Overview::test_verify_add_new_fm_section&lt;/td&gt;&#34;, &#34;&lt;td class=\&#34;col-duration\&#34;&gt;00:01:18&lt;/td&gt;&#34;, &#34;&lt;td class=\&#34;col-links\&#34;&gt;&lt;/td&gt;&#34;], &#34;log&#34;: &#34;No log output captured.&#34;}], &#34;test_cases/test_fm_chapter_overview_page.py::Test_Fm_Chapter_Overview::test_verify_add_new_fm_figure&#34;: [{&#34;extras&#34;: [{&#34;name&#34;: null, &#34;format_type&#34;: &#34;html&#34;, &#34;content&#34;: &#34;&lt;div&gt;&lt;img src=\&#34;D:\\python program\\ICC-Shop\\Screenshot/test_verify_add_new_fm_figure.png\&#34; alt=\&#34;screenshot\&#34; style=\&#34;width:204px;height:128px;\&#34; onclick=\&#34;window.open(this.src)\&#34; align=\&#34;right\&#34;/&gt;&lt;/div&gt;&#34;, &#34;mime_type&#34;: null, &#34;extension&#34;: null}], &#34;result&#34;: &#34;Failed&#34;, &#34;testId&#34;: &#34;test_cases/test_fm_chapter_overview_page.py::Test_Fm_Chapter_Overview::test_verify_add_new_fm_figure&#34;, &#34;duration&#34;: &#34;00:01:01&#34;, &#34;resultsTableRow&#34;: [&#34;&lt;td class=\&#34;col-result\&#34;&gt;Failed&lt;/td&gt;&#34;, &#34;&lt;td class=\&#34;col-testId\&#34;&gt;test_cases/test_fm_chapter_overview_page.py::Test_Fm_Chapter_Overview::test_verify_add_new_fm_figure&lt;/td&gt;&#34;, &#34;&lt;td class=\&#34;col-duration\&#34;&gt;00:01:01&lt;/td&gt;&#34;, &#34;&lt;td class=\&#34;col-links\&#34;&gt;&lt;/td&gt;&#34;], &#34;log&#34;: &#34;self = &amp;lt;test_cases.test_fm_chapter_overview_page.Test_Fm_Chapter_Overview object at 0x000002BB6A1B8590&amp;gt;\n\n    @allure.feature(&amp;quot;Frontmatter&amp;quot;)\n    @allure.title(&amp;quot;Verify Add new Fm Figure&amp;quot;)\n    @allure.severity(allure.severity_level.BLOCKER)\n    @pytest.mark.dependency(depends=[&amp;quot;test_verify_add_new_fm_chapter&amp;quot;], scope=&amp;quot;class&amp;quot;)\n    def test_verify_add_new_fm_figure(self):\n        self.dashboardpage.click_project_name(&amp;quot;2021 International Mechanical Code&amp;quot;)\n        self.dashboardpage.click_dashboard_button(VIEW_PROJECT)\n        self.viewprojectpage.click_on_chapter(&amp;quot;AUTOMATION FM FINAL&amp;quot;)\n        self.chap_overview.click_on_button(OPEN_CHAPTER)\n        self.header_footer.click_on_add_new()\n        time.sleep(0.5)\n        self.header_footer.click_on_model_list(NEW_CODE_ELEMENT)\n        self.header_footer.click_on_code_element_button(FIGURE)\n&amp;gt;       result = self.chap_overview.upload_figure(&amp;quot;Test Data/JPG_Valid.jpeg&amp;quot;)\n\ntest_cases\\test_fm_chapter_overview_page.py:245: \n_ _ _ _ _ _ _ _ _ _ _ _ _ _ _ _ _ _ _ _ _ _ _ _ _ _ _ _ _ _ _ _ _ _ _ _ _ _ _ _ _ _ _ _ _ _ _ _ _ _ _ _ _ _ _ _ _ _ _ _ _ _ _ _ _ _ _ _ _ _ _ _ _ _ _ _ _ _ _ _ _ _ \n\nself = &amp;lt;page_objects.chapter_overview_page.Chapter_Overview_page object at 0x000002BB6A4D8C50&amp;gt;, file_path = &amp;#x27;Test Data/JPG_Valid.jpeg&amp;#x27;\n\n    @allure.step(&amp;quot;Upload Figure&amp;quot;)\n    def upload_figure(self, file_path):\n        element = self.baseclass.wait_until(self.__fig_upload)\n        element.send_keys(os.path.abspath(file_path))\n        image = self.baseclass.wait_until(self.__uploaded_fig)\n&amp;gt;       return image.is_displayed()\nE       AttributeError: &amp;#x27;NoneType&amp;#x27; object has no attribute &amp;#x27;is_displayed&amp;#x27;\n\npage_objects\\chapter_overview_page.py:511: AttributeError\n\n----------------------------- Captured stdout call -----------------------------\nElement: (&amp;#x27;xpath&amp;#x27;, &amp;quot;//img[@class=&amp;#x27;v-img__img v-img__img--cover&amp;#x27;]&amp;quot;) : Message: \nStacktrace:\n\tGetHandleVerifier [0x00007FF7267F9642+30946]\n\t(No symbol) [0x00007FF7267AE3D9]\n\t(No symbol) [0x00007FF7266A6FDA]\n\t(No symbol) [0x00007FF7266F822C]\n\t(No symbol) [0x00007FF7266F850C]\n\t(No symbol) [0x00007FF72673DCB7]\n\t(No symbol) [0x00007FF72671CAAF]\n\t(No symbol) [0x00007FF72673B041]\n\t(No symbol) [0x00007FF72671C813]\n\t(No symbol) [0x00007FF7266EA6E5]\n\t(No symbol) [0x00007FF7266EB021]\n\tGetHandleVerifier [0x00007FF72692F84D+1301229]\n\tGetHandleVerifier [0x00007FF72693BDC7+1351783]\n\tGetHandleVerifier [0x00007FF726932A13+1313971]\n\tGetHandleVerifier [0x00007FF72682DD16+245686]\n\t(No symbol) [0x00007FF7267B759F]\n\t(No symbol) [0x00007FF7267B3814]\n\t(No symbol) [0x00007FF7267B39A2]\n\t(No symbol) [0x00007FF7267AA3FF]\n\tBaseThreadInitThunk [0x00007FF9342D7374+20]\n\tRtlUserThreadStart [0x00007FF935A5CC91+33]\n\n&#34;}], &#34;test_cases/test_fm_chapter_overview_page.py::Test_Fm_Chapter_Overview::test_verify_cancel_edit_fm_figure&#34;: [{&#34;extras&#34;: [], &#34;result&#34;: &#34;Skipped&#34;, &#34;testId&#34;: &#34;test_cases/test_fm_chapter_overview_page.py::Test_Fm_Chapter_Overview::test_verify_cancel_edit_fm_figure::setup&#34;, &#34;duration&#34;: &#34;1 ms&#34;, &#34;resultsTableRow&#34;: [&#34;&lt;td class=\&#34;col-result\&#34;&gt;Skipped&lt;/td&gt;&#34;, &#34;&lt;td class=\&#34;col-testId\&#34;&gt;test_cases/test_fm_chapter_overview_page.py::Test_Fm_Chapter_Overview::test_verify_cancel_edit_fm_figure::setup&lt;/td&gt;&#34;, &#34;&lt;td class=\&#34;col-duration\&#34;&gt;1 ms&lt;/td&gt;&#34;, &#34;&lt;td class=\&#34;col-links\&#34;&gt;&lt;/td&gt;&#34;], &#34;log&#34;: &#34;(&amp;#x27;d:\\\\python program\\\\ICC-Shop\\\\venv\\\\Lib\\\\site-packages\\\\pytest_dependency.py&amp;#x27;, 101, &amp;#x27;Skipped: test_verify_cancel_edit_fm_figure depends on test_verify_add_new_fm_figure&amp;#x27;)\n&#34;}], &#34;test_cases/test_fm_chapter_overview_page.py::Test_Fm_Chapter_Overview::test_verify_add_fm_section_with_no_title_associated[Automation Fm Section-SECTION_CONTENT]&#34;: [{&#34;extras&#34;: [], &#34;result&#34;: &#34;Skipped&#34;, &#34;testId&#34;: &#34;test_cases/test_fm_chapter_overview_page.py::Test_Fm_Chapter_Overview::test_verify_add_fm_section_with_no_title_associated[Automation Fm Section-SECTION_CONTENT]::setup&#34;, &#34;duration&#34;: &#34;1 ms&#34;, &#34;resultsTableRow&#34;: [&#34;&lt;td class=\&#34;col-result\&#34;&gt;Skipped&lt;/td&gt;&#34;, &#34;&lt;td class=\&#34;col-testId\&#34;&gt;test_cases/test_fm_chapter_overview_page.py::Test_Fm_Chapter_Overview::test_verify_add_fm_section_with_no_title_associated[Automation Fm Section-SECTION_CONTENT]::setup&lt;/td&gt;&#34;, &#34;&lt;td class=\&#34;col-duration\&#34;&gt;1 ms&lt;/td&gt;&#34;, &#34;&lt;td class=\&#34;col-links\&#34;&gt;&lt;/td&gt;&#34;], &#34;log&#34;: &#34;(&amp;#x27;d:\\\\python program\\\\ICC-Shop\\\\venv\\\\Lib\\\\site-packages\\\\pytest_dependency.py&amp;#x27;, 101, &amp;#x27;Skipped: test_verify_add_fm_section_with_no_title_associated[Automation Fm Section-SECTION_CONTENT] depends on test_verify_add_new_fm_figure&amp;#x27;)\n&#34;}], &#34;test_cases/test_fm_chapter_overview_page.py::Test_Fm_Chapter_Overview::test_verify_add_fm_section_with_no_title_associated[Automation Fm Figure-FIGURE_CONTENT]&#34;: [{&#34;extras&#34;: [], &#34;result&#34;: &#34;Skipped&#34;, &#34;testId&#34;: &#34;test_cases/test_fm_chapter_overview_page.py::Test_Fm_Chapter_Overview::test_verify_add_fm_section_with_no_title_associated[Automation Fm Figure-FIGURE_CONTENT]::setup&#34;, &#34;duration&#34;: &#34;1 ms&#34;, &#34;resultsTableRow&#34;: [&#34;&lt;td class=\&#34;col-result\&#34;&gt;Skipped&lt;/td&gt;&#34;, &#34;&lt;td class=\&#34;col-testId\&#34;&gt;test_cases/test_fm_chapter_overview_page.py::Test_Fm_Chapter_Overview::test_verify_add_fm_section_with_no_title_associated[Automation Fm Figure-FIGURE_CONTENT]::setup&lt;/td&gt;&#34;, &#34;&lt;td class=\&#34;col-duration\&#34;&gt;1 ms&lt;/td&gt;&#34;, &#34;&lt;td class=\&#34;col-links\&#34;&gt;&lt;/td&gt;&#34;], &#34;log&#34;: &#34;(&amp;#x27;d:\\\\python program\\\\ICC-Shop\\\\venv\\\\Lib\\\\site-packages\\\\pytest_dependency.py&amp;#x27;, 101, &amp;#x27;Skipped: test_verify_add_fm_section_with_no_title_associated[Automation Fm Figure-FIGURE_CONTENT] depends on test_verify_add_new_fm_figure&amp;#x27;)\n&#34;}], &#34;test_cases/test_fm_chapter_overview_page.py::Test_Fm_Chapter_Overview::test_verify_delete_fm_figure&#34;: [{&#34;extras&#34;: [], &#34;result&#34;: &#34;Skipped&#34;, &#34;testId&#34;: &#34;test_cases/test_fm_chapter_overview_page.py::Test_Fm_Chapter_Overview::test_verify_delete_fm_figure::setup&#34;, &#34;duration&#34;: &#34;1 ms&#34;, &#34;resultsTableRow&#34;: [&#34;&lt;td class=\&#34;col-result\&#34;&gt;Skipped&lt;/td&gt;&#34;, &#34;&lt;td class=\&#34;col-testId\&#34;&gt;test_cases/test_fm_chapter_overview_page.py::Test_Fm_Chapter_Overview::test_verify_delete_fm_figure::setup&lt;/td&gt;&#34;, &#34;&lt;td class=\&#34;col-duration\&#34;&gt;1 ms&lt;/td&gt;&#34;, &#34;&lt;td class=\&#34;col-links\&#34;&gt;&lt;/td&gt;&#34;], &#34;log&#34;: &#34;(&amp;#x27;d:\\\\python program\\\\ICC-Shop\\\\venv\\\\Lib\\\\site-packages\\\\pytest_dependency.py&amp;#x27;, 101, &amp;#x27;Skipped: test_verify_delete_fm_figure depends on test_verify_add_new_fm_figure&amp;#x27;)\n&#34;}], &#34;test_cases/test_fm_chapter_overview_page.py::Test_Fm_Chapter_Overview::test_verify_delete_fm_section&#34;: [{&#34;extras&#34;: [], &#34;result&#34;: &#34;Passed&#34;, &#34;testId&#34;: &#34;test_cases/test_fm_chapter_overview_page.py::Test_Fm_Chapter_Overview::test_verify_delete_fm_section&#34;, &#34;duration&#34;: &#34;00:00:28&#34;, &#34;resultsTableRow&#34;: [&#34;&lt;td class=\&#34;col-result\&#34;&gt;Passed&lt;/td&gt;&#34;, &#34;&lt;td class=\&#34;col-testId\&#34;&gt;test_cases/test_fm_chapter_overview_page.py::Test_Fm_Chapter_Overview::test_verify_delete_fm_section&lt;/td&gt;&#34;, &#34;&lt;td class=\&#34;col-duration\&#34;&gt;00:00:28&lt;/td&gt;&#34;, &#34;&lt;td class=\&#34;col-links\&#34;&gt;&lt;/td&gt;&#34;], &#34;log&#34;: &#34;No log output captured.&#34;}], &#34;test_cases/test_fm_chapter_overview_page.py::Test_Fm_Chapter_Overview::test_verify_delete_fm_chapter&#34;: [{&#34;extras&#34;: [], &#34;result&#34;: &#34;Passed&#34;, &#34;testId&#34;: &#34;test_cases/test_fm_chapter_overview_page.py::Test_Fm_Chapter_Overview::test_verify_delete_fm_chapter&#34;, &#34;duration&#34;: &#34;00:00:40&#34;, &#34;resultsTableRow&#34;: [&#34;&lt;td class=\&#34;col-result\&#34;&gt;Passed&lt;/td&gt;&#34;, &#34;&lt;td class=\&#34;col-testId\&#34;&gt;test_cases/test_fm_chapter_overview_page.py::Test_Fm_Chapter_Overview::test_verify_delete_fm_chapter&lt;/td&gt;&#34;, &#34;&lt;td class=\&#34;col-duration\&#34;&gt;00:00:40&lt;/td&gt;&#34;, &#34;&lt;td class=\&#34;col-links\&#34;&gt;&lt;/td&gt;&#34;], &#34;log&#34;: &#34;No log output captured.&#34;}], &#34;test_cases/test_appendix_overview_page.py::Test_Appendix_Overview::test_verify_open_Appendix_content&#34;: [{&#34;extras&#34;: [], &#34;result&#34;: &#34;Passed&#34;, &#34;testId&#34;: &#34;test_cases/test_appendix_overview_page.py::Test_Appendix_Overview::test_verify_open_Appendix_content&#34;, &#34;duration&#34;: &#34;00:00:35&#34;, &#34;resultsTableRow&#34;: [&#34;&lt;td class=\&#34;col-result\&#34;&gt;Passed&lt;/td&gt;&#34;, &#34;&lt;td class=\&#34;col-testId\&#34;&gt;test_cases/test_appendix_overview_page.py::Test_Appendix_Overview::test_verify_open_Appendix_content&lt;/td&gt;&#34;, &#34;&lt;td class=\&#34;col-duration\&#34;&gt;00:00:35&lt;/td&gt;&#34;, &#34;&lt;td class=\&#34;col-links\&#34;&gt;&lt;/td&gt;&#34;], &#34;log&#34;: &#34;No log output captured.&#34;}], &#34;test_cases/test_appendix_overview_page.py::Test_Appendix_Overview::test_verify_cancel_edit_chapter&#34;: [{&#34;extras&#34;: [], &#34;result&#34;: &#34;Passed&#34;, &#34;testId&#34;: &#34;test_cases/test_appendix_overview_page.py::Test_Appendix_Overview::test_verify_cancel_edit_chapter&#34;, &#34;duration&#34;: &#34;00:00:49&#34;, &#34;resultsTableRow&#34;: [&#34;&lt;td class=\&#34;col-result\&#34;&gt;Passed&lt;/td&gt;&#34;, &#34;&lt;td class=\&#34;col-testId\&#34;&gt;test_cases/test_appendix_overview_page.py::Test_Appendix_Overview::test_verify_cancel_edit_chapter&lt;/td&gt;&#34;, &#34;&lt;td class=\&#34;col-duration\&#34;&gt;00:00:49&lt;/td&gt;&#34;, &#34;&lt;td class=\&#34;col-links\&#34;&gt;&lt;/td&gt;&#34;], &#34;log&#34;: &#34;No log output captured.&#34;}], &#34;test_cases/test_appendix_overview_page.py::Test_Appendix_Overview::test_verify_edit_appendix_title_content&#34;: [{&#34;extras&#34;: [], &#34;result&#34;: &#34;Passed&#34;, &#34;testId&#34;: &#34;test_cases/test_appendix_overview_page.py::Test_Appendix_Overview::test_verify_edit_appendix_title_content&#34;, &#34;duration&#34;: &#34;00:01:02&#34;, &#34;resultsTableRow&#34;: [&#34;&lt;td class=\&#34;col-result\&#34;&gt;Passed&lt;/td&gt;&#34;, &#34;&lt;td class=\&#34;col-testId\&#34;&gt;test_cases/test_appendix_overview_page.py::Test_Appendix_Overview::test_verify_edit_appendix_title_content&lt;/td&gt;&#34;, &#34;&lt;td class=\&#34;col-duration\&#34;&gt;00:01:02&lt;/td&gt;&#34;, &#34;&lt;td class=\&#34;col-links\&#34;&gt;&lt;/td&gt;&#34;], &#34;log&#34;: &#34;No log output captured.&#34;}], &#34;test_cases/test_appendix_overview_page.py::Test_Appendix_Overview::test_verify_add_new_appendix&#34;: [{&#34;extras&#34;: [], &#34;result&#34;: &#34;Passed&#34;, &#34;testId&#34;: &#34;test_cases/test_appendix_overview_page.py::Test_Appendix_Overview::test_verify_add_new_appendix&#34;, &#34;duration&#34;: &#34;00:00:50&#34;, &#34;resultsTableRow&#34;: [&#34;&lt;td class=\&#34;col-result\&#34;&gt;Passed&lt;/td&gt;&#34;, &#34;&lt;td class=\&#34;col-testId\&#34;&gt;test_cases/test_appendix_overview_page.py::Test_Appendix_Overview::test_verify_add_new_appendix&lt;/td&gt;&#34;, &#34;&lt;td class=\&#34;col-duration\&#34;&gt;00:00:50&lt;/td&gt;&#34;, &#34;&lt;td class=\&#34;col-links\&#34;&gt;&lt;/td&gt;&#34;], &#34;log&#34;: &#34;No log output captured.&#34;}], &#34;test_cases/test_appendix_overview_page.py::Test_Appendix_Overview::test_verify_add_new_appendix_section&#34;: [{&#34;extras&#34;: [], &#34;result&#34;: &#34;Passed&#34;, &#34;testId&#34;: &#34;test_cases/test_appendix_overview_page.py::Test_Appendix_Overview::test_verify_add_new_appendix_section&#34;, &#34;duration&#34;: &#34;00:01:09&#34;, &#34;resultsTableRow&#34;: [&#34;&lt;td class=\&#34;col-result\&#34;&gt;Passed&lt;/td&gt;&#34;, &#34;&lt;td class=\&#34;col-testId\&#34;&gt;test_cases/test_appendix_overview_page.py::Test_Appendix_Overview::test_verify_add_new_appendix_section&lt;/td&gt;&#34;, &#34;&lt;td class=\&#34;col-duration\&#34;&gt;00:01:09&lt;/td&gt;&#34;, &#34;&lt;td class=\&#34;col-links\&#34;&gt;&lt;/td&gt;&#34;], &#34;log&#34;: &#34;No log output captured.&#34;}], &#34;test_cases/test_appendix_overview_page.py::Test_Appendix_Overview::test_verify_add_new_appendix_sub_section&#34;: [{&#34;extras&#34;: [], &#34;result&#34;: &#34;Passed&#34;, &#34;testId&#34;: &#34;test_cases/test_appendix_overview_page.py::Test_Appendix_Overview::test_verify_add_new_appendix_sub_section&#34;, &#34;duration&#34;: &#34;00:01:23&#34;, &#34;resultsTableRow&#34;: [&#34;&lt;td class=\&#34;col-result\&#34;&gt;Passed&lt;/td&gt;&#34;, &#34;&lt;td class=\&#34;col-testId\&#34;&gt;test_cases/test_appendix_overview_page.py::Test_Appendix_Overview::test_verify_add_new_appendix_sub_section&lt;/td&gt;&#34;, &#34;&lt;td class=\&#34;col-duration\&#34;&gt;00:01:23&lt;/td&gt;&#34;, &#34;&lt;td class=\&#34;col-links\&#34;&gt;&lt;/td&gt;&#34;], &#34;log&#34;: &#34;No log output captured.&#34;}], &#34;test_cases/test_appendix_overview_page.py::Test_Appendix_Overview::test_verify_add_figure_at_appendix[Section-Automation Appendix Section Figure-Fig Alt section]&#34;: [{&#34;extras&#34;: [{&#34;name&#34;: null, &#34;format_type&#34;: &#34;html&#34;, &#34;content&#34;: &#34;&lt;div&gt;&lt;img src=\&#34;D:\\python program\\ICC-Shop\\Screenshot/test_verify_add_figure_at_appendix[Section-Automation Appendix Section Figure-Fig Alt section].png\&#34; alt=\&#34;screenshot\&#34; style=\&#34;width:204px;height:128px;\&#34; onclick=\&#34;window.open(this.src)\&#34; align=\&#34;right\&#34;/&gt;&lt;/div&gt;&#34;, &#34;mime_type&#34;: null, &#34;extension&#34;: null}], &#34;result&#34;: &#34;Failed&#34;, &#34;testId&#34;: &#34;test_cases/test_appendix_overview_page.py::Test_Appendix_Overview::test_verify_add_figure_at_appendix[Section-Automation Appendix Section Figure-Fig Alt section]&#34;, &#34;duration&#34;: &#34;00:01:27&#34;, &#34;resultsTableRow&#34;: [&#34;&lt;td class=\&#34;col-result\&#34;&gt;Failed&lt;/td&gt;&#34;, &#34;&lt;td class=\&#34;col-testId\&#34;&gt;test_cases/test_appendix_overview_page.py::Test_Appendix_Overview::test_verify_add_figure_at_appendix[Section-Automation Appendix Section Figure-Fig Alt section]&lt;/td&gt;&#34;, &#34;&lt;td class=\&#34;col-duration\&#34;&gt;00:01:27&lt;/td&gt;&#34;, &#34;&lt;td class=\&#34;col-links\&#34;&gt;&lt;/td&gt;&#34;], &#34;log&#34;: &#34;self = &amp;lt;test_cases.test_appendix_overview_page.Test_Appendix_Overview object at 0x000002BB6A17D190&amp;gt;, section_type = &amp;#x27;Section&amp;#x27;\nfig_title = &amp;#x27;Automation Appendix Section Figure&amp;#x27;, fig_alt_text = &amp;#x27;Fig Alt section&amp;#x27;\n\n    @allure.feature(&amp;quot;Appendix&amp;quot;)\n    @allure.title(&amp;quot;Verify Add new Figure at Appendix&amp;quot;)\n    @allure.severity(allure.severity_level.BLOCKER)\n    @pytest.mark.dependency(\n        name=&amp;quot;test_verify_add_figure_at_appendix&amp;quot;,\n        depends=[\n            &amp;quot;test_verify_add_new_appendix_section&amp;quot;,\n            &amp;quot;test_verify_add_new_appendix_sub_section&amp;quot;,\n        ],\n        scope=&amp;quot;class&amp;quot;,\n    )\n    @pytest.mark.parametrize(\n        [&amp;quot;section_type&amp;quot;, &amp;quot;fig_title&amp;quot;, &amp;quot;fig_alt_text&amp;quot;],\n        [\n            (&amp;quot;Section&amp;quot;, &amp;quot;Automation Appendix Section Figure&amp;quot;, &amp;quot;Fig Alt section&amp;quot;),\n            (\n                &amp;quot;Sub-Section&amp;quot;,\n                &amp;quot;Automation Appendix Sub Section Figure&amp;quot;,\n                &amp;quot;Fig Alt sub section&amp;quot;,\n            ),\n        ],\n    )\n    def test_verify_add_figure_at_appendix(self, section_type, fig_title, fig_alt_text):\n        self.dashboardpage.click_project_name(&amp;quot;2021 International Mechanical Code&amp;quot;)\n        self.dashboardpage.click_dashboard_button(VIEW_PROJECT)\n        self.viewprojectpage.click_on_chapter(&amp;quot;AUTOMATION APPENDIX&amp;quot;)\n        self.chap_overview.click_on_button(OPEN_CHAPTER)\n        self.chap_overview.click_on_section_on_toc(&amp;quot;AUTOMATION SECTION&amp;quot;)\n        if section_type == &amp;quot;Section&amp;quot;:\n            section_number = self.chap_overview.get_section_number(&amp;quot;AUTOMATION SECTION&amp;quot;)\n        else:\n            time.sleep(0.5)\n            section_number = self.chap_overview.get_sub_section_number(\n                &amp;quot;Automation sub section&amp;quot;\n            )\n        self.header_footer.click_on_add_new()\n        time.sleep(0.5)\n        self.header_footer.click_on_model_list(NEW_CODE_ELEMENT)\n        self.header_footer.click_on_code_element_button(FIGURE)\n        self.chap_overview.click_edit_page_button(&amp;quot;Set Figure Ordinal&amp;quot;)\n        time.sleep(0.5)\n        self.chap_overview.enter_new_ordinal_text(section_number)\n        self.chap_overview.click_relocate_alt_button(VALIDATE_LOCATION)\n        validate_text = self.chap_overview.get_validate_message()\n        self.chap_overview.click_relocate_alt_button(RELOCATE_FIG)\n    \n        self.chap_overview.enter_text_in_textbox(FIG_NOTE_ABOVE, &amp;quot;Fig Above text&amp;quot;)\n        self.chap_overview.enter_text_in_textbox(FIG_NOTE_BELOW, &amp;quot;Fig Below text&amp;quot;)\n        self.chap_overview.enter_text_in_textbox(FIG_TITLE, fig_title)\n        self.chap_overview.enter_text_in_textbox(FIG_ALT, fig_alt_text)\n&amp;gt;       result = self.chap_overview.upload_figure(&amp;quot;Test Data/JPG_Valid.jpeg&amp;quot;)\n\ntest_cases\\test_appendix_overview_page.py:347: \n_ _ _ _ _ _ _ _ _ _ _ _ _ _ _ _ _ _ _ _ _ _ _ _ _ _ _ _ _ _ _ _ _ _ _ _ _ _ _ _ _ _ _ _ _ _ _ _ _ _ _ _ _ _ _ _ _ _ _ _ _ _ _ _ _ _ _ _ _ _ _ _ _ _ _ _ _ _ _ _ _ _ \n\nself = &amp;lt;page_objects.chapter_overview_page.Chapter_Overview_page object at 0x000002BB6A4AEE90&amp;gt;, file_path = &amp;#x27;Test Data/JPG_Valid.jpeg&amp;#x27;\n\n    @allure.step(&amp;quot;Upload Figure&amp;quot;)\n    def upload_figure(self, file_path):\n        element = self.baseclass.wait_until(self.__fig_upload)\n        element.send_keys(os.path.abspath(file_path))\n        image = self.baseclass.wait_until(self.__uploaded_fig)\n&amp;gt;       return image.is_displayed()\nE       AttributeError: &amp;#x27;NoneType&amp;#x27; object has no attribute &amp;#x27;is_displayed&amp;#x27;\n\npage_objects\\chapter_overview_page.py:511: AttributeError\n\n----------------------------- Captured stdout call -----------------------------\nElement: (&amp;#x27;xpath&amp;#x27;, &amp;quot;//img[@class=&amp;#x27;v-img__img v-img__img--cover&amp;#x27;]&amp;quot;) : Message: \nStacktrace:\n\tGetHandleVerifier [0x00007FF7267F9642+30946]\n\t(No symbol) [0x00007FF7267AE3D9]\n\t(No symbol) [0x00007FF7266A6FDA]\n\t(No symbol) [0x00007FF7266F822C]\n\t(No symbol) [0x00007FF7266F850C]\n\t(No symbol) [0x00007FF72673DCB7]\n\t(No symbol) [0x00007FF72671CAAF]\n\t(No symbol) [0x00007FF72673B041]\n\t(No symbol) [0x00007FF72671C813]\n\t(No symbol) [0x00007FF7266EA6E5]\n\t(No symbol) [0x00007FF7266EB021]\n\tGetHandleVerifier [0x00007FF72692F84D+1301229]\n\tGetHandleVerifier [0x00007FF72693BDC7+1351783]\n\tGetHandleVerifier [0x00007FF726932A13+1313971]\n\tGetHandleVerifier [0x00007FF72682DD16+245686]\n\t(No symbol) [0x00007FF7267B759F]\n\t(No symbol) [0x00007FF7267B3814]\n\t(No symbol) [0x00007FF7267B39A2]\n\t(No symbol) [0x00007FF7267AA3FF]\n\tBaseThreadInitThunk [0x00007FF9342D7374+20]\n\tRtlUserThreadStart [0x00007FF935A5CC91+33]\n\n&#34;}], &#34;test_cases/test_appendix_overview_page.py::Test_Appendix_Overview::test_verify_add_figure_at_appendix[Sub-Section-Automation Appendix Sub Section Figure-Fig Alt sub section]&#34;: [{&#34;extras&#34;: [{&#34;name&#34;: null, &#34;format_type&#34;: &#34;html&#34;, &#34;content&#34;: &#34;&lt;div&gt;&lt;img src=\&#34;D:\\python program\\ICC-Shop\\Screenshot/test_verify_add_figure_at_appendix[Sub-Section-Automation Appendix Sub Section Figure-Fig Alt sub section].png\&#34; alt=\&#34;screenshot\&#34; style=\&#34;width:204px;height:128px;\&#34; onclick=\&#34;window.open(this.src)\&#34; align=\&#34;right\&#34;/&gt;&lt;/div&gt;&#34;, &#34;mime_type&#34;: null, &#34;extension&#34;: null}], &#34;result&#34;: &#34;Failed&#34;, &#34;testId&#34;: &#34;test_cases/test_appendix_overview_page.py::Test_Appendix_Overview::test_verify_add_figure_at_appendix[Sub-Section-Automation Appendix Sub Section Figure-Fig Alt sub section]&#34;, &#34;duration&#34;: &#34;00:01:19&#34;, &#34;resultsTableRow&#34;: [&#34;&lt;td class=\&#34;col-result\&#34;&gt;Failed&lt;/td&gt;&#34;, &#34;&lt;td class=\&#34;col-testId\&#34;&gt;test_cases/test_appendix_overview_page.py::Test_Appendix_Overview::test_verify_add_figure_at_appendix[Sub-Section-Automation Appendix Sub Section Figure-Fig Alt sub section]&lt;/td&gt;&#34;, &#34;&lt;td class=\&#34;col-duration\&#34;&gt;00:01:19&lt;/td&gt;&#34;, &#34;&lt;td class=\&#34;col-links\&#34;&gt;&lt;/td&gt;&#34;], &#34;log&#34;: &#34;self = &amp;lt;test_cases.test_appendix_overview_page.Test_Appendix_Overview object at 0x000002BB6A16FDD0&amp;gt;, section_type = &amp;#x27;Sub-Section&amp;#x27;\nfig_title = &amp;#x27;Automation Appendix Sub Section Figure&amp;#x27;, fig_alt_text = &amp;#x27;Fig Alt sub section&amp;#x27;\n\n    @allure.feature(&amp;quot;Appendix&amp;quot;)\n    @allure.title(&amp;quot;Verify Add new Figure at Appendix&amp;quot;)\n    @allure.severity(allure.severity_level.BLOCKER)\n    @pytest.mark.dependency(\n        name=&amp;quot;test_verify_add_figure_at_appendix&amp;quot;,\n        depends=[\n            &amp;quot;test_verify_add_new_appendix_section&amp;quot;,\n            &amp;quot;test_verify_add_new_appendix_sub_section&amp;quot;,\n        ],\n        scope=&amp;quot;class&amp;quot;,\n    )\n    @pytest.mark.parametrize(\n        [&amp;quot;section_type&amp;quot;, &amp;quot;fig_title&amp;quot;, &amp;quot;fig_alt_text&amp;quot;],\n        [\n            (&amp;quot;Section&amp;quot;, &amp;quot;Automation Appendix Section Figure&amp;quot;, &amp;quot;Fig Alt section&amp;quot;),\n            (\n                &amp;quot;Sub-Section&amp;quot;,\n                &amp;quot;Automation Appendix Sub Section Figure&amp;quot;,\n                &amp;quot;Fig Alt sub section&amp;quot;,\n            ),\n        ],\n    )\n    def test_verify_add_figure_at_appendix(self, section_type, fig_title, fig_alt_text):\n        self.dashboardpage.click_project_name(&amp;quot;2021 International Mechanical Code&amp;quot;)\n        self.dashboardpage.click_dashboard_button(VIEW_PROJECT)\n        self.viewprojectpage.click_on_chapter(&amp;quot;AUTOMATION APPENDIX&amp;quot;)\n        self.chap_overview.click_on_button(OPEN_CHAPTER)\n        self.chap_overview.click_on_section_on_toc(&amp;quot;AUTOMATION SECTION&amp;quot;)\n        if section_type == &amp;quot;Section&amp;quot;:\n            section_number = self.chap_overview.get_section_number(&amp;quot;AUTOMATION SECTION&amp;quot;)\n        else:\n            time.sleep(0.5)\n            section_number = self.chap_overview.get_sub_section_number(\n                &amp;quot;Automation sub section&amp;quot;\n            )\n        self.header_footer.click_on_add_new()\n        time.sleep(0.5)\n        self.header_footer.click_on_model_list(NEW_CODE_ELEMENT)\n        self.header_footer.click_on_code_element_button(FIGURE)\n        self.chap_overview.click_edit_page_button(&amp;quot;Set Figure Ordinal&amp;quot;)\n        time.sleep(0.5)\n        self.chap_overview.enter_new_ordinal_text(section_number)\n        self.chap_overview.click_relocate_alt_button(VALIDATE_LOCATION)\n        validate_text = self.chap_overview.get_validate_message()\n        self.chap_overview.click_relocate_alt_button(RELOCATE_FIG)\n    \n        self.chap_overview.enter_text_in_textbox(FIG_NOTE_ABOVE, &amp;quot;Fig Above text&amp;quot;)\n        self.chap_overview.enter_text_in_textbox(FIG_NOTE_BELOW, &amp;quot;Fig Below text&amp;quot;)\n        self.chap_overview.enter_text_in_textbox(FIG_TITLE, fig_title)\n        self.chap_overview.enter_text_in_textbox(FIG_ALT, fig_alt_text)\n&amp;gt;       result = self.chap_overview.upload_figure(&amp;quot;Test Data/JPG_Valid.jpeg&amp;quot;)\n\ntest_cases\\test_appendix_overview_page.py:347: \n_ _ _ _ _ _ _ _ _ _ _ _ _ _ _ _ _ _ _ _ _ _ _ _ _ _ _ _ _ _ _ _ _ _ _ _ _ _ _ _ _ _ _ _ _ _ _ _ _ _ _ _ _ _ _ _ _ _ _ _ _ _ _ _ _ _ _ _ _ _ _ _ _ _ _ _ _ _ _ _ _ _ \n\nself = &amp;lt;page_objects.chapter_overview_page.Chapter_Overview_page object at 0x000002BB6A4ADD90&amp;gt;, file_path = &amp;#x27;Test Data/JPG_Valid.jpeg&amp;#x27;\n\n    @allure.step(&amp;quot;Upload Figure&amp;quot;)\n    def upload_figure(self, file_path):\n        element = self.baseclass.wait_until(self.__fig_upload)\n        element.send_keys(os.path.abspath(file_path))\n        image = self.baseclass.wait_until(self.__uploaded_fig)\n&amp;gt;       return image.is_displayed()\nE       AttributeError: &amp;#x27;NoneType&amp;#x27; object has no attribute &amp;#x27;is_displayed&amp;#x27;\n\npage_objects\\chapter_overview_page.py:511: AttributeError\n\n----------------------------- Captured stdout call -----------------------------\nElement: (&amp;#x27;xpath&amp;#x27;, &amp;quot;//img[@class=&amp;#x27;v-img__img v-img__img--cover&amp;#x27;]&amp;quot;) : Message: \nStacktrace:\n\tGetHandleVerifier [0x00007FF7267F9642+30946]\n\t(No symbol) [0x00007FF7267AE3D9]\n\t(No symbol) [0x00007FF7266A6FDA]\n\t(No symbol) [0x00007FF7266F822C]\n\t(No symbol) [0x00007FF7266F850C]\n\t(No symbol) [0x00007FF72673DCB7]\n\t(No symbol) [0x00007FF72671CAAF]\n\t(No symbol) [0x00007FF72673B041]\n\t(No symbol) [0x00007FF72671C813]\n\t(No symbol) [0x00007FF7266EA6E5]\n\t(No symbol) [0x00007FF7266EB021]\n\tGetHandleVerifier [0x00007FF72692F84D+1301229]\n\tGetHandleVerifier [0x00007FF72693BDC7+1351783]\n\tGetHandleVerifier [0x00007FF726932A13+1313971]\n\tGetHandleVerifier [0x00007FF72682DD16+245686]\n\t(No symbol) [0x00007FF7267B759F]\n\t(No symbol) [0x00007FF7267B3814]\n\t(No symbol) [0x00007FF7267B39A2]\n\t(No symbol) [0x00007FF7267AA3FF]\n\tBaseThreadInitThunk [0x00007FF9342D7374+20]\n\tRtlUserThreadStart [0x00007FF935A5CC91+33]\n\n&#34;}], &#34;test_cases/test_appendix_overview_page.py::Test_Appendix_Overview::test_verify_cancel_edit_appendix_figure[Automation Appendix Section Figure]&#34;: [{&#34;extras&#34;: [], &#34;result&#34;: &#34;Skipped&#34;, &#34;testId&#34;: &#34;test_cases/test_appendix_overview_page.py::Test_Appendix_Overview::test_verify_cancel_edit_appendix_figure[Automation Appendix Section Figure]::setup&#34;, &#34;duration&#34;: &#34;1 ms&#34;, &#34;resultsTableRow&#34;: [&#34;&lt;td class=\&#34;col-result\&#34;&gt;Skipped&lt;/td&gt;&#34;, &#34;&lt;td class=\&#34;col-testId\&#34;&gt;test_cases/test_appendix_overview_page.py::Test_Appendix_Overview::test_verify_cancel_edit_appendix_figure[Automation Appendix Section Figure]::setup&lt;/td&gt;&#34;, &#34;&lt;td class=\&#34;col-duration\&#34;&gt;1 ms&lt;/td&gt;&#34;, &#34;&lt;td class=\&#34;col-links\&#34;&gt;&lt;/td&gt;&#34;], &#34;log&#34;: &#34;(&amp;#x27;d:\\\\python program\\\\ICC-Shop\\\\venv\\\\Lib\\\\site-packages\\\\pytest_dependency.py&amp;#x27;, 101, &amp;#x27;Skipped: test_verify_cancel_edit_appendix_figure[Automation Appendix Section Figure] depends on test_verify_add_figure_at_appendix&amp;#x27;)\n&#34;}], &#34;test_cases/test_appendix_overview_page.py::Test_Appendix_Overview::test_verify_cancel_edit_appendix_figure[Automation Appendix Sub Section Figure]&#34;: [{&#34;extras&#34;: [], &#34;result&#34;: &#34;Skipped&#34;, &#34;testId&#34;: &#34;test_cases/test_appendix_overview_page.py::Test_Appendix_Overview::test_verify_cancel_edit_appendix_figure[Automation Appendix Sub Section Figure]::setup&#34;, &#34;duration&#34;: &#34;1 ms&#34;, &#34;resultsTableRow&#34;: [&#34;&lt;td class=\&#34;col-result\&#34;&gt;Skipped&lt;/td&gt;&#34;, &#34;&lt;td class=\&#34;col-testId\&#34;&gt;test_cases/test_appendix_overview_page.py::Test_Appendix_Overview::test_verify_cancel_edit_appendix_figure[Automation Appendix Sub Section Figure]::setup&lt;/td&gt;&#34;, &#34;&lt;td class=\&#34;col-duration\&#34;&gt;1 ms&lt;/td&gt;&#34;, &#34;&lt;td class=\&#34;col-links\&#34;&gt;&lt;/td&gt;&#34;], &#34;log&#34;: &#34;(&amp;#x27;d:\\\\python program\\\\ICC-Shop\\\\venv\\\\Lib\\\\site-packages\\\\pytest_dependency.py&amp;#x27;, 101, &amp;#x27;Skipped: test_verify_cancel_edit_appendix_figure[Automation Appendix Sub Section Figure] depends on test_verify_add_figure_at_appendix&amp;#x27;)\n&#34;}], &#34;test_cases/test_appendix_overview_page.py::Test_Appendix_Overview::test_verify_delete_figure_at_appendix[Automation Appendix Section Figure]&#34;: [{&#34;extras&#34;: [], &#34;result&#34;: &#34;Skipped&#34;, &#34;testId&#34;: &#34;test_cases/test_appendix_overview_page.py::Test_Appendix_Overview::test_verify_delete_figure_at_appendix[Automation Appendix Section Figure]::setup&#34;, &#34;duration&#34;: &#34;1 ms&#34;, &#34;resultsTableRow&#34;: [&#34;&lt;td class=\&#34;col-result\&#34;&gt;Skipped&lt;/td&gt;&#34;, &#34;&lt;td class=\&#34;col-testId\&#34;&gt;test_cases/test_appendix_overview_page.py::Test_Appendix_Overview::test_verify_delete_figure_at_appendix[Automation Appendix Section Figure]::setup&lt;/td&gt;&#34;, &#34;&lt;td class=\&#34;col-duration\&#34;&gt;1 ms&lt;/td&gt;&#34;, &#34;&lt;td class=\&#34;col-links\&#34;&gt;&lt;/td&gt;&#34;], &#34;log&#34;: &#34;(&amp;#x27;d:\\\\python program\\\\ICC-Shop\\\\venv\\\\Lib\\\\site-packages\\\\pytest_dependency.py&amp;#x27;, 101, &amp;#x27;Skipped: test_verify_delete_figure_at_appendix[Automation Appendix Section Figure] depends on test_verify_add_figure_at_appendix&amp;#x27;)\n&#34;}], &#34;test_cases/test_appendix_overview_page.py::Test_Appendix_Overview::test_verify_delete_figure_at_appendix[Automation Appendix Sub Section Figure]&#34;: [{&#34;extras&#34;: [], &#34;result&#34;: &#34;Skipped&#34;, &#34;testId&#34;: &#34;test_cases/test_appendix_overview_page.py::Test_Appendix_Overview::test_verify_delete_figure_at_appendix[Automation Appendix Sub Section Figure]::setup&#34;, &#34;duration&#34;: &#34;1 ms&#34;, &#34;resultsTableRow&#34;: [&#34;&lt;td class=\&#34;col-result\&#34;&gt;Skipped&lt;/td&gt;&#34;, &#34;&lt;td class=\&#34;col-testId\&#34;&gt;test_cases/test_appendix_overview_page.py::Test_Appendix_Overview::test_verify_delete_figure_at_appendix[Automation Appendix Sub Section Figure]::setup&lt;/td&gt;&#34;, &#34;&lt;td class=\&#34;col-duration\&#34;&gt;1 ms&lt;/td&gt;&#34;, &#34;&lt;td class=\&#34;col-links\&#34;&gt;&lt;/td&gt;&#34;], &#34;log&#34;: &#34;(&amp;#x27;d:\\\\python program\\\\ICC-Shop\\\\venv\\\\Lib\\\\site-packages\\\\pytest_dependency.py&amp;#x27;, 101, &amp;#x27;Skipped: test_verify_delete_figure_at_appendix[Automation Appendix Sub Section Figure] depends on test_verify_add_figure_at_appendix&amp;#x27;)\n&#34;}], &#34;test_cases/test_appendix_overview_page.py::Test_Appendix_Overview::test_verify_delete_appendix_sub_section&#34;: [{&#34;extras&#34;: [], &#34;result&#34;: &#34;Passed&#34;, &#34;testId&#34;: &#34;test_cases/test_appendix_overview_page.py::Test_Appendix_Overview::test_verify_delete_appendix_sub_section&#34;, &#34;duration&#34;: &#34;00:01:06&#34;, &#34;resultsTableRow&#34;: [&#34;&lt;td class=\&#34;col-result\&#34;&gt;Passed&lt;/td&gt;&#34;, &#34;&lt;td class=\&#34;col-testId\&#34;&gt;test_cases/test_appendix_overview_page.py::Test_Appendix_Overview::test_verify_delete_appendix_sub_section&lt;/td&gt;&#34;, &#34;&lt;td class=\&#34;col-duration\&#34;&gt;00:01:06&lt;/td&gt;&#34;, &#34;&lt;td class=\&#34;col-links\&#34;&gt;&lt;/td&gt;&#34;], &#34;log&#34;: &#34;No log output captured.&#34;}], &#34;test_cases/test_appendix_overview_page.py::Test_Appendix_Overview::test_verify_delete_appendix_section&#34;: [{&#34;extras&#34;: [], &#34;result&#34;: &#34;Passed&#34;, &#34;testId&#34;: &#34;test_cases/test_appendix_overview_page.py::Test_Appendix_Overview::test_verify_delete_appendix_section&#34;, &#34;duration&#34;: &#34;00:01:05&#34;, &#34;resultsTableRow&#34;: [&#34;&lt;td class=\&#34;col-result\&#34;&gt;Passed&lt;/td&gt;&#34;, &#34;&lt;td class=\&#34;col-testId\&#34;&gt;test_cases/test_appendix_overview_page.py::Test_Appendix_Overview::test_verify_delete_appendix_section&lt;/td&gt;&#34;, &#34;&lt;td class=\&#34;col-duration\&#34;&gt;00:01:05&lt;/td&gt;&#34;, &#34;&lt;td class=\&#34;col-links\&#34;&gt;&lt;/td&gt;&#34;], &#34;log&#34;: &#34;No log output captured.&#34;}], &#34;test_cases/test_appendix_overview_page.py::Test_Appendix_Overview::test_verify_delete_appendix_chapter&#34;: [{&#34;extras&#34;: [], &#34;result&#34;: &#34;Passed&#34;, &#34;testId&#34;: &#34;test_cases/test_appendix_overview_page.py::Test_Appendix_Overview::test_verify_delete_appendix_chapter&#34;, &#34;duration&#34;: &#34;00:00:41&#34;, &#34;resultsTableRow&#34;: [&#34;&lt;td class=\&#34;col-result\&#34;&gt;Passed&lt;/td&gt;&#34;, &#34;&lt;td class=\&#34;col-testId\&#34;&gt;test_cases/test_appendix_overview_page.py::Test_Appendix_Overview::test_verify_delete_appendix_chapter&lt;/td&gt;&#34;, &#34;&lt;td class=\&#34;col-duration\&#34;&gt;00:00:41&lt;/td&gt;&#34;, &#34;&lt;td class=\&#34;col-links\&#34;&gt;&lt;/td&gt;&#34;], &#34;log&#34;: &#34;No log output captured.&#34;}], &#34;test_cases/test_referenced_standards_overview_page.py::Test_Referenced_Standards_Overview::test_verify_open_referenced_standards_chapter_status&#34;: [{&#34;extras&#34;: [], &#34;result&#34;: &#34;Passed&#34;, &#34;testId&#34;: &#34;test_cases/test_referenced_standards_overview_page.py::Test_Referenced_Standards_Overview::test_verify_open_referenced_standards_chapter_status&#34;, &#34;duration&#34;: &#34;00:00:34&#34;, &#34;resultsTableRow&#34;: [&#34;&lt;td class=\&#34;col-result\&#34;&gt;Passed&lt;/td&gt;&#34;, &#34;&lt;td class=\&#34;col-testId\&#34;&gt;test_cases/test_referenced_standards_overview_page.py::Test_Referenced_Standards_Overview::test_verify_open_referenced_standards_chapter_status&lt;/td&gt;&#34;, &#34;&lt;td class=\&#34;col-duration\&#34;&gt;00:00:34&lt;/td&gt;&#34;, &#34;&lt;td class=\&#34;col-links\&#34;&gt;&lt;/td&gt;&#34;], &#34;log&#34;: &#34;No log output captured.&#34;}], &#34;test_cases/test_referenced_standards_overview_page.py::Test_Referenced_Standards_Overview::test_verify_cancel_edit_referenced_standards_chapter&#34;: [{&#34;extras&#34;: [], &#34;result&#34;: &#34;Passed&#34;, &#34;testId&#34;: &#34;test_cases/test_referenced_standards_overview_page.py::Test_Referenced_Standards_Overview::test_verify_cancel_edit_referenced_standards_chapter&#34;, &#34;duration&#34;: &#34;00:00:35&#34;, &#34;resultsTableRow&#34;: [&#34;&lt;td class=\&#34;col-result\&#34;&gt;Passed&lt;/td&gt;&#34;, &#34;&lt;td class=\&#34;col-testId\&#34;&gt;test_cases/test_referenced_standards_overview_page.py::Test_Referenced_Standards_Overview::test_verify_cancel_edit_referenced_standards_chapter&lt;/td&gt;&#34;, &#34;&lt;td class=\&#34;col-duration\&#34;&gt;00:00:35&lt;/td&gt;&#34;, &#34;&lt;td class=\&#34;col-links\&#34;&gt;&lt;/td&gt;&#34;], &#34;log&#34;: &#34;No log output captured.&#34;}], &#34;test_cases/test_referenced_standards_overview_page.py::Test_Referenced_Standards_Overview::test_verify_cancel_edit_promulgator&#34;: [{&#34;extras&#34;: [], &#34;result&#34;: &#34;Passed&#34;, &#34;testId&#34;: &#34;test_cases/test_referenced_standards_overview_page.py::Test_Referenced_Standards_Overview::test_verify_cancel_edit_promulgator&#34;, &#34;duration&#34;: &#34;00:00:49&#34;, &#34;resultsTableRow&#34;: [&#34;&lt;td class=\&#34;col-result\&#34;&gt;Passed&lt;/td&gt;&#34;, &#34;&lt;td class=\&#34;col-testId\&#34;&gt;test_cases/test_referenced_standards_overview_page.py::Test_Referenced_Standards_Overview::test_verify_cancel_edit_promulgator&lt;/td&gt;&#34;, &#34;&lt;td class=\&#34;col-duration\&#34;&gt;00:00:49&lt;/td&gt;&#34;, &#34;&lt;td class=\&#34;col-links\&#34;&gt;&lt;/td&gt;&#34;], &#34;log&#34;: &#34;No log output captured.&#34;}], &#34;test_cases/test_referenced_standards_overview_page.py::Test_Referenced_Standards_Overview::test_verify_cancel_edit_referenced_standard&#34;: [{&#34;extras&#34;: [], &#34;result&#34;: &#34;Passed&#34;, &#34;testId&#34;: &#34;test_cases/test_referenced_standards_overview_page.py::Test_Referenced_Standards_Overview::test_verify_cancel_edit_referenced_standard&#34;, &#34;duration&#34;: &#34;00:00:46&#34;, &#34;resultsTableRow&#34;: [&#34;&lt;td class=\&#34;col-result\&#34;&gt;Passed&lt;/td&gt;&#34;, &#34;&lt;td class=\&#34;col-testId\&#34;&gt;test_cases/test_referenced_standards_overview_page.py::Test_Referenced_Standards_Overview::test_verify_cancel_edit_referenced_standard&lt;/td&gt;&#34;, &#34;&lt;td class=\&#34;col-duration\&#34;&gt;00:00:46&lt;/td&gt;&#34;, &#34;&lt;td class=\&#34;col-links\&#34;&gt;&lt;/td&gt;&#34;], &#34;log&#34;: &#34;No log output captured.&#34;}], &#34;test_cases/test_referenced_standards_overview_page.py::Test_Referenced_Standards_Overview::test_verify_add_promulgator&#34;: [{&#34;extras&#34;: [], &#34;result&#34;: &#34;Passed&#34;, &#34;testId&#34;: &#34;test_cases/test_referenced_standards_overview_page.py::Test_Referenced_Standards_Overview::test_verify_add_promulgator&#34;, &#34;duration&#34;: &#34;00:01:26&#34;, &#34;resultsTableRow&#34;: [&#34;&lt;td class=\&#34;col-result\&#34;&gt;Passed&lt;/td&gt;&#34;, &#34;&lt;td class=\&#34;col-testId\&#34;&gt;test_cases/test_referenced_standards_overview_page.py::Test_Referenced_Standards_Overview::test_verify_add_promulgator&lt;/td&gt;&#34;, &#34;&lt;td class=\&#34;col-duration\&#34;&gt;00:01:26&lt;/td&gt;&#34;, &#34;&lt;td class=\&#34;col-links\&#34;&gt;&lt;/td&gt;&#34;], &#34;log&#34;: &#34;No log output captured.&#34;}], &#34;test_cases/test_referenced_standards_overview_page.py::Test_Referenced_Standards_Overview::test_verify_add_referenced_standard&#34;: [{&#34;extras&#34;: [{&#34;name&#34;: null, &#34;format_type&#34;: &#34;html&#34;, &#34;content&#34;: &#34;&lt;div&gt;&lt;img src=\&#34;D:\\python program\\ICC-Shop\\Screenshot/test_verify_add_referenced_standard.png\&#34; alt=\&#34;screenshot\&#34; style=\&#34;width:204px;height:128px;\&#34; onclick=\&#34;window.open(this.src)\&#34; align=\&#34;right\&#34;/&gt;&lt;/div&gt;&#34;, &#34;mime_type&#34;: null, &#34;extension&#34;: null}], &#34;result&#34;: &#34;Failed&#34;, &#34;testId&#34;: &#34;test_cases/test_referenced_standards_overview_page.py::Test_Referenced_Standards_Overview::test_verify_add_referenced_standard&#34;, &#34;duration&#34;: &#34;00:01:02&#34;, &#34;resultsTableRow&#34;: [&#34;&lt;td class=\&#34;col-result\&#34;&gt;Failed&lt;/td&gt;&#34;, &#34;&lt;td class=\&#34;col-testId\&#34;&gt;test_cases/test_referenced_standards_overview_page.py::Test_Referenced_Standards_Overview::test_verify_add_referenced_standard&lt;/td&gt;&#34;, &#34;&lt;td class=\&#34;col-duration\&#34;&gt;00:01:02&lt;/td&gt;&#34;, &#34;&lt;td class=\&#34;col-links\&#34;&gt;&lt;/td&gt;&#34;], &#34;log&#34;: &#34;self = &amp;lt;test_cases.test_referenced_standards_overview_page.Test_Referenced_Standards_Overview object at 0x000002BB6A1D5750&amp;gt;\n\n    @allure.feature(&amp;quot;Referenced Standards&amp;quot;)\n    @allure.title(&amp;quot;Verify Add Referenced Standard&amp;quot;)\n    @allure.severity(allure.severity_level.CRITICAL)\n    @pytest.mark.dependency(depends=[&amp;quot;test_verify_add_promulgator&amp;quot;], scope=&amp;quot;class&amp;quot;)\n    def test_verify_add_referenced_standard(self):\n        self.dashboardpage.click_project_name(&amp;quot;2021 International Mechanical Code&amp;quot;)\n        self.dashboardpage.click_dashboard_button(VIEW_PROJECT)\n        self.viewprojectpage.click_on_chapter(&amp;quot;CHAPTER 15 REFERENCED STANDARDS&amp;quot;)\n        self.chap_overview.click_on_button(OPEN_CHAPTER)\n        time.sleep(0.5)\n        self.chap_overview.click_on_section_on_toc(&amp;quot;TEST&amp;quot;)\n        self.chap_overview.click_on_active_content()\n        self.chap_overview.click_edit_page_button(&amp;quot;Add New Referenced Standard&amp;quot;)\n        count = self.ref_standards.get_referenced_standard_count()\n        self.chap_overview.enter_text_in_textbox(&amp;quot;Number&amp;quot;, &amp;quot;TEST-2024&amp;quot;, clear=True)\n        self.chap_overview.enter_text_in_textbox(\n            &amp;quot;Title&amp;quot;, &amp;quot;Automation Test standards&amp;quot;, clear=True\n        )\n        self.ref_standards.enter_section_number(301.1)\n        lablel = self.ref_standards.get_section_lable()\n        self.chap_overview.click_edit_page_button(SAVE_DRAFT)\n        draft_msg = self.viewprojectpage.get_alert_message()\n        draft_indicator = self.chap_overview.get_section_indicator(&amp;quot;TEST&amp;quot;)\n    \n        # Get Ref standard Information\n        ref_number = self.ref_standards.get_reference_standard_info(&amp;quot;number&amp;quot;, 0)\n&amp;gt;       ref_title = self.ref_standards.get_reference_standard_info(&amp;quot;title&amp;quot;, 0)\n\ntest_cases\\test_referenced_standards_overview_page.py:189: \n_ _ _ _ _ _ _ _ _ _ _ _ _ _ _ _ _ _ _ _ _ _ _ _ _ _ _ _ _ _ _ _ _ _ _ _ _ _ _ _ _ _ _ _ _ _ _ _ _ _ _ _ _ _ _ _ _ _ _ _ _ _ _ _ _ _ _ _ _ _ _ _ _ _ _ _ _ _ _ _ _ _ \n\nself = &amp;lt;page_objects.referenced_standards_overview_page.Referenced_Standards_Overview_Page object at 0x000002BB6A56F890&amp;gt;, field = &amp;#x27;title&amp;#x27;, sr_number = 0\n\n    @allure.step(&amp;quot;Get Referenced Standard {field}&amp;quot;)\n    def get_reference_standard_info(self, field, sr_number: int):\n        &amp;quot;&amp;quot;&amp;quot;To get refrenece standard info\n        :param : number, title, sections\n        :return : value of parameter\n        &amp;quot;&amp;quot;&amp;quot;\n        text = &amp;quot;&amp;quot;\n        ref_standard = self.baseclass.wait_until_elements(\n            self.__referenced_standards_info\n        )[sr_number].find_elements(By.TAG_NAME, &amp;quot;p&amp;quot;)\n        for i in ref_standard:\n            if field in i.get_attribute(&amp;quot;class&amp;quot;):\n                text = i.text\n                break\n            else:\n&amp;gt;               raise Exception(f&amp;quot;{field} is not showing&amp;quot;)\nE               Exception: title is not showing\n\npage_objects\\referenced_standards_overview_page.py:94: Exception\n&#34;}], &#34;test_cases/test_referenced_standards_overview_page.py::Test_Referenced_Standards_Overview::test_verify_remove_section_referencing_standard&#34;: [{&#34;extras&#34;: [], &#34;result&#34;: &#34;Skipped&#34;, &#34;testId&#34;: &#34;test_cases/test_referenced_standards_overview_page.py::Test_Referenced_Standards_Overview::test_verify_remove_section_referencing_standard::setup&#34;, &#34;duration&#34;: &#34;1 ms&#34;, &#34;resultsTableRow&#34;: [&#34;&lt;td class=\&#34;col-result\&#34;&gt;Skipped&lt;/td&gt;&#34;, &#34;&lt;td class=\&#34;col-testId\&#34;&gt;test_cases/test_referenced_standards_overview_page.py::Test_Referenced_Standards_Overview::test_verify_remove_section_referencing_standard::setup&lt;/td&gt;&#34;, &#34;&lt;td class=\&#34;col-duration\&#34;&gt;1 ms&lt;/td&gt;&#34;, &#34;&lt;td class=\&#34;col-links\&#34;&gt;&lt;/td&gt;&#34;], &#34;log&#34;: &#34;(&amp;#x27;d:\\\\python program\\\\ICC-Shop\\\\venv\\\\Lib\\\\site-packages\\\\pytest_dependency.py&amp;#x27;, 101, &amp;#x27;Skipped: test_verify_remove_section_referencing_standard depends on test_verify_add_referenced_standard&amp;#x27;)\n&#34;}]}, &#34;renderCollapsed&#34;: [&#34;passed&#34;], &#34;initialSort&#34;: &#34;result&#34;, &#34;title&#34;: &#34;\&#34;CCT-VUE\&#34;&#34;}"></div>
    <script>
      (function(){function r(e,n,t){function o(i,f){if(!n[i]){if(!e[i]){var c="function"==typeof require&&require;if(!f&&c)return c(i,!0);if(u)return u(i,!0);var a=new Error("Cannot find module '"+i+"'");throw a.code="MODULE_NOT_FOUND",a}var p=n[i]={exports:{}};e[i][0].call(p.exports,function(r){var n=e[i][1][r];return o(n||r)},p,p.exports,r,e,n,t)}return n[i].exports}for(var u="function"==typeof require&&require,i=0;i<t.length;i++)o(t[i]);return o}return r})()({1:[function(require,module,exports){
const { getCollapsedCategory, setCollapsedIds } = require('./storage.js')

class DataManager {
    setManager(data) {
        const collapsedCategories = [...getCollapsedCategory(data.renderCollapsed)]
        const collapsedIds = []
        const tests = Object.values(data.tests).flat().map((test, index) => {
            const collapsed = collapsedCategories.includes(test.result.toLowerCase())
            const id = `test_${index}`
            if (collapsed) {
                collapsedIds.push(id)
            }
            return {
                ...test,
                id,
                collapsed,
            }
        })
        const dataBlob = { ...data, tests }
        this.data = { ...dataBlob }
        this.renderData = { ...dataBlob }
        setCollapsedIds(collapsedIds)
    }

    get allData() {
        return { ...this.data }
    }

    resetRender() {
        this.renderData = { ...this.data }
    }

    setRender(data) {
        this.renderData.tests = [...data]
    }

    toggleCollapsedItem(id) {
        this.renderData.tests = this.renderData.tests.map((test) =>
            test.id === id ? { ...test, collapsed: !test.collapsed } : test,
        )
    }

    set allCollapsed(collapsed) {
        this.renderData = { ...this.renderData, tests: [...this.renderData.tests.map((test) => (
            { ...test, collapsed }
        ))] }
    }

    get testSubset() {
        return [...this.renderData.tests]
    }

    get environment() {
        return this.renderData.environment
    }

    get initialSort() {
        return this.data.initialSort
    }
}

module.exports = {
    manager: new DataManager(),
}

},{"./storage.js":8}],2:[function(require,module,exports){
const mediaViewer = require('./mediaviewer.js')
const templateEnvRow = document.getElementById('template_environment_row')
const templateResult = document.getElementById('template_results-table__tbody')

function htmlToElements(html) {
    const temp = document.createElement('template')
    temp.innerHTML = html
    return temp.content.childNodes
}

const find = (selector, elem) => {
    if (!elem) {
        elem = document
    }
    return elem.querySelector(selector)
}

const findAll = (selector, elem) => {
    if (!elem) {
        elem = document
    }
    return [...elem.querySelectorAll(selector)]
}

const dom = {
    getStaticRow: (key, value) => {
        const envRow = templateEnvRow.content.cloneNode(true)
        const isObj = typeof value === 'object' && value !== null
        const values = isObj ? Object.keys(value).map((k) => `${k}: ${value[k]}`) : null

        const valuesElement = htmlToElements(
            values ? `<ul>${values.map((val) => `<li>${val}</li>`).join('')}<ul>` : `<div>${value}</div>`)[0]
        const td = findAll('td', envRow)
        td[0].textContent = key
        td[1].appendChild(valuesElement)

        return envRow
    },
    getResultTBody: ({ testId, id, log, extras, resultsTableRow, tableHtml, result, collapsed }) => {
        const resultBody = templateResult.content.cloneNode(true)
        resultBody.querySelector('tbody').classList.add(result.toLowerCase())
        resultBody.querySelector('tbody').id = testId
        resultBody.querySelector('.collapsible').dataset.id = id

        resultsTableRow.forEach((html) => {
            const t = document.createElement('template')
            t.innerHTML = html
            resultBody.querySelector('.collapsible').appendChild(t.content)
        })

        if (log) {
            // Wrap lines starting with "E" with span.error to color those lines red
            const wrappedLog = log.replace(/^E.*$/gm, (match) => `<span class="error">${match}</span>`)
            resultBody.querySelector('.log').innerHTML = wrappedLog
        } else {
            resultBody.querySelector('.log').remove()
        }

        if (collapsed) {
            resultBody.querySelector('.collapsible > td')?.classList.add('collapsed')
            resultBody.querySelector('.extras-row').classList.add('hidden')
        } else {
            resultBody.querySelector('.collapsible > td')?.classList.remove('collapsed')
        }

        const media = []
        extras?.forEach(({ name, format_type, content }) => {
            if (['image', 'video'].includes(format_type)) {
                media.push({ path: content, name, format_type })
            }

            if (format_type === 'html') {
                resultBody.querySelector('.extraHTML').insertAdjacentHTML('beforeend', `<div>${content}</div>`)
            }
        })
        mediaViewer.setup(resultBody, media)

        // Add custom html from the pytest_html_results_table_html hook
        tableHtml?.forEach((item) => {
            resultBody.querySelector('td[class="extra"]').insertAdjacentHTML('beforeend', item)
        })

        return resultBody
    },
}

module.exports = {
    dom,
    htmlToElements,
    find,
    findAll,
}

},{"./mediaviewer.js":6}],3:[function(require,module,exports){
const { manager } = require('./datamanager.js')
const { doSort } = require('./sort.js')
const storageModule = require('./storage.js')

const getFilteredSubSet = (filter) =>
    manager.allData.tests.filter(({ result }) => filter.includes(result.toLowerCase()))

const doInitFilter = () => {
    const currentFilter = storageModule.getVisible()
    const filteredSubset = getFilteredSubSet(currentFilter)
    manager.setRender(filteredSubset)
}

const doFilter = (type, show) => {
    if (show) {
        storageModule.showCategory(type)
    } else {
        storageModule.hideCategory(type)
    }

    const currentFilter = storageModule.getVisible()
    const filteredSubset = getFilteredSubSet(currentFilter)
    manager.setRender(filteredSubset)

    const sortColumn = storageModule.getSort()
    doSort(sortColumn, true)
}

module.exports = {
    doFilter,
    doInitFilter,
}

},{"./datamanager.js":1,"./sort.js":7,"./storage.js":8}],4:[function(require,module,exports){
const { redraw, bindEvents, renderStatic } = require('./main.js')
const { doInitFilter } = require('./filter.js')
const { doInitSort } = require('./sort.js')
const { manager } = require('./datamanager.js')
const data = JSON.parse(document.getElementById('data-container').dataset.jsonblob)

function init() {
    manager.setManager(data)
    doInitFilter()
    doInitSort()
    renderStatic()
    redraw()
    bindEvents()
}

init()

},{"./datamanager.js":1,"./filter.js":3,"./main.js":5,"./sort.js":7}],5:[function(require,module,exports){
const { dom, find, findAll } = require('./dom.js')
const { manager } = require('./datamanager.js')
const { doSort } = require('./sort.js')
const { doFilter } = require('./filter.js')
const {
    getVisible,
    getCollapsedIds,
    setCollapsedIds,
    getSort,
    getSortDirection,
    possibleFilters,
} = require('./storage.js')

const removeChildren = (node) => {
    while (node.firstChild) {
        node.removeChild(node.firstChild)
    }
}

const renderStatic = () => {
    const renderEnvironmentTable = () => {
        const environment = manager.environment
        const rows = Object.keys(environment).map((key) => dom.getStaticRow(key, environment[key]))
        const table = document.getElementById('environment')
        removeChildren(table)
        rows.forEach((row) => table.appendChild(row))
    }
    renderEnvironmentTable()
}

const addItemToggleListener = (elem) => {
    elem.addEventListener('click', ({ target }) => {
        const id = target.parentElement.dataset.id
        manager.toggleCollapsedItem(id)

        const collapsedIds = getCollapsedIds()
        if (collapsedIds.includes(id)) {
            const updated = collapsedIds.filter((item) => item !== id)
            setCollapsedIds(updated)
        } else {
            collapsedIds.push(id)
            setCollapsedIds(collapsedIds)
        }
        redraw()
    })
}

const renderContent = (tests) => {
    const sortAttr = getSort(manager.initialSort)
    const sortAsc = JSON.parse(getSortDirection())
    const rows = tests.map(dom.getResultTBody)
    const table = document.getElementById('results-table')
    const tableHeader = document.getElementById('results-table-head')

    const newTable = document.createElement('table')
    newTable.id = 'results-table'

    // remove all sorting classes and set the relevant
    findAll('.sortable', tableHeader).forEach((elem) => elem.classList.remove('asc', 'desc'))
    tableHeader.querySelector(`.sortable[data-column-type="${sortAttr}"]`)?.classList.add(sortAsc ? 'desc' : 'asc')
    newTable.appendChild(tableHeader)

    if (!rows.length) {
        const emptyTable = document.getElementById('template_results-table__body--empty').content.cloneNode(true)
        newTable.appendChild(emptyTable)
    } else {
        rows.forEach((row) => {
            if (!!row) {
                findAll('.collapsible td:not(.col-links', row).forEach(addItemToggleListener)
                find('.logexpander', row).addEventListener('click',
                    (evt) => evt.target.parentNode.classList.toggle('expanded'),
                )
                newTable.appendChild(row)
            }
        })
    }

    table.replaceWith(newTable)
}

const renderDerived = () => {
    const currentFilter = getVisible()
    possibleFilters.forEach((result) => {
        const input = document.querySelector(`input[data-test-result="${result}"]`)
        input.checked = currentFilter.includes(result)
    })
}

const bindEvents = () => {
    const filterColumn = (evt) => {
        const { target: element } = evt
        const { testResult } = element.dataset

        doFilter(testResult, element.checked)
        const collapsedIds = getCollapsedIds()
        const updated = manager.renderData.tests.map((test) => {
            return {
                ...test,
                collapsed: collapsedIds.includes(test.id),
            }
        })
        manager.setRender(updated)
        redraw()
    }

    const header = document.getElementById('environment-header')
    header.addEventListener('click', () => {
        const table = document.getElementById('environment')
        table.classList.toggle('hidden')
        header.classList.toggle('collapsed')
    })

    findAll('input[name="filter_checkbox"]').forEach((elem) => {
        elem.addEventListener('click', filterColumn)
    })

    findAll('.sortable').forEach((elem) => {
        elem.addEventListener('click', (evt) => {
            const { target: element } = evt
            const { columnType } = element.dataset
            doSort(columnType)
            redraw()
        })
    })

    document.getElementById('show_all_details').addEventListener('click', () => {
        manager.allCollapsed = false
        setCollapsedIds([])
        redraw()
    })
    document.getElementById('hide_all_details').addEventListener('click', () => {
        manager.allCollapsed = true
        const allIds = manager.renderData.tests.map((test) => test.id)
        setCollapsedIds(allIds)
        redraw()
    })
}

const redraw = () => {
    const { testSubset } = manager

    renderContent(testSubset)
    renderDerived()
}

module.exports = {
    redraw,
    bindEvents,
    renderStatic,
}

},{"./datamanager.js":1,"./dom.js":2,"./filter.js":3,"./sort.js":7,"./storage.js":8}],6:[function(require,module,exports){
class MediaViewer {
    constructor(assets) {
        this.assets = assets
        this.index = 0
    }

    nextActive() {
        this.index = this.index === this.assets.length - 1 ? 0 : this.index + 1
        return [this.activeFile, this.index]
    }

    prevActive() {
        this.index = this.index === 0 ? this.assets.length - 1 : this.index -1
        return [this.activeFile, this.index]
    }

    get currentIndex() {
        return this.index
    }

    get activeFile() {
        return this.assets[this.index]
    }
}


const setup = (resultBody, assets) => {
    if (!assets.length) {
        resultBody.querySelector('.media').classList.add('hidden')
        return
    }

    const mediaViewer = new MediaViewer(assets)
    const container = resultBody.querySelector('.media-container')
    const leftArrow = resultBody.querySelector('.media-container__nav--left')
    const rightArrow = resultBody.querySelector('.media-container__nav--right')
    const mediaName = resultBody.querySelector('.media__name')
    const counter = resultBody.querySelector('.media__counter')
    const imageEl = resultBody.querySelector('img')
    const sourceEl = resultBody.querySelector('source')
    const videoEl = resultBody.querySelector('video')

    const setImg = (media, index) => {
        if (media?.format_type === 'image') {
            imageEl.src = media.path

            imageEl.classList.remove('hidden')
            videoEl.classList.add('hidden')
        } else if (media?.format_type === 'video') {
            sourceEl.src = media.path

            videoEl.classList.remove('hidden')
            imageEl.classList.add('hidden')
        }

        mediaName.innerText = media?.name
        counter.innerText = `${index + 1} / ${assets.length}`
    }
    setImg(mediaViewer.activeFile, mediaViewer.currentIndex)

    const moveLeft = () => {
        const [media, index] = mediaViewer.prevActive()
        setImg(media, index)
    }
    const doRight = () => {
        const [media, index] = mediaViewer.nextActive()
        setImg(media, index)
    }
    const openImg = () => {
        window.open(mediaViewer.activeFile.path, '_blank')
    }
    if (assets.length === 1) {
        container.classList.add('media-container--fullscreen')
    } else {
        leftArrow.addEventListener('click', moveLeft)
        rightArrow.addEventListener('click', doRight)
    }
    imageEl.addEventListener('click', openImg)
}

module.exports = {
    setup,
}

},{}],7:[function(require,module,exports){
const { manager } = require('./datamanager.js')
const storageModule = require('./storage.js')

const genericSort = (list, key, ascending, customOrder) => {
    let sorted
    if (customOrder) {
        sorted = list.sort((a, b) => {
            const aValue = a.result.toLowerCase()
            const bValue = b.result.toLowerCase()

            const aIndex = customOrder.findIndex((item) => item.toLowerCase() === aValue)
            const bIndex = customOrder.findIndex((item) => item.toLowerCase() === bValue)

            // Compare the indices to determine the sort order
            return aIndex - bIndex
        })
    } else {
        sorted = list.sort((a, b) => a[key] === b[key] ? 0 : a[key] > b[key] ? 1 : -1)
    }

    if (ascending) {
        sorted.reverse()
    }
    return sorted
}

const durationSort = (list, ascending) => {
    const parseDuration = (duration) => {
        if (duration.includes(':')) {
            // If it's in the format "HH:mm:ss"
            const [hours, minutes, seconds] = duration.split(':').map(Number)
            return (hours * 3600 + minutes * 60 + seconds) * 1000
        } else {
            // If it's in the format "nnn ms"
            return parseInt(duration)
        }
    }
    const sorted = list.sort((a, b) => parseDuration(a['duration']) - parseDuration(b['duration']))
    if (ascending) {
        sorted.reverse()
    }
    return sorted
}

const doInitSort = () => {
    const type = storageModule.getSort(manager.initialSort)
    const ascending = storageModule.getSortDirection()
    const list = manager.testSubset
    const initialOrder = ['Error', 'Failed', 'Rerun', 'XFailed', 'XPassed', 'Skipped', 'Passed']

    storageModule.setSort(type)
    storageModule.setSortDirection(ascending)

    if (type?.toLowerCase() === 'original') {
        manager.setRender(list)
    } else {
        let sortedList
        switch (type) {
        case 'duration':
            sortedList = durationSort(list, ascending)
            break
        case 'result':
            sortedList = genericSort(list, type, ascending, initialOrder)
            break
        default:
            sortedList = genericSort(list, type, ascending)
            break
        }
        manager.setRender(sortedList)
    }
}

const doSort = (type, skipDirection) => {
    const newSortType = storageModule.getSort(manager.initialSort) !== type
    const currentAsc = storageModule.getSortDirection()
    let ascending
    if (skipDirection) {
        ascending = currentAsc
    } else {
        ascending = newSortType ? false : !currentAsc
    }
    storageModule.setSort(type)
    storageModule.setSortDirection(ascending)

    const list = manager.testSubset
    const sortedList = type === 'duration' ? durationSort(list, ascending) : genericSort(list, type, ascending)
    manager.setRender(sortedList)
}

module.exports = {
    doInitSort,
    doSort,
}

},{"./datamanager.js":1,"./storage.js":8}],8:[function(require,module,exports){
const possibleFilters = [
    'passed',
    'skipped',
    'failed',
    'error',
    'xfailed',
    'xpassed',
    'rerun',
]

const getVisible = () => {
    const url = new URL(window.location.href)
    const settings = new URLSearchParams(url.search).get('visible')
    const lower = (item) => {
        const lowerItem = item.toLowerCase()
        if (possibleFilters.includes(lowerItem)) {
            return lowerItem
        }
        return null
    }
    return settings === null ?
        possibleFilters :
        [...new Set(settings?.split(',').map(lower).filter((item) => item))]
}

const hideCategory = (categoryToHide) => {
    const url = new URL(window.location.href)
    const visibleParams = new URLSearchParams(url.search).get('visible')
    const currentVisible = visibleParams ? visibleParams.split(',') : [...possibleFilters]
    const settings = [...new Set(currentVisible)].filter((f) => f !== categoryToHide).join(',')

    url.searchParams.set('visible', settings)
    window.history.pushState({}, null, unescape(url.href))
}

const showCategory = (categoryToShow) => {
    if (typeof window === 'undefined') {
        return
    }
    const url = new URL(window.location.href)
    const currentVisible = new URLSearchParams(url.search).get('visible')?.split(',').filter(Boolean) ||
        [...possibleFilters]
    const settings = [...new Set([categoryToShow, ...currentVisible])]
    const noFilter = possibleFilters.length === settings.length || !settings.length

    noFilter ? url.searchParams.delete('visible') : url.searchParams.set('visible', settings.join(','))
    window.history.pushState({}, null, unescape(url.href))
}

const getSort = (initialSort) => {
    const url = new URL(window.location.href)
    let sort = new URLSearchParams(url.search).get('sort')
    if (!sort) {
        sort = initialSort || 'result'
    }
    return sort
}

const setSort = (type) => {
    const url = new URL(window.location.href)
    url.searchParams.set('sort', type)
    window.history.pushState({}, null, unescape(url.href))
}

const getCollapsedCategory = (renderCollapsed) => {
    let categories
    if (typeof window !== 'undefined') {
        const url = new URL(window.location.href)
        const collapsedItems = new URLSearchParams(url.search).get('collapsed')
        switch (true) {
        case !renderCollapsed && collapsedItems === null:
            categories = ['passed']
            break
        case collapsedItems?.length === 0 || /^["']{2}$/.test(collapsedItems):
            categories = []
            break
        case /^all$/.test(collapsedItems) || collapsedItems === null && /^all$/.test(renderCollapsed):
            categories = [...possibleFilters]
            break
        default:
            categories = collapsedItems?.split(',').map((item) => item.toLowerCase()) || renderCollapsed
            break
        }
    } else {
        categories = []
    }
    return categories
}

const getSortDirection = () => JSON.parse(sessionStorage.getItem('sortAsc')) || false
const setSortDirection = (ascending) => sessionStorage.setItem('sortAsc', ascending)

const getCollapsedIds = () => JSON.parse(sessionStorage.getItem('collapsedIds')) || []
const setCollapsedIds = (list) => sessionStorage.setItem('collapsedIds', JSON.stringify(list))

module.exports = {
    getVisible,
    hideCategory,
    showCategory,
    getCollapsedIds,
    setCollapsedIds,
    getSort,
    setSort,
    getSortDirection,
    setSortDirection,
    getCollapsedCategory,
    possibleFilters,
}

},{}]},{},[4]);
    </script>
  </footer>
</html>