<!DOCTYPE html>
<html>
  <head>
    <meta charset="utf-8"/>
    <title id="head-title">&#34;CCT-VUE&#34;</title>
      <link href="assets\style.css" rel="stylesheet" type="text/css"/>
  </head>
  <body>
    <h1 id="title">&#34;CCT-VUE&#34;</h1>
    <p>Report generated on 26-Jul-2024 at 23:57:46 by <a href="https://pypi.python.org/pypi/pytest-html">pytest-html</a>
        v4.1.1</p>
    <div id="environment-header">
      <h2>Environment</h2>
    </div>
    <table id="environment"></table>
    <!-- TEMPLATES -->
      <template id="template_environment_row">
      <tr>
        <td></td>
        <td></td>
      </tr>
    </template>
    <template id="template_results-table__body--empty">
      <tbody class="results-table-row">
        <tr id="not-found-message">
          <td colspan="4">No results found. Check the filters.</th>
        </tr>
    </template>
    <template id="template_results-table__tbody">
      <tbody class="results-table-row">
        <tr class="collapsible">
        </tr>
        <tr class="extras-row">
          <td class="extra" colspan="4">
            <div class="extraHTML"></div>
            <div class="media">
              <div class="media-container">
                  <div class="media-container__nav--left"><</div>
                  <div class="media-container__viewport">
                    <img src="" />
                    <video controls>
                      <source src="" type="video/mp4">
                    </video>
                  </div>
                  <div class="media-container__nav--right">></div>
                </div>
                <div class="media__name"></div>
                <div class="media__counter"></div>
            </div>
            <div class="logwrapper">
              <div class="logexpander"></div>
              <div class="log"></div>
            </div>
          </td>
        </tr>
      </tbody>
    </template>
    <!-- END TEMPLATES -->
    <div class="summary">
      <div class="summary__data">
        <h2>Summary</h2>
        <div class="additional-summary prefix">
          Project Name : "ICC-CCT"
          Reporter : "Vrushabh"
        </div>
        <p class="run-count">60 tests took 00:16:60.</p>
        <p class="filter">(Un)check the boxes to filter the results.</p>
        <div class="summary__reload">
          <div class="summary__reload__button hidden" onclick="location.reload()">
            <div>There are still tests running. <br />Reload this page to get the latest results!</div>
          </div>
        </div>
        <div class="summary__spacer"></div>
        <div class="controls">
          <div class="filters">
            <input checked="true" class="filter" name="filter_checkbox" type="checkbox" data-test-result="failed" />
            <span class="failed">23 Failed,</span>
            <input checked="true" class="filter" name="filter_checkbox" type="checkbox" data-test-result="passed" />
            <span class="passed">37 Passed,</span>
            <input checked="true" class="filter" name="filter_checkbox" type="checkbox" data-test-result="skipped" />
            <span class="skipped">29 Skipped,</span>
            <input checked="true" class="filter" name="filter_checkbox" type="checkbox" data-test-result="xfailed" disabled/>
            <span class="xfailed">0 Expected failures,</span>
            <input checked="true" class="filter" name="filter_checkbox" type="checkbox" data-test-result="xpassed" disabled/>
            <span class="xpassed">0 Unexpected passes,</span>
            <input checked="true" class="filter" name="filter_checkbox" type="checkbox" data-test-result="error" disabled/>
            <span class="error">0 Errors,</span>
            <input checked="true" class="filter" name="filter_checkbox" type="checkbox" data-test-result="rerun" disabled/>
            <span class="rerun">0 Reruns</span>
          </div>
          <div class="collapse">
            <button id="show_all_details">Show all details</button>&nbsp;/&nbsp;<button id="hide_all_details">Hide all details</button>
          </div>
        </div>
      </div>
      <div class="additional-summary summary">
      </div>
      <div class="additional-summary postfix">
      </div>
    </div>
    <table id="results-table">
      <thead id="results-table-head">
        <tr>
          <th class="sortable" data-column-type="result">Result</th>
          <th class="sortable" data-column-type="testId">Test</th>
          <th class="sortable" data-column-type="duration">Duration</th>
          <th>Links</th>
        </tr>
      </thead>
    </table>
  </body>
  <footer>
    <div id="data-container" data-jsonblob="{&#34;environment&#34;: {&#34;Python&#34;: &#34;3.11.5&#34;, &#34;Platform&#34;: &#34;Windows-10-10.0.19045-SP0&#34;, &#34;Packages&#34;: {&#34;pytest&#34;: &#34;8.1.1&#34;, &#34;pluggy&#34;: &#34;1.4.0&#34;}, &#34;Plugins&#34;: {&#34;allure-pytest&#34;: &#34;2.13.3&#34;, &#34;ast-transformer&#34;: &#34;1.0.3&#34;, &#34;check&#34;: &#34;2.3.1&#34;, &#34;dependency&#34;: &#34;0.6.0&#34;, &#34;html&#34;: &#34;4.1.1&#34;, &#34;metadata&#34;: &#34;3.1.1&#34;, &#34;ordering&#34;: &#34;0.6&#34;, &#34;rerunfailures&#34;: &#34;14.0&#34;, &#34;xdist&#34;: &#34;3.5.0&#34;}, &#34;JAVA_HOME&#34;: &#34;C:\\Program Files\\Java\\jdk-17.0.5&#34;, &#34;Browser&#34;: &#34;chrome&#34;, &#34;URL&#34;: &#34;https://correlation-vueui-dev.iccsafe.org/&#34;}, &#34;tests&#34;: {&#34;test_cases/test_login_page.py::Test_Login_Page::test_login_with_invalid_email_password[inavlid.user@iccsafe.org-Password5]&#34;: [{&#34;extras&#34;: [], &#34;result&#34;: &#34;Passed&#34;, &#34;testId&#34;: &#34;test_cases/test_login_page.py::Test_Login_Page::test_login_with_invalid_email_password[inavlid.user@iccsafe.org-Password5]&#34;, &#34;duration&#34;: &#34;00:00:23&#34;, &#34;resultsTableRow&#34;: [&#34;&lt;td class=\&#34;col-result\&#34;&gt;Passed&lt;/td&gt;&#34;, &#34;&lt;td class=\&#34;col-testId\&#34;&gt;test_cases/test_login_page.py::Test_Login_Page::test_login_with_invalid_email_password[inavlid.user@iccsafe.org-Password5]&lt;/td&gt;&#34;, &#34;&lt;td class=\&#34;col-duration\&#34;&gt;00:00:23&lt;/td&gt;&#34;, &#34;&lt;td class=\&#34;col-links\&#34;&gt;&lt;/td&gt;&#34;], &#34;log&#34;: &#34;No log output captured.&#34;}], &#34;test_cases/test_login_page.py::Test_Login_Page::test_login_with_invalid_email_password[ct-super-admin-test@iccsafe.org-Pass123]&#34;: [{&#34;extras&#34;: [], &#34;result&#34;: &#34;Passed&#34;, &#34;testId&#34;: &#34;test_cases/test_login_page.py::Test_Login_Page::test_login_with_invalid_email_password[ct-super-admin-test@iccsafe.org-Pass123]&#34;, &#34;duration&#34;: &#34;00:00:03&#34;, &#34;resultsTableRow&#34;: [&#34;&lt;td class=\&#34;col-result\&#34;&gt;Passed&lt;/td&gt;&#34;, &#34;&lt;td class=\&#34;col-testId\&#34;&gt;test_cases/test_login_page.py::Test_Login_Page::test_login_with_invalid_email_password[ct-super-admin-test@iccsafe.org-Pass123]&lt;/td&gt;&#34;, &#34;&lt;td class=\&#34;col-duration\&#34;&gt;00:00:03&lt;/td&gt;&#34;, &#34;&lt;td class=\&#34;col-links\&#34;&gt;&lt;/td&gt;&#34;], &#34;log&#34;: &#34;No log output captured.&#34;}], &#34;test_cases/test_login_page.py::Test_Login_Page::test_login_with_empty_email&#34;: [{&#34;extras&#34;: [], &#34;result&#34;: &#34;Passed&#34;, &#34;testId&#34;: &#34;test_cases/test_login_page.py::Test_Login_Page::test_login_with_empty_email&#34;, &#34;duration&#34;: &#34;00:00:02&#34;, &#34;resultsTableRow&#34;: [&#34;&lt;td class=\&#34;col-result\&#34;&gt;Passed&lt;/td&gt;&#34;, &#34;&lt;td class=\&#34;col-testId\&#34;&gt;test_cases/test_login_page.py::Test_Login_Page::test_login_with_empty_email&lt;/td&gt;&#34;, &#34;&lt;td class=\&#34;col-duration\&#34;&gt;00:00:02&lt;/td&gt;&#34;, &#34;&lt;td class=\&#34;col-links\&#34;&gt;&lt;/td&gt;&#34;], &#34;log&#34;: &#34;No log output captured.&#34;}], &#34;test_cases/test_login_page.py::Test_Login_Page::test_login_with_empty_password&#34;: [{&#34;extras&#34;: [], &#34;result&#34;: &#34;Passed&#34;, &#34;testId&#34;: &#34;test_cases/test_login_page.py::Test_Login_Page::test_login_with_empty_password&#34;, &#34;duration&#34;: &#34;00:00:03&#34;, &#34;resultsTableRow&#34;: [&#34;&lt;td class=\&#34;col-result\&#34;&gt;Passed&lt;/td&gt;&#34;, &#34;&lt;td class=\&#34;col-testId\&#34;&gt;test_cases/test_login_page.py::Test_Login_Page::test_login_with_empty_password&lt;/td&gt;&#34;, &#34;&lt;td class=\&#34;col-duration\&#34;&gt;00:00:03&lt;/td&gt;&#34;, &#34;&lt;td class=\&#34;col-links\&#34;&gt;&lt;/td&gt;&#34;], &#34;log&#34;: &#34;No log output captured.&#34;}], &#34;test_cases/test_login_page.py::Test_Login_Page::test_forgotpassword_link&#34;: [{&#34;extras&#34;: [], &#34;result&#34;: &#34;Passed&#34;, &#34;testId&#34;: &#34;test_cases/test_login_page.py::Test_Login_Page::test_forgotpassword_link&#34;, &#34;duration&#34;: &#34;00:00:06&#34;, &#34;resultsTableRow&#34;: [&#34;&lt;td class=\&#34;col-result\&#34;&gt;Passed&lt;/td&gt;&#34;, &#34;&lt;td class=\&#34;col-testId\&#34;&gt;test_cases/test_login_page.py::Test_Login_Page::test_forgotpassword_link&lt;/td&gt;&#34;, &#34;&lt;td class=\&#34;col-duration\&#34;&gt;00:00:06&lt;/td&gt;&#34;, &#34;&lt;td class=\&#34;col-links\&#34;&gt;&lt;/td&gt;&#34;], &#34;log&#34;: &#34;No log output captured.&#34;}], &#34;test_cases/test_login_page.py::Test_Login_Page::test_login_with_valid_data&#34;: [{&#34;extras&#34;: [], &#34;result&#34;: &#34;Passed&#34;, &#34;testId&#34;: &#34;test_cases/test_login_page.py::Test_Login_Page::test_login_with_valid_data&#34;, &#34;duration&#34;: &#34;00:00:06&#34;, &#34;resultsTableRow&#34;: [&#34;&lt;td class=\&#34;col-result\&#34;&gt;Passed&lt;/td&gt;&#34;, &#34;&lt;td class=\&#34;col-testId\&#34;&gt;test_cases/test_login_page.py::Test_Login_Page::test_login_with_valid_data&lt;/td&gt;&#34;, &#34;&lt;td class=\&#34;col-duration\&#34;&gt;00:00:06&lt;/td&gt;&#34;, &#34;&lt;td class=\&#34;col-links\&#34;&gt;&lt;/td&gt;&#34;], &#34;log&#34;: &#34;No log output captured.&#34;}], &#34;test_cases/test_dashboard_page.py::Test_Dashboard_Page::test_change_tabs[INACTIVE PROJECTS-inactive]&#34;: [{&#34;extras&#34;: [], &#34;result&#34;: &#34;Passed&#34;, &#34;testId&#34;: &#34;test_cases/test_dashboard_page.py::Test_Dashboard_Page::test_change_tabs[INACTIVE PROJECTS-inactive]&#34;, &#34;duration&#34;: &#34;00:00:12&#34;, &#34;resultsTableRow&#34;: [&#34;&lt;td class=\&#34;col-result\&#34;&gt;Passed&lt;/td&gt;&#34;, &#34;&lt;td class=\&#34;col-testId\&#34;&gt;test_cases/test_dashboard_page.py::Test_Dashboard_Page::test_change_tabs[INACTIVE PROJECTS-inactive]&lt;/td&gt;&#34;, &#34;&lt;td class=\&#34;col-duration\&#34;&gt;00:00:12&lt;/td&gt;&#34;, &#34;&lt;td class=\&#34;col-links\&#34;&gt;&lt;/td&gt;&#34;], &#34;log&#34;: &#34;No log output captured.&#34;}], &#34;test_cases/test_dashboard_page.py::Test_Dashboard_Page::test_change_tabs[CONTENT FINAL-blueline]&#34;: [{&#34;extras&#34;: [], &#34;result&#34;: &#34;Passed&#34;, &#34;testId&#34;: &#34;test_cases/test_dashboard_page.py::Test_Dashboard_Page::test_change_tabs[CONTENT FINAL-blueline]&#34;, &#34;duration&#34;: &#34;00:00:07&#34;, &#34;resultsTableRow&#34;: [&#34;&lt;td class=\&#34;col-result\&#34;&gt;Passed&lt;/td&gt;&#34;, &#34;&lt;td class=\&#34;col-testId\&#34;&gt;test_cases/test_dashboard_page.py::Test_Dashboard_Page::test_change_tabs[CONTENT FINAL-blueline]&lt;/td&gt;&#34;, &#34;&lt;td class=\&#34;col-duration\&#34;&gt;00:00:07&lt;/td&gt;&#34;, &#34;&lt;td class=\&#34;col-links\&#34;&gt;&lt;/td&gt;&#34;], &#34;log&#34;: &#34;No log output captured.&#34;}], &#34;test_cases/test_dashboard_page.py::Test_Dashboard_Page::test_select_category[ACTIVE PROJECTS]&#34;: [{&#34;extras&#34;: [], &#34;result&#34;: &#34;Passed&#34;, &#34;testId&#34;: &#34;test_cases/test_dashboard_page.py::Test_Dashboard_Page::test_select_category[ACTIVE PROJECTS]&#34;, &#34;duration&#34;: &#34;00:00:08&#34;, &#34;resultsTableRow&#34;: [&#34;&lt;td class=\&#34;col-result\&#34;&gt;Passed&lt;/td&gt;&#34;, &#34;&lt;td class=\&#34;col-testId\&#34;&gt;test_cases/test_dashboard_page.py::Test_Dashboard_Page::test_select_category[ACTIVE PROJECTS]&lt;/td&gt;&#34;, &#34;&lt;td class=\&#34;col-duration\&#34;&gt;00:00:08&lt;/td&gt;&#34;, &#34;&lt;td class=\&#34;col-links\&#34;&gt;&lt;/td&gt;&#34;], &#34;log&#34;: &#34;No log output captured.&#34;}], &#34;test_cases/test_dashboard_page.py::Test_Dashboard_Page::test_select_category[INACTIVE PROJECTS]&#34;: [{&#34;extras&#34;: [], &#34;result&#34;: &#34;Passed&#34;, &#34;testId&#34;: &#34;test_cases/test_dashboard_page.py::Test_Dashboard_Page::test_select_category[INACTIVE PROJECTS]&#34;, &#34;duration&#34;: &#34;00:00:08&#34;, &#34;resultsTableRow&#34;: [&#34;&lt;td class=\&#34;col-result\&#34;&gt;Passed&lt;/td&gt;&#34;, &#34;&lt;td class=\&#34;col-testId\&#34;&gt;test_cases/test_dashboard_page.py::Test_Dashboard_Page::test_select_category[INACTIVE PROJECTS]&lt;/td&gt;&#34;, &#34;&lt;td class=\&#34;col-duration\&#34;&gt;00:00:08&lt;/td&gt;&#34;, &#34;&lt;td class=\&#34;col-links\&#34;&gt;&lt;/td&gt;&#34;], &#34;log&#34;: &#34;No log output captured.&#34;}], &#34;test_cases/test_dashboard_page.py::Test_Dashboard_Page::test_select_category[CONTENT FINAL]&#34;: [{&#34;extras&#34;: [], &#34;result&#34;: &#34;Passed&#34;, &#34;testId&#34;: &#34;test_cases/test_dashboard_page.py::Test_Dashboard_Page::test_select_category[CONTENT FINAL]&#34;, &#34;duration&#34;: &#34;00:00:08&#34;, &#34;resultsTableRow&#34;: [&#34;&lt;td class=\&#34;col-result\&#34;&gt;Passed&lt;/td&gt;&#34;, &#34;&lt;td class=\&#34;col-testId\&#34;&gt;test_cases/test_dashboard_page.py::Test_Dashboard_Page::test_select_category[CONTENT FINAL]&lt;/td&gt;&#34;, &#34;&lt;td class=\&#34;col-duration\&#34;&gt;00:00:08&lt;/td&gt;&#34;, &#34;&lt;td class=\&#34;col-links\&#34;&gt;&lt;/td&gt;&#34;], &#34;log&#34;: &#34;No log output captured.&#34;}], &#34;test_cases/test_dashboard_page.py::Test_Dashboard_Page::test_clear_category&#34;: [{&#34;extras&#34;: [], &#34;result&#34;: &#34;Passed&#34;, &#34;testId&#34;: &#34;test_cases/test_dashboard_page.py::Test_Dashboard_Page::test_clear_category&#34;, &#34;duration&#34;: &#34;00:00:13&#34;, &#34;resultsTableRow&#34;: [&#34;&lt;td class=\&#34;col-result\&#34;&gt;Passed&lt;/td&gt;&#34;, &#34;&lt;td class=\&#34;col-testId\&#34;&gt;test_cases/test_dashboard_page.py::Test_Dashboard_Page::test_clear_category&lt;/td&gt;&#34;, &#34;&lt;td class=\&#34;col-duration\&#34;&gt;00:00:13&lt;/td&gt;&#34;, &#34;&lt;td class=\&#34;col-links\&#34;&gt;&lt;/td&gt;&#34;], &#34;log&#34;: &#34;No log output captured.&#34;}], &#34;test_cases/test_dashboard_page.py::Test_Dashboard_Page::test_search_text_title_textbox[ACTIVE PROJECTS-IEBC2021 First Printing]&#34;: [{&#34;extras&#34;: [], &#34;result&#34;: &#34;Passed&#34;, &#34;testId&#34;: &#34;test_cases/test_dashboard_page.py::Test_Dashboard_Page::test_search_text_title_textbox[ACTIVE PROJECTS-IEBC2021 First Printing]&#34;, &#34;duration&#34;: &#34;00:00:06&#34;, &#34;resultsTableRow&#34;: [&#34;&lt;td class=\&#34;col-result\&#34;&gt;Passed&lt;/td&gt;&#34;, &#34;&lt;td class=\&#34;col-testId\&#34;&gt;test_cases/test_dashboard_page.py::Test_Dashboard_Page::test_search_text_title_textbox[ACTIVE PROJECTS-IEBC2021 First Printing]&lt;/td&gt;&#34;, &#34;&lt;td class=\&#34;col-duration\&#34;&gt;00:00:06&lt;/td&gt;&#34;, &#34;&lt;td class=\&#34;col-links\&#34;&gt;&lt;/td&gt;&#34;], &#34;log&#34;: &#34;No log output captured.&#34;}], &#34;test_cases/test_dashboard_page.py::Test_Dashboard_Page::test_search_text_title_textbox[INACTIVE PROJECTS-2021 IECC]&#34;: [{&#34;extras&#34;: [], &#34;result&#34;: &#34;Passed&#34;, &#34;testId&#34;: &#34;test_cases/test_dashboard_page.py::Test_Dashboard_Page::test_search_text_title_textbox[INACTIVE PROJECTS-2021 IECC]&#34;, &#34;duration&#34;: &#34;00:00:06&#34;, &#34;resultsTableRow&#34;: [&#34;&lt;td class=\&#34;col-result\&#34;&gt;Passed&lt;/td&gt;&#34;, &#34;&lt;td class=\&#34;col-testId\&#34;&gt;test_cases/test_dashboard_page.py::Test_Dashboard_Page::test_search_text_title_textbox[INACTIVE PROJECTS-2021 IECC]&lt;/td&gt;&#34;, &#34;&lt;td class=\&#34;col-duration\&#34;&gt;00:00:06&lt;/td&gt;&#34;, &#34;&lt;td class=\&#34;col-links\&#34;&gt;&lt;/td&gt;&#34;], &#34;log&#34;: &#34;No log output captured.&#34;}], &#34;test_cases/test_dashboard_page.py::Test_Dashboard_Page::test_search_text_title_textbox[CONTENT FINAL-2021 International Fire Code]&#34;: [{&#34;extras&#34;: [], &#34;result&#34;: &#34;Passed&#34;, &#34;testId&#34;: &#34;test_cases/test_dashboard_page.py::Test_Dashboard_Page::test_search_text_title_textbox[CONTENT FINAL-2021 International Fire Code]&#34;, &#34;duration&#34;: &#34;00:00:06&#34;, &#34;resultsTableRow&#34;: [&#34;&lt;td class=\&#34;col-result\&#34;&gt;Passed&lt;/td&gt;&#34;, &#34;&lt;td class=\&#34;col-testId\&#34;&gt;test_cases/test_dashboard_page.py::Test_Dashboard_Page::test_search_text_title_textbox[CONTENT FINAL-2021 International Fire Code]&lt;/td&gt;&#34;, &#34;&lt;td class=\&#34;col-duration\&#34;&gt;00:00:06&lt;/td&gt;&#34;, &#34;&lt;td class=\&#34;col-links\&#34;&gt;&lt;/td&gt;&#34;], &#34;log&#34;: &#34;No log output captured.&#34;}], &#34;test_cases/test_dashboard_page.py::Test_Dashboard_Page::test_clear_title_textbox&#34;: [{&#34;extras&#34;: [], &#34;result&#34;: &#34;Passed&#34;, &#34;testId&#34;: &#34;test_cases/test_dashboard_page.py::Test_Dashboard_Page::test_clear_title_textbox&#34;, &#34;duration&#34;: &#34;00:00:07&#34;, &#34;resultsTableRow&#34;: [&#34;&lt;td class=\&#34;col-result\&#34;&gt;Passed&lt;/td&gt;&#34;, &#34;&lt;td class=\&#34;col-testId\&#34;&gt;test_cases/test_dashboard_page.py::Test_Dashboard_Page::test_clear_title_textbox&lt;/td&gt;&#34;, &#34;&lt;td class=\&#34;col-duration\&#34;&gt;00:00:07&lt;/td&gt;&#34;, &#34;&lt;td class=\&#34;col-links\&#34;&gt;&lt;/td&gt;&#34;], &#34;log&#34;: &#34;No log output captured.&#34;}], &#34;test_cases/test_dashboard_page.py::Test_Dashboard_Page::test_get_dashboard_button_text[ACTIVE PROJECTS-button_name0]&#34;: [{&#34;extras&#34;: [], &#34;result&#34;: &#34;Passed&#34;, &#34;testId&#34;: &#34;test_cases/test_dashboard_page.py::Test_Dashboard_Page::test_get_dashboard_button_text[ACTIVE PROJECTS-button_name0]&#34;, &#34;duration&#34;: &#34;00:00:06&#34;, &#34;resultsTableRow&#34;: [&#34;&lt;td class=\&#34;col-result\&#34;&gt;Passed&lt;/td&gt;&#34;, &#34;&lt;td class=\&#34;col-testId\&#34;&gt;test_cases/test_dashboard_page.py::Test_Dashboard_Page::test_get_dashboard_button_text[ACTIVE PROJECTS-button_name0]&lt;/td&gt;&#34;, &#34;&lt;td class=\&#34;col-duration\&#34;&gt;00:00:06&lt;/td&gt;&#34;, &#34;&lt;td class=\&#34;col-links\&#34;&gt;&lt;/td&gt;&#34;], &#34;log&#34;: &#34;No log output captured.&#34;}], &#34;test_cases/test_dashboard_page.py::Test_Dashboard_Page::test_get_dashboard_button_text[INACTIVE PROJECTS-button_name1]&#34;: [{&#34;extras&#34;: [], &#34;result&#34;: &#34;Passed&#34;, &#34;testId&#34;: &#34;test_cases/test_dashboard_page.py::Test_Dashboard_Page::test_get_dashboard_button_text[INACTIVE PROJECTS-button_name1]&#34;, &#34;duration&#34;: &#34;00:00:05&#34;, &#34;resultsTableRow&#34;: [&#34;&lt;td class=\&#34;col-result\&#34;&gt;Passed&lt;/td&gt;&#34;, &#34;&lt;td class=\&#34;col-testId\&#34;&gt;test_cases/test_dashboard_page.py::Test_Dashboard_Page::test_get_dashboard_button_text[INACTIVE PROJECTS-button_name1]&lt;/td&gt;&#34;, &#34;&lt;td class=\&#34;col-duration\&#34;&gt;00:00:05&lt;/td&gt;&#34;, &#34;&lt;td class=\&#34;col-links\&#34;&gt;&lt;/td&gt;&#34;], &#34;log&#34;: &#34;No log output captured.&#34;}], &#34;test_cases/test_dashboard_page.py::Test_Dashboard_Page::test_get_dashboard_button_text[CONTENT FINAL-button_name2]&#34;: [{&#34;extras&#34;: [], &#34;result&#34;: &#34;Passed&#34;, &#34;testId&#34;: &#34;test_cases/test_dashboard_page.py::Test_Dashboard_Page::test_get_dashboard_button_text[CONTENT FINAL-button_name2]&#34;, &#34;duration&#34;: &#34;00:00:10&#34;, &#34;resultsTableRow&#34;: [&#34;&lt;td class=\&#34;col-result\&#34;&gt;Passed&lt;/td&gt;&#34;, &#34;&lt;td class=\&#34;col-testId\&#34;&gt;test_cases/test_dashboard_page.py::Test_Dashboard_Page::test_get_dashboard_button_text[CONTENT FINAL-button_name2]&lt;/td&gt;&#34;, &#34;&lt;td class=\&#34;col-duration\&#34;&gt;00:00:10&lt;/td&gt;&#34;, &#34;&lt;td class=\&#34;col-links\&#34;&gt;&lt;/td&gt;&#34;], &#34;log&#34;: &#34;No log output captured.&#34;}], &#34;test_cases/test_dashboard_page.py::Test_Dashboard_Page::test_view_project[ACTIVE PROJECTS]&#34;: [{&#34;extras&#34;: [], &#34;result&#34;: &#34;Passed&#34;, &#34;testId&#34;: &#34;test_cases/test_dashboard_page.py::Test_Dashboard_Page::test_view_project[ACTIVE PROJECTS]&#34;, &#34;duration&#34;: &#34;00:00:15&#34;, &#34;resultsTableRow&#34;: [&#34;&lt;td class=\&#34;col-result\&#34;&gt;Passed&lt;/td&gt;&#34;, &#34;&lt;td class=\&#34;col-testId\&#34;&gt;test_cases/test_dashboard_page.py::Test_Dashboard_Page::test_view_project[ACTIVE PROJECTS]&lt;/td&gt;&#34;, &#34;&lt;td class=\&#34;col-duration\&#34;&gt;00:00:15&lt;/td&gt;&#34;, &#34;&lt;td class=\&#34;col-links\&#34;&gt;&lt;/td&gt;&#34;], &#34;log&#34;: &#34;No log output captured.&#34;}], &#34;test_cases/test_dashboard_page.py::Test_Dashboard_Page::test_view_project[INACTIVE PROJECTS]&#34;: [{&#34;extras&#34;: [], &#34;result&#34;: &#34;Passed&#34;, &#34;testId&#34;: &#34;test_cases/test_dashboard_page.py::Test_Dashboard_Page::test_view_project[INACTIVE PROJECTS]&#34;, &#34;duration&#34;: &#34;00:00:13&#34;, &#34;resultsTableRow&#34;: [&#34;&lt;td class=\&#34;col-result\&#34;&gt;Passed&lt;/td&gt;&#34;, &#34;&lt;td class=\&#34;col-testId\&#34;&gt;test_cases/test_dashboard_page.py::Test_Dashboard_Page::test_view_project[INACTIVE PROJECTS]&lt;/td&gt;&#34;, &#34;&lt;td class=\&#34;col-duration\&#34;&gt;00:00:13&lt;/td&gt;&#34;, &#34;&lt;td class=\&#34;col-links\&#34;&gt;&lt;/td&gt;&#34;], &#34;log&#34;: &#34;No log output captured.&#34;}], &#34;test_cases/test_dashboard_page.py::Test_Dashboard_Page::test_view_project[CONTENT FINAL]&#34;: [{&#34;extras&#34;: [], &#34;result&#34;: &#34;Passed&#34;, &#34;testId&#34;: &#34;test_cases/test_dashboard_page.py::Test_Dashboard_Page::test_view_project[CONTENT FINAL]&#34;, &#34;duration&#34;: &#34;00:00:14&#34;, &#34;resultsTableRow&#34;: [&#34;&lt;td class=\&#34;col-result\&#34;&gt;Passed&lt;/td&gt;&#34;, &#34;&lt;td class=\&#34;col-testId\&#34;&gt;test_cases/test_dashboard_page.py::Test_Dashboard_Page::test_view_project[CONTENT FINAL]&lt;/td&gt;&#34;, &#34;&lt;td class=\&#34;col-duration\&#34;&gt;00:00:14&lt;/td&gt;&#34;, &#34;&lt;td class=\&#34;col-links\&#34;&gt;&lt;/td&gt;&#34;], &#34;log&#34;: &#34;No log output captured.&#34;}], &#34;test_cases/test_dashboard_page.py::Test_Dashboard_Page::test_project_details[ACTIVE PROJECTS]&#34;: [{&#34;extras&#34;: [], &#34;result&#34;: &#34;Passed&#34;, &#34;testId&#34;: &#34;test_cases/test_dashboard_page.py::Test_Dashboard_Page::test_project_details[ACTIVE PROJECTS]&#34;, &#34;duration&#34;: &#34;00:00:17&#34;, &#34;resultsTableRow&#34;: [&#34;&lt;td class=\&#34;col-result\&#34;&gt;Passed&lt;/td&gt;&#34;, &#34;&lt;td class=\&#34;col-testId\&#34;&gt;test_cases/test_dashboard_page.py::Test_Dashboard_Page::test_project_details[ACTIVE PROJECTS]&lt;/td&gt;&#34;, &#34;&lt;td class=\&#34;col-duration\&#34;&gt;00:00:17&lt;/td&gt;&#34;, &#34;&lt;td class=\&#34;col-links\&#34;&gt;&lt;/td&gt;&#34;], &#34;log&#34;: &#34;No log output captured.&#34;}], &#34;test_cases/test_dashboard_page.py::Test_Dashboard_Page::test_project_details[CONTENT FINAL]&#34;: [{&#34;extras&#34;: [], &#34;result&#34;: &#34;Passed&#34;, &#34;testId&#34;: &#34;test_cases/test_dashboard_page.py::Test_Dashboard_Page::test_project_details[CONTENT FINAL]&#34;, &#34;duration&#34;: &#34;00:00:16&#34;, &#34;resultsTableRow&#34;: [&#34;&lt;td class=\&#34;col-result\&#34;&gt;Passed&lt;/td&gt;&#34;, &#34;&lt;td class=\&#34;col-testId\&#34;&gt;test_cases/test_dashboard_page.py::Test_Dashboard_Page::test_project_details[CONTENT FINAL]&lt;/td&gt;&#34;, &#34;&lt;td class=\&#34;col-duration\&#34;&gt;00:00:16&lt;/td&gt;&#34;, &#34;&lt;td class=\&#34;col-links\&#34;&gt;&lt;/td&gt;&#34;], &#34;log&#34;: &#34;No log output captured.&#34;}], &#34;test_cases/test_dashboard_page.py::Test_Dashboard_Page::test_add_project_button&#34;: [{&#34;extras&#34;: [], &#34;result&#34;: &#34;Passed&#34;, &#34;testId&#34;: &#34;test_cases/test_dashboard_page.py::Test_Dashboard_Page::test_add_project_button&#34;, &#34;duration&#34;: &#34;00:00:03&#34;, &#34;resultsTableRow&#34;: [&#34;&lt;td class=\&#34;col-result\&#34;&gt;Passed&lt;/td&gt;&#34;, &#34;&lt;td class=\&#34;col-testId\&#34;&gt;test_cases/test_dashboard_page.py::Test_Dashboard_Page::test_add_project_button&lt;/td&gt;&#34;, &#34;&lt;td class=\&#34;col-duration\&#34;&gt;00:00:03&lt;/td&gt;&#34;, &#34;&lt;td class=\&#34;col-links\&#34;&gt;&lt;/td&gt;&#34;], &#34;log&#34;: &#34;No log output captured.&#34;}], &#34;test_cases/test_dashboard_page.py::Test_Dashboard_Page::test_remove_project[ACTIVE PROJECTS-Close]&#34;: [{&#34;extras&#34;: [], &#34;result&#34;: &#34;Passed&#34;, &#34;testId&#34;: &#34;test_cases/test_dashboard_page.py::Test_Dashboard_Page::test_remove_project[ACTIVE PROJECTS-Close]&#34;, &#34;duration&#34;: &#34;00:00:23&#34;, &#34;resultsTableRow&#34;: [&#34;&lt;td class=\&#34;col-result\&#34;&gt;Passed&lt;/td&gt;&#34;, &#34;&lt;td class=\&#34;col-testId\&#34;&gt;test_cases/test_dashboard_page.py::Test_Dashboard_Page::test_remove_project[ACTIVE PROJECTS-Close]&lt;/td&gt;&#34;, &#34;&lt;td class=\&#34;col-duration\&#34;&gt;00:00:23&lt;/td&gt;&#34;, &#34;&lt;td class=\&#34;col-links\&#34;&gt;&lt;/td&gt;&#34;], &#34;log&#34;: &#34;No log output captured.&#34;}], &#34;test_cases/test_dashboard_page.py::Test_Dashboard_Page::test_remove_project[INACTIVE PROJECTS-Delete]&#34;: [{&#34;extras&#34;: [], &#34;result&#34;: &#34;Passed&#34;, &#34;testId&#34;: &#34;test_cases/test_dashboard_page.py::Test_Dashboard_Page::test_remove_project[INACTIVE PROJECTS-Delete]&#34;, &#34;duration&#34;: &#34;00:00:33&#34;, &#34;resultsTableRow&#34;: [&#34;&lt;td class=\&#34;col-result\&#34;&gt;Passed&lt;/td&gt;&#34;, &#34;&lt;td class=\&#34;col-testId\&#34;&gt;test_cases/test_dashboard_page.py::Test_Dashboard_Page::test_remove_project[INACTIVE PROJECTS-Delete]&lt;/td&gt;&#34;, &#34;&lt;td class=\&#34;col-duration\&#34;&gt;00:00:33&lt;/td&gt;&#34;, &#34;&lt;td class=\&#34;col-links\&#34;&gt;&lt;/td&gt;&#34;], &#34;log&#34;: &#34;No log output captured.&#34;}], &#34;test_cases/test_add_project_page.py::Test_Add_Project_Page::test_cancel_to_add_project&#34;: [{&#34;extras&#34;: [], &#34;result&#34;: &#34;Passed&#34;, &#34;testId&#34;: &#34;test_cases/test_add_project_page.py::Test_Add_Project_Page::test_cancel_to_add_project&#34;, &#34;duration&#34;: &#34;00:00:05&#34;, &#34;resultsTableRow&#34;: [&#34;&lt;td class=\&#34;col-result\&#34;&gt;Passed&lt;/td&gt;&#34;, &#34;&lt;td class=\&#34;col-testId\&#34;&gt;test_cases/test_add_project_page.py::Test_Add_Project_Page::test_cancel_to_add_project&lt;/td&gt;&#34;, &#34;&lt;td class=\&#34;col-duration\&#34;&gt;00:00:05&lt;/td&gt;&#34;, &#34;&lt;td class=\&#34;col-links\&#34;&gt;&lt;/td&gt;&#34;], &#34;log&#34;: &#34;No log output captured.&#34;}], &#34;test_cases/test_add_project_page.py::Test_Add_Project_Page::test_add_project_enalbed&#34;: [{&#34;extras&#34;: [], &#34;result&#34;: &#34;Passed&#34;, &#34;testId&#34;: &#34;test_cases/test_add_project_page.py::Test_Add_Project_Page::test_add_project_enalbed&#34;, &#34;duration&#34;: &#34;00:00:02&#34;, &#34;resultsTableRow&#34;: [&#34;&lt;td class=\&#34;col-result\&#34;&gt;Passed&lt;/td&gt;&#34;, &#34;&lt;td class=\&#34;col-testId\&#34;&gt;test_cases/test_add_project_page.py::Test_Add_Project_Page::test_add_project_enalbed&lt;/td&gt;&#34;, &#34;&lt;td class=\&#34;col-duration\&#34;&gt;00:00:02&lt;/td&gt;&#34;, &#34;&lt;td class=\&#34;col-links\&#34;&gt;&lt;/td&gt;&#34;], &#34;log&#34;: &#34;No log output captured.&#34;}], &#34;test_cases/test_add_project_page.py::Test_Add_Project_Page::test_select_base_book&#34;: [{&#34;extras&#34;: [], &#34;result&#34;: &#34;Passed&#34;, &#34;testId&#34;: &#34;test_cases/test_add_project_page.py::Test_Add_Project_Page::test_select_base_book&#34;, &#34;duration&#34;: &#34;00:00:13&#34;, &#34;resultsTableRow&#34;: [&#34;&lt;td class=\&#34;col-result\&#34;&gt;Passed&lt;/td&gt;&#34;, &#34;&lt;td class=\&#34;col-testId\&#34;&gt;test_cases/test_add_project_page.py::Test_Add_Project_Page::test_select_base_book&lt;/td&gt;&#34;, &#34;&lt;td class=\&#34;col-duration\&#34;&gt;00:00:13&lt;/td&gt;&#34;, &#34;&lt;td class=\&#34;col-links\&#34;&gt;&lt;/td&gt;&#34;], &#34;log&#34;: &#34;No log output captured.&#34;}], &#34;test_cases/test_add_project_page.py::Test_Add_Project_Page::test_clear_from_add_new_project&#34;: [{&#34;extras&#34;: [], &#34;result&#34;: &#34;Passed&#34;, &#34;testId&#34;: &#34;test_cases/test_add_project_page.py::Test_Add_Project_Page::test_clear_from_add_new_project&#34;, &#34;duration&#34;: &#34;00:00:06&#34;, &#34;resultsTableRow&#34;: [&#34;&lt;td class=\&#34;col-result\&#34;&gt;Passed&lt;/td&gt;&#34;, &#34;&lt;td class=\&#34;col-testId\&#34;&gt;test_cases/test_add_project_page.py::Test_Add_Project_Page::test_clear_from_add_new_project&lt;/td&gt;&#34;, &#34;&lt;td class=\&#34;col-duration\&#34;&gt;00:00:06&lt;/td&gt;&#34;, &#34;&lt;td class=\&#34;col-links\&#34;&gt;&lt;/td&gt;&#34;], &#34;log&#34;: &#34;No log output captured.&#34;}], &#34;test_cases/test_add_project_page.py::Test_Add_Project_Page::test_add_new_project&#34;: [{&#34;extras&#34;: [{&#34;name&#34;: null, &#34;format_type&#34;: &#34;html&#34;, &#34;content&#34;: &#34;&lt;div&gt;&lt;img src=\&#34;D:\\python program\\ICC-Shop\\Screenshot/test_add_new_project.png\&#34; alt=\&#34;screenshot\&#34; style=\&#34;width:204px;height:128px;\&#34; onclick=\&#34;window.open(this.src)\&#34; align=\&#34;right\&#34;/&gt;&lt;/div&gt;&#34;, &#34;mime_type&#34;: null, &#34;extension&#34;: null}], &#34;result&#34;: &#34;Failed&#34;, &#34;testId&#34;: &#34;test_cases/test_add_project_page.py::Test_Add_Project_Page::test_add_new_project&#34;, &#34;duration&#34;: &#34;00:01:21&#34;, &#34;resultsTableRow&#34;: [&#34;&lt;td class=\&#34;col-result\&#34;&gt;Failed&lt;/td&gt;&#34;, &#34;&lt;td class=\&#34;col-testId\&#34;&gt;test_cases/test_add_project_page.py::Test_Add_Project_Page::test_add_new_project&lt;/td&gt;&#34;, &#34;&lt;td class=\&#34;col-duration\&#34;&gt;00:01:21&lt;/td&gt;&#34;, &#34;&lt;td class=\&#34;col-links\&#34;&gt;&lt;/td&gt;&#34;], &#34;log&#34;: &#34;self = &amp;lt;test_cases.test_add_project_page.Test_Add_Project_Page object at 0x000002505043A790&amp;gt;\n\n    @allure.title(&amp;quot;Verify Add new project&amp;quot;)\n    @allure.severity(allure.severity_level.CRITICAL)\n    @pytest.mark.dependency(\n        depends=[\n            &amp;quot;test_cases/test_dashboard_page.py::Test_Dashboard_Page::test_remove_project[ACTIVE PROJECTS-Close]&amp;quot;\n        ],\n        scope=&amp;quot;session&amp;quot;,\n    )\n    def test_add_new_project(self):\n        self.dashboardpage.click_add_project()\n        self.addproject_page.wait_buttons_to_load()\n        self.addproject_page.click_on_button(SELECT_BASE_BOOK)\n        self.addproject_page.click_select_option(GROUP, &amp;quot;I-Codes&amp;quot;)\n        self.addproject_page.click_select_option(BOOK_YEAR, &amp;quot;2021&amp;quot;)\n        self.addproject_page.click_select_option(PRINTING, &amp;quot;DefaultPrinting&amp;quot;)\n        book = self.addproject_page.click_select_option(\n            BOOK, &amp;quot;2021 International Mechanical Code&amp;quot;\n        )\n        self.addproject_page.click_on_button(SELECT)\n        base_book = (\n            self.addproject_page.get_selected_basebook(&amp;quot;Base Book: &amp;quot;)\n            .replace(&amp;quot;- &amp;quot; + book, &amp;quot;&amp;quot;)\n            .strip()\n        )\n        time.sleep(2)\n        number = str(random.randint(2013, 2024))\n        char = random.choice(string.ascii_uppercase)\n        self.addproject_page.fill_add_project_form(\n            &amp;quot;IMC&amp;quot; + char + number,\n            &amp;quot;2021 International Mechanical Code&amp;quot;,\n            &amp;quot;2021 International Mechanical Code first printing&amp;quot;,\n            &amp;quot;Level 0 - 1st Printing&amp;quot;,\n            &amp;quot;First Printing&amp;quot;,\n            &amp;quot;Test Books&amp;quot;,\n        )\n        time.sleep(4)\n        self.addproject_page.click_on_button(ADD_PROJECT)\n        current_date = datetime.datetime.now().strftime(&amp;quot;%B %e, %Y %H:%M&amp;quot;)\n        time.sleep(2)\n        self.dashboardpage.enter_text_title_textbox(\n            &amp;quot;2021 International Mechanical Code first printing&amp;quot;\n        )\n        Baseclass.assert_equals(\n            &amp;quot;2021 International Mechanical Code&amp;quot;,\n&amp;gt;           self.dashboardpage.get_first_project_name(),\n        )\n\ntest_cases\\test_add_project_page.py:137: \n_ _ _ _ _ _ _ _ _ _ _ _ _ _ _ _ _ _ _ _ _ _ _ _ _ _ _ _ _ _ _ _ _ _ _ _ _ _ _ _ _ _ _ _ _ _ _ _ _ _ _ _ _ _ _ _ _ _ _ _ _ _ _ _ _ _ _ _ _ _ _ _ _ _ _ _ _ _ _ _ _ _ _ _ _ _ _ _ _ _ _ _ _ _ _ _ \npage_objects\\dashboard_page.py:159: in get_first_project_name\n    project_name = self.get_row_data(&amp;quot;Project Name&amp;quot;)[0].text\npage_objects\\dashboard_page.py:144: in get_row_data\n    header = self.baseclass.wait_until_elements(self.__table_header)\nuitility\\baseclass.py:56: in wait_until_elements\n    return self.wait.until(EC.presence_of_all_elements_located(locator))\n_ _ _ _ _ _ _ _ _ _ _ _ _ _ _ _ _ _ _ _ _ _ _ _ _ _ _ _ _ _ _ _ _ _ _ _ _ _ _ _ _ _ _ _ _ _ _ _ _ _ _ _ _ _ _ _ _ _ _ _ _ _ _ _ _ _ _ _ _ _ _ _ _ _ _ _ _ _ _ _ _ _ _ _ _ _ _ _ _ _ _ _ _ _ _ _ \n\nself = &amp;lt;selenium.webdriver.support.wait.WebDriverWait (session=&amp;quot;37b8bcaffe81271d1ab305428e33bb90&amp;quot;)&amp;gt;\nmethod = &amp;lt;function presence_of_all_elements_located.&amp;lt;locals&amp;gt;._predicate at 0x0000025050477420&amp;gt;, message = &amp;#x27;&amp;#x27;\n\n    def until(self, method: Callable[[D], Union[Literal[False], T]], message: str = &amp;quot;&amp;quot;) -&amp;gt; T:\n        &amp;quot;&amp;quot;&amp;quot;Calls the method provided with the driver as an argument until the \\\n        return value does not evaluate to ``False``.\n    \n        :param method: callable(WebDriver)\n        :param message: optional message for :exc:`TimeoutException`\n        :returns: the result of the last call to `method`\n        :raises: :exc:`selenium.common.exceptions.TimeoutException` if timeout occurs\n        &amp;quot;&amp;quot;&amp;quot;\n        screen = None\n        stacktrace = None\n    \n        end_time = time.monotonic() + self._timeout\n        while True:\n            try:\n                value = method(self._driver)\n                if value:\n                    return value\n            except self._ignored_exceptions as exc:\n                screen = getattr(exc, &amp;quot;screen&amp;quot;, None)\n                stacktrace = getattr(exc, &amp;quot;stacktrace&amp;quot;, None)\n            time.sleep(self._poll)\n            if time.monotonic() &amp;gt; end_time:\n                break\n&amp;gt;       raise TimeoutException(message, screen, stacktrace)\nE       selenium.common.exceptions.TimeoutException: Message:\n\nvenv\\Lib\\site-packages\\selenium\\webdriver\\support\\wait.py:105: TimeoutException\n\n----------------------------- Captured stdout call -----------------------------\nElement: (&amp;#x27;xpath&amp;#x27;, &amp;#x27;//tbody/tr&amp;#x27;) : Message: \nStacktrace:\n\tGetHandleVerifier [0x00007FF72472EEB2+31554]\n\t(No symbol) [0x00007FF7246A7EE9]\n\t(No symbol) [0x00007FF72456872A]\n\t(No symbol) [0x00007FF7245B8434]\n\t(No symbol) [0x00007FF7245B853C]\n\t(No symbol) [0x00007FF7245FF6A7]\n\t(No symbol) [0x00007FF7245DD06F]\n\t(No symbol) [0x00007FF7245FC977]\n\t(No symbol) [0x00007FF7245DCDD3]\n\t(No symbol) [0x00007FF7245AA33B]\n\t(No symbol) [0x00007FF7245AAED1]\n\tGetHandleVerifier [0x00007FF724A38B2D+3217341]\n\tGetHandleVerifier [0x00007FF724A85AF3+3532675]\n\tGetHandleVerifier [0x00007FF724A7B0F0+3489152]\n\tGetHandleVerifier [0x00007FF7247DE786+750614]\n\t(No symbol) [0x00007FF7246B376F]\n\t(No symbol) [0x00007FF7246AEB24]\n\t(No symbol) [0x00007FF7246AECB2]\n\t(No symbol) [0x00007FF72469E17F]\n\tBaseThreadInitThunk [0x00007FFAECF97374+20]\n\tRtlUserThreadStart [0x00007FFAEEA9CC91+33]\n\nElement: (&amp;#x27;xpath&amp;#x27;, &amp;quot;//div[@class=&amp;#x27;v-col-md-4 v-col-12&amp;#x27;]//input&amp;quot;) : Message: \nStacktrace:\n\tGetHandleVerifier [0x00007FF72472EEB2+31554]\n\t(No symbol) [0x00007FF7246A7EE9]\n\t(No symbol) [0x00007FF72456872A]\n\t(No symbol) [0x00007FF7245B8434]\n\t(No symbol) [0x00007FF7245B853C]\n\t(No symbol) [0x00007FF7245FF6A7]\n\t(No symbol) [0x00007FF7245DD06F]\n\t(No symbol) [0x00007FF7245FC977]\n\t(No symbol) [0x00007FF7245DCDD3]\n\t(No symbol) [0x00007FF7245AA33B]\n\t(No symbol) [0x00007FF7245AAED1]\n\tGetHandleVerifier [0x00007FF724A38B2D+3217341]\n\tGetHandleVerifier [0x00007FF724A85AF3+3532675]\n\tGetHandleVerifier [0x00007FF724A7B0F0+3489152]\n\tGetHandleVerifier [0x00007FF7247DE786+750614]\n\t(No symbol) [0x00007FF7246B376F]\n\t(No symbol) [0x00007FF7246AEB24]\n\t(No symbol) [0x00007FF7246AECB2]\n\t(No symbol) [0x00007FF72469E17F]\n\tBaseThreadInitThunk [0x00007FFAECF97374+20]\n\tRtlUserThreadStart [0x00007FFAEEA9CC91+33]\n\n&#34;}], &#34;test_cases/test_view_project_page.py::Test_View_Project_Page::test_verify_defination_managemant&#34;: [{&#34;extras&#34;: [], &#34;result&#34;: &#34;Passed&#34;, &#34;testId&#34;: &#34;test_cases/test_view_project_page.py::Test_View_Project_Page::test_verify_defination_managemant&#34;, &#34;duration&#34;: &#34;00:00:16&#34;, &#34;resultsTableRow&#34;: [&#34;&lt;td class=\&#34;col-result\&#34;&gt;Passed&lt;/td&gt;&#34;, &#34;&lt;td class=\&#34;col-testId\&#34;&gt;test_cases/test_view_project_page.py::Test_View_Project_Page::test_verify_defination_managemant&lt;/td&gt;&#34;, &#34;&lt;td class=\&#34;col-duration\&#34;&gt;00:00:16&lt;/td&gt;&#34;, &#34;&lt;td class=\&#34;col-links\&#34;&gt;&lt;/td&gt;&#34;], &#34;log&#34;: &#34;No log output captured.&#34;}], &#34;test_cases/test_view_project_page.py::Test_View_Project_Page::test_verify_search_clear_defination&#34;: [{&#34;extras&#34;: [], &#34;result&#34;: &#34;Passed&#34;, &#34;testId&#34;: &#34;test_cases/test_view_project_page.py::Test_View_Project_Page::test_verify_search_clear_defination&#34;, &#34;duration&#34;: &#34;00:00:11&#34;, &#34;resultsTableRow&#34;: [&#34;&lt;td class=\&#34;col-result\&#34;&gt;Passed&lt;/td&gt;&#34;, &#34;&lt;td class=\&#34;col-testId\&#34;&gt;test_cases/test_view_project_page.py::Test_View_Project_Page::test_verify_search_clear_defination&lt;/td&gt;&#34;, &#34;&lt;td class=\&#34;col-duration\&#34;&gt;00:00:11&lt;/td&gt;&#34;, &#34;&lt;td class=\&#34;col-links\&#34;&gt;&lt;/td&gt;&#34;], &#34;log&#34;: &#34;No log output captured.&#34;}], &#34;test_cases/test_view_project_page.py::Test_View_Project_Page::test_verify_external_link_management&#34;: [{&#34;extras&#34;: [], &#34;result&#34;: &#34;Passed&#34;, &#34;testId&#34;: &#34;test_cases/test_view_project_page.py::Test_View_Project_Page::test_verify_external_link_management&#34;, &#34;duration&#34;: &#34;00:00:16&#34;, &#34;resultsTableRow&#34;: [&#34;&lt;td class=\&#34;col-result\&#34;&gt;Passed&lt;/td&gt;&#34;, &#34;&lt;td class=\&#34;col-testId\&#34;&gt;test_cases/test_view_project_page.py::Test_View_Project_Page::test_verify_external_link_management&lt;/td&gt;&#34;, &#34;&lt;td class=\&#34;col-duration\&#34;&gt;00:00:16&lt;/td&gt;&#34;, &#34;&lt;td class=\&#34;col-links\&#34;&gt;&lt;/td&gt;&#34;], &#34;log&#34;: &#34;No log output captured.&#34;}], &#34;test_cases/test_view_project_page.py::Test_View_Project_Page::test_verify_chapter_version_clickable_count&#34;: [{&#34;extras&#34;: [{&#34;name&#34;: null, &#34;format_type&#34;: &#34;html&#34;, &#34;content&#34;: &#34;&lt;div&gt;&lt;img src=\&#34;D:\\python program\\ICC-Shop\\Screenshot/test_verify_chapter_version_clickable_count.png\&#34; alt=\&#34;screenshot\&#34; style=\&#34;width:204px;height:128px;\&#34; onclick=\&#34;window.open(this.src)\&#34; align=\&#34;right\&#34;/&gt;&lt;/div&gt;&#34;, &#34;mime_type&#34;: null, &#34;extension&#34;: null}], &#34;result&#34;: &#34;Failed&#34;, &#34;testId&#34;: &#34;test_cases/test_view_project_page.py::Test_View_Project_Page::test_verify_chapter_version_clickable_count&#34;, &#34;duration&#34;: &#34;00:00:12&#34;, &#34;resultsTableRow&#34;: [&#34;&lt;td class=\&#34;col-result\&#34;&gt;Failed&lt;/td&gt;&#34;, &#34;&lt;td class=\&#34;col-testId\&#34;&gt;test_cases/test_view_project_page.py::Test_View_Project_Page::test_verify_chapter_version_clickable_count&lt;/td&gt;&#34;, &#34;&lt;td class=\&#34;col-duration\&#34;&gt;00:00:12&lt;/td&gt;&#34;, &#34;&lt;td class=\&#34;col-links\&#34;&gt;&lt;/td&gt;&#34;], &#34;log&#34;: &#34;FAILURE: check (0) == (1): Expecated: (0), equal to Founded: (1)\ntest_view_project_page.py:95 in test_verify_chapter_version_clickable_count() -&amp;gt; Baseclass.assert_equals(dashboard_version, viewpage_version)\nbaseclass.py:145 in assert_equals() -&amp;gt; check.equal(\n\n------------------------------------------------------------\nFailed Checks: 1\n&#34;}], &#34;test_cases/test_view_project_page.py::Test_View_Project_Page::test_verify_chapter_status[PREFACE]&#34;: [{&#34;extras&#34;: [{&#34;name&#34;: null, &#34;format_type&#34;: &#34;html&#34;, &#34;content&#34;: &#34;&lt;div&gt;&lt;img src=\&#34;D:\\python program\\ICC-Shop\\Screenshot/test_verify_chapter_status[PREFACE].png\&#34; alt=\&#34;screenshot\&#34; style=\&#34;width:204px;height:128px;\&#34; onclick=\&#34;window.open(this.src)\&#34; align=\&#34;right\&#34;/&gt;&lt;/div&gt;&#34;, &#34;mime_type&#34;: null, &#34;extension&#34;: null}], &#34;result&#34;: &#34;Failed&#34;, &#34;testId&#34;: &#34;test_cases/test_view_project_page.py::Test_View_Project_Page::test_verify_chapter_status[PREFACE]&#34;, &#34;duration&#34;: &#34;00:00:19&#34;, &#34;resultsTableRow&#34;: [&#34;&lt;td class=\&#34;col-result\&#34;&gt;Failed&lt;/td&gt;&#34;, &#34;&lt;td class=\&#34;col-testId\&#34;&gt;test_cases/test_view_project_page.py::Test_View_Project_Page::test_verify_chapter_status[PREFACE]&lt;/td&gt;&#34;, &#34;&lt;td class=\&#34;col-duration\&#34;&gt;00:00:19&lt;/td&gt;&#34;, &#34;&lt;td class=\&#34;col-links\&#34;&gt;&lt;/td&gt;&#34;], &#34;log&#34;: &#34;self = &amp;lt;test_cases.test_view_project_page.Test_View_Project_Page object at 0x00000250504A23D0&amp;gt;, chapter_name = &amp;#x27;PREFACE&amp;#x27;\n\n    @allure.feature(&amp;quot;Smart Index&amp;quot;)\n    @allure.title(&amp;quot;Verify open chapter, Fm chapter, Appendix and Index&amp;quot;)\n    @allure.severity(allure.severity_level.BLOCKER)\n    @pytest.mark.parametrize(\n        &amp;quot;chapter_name&amp;quot;,\n        [\n            &amp;quot;PREFACE&amp;quot;,\n            &amp;quot;CHAPTER 2 DEFINITIONS&amp;quot;,\n            &amp;quot;INDEX&amp;quot;,\n        ],\n    )\n    def test_verify_chapter_status(self, chapter_name):\n        project_name = self.dashboardpage.check_project_display(\n            &amp;quot;2021 International Mechanical Code&amp;quot;\n        )\n        self.dashboardpage.click_project_name(project_name)\n        self.dashboardpage.click_dashboard_button(VIEW_PROJECT)\n    \n        status_1 = self.viewprojectpage.get_chapter_status(chapter_name)\n        self.viewprojectpage.click_on_chapter(chapter_name)\n        time.sleep(2)\n        breadcum = self.viewprojectpage.get_current_breadcum()\n        status_2 = self.chap_overview.get_chapter_status()\n        Baseclass.assert_equals(status_1, status_2)\n&amp;gt;       assert breadcum in chapter_name\nE       AssertionError: assert &amp;#x27;PREFACE TEST FINAL&amp;#x27; in &amp;#x27;PREFACE&amp;#x27;\n\ntest_cases\\test_view_project_page.py:122: AssertionError\n&#34;}], &#34;test_cases/test_view_project_page.py::Test_View_Project_Page::test_verify_chapter_status[CHAPTER 2 DEFINITIONS]&#34;: [{&#34;extras&#34;: [{&#34;name&#34;: null, &#34;format_type&#34;: &#34;html&#34;, &#34;content&#34;: &#34;&lt;div&gt;&lt;img src=\&#34;D:\\python program\\ICC-Shop\\Screenshot/test_verify_chapter_status[CHAPTER 2 DEFINITIONS].png\&#34; alt=\&#34;screenshot\&#34; style=\&#34;width:204px;height:128px;\&#34; onclick=\&#34;window.open(this.src)\&#34; align=\&#34;right\&#34;/&gt;&lt;/div&gt;&#34;, &#34;mime_type&#34;: null, &#34;extension&#34;: null}], &#34;result&#34;: &#34;Failed&#34;, &#34;testId&#34;: &#34;test_cases/test_view_project_page.py::Test_View_Project_Page::test_verify_chapter_status[CHAPTER 2 DEFINITIONS]&#34;, &#34;duration&#34;: &#34;00:00:25&#34;, &#34;resultsTableRow&#34;: [&#34;&lt;td class=\&#34;col-result\&#34;&gt;Failed&lt;/td&gt;&#34;, &#34;&lt;td class=\&#34;col-testId\&#34;&gt;test_cases/test_view_project_page.py::Test_View_Project_Page::test_verify_chapter_status[CHAPTER 2 DEFINITIONS]&lt;/td&gt;&#34;, &#34;&lt;td class=\&#34;col-duration\&#34;&gt;00:00:25&lt;/td&gt;&#34;, &#34;&lt;td class=\&#34;col-links\&#34;&gt;&lt;/td&gt;&#34;], &#34;log&#34;: &#34;self = &amp;lt;test_cases.test_view_project_page.Test_View_Project_Page object at 0x00000250504A2610&amp;gt;, chapter_name = &amp;#x27;CHAPTER 2 DEFINITIONS&amp;#x27;\n\n    @allure.feature(&amp;quot;Smart Index&amp;quot;)\n    @allure.title(&amp;quot;Verify open chapter, Fm chapter, Appendix and Index&amp;quot;)\n    @allure.severity(allure.severity_level.BLOCKER)\n    @pytest.mark.parametrize(\n        &amp;quot;chapter_name&amp;quot;,\n        [\n            &amp;quot;PREFACE&amp;quot;,\n            &amp;quot;CHAPTER 2 DEFINITIONS&amp;quot;,\n            &amp;quot;INDEX&amp;quot;,\n        ],\n    )\n    def test_verify_chapter_status(self, chapter_name):\n        project_name = self.dashboardpage.check_project_display(\n            &amp;quot;2021 International Mechanical Code&amp;quot;\n        )\n        self.dashboardpage.click_project_name(project_name)\n        self.dashboardpage.click_dashboard_button(VIEW_PROJECT)\n    \n        status_1 = self.viewprojectpage.get_chapter_status(chapter_name)\n        self.viewprojectpage.click_on_chapter(chapter_name)\n        time.sleep(2)\n        breadcum = self.viewprojectpage.get_current_breadcum()\n        status_2 = self.chap_overview.get_chapter_status()\n        Baseclass.assert_equals(status_1, status_2)\n&amp;gt;       assert breadcum in chapter_name\nE       AssertionError: assert &amp;#x27;CHAPTER 2 DEFINITIONS TRAPS, INTERCEPTORS AND SEPARATORST...&amp;#x27; in &amp;#x27;CHAPTER 2 DEFINITIONS&amp;#x27;\n\ntest_cases\\test_view_project_page.py:122: AssertionError\n&#34;}], &#34;test_cases/test_view_project_page.py::Test_View_Project_Page::test_verify_chapter_status[INDEX]&#34;: [{&#34;extras&#34;: [], &#34;result&#34;: &#34;Passed&#34;, &#34;testId&#34;: &#34;test_cases/test_view_project_page.py::Test_View_Project_Page::test_verify_chapter_status[INDEX]&#34;, &#34;duration&#34;: &#34;00:00:12&#34;, &#34;resultsTableRow&#34;: [&#34;&lt;td class=\&#34;col-result\&#34;&gt;Passed&lt;/td&gt;&#34;, &#34;&lt;td class=\&#34;col-testId\&#34;&gt;test_cases/test_view_project_page.py::Test_View_Project_Page::test_verify_chapter_status[INDEX]&lt;/td&gt;&#34;, &#34;&lt;td class=\&#34;col-duration\&#34;&gt;00:00:12&lt;/td&gt;&#34;, &#34;&lt;td class=\&#34;col-links\&#34;&gt;&lt;/td&gt;&#34;], &#34;log&#34;: &#34;No log output captured.&#34;}], &#34;test_cases/test_view_project_page.py::Test_View_Project_Page::test_verify_Fm_chapter_names&#34;: [{&#34;extras&#34;: [], &#34;result&#34;: &#34;Passed&#34;, &#34;testId&#34;: &#34;test_cases/test_view_project_page.py::Test_View_Project_Page::test_verify_Fm_chapter_names&#34;, &#34;duration&#34;: &#34;00:00:08&#34;, &#34;resultsTableRow&#34;: [&#34;&lt;td class=\&#34;col-result\&#34;&gt;Passed&lt;/td&gt;&#34;, &#34;&lt;td class=\&#34;col-testId\&#34;&gt;test_cases/test_view_project_page.py::Test_View_Project_Page::test_verify_Fm_chapter_names&lt;/td&gt;&#34;, &#34;&lt;td class=\&#34;col-duration\&#34;&gt;00:00:08&lt;/td&gt;&#34;, &#34;&lt;td class=\&#34;col-links\&#34;&gt;&lt;/td&gt;&#34;], &#34;log&#34;: &#34;No log output captured.&#34;}], &#34;test_cases/test_view_project_page.py::Test_View_Project_Page::test_verify_change_sequence_of_Fm_chapter&#34;: [{&#34;extras&#34;: [], &#34;result&#34;: &#34;Passed&#34;, &#34;testId&#34;: &#34;test_cases/test_view_project_page.py::Test_View_Project_Page::test_verify_change_sequence_of_Fm_chapter&#34;, &#34;duration&#34;: &#34;00:00:19&#34;, &#34;resultsTableRow&#34;: [&#34;&lt;td class=\&#34;col-result\&#34;&gt;Passed&lt;/td&gt;&#34;, &#34;&lt;td class=\&#34;col-testId\&#34;&gt;test_cases/test_view_project_page.py::Test_View_Project_Page::test_verify_change_sequence_of_Fm_chapter&lt;/td&gt;&#34;, &#34;&lt;td class=\&#34;col-duration\&#34;&gt;00:00:19&lt;/td&gt;&#34;, &#34;&lt;td class=\&#34;col-links\&#34;&gt;&lt;/td&gt;&#34;], &#34;log&#34;: &#34;No log output captured.&#34;}], &#34;test_cases/test_chapter_overview_page.py::Test_Chapter_Overview::test_verify_open_chapter_content&#34;: [{&#34;extras&#34;: [{&#34;name&#34;: null, &#34;format_type&#34;: &#34;html&#34;, &#34;content&#34;: &#34;&lt;div&gt;&lt;img src=\&#34;D:\\python program\\ICC-Shop\\Screenshot/test_verify_open_chapter_content.png\&#34; alt=\&#34;screenshot\&#34; style=\&#34;width:204px;height:128px;\&#34; onclick=\&#34;window.open(this.src)\&#34; align=\&#34;right\&#34;/&gt;&lt;/div&gt;&#34;, &#34;mime_type&#34;: null, &#34;extension&#34;: null}], &#34;result&#34;: &#34;Failed&#34;, &#34;testId&#34;: &#34;test_cases/test_chapter_overview_page.py::Test_Chapter_Overview::test_verify_open_chapter_content&#34;, &#34;duration&#34;: &#34;00:00:28&#34;, &#34;resultsTableRow&#34;: [&#34;&lt;td class=\&#34;col-result\&#34;&gt;Failed&lt;/td&gt;&#34;, &#34;&lt;td class=\&#34;col-testId\&#34;&gt;test_cases/test_chapter_overview_page.py::Test_Chapter_Overview::test_verify_open_chapter_content&lt;/td&gt;&#34;, &#34;&lt;td class=\&#34;col-duration\&#34;&gt;00:00:28&lt;/td&gt;&#34;, &#34;&lt;td class=\&#34;col-links\&#34;&gt;&lt;/td&gt;&#34;], &#34;log&#34;: &#34;self = &amp;lt;test_cases.test_chapter_overview_page.Test_Chapter_Overview object at 0x000002505045B2D0&amp;gt;\n\n    @allure.feature(&amp;quot;Chapter&amp;quot;)\n    @allure.title(&amp;quot;Verify Open Chapter content&amp;quot;)\n    @allure.severity(allure.severity_level.BLOCKER)\n    def test_verify_open_chapter_content(self):\n        self.dashboardpage.click_project_name(&amp;quot;2021 International Mechanical Code&amp;quot;)\n&amp;gt;       self.dashboardpage.click_dashboard_button(VIEW_PROJECT)\n\ntest_cases\\test_chapter_overview_page.py:72: \n_ _ _ _ _ _ _ _ _ _ _ _ _ _ _ _ _ _ _ _ _ _ _ _ _ _ _ _ _ _ _ _ _ _ _ _ _ _ _ _ _ _ _ _ _ _ _ _ _ _ _ _ _ _ _ _ _ _ _ _ _ _ _ _ _ _ _ _ _ _ _ _ _ _ _ _ _ _ _ _ _ _ _ _ _ _ _ _ _ _ _ _ _ _ _ _ \npage_objects\\dashboard_page.py:223: in click_dashboard_button\n    for i in self.baseclass.wait_until_elements(self.buttons):\nuitility\\baseclass.py:56: in wait_until_elements\n    return self.wait.until(EC.presence_of_all_elements_located(locator))\n_ _ _ _ _ _ _ _ _ _ _ _ _ _ _ _ _ _ _ _ _ _ _ _ _ _ _ _ _ _ _ _ _ _ _ _ _ _ _ _ _ _ _ _ _ _ _ _ _ _ _ _ _ _ _ _ _ _ _ _ _ _ _ _ _ _ _ _ _ _ _ _ _ _ _ _ _ _ _ _ _ _ _ _ _ _ _ _ _ _ _ _ _ _ _ _ \n\nself = &amp;lt;selenium.webdriver.support.wait.WebDriverWait (session=&amp;quot;37b8bcaffe81271d1ab305428e33bb90&amp;quot;)&amp;gt;\nmethod = &amp;lt;function presence_of_all_elements_located.&amp;lt;locals&amp;gt;._predicate at 0x0000025050622A20&amp;gt;, message = &amp;#x27;&amp;#x27;\n\n    def until(self, method: Callable[[D], Union[Literal[False], T]], message: str = &amp;quot;&amp;quot;) -&amp;gt; T:\n        &amp;quot;&amp;quot;&amp;quot;Calls the method provided with the driver as an argument until the \\\n        return value does not evaluate to ``False``.\n    \n        :param method: callable(WebDriver)\n        :param message: optional message for :exc:`TimeoutException`\n        :returns: the result of the last call to `method`\n        :raises: :exc:`selenium.common.exceptions.TimeoutException` if timeout occurs\n        &amp;quot;&amp;quot;&amp;quot;\n        screen = None\n        stacktrace = None\n    \n        end_time = time.monotonic() + self._timeout\n        while True:\n            try:\n                value = method(self._driver)\n                if value:\n                    return value\n            except self._ignored_exceptions as exc:\n                screen = getattr(exc, &amp;quot;screen&amp;quot;, None)\n                stacktrace = getattr(exc, &amp;quot;stacktrace&amp;quot;, None)\n            time.sleep(self._poll)\n            if time.monotonic() &amp;gt; end_time:\n                break\n&amp;gt;       raise TimeoutException(message, screen, stacktrace)\nE       selenium.common.exceptions.TimeoutException: Message:\n\nvenv\\Lib\\site-packages\\selenium\\webdriver\\support\\wait.py:105: TimeoutException\n&#34;}], &#34;test_cases/test_chapter_overview_page.py::Test_Chapter_Overview::test_verify_cancel_edit_chapter&#34;: [{&#34;extras&#34;: [{&#34;name&#34;: null, &#34;format_type&#34;: &#34;html&#34;, &#34;content&#34;: &#34;&lt;div&gt;&lt;img src=\&#34;D:\\python program\\ICC-Shop\\Screenshot/test_verify_cancel_edit_chapter.png\&#34; alt=\&#34;screenshot\&#34; style=\&#34;width:204px;height:128px;\&#34; onclick=\&#34;window.open(this.src)\&#34; align=\&#34;right\&#34;/&gt;&lt;/div&gt;&#34;, &#34;mime_type&#34;: null, &#34;extension&#34;: null}], &#34;result&#34;: &#34;Failed&#34;, &#34;testId&#34;: &#34;test_cases/test_chapter_overview_page.py::Test_Chapter_Overview::test_verify_cancel_edit_chapter&#34;, &#34;duration&#34;: &#34;00:00:25&#34;, &#34;resultsTableRow&#34;: [&#34;&lt;td class=\&#34;col-result\&#34;&gt;Failed&lt;/td&gt;&#34;, &#34;&lt;td class=\&#34;col-testId\&#34;&gt;test_cases/test_chapter_overview_page.py::Test_Chapter_Overview::test_verify_cancel_edit_chapter&lt;/td&gt;&#34;, &#34;&lt;td class=\&#34;col-duration\&#34;&gt;00:00:25&lt;/td&gt;&#34;, &#34;&lt;td class=\&#34;col-links\&#34;&gt;&lt;/td&gt;&#34;], &#34;log&#34;: &#34;self = &amp;lt;test_cases.test_chapter_overview_page.Test_Chapter_Overview object at 0x0000025050468650&amp;gt;\n\n    @allure.feature(&amp;quot;Chapter&amp;quot;)\n    @allure.title(&amp;quot;Verify Cancel Edited Chapter content&amp;quot;)\n    @allure.severity(allure.severity_level.CRITICAL)\n    def test_verify_cancel_edit_chapter(self):\n        self.dashboardpage.click_project_name(&amp;quot;2021 International Mechanical Code&amp;quot;)\n&amp;gt;       self.dashboardpage.click_dashboard_button(VIEW_PROJECT)\n\ntest_cases\\test_chapter_overview_page.py:90: \n_ _ _ _ _ _ _ _ _ _ _ _ _ _ _ _ _ _ _ _ _ _ _ _ _ _ _ _ _ _ _ _ _ _ _ _ _ _ _ _ _ _ _ _ _ _ _ _ _ _ _ _ _ _ _ _ _ _ _ _ _ _ _ _ _ _ _ _ _ _ _ _ _ _ _ _ _ _ _ _ _ _ _ _ _ _ _ _ _ _ _ _ _ _ _ _ \npage_objects\\dashboard_page.py:223: in click_dashboard_button\n    for i in self.baseclass.wait_until_elements(self.buttons):\nuitility\\baseclass.py:56: in wait_until_elements\n    return self.wait.until(EC.presence_of_all_elements_located(locator))\n_ _ _ _ _ _ _ _ _ _ _ _ _ _ _ _ _ _ _ _ _ _ _ _ _ _ _ _ _ _ _ _ _ _ _ _ _ _ _ _ _ _ _ _ _ _ _ _ _ _ _ _ _ _ _ _ _ _ _ _ _ _ _ _ _ _ _ _ _ _ _ _ _ _ _ _ _ _ _ _ _ _ _ _ _ _ _ _ _ _ _ _ _ _ _ _ \n\nself = &amp;lt;selenium.webdriver.support.wait.WebDriverWait (session=&amp;quot;37b8bcaffe81271d1ab305428e33bb90&amp;quot;)&amp;gt;\nmethod = &amp;lt;function presence_of_all_elements_located.&amp;lt;locals&amp;gt;._predicate at 0x0000025050623560&amp;gt;, message = &amp;#x27;&amp;#x27;\n\n    def until(self, method: Callable[[D], Union[Literal[False], T]], message: str = &amp;quot;&amp;quot;) -&amp;gt; T:\n        &amp;quot;&amp;quot;&amp;quot;Calls the method provided with the driver as an argument until the \\\n        return value does not evaluate to ``False``.\n    \n        :param method: callable(WebDriver)\n        :param message: optional message for :exc:`TimeoutException`\n        :returns: the result of the last call to `method`\n        :raises: :exc:`selenium.common.exceptions.TimeoutException` if timeout occurs\n        &amp;quot;&amp;quot;&amp;quot;\n        screen = None\n        stacktrace = None\n    \n        end_time = time.monotonic() + self._timeout\n        while True:\n            try:\n                value = method(self._driver)\n                if value:\n                    return value\n            except self._ignored_exceptions as exc:\n                screen = getattr(exc, &amp;quot;screen&amp;quot;, None)\n                stacktrace = getattr(exc, &amp;quot;stacktrace&amp;quot;, None)\n            time.sleep(self._poll)\n            if time.monotonic() &amp;gt; end_time:\n                break\n&amp;gt;       raise TimeoutException(message, screen, stacktrace)\nE       selenium.common.exceptions.TimeoutException: Message:\n\nvenv\\Lib\\site-packages\\selenium\\webdriver\\support\\wait.py:105: TimeoutException\n&#34;}], &#34;test_cases/test_chapter_overview_page.py::Test_Chapter_Overview::test_verify_edit_chapter_title_content&#34;: [{&#34;extras&#34;: [{&#34;name&#34;: null, &#34;format_type&#34;: &#34;html&#34;, &#34;content&#34;: &#34;&lt;div&gt;&lt;img src=\&#34;D:\\python program\\ICC-Shop\\Screenshot/test_verify_edit_chapter_title_content.png\&#34; alt=\&#34;screenshot\&#34; style=\&#34;width:204px;height:128px;\&#34; onclick=\&#34;window.open(this.src)\&#34; align=\&#34;right\&#34;/&gt;&lt;/div&gt;&#34;, &#34;mime_type&#34;: null, &#34;extension&#34;: null}], &#34;result&#34;: &#34;Failed&#34;, &#34;testId&#34;: &#34;test_cases/test_chapter_overview_page.py::Test_Chapter_Overview::test_verify_edit_chapter_title_content&#34;, &#34;duration&#34;: &#34;00:00:25&#34;, &#34;resultsTableRow&#34;: [&#34;&lt;td class=\&#34;col-result\&#34;&gt;Failed&lt;/td&gt;&#34;, &#34;&lt;td class=\&#34;col-testId\&#34;&gt;test_cases/test_chapter_overview_page.py::Test_Chapter_Overview::test_verify_edit_chapter_title_content&lt;/td&gt;&#34;, &#34;&lt;td class=\&#34;col-duration\&#34;&gt;00:00:25&lt;/td&gt;&#34;, &#34;&lt;td class=\&#34;col-links\&#34;&gt;&lt;/td&gt;&#34;], &#34;log&#34;: &#34;self = &amp;lt;test_cases.test_chapter_overview_page.Test_Chapter_Overview object at 0x00000250504689D0&amp;gt;\n\n    @allure.feature(&amp;quot;Chapter&amp;quot;)\n    @allure.title(&amp;quot;Verify Edit Chapter Title and Content&amp;quot;)\n    @allure.severity(allure.severity_level.BLOCKER)\n    def test_verify_edit_chapter_title_content(self):\n        self.dashboardpage.click_project_name(&amp;quot;2021 International Mechanical Code&amp;quot;)\n&amp;gt;       self.dashboardpage.click_dashboard_button(VIEW_PROJECT)\n\ntest_cases\\test_chapter_overview_page.py:110: \n_ _ _ _ _ _ _ _ _ _ _ _ _ _ _ _ _ _ _ _ _ _ _ _ _ _ _ _ _ _ _ _ _ _ _ _ _ _ _ _ _ _ _ _ _ _ _ _ _ _ _ _ _ _ _ _ _ _ _ _ _ _ _ _ _ _ _ _ _ _ _ _ _ _ _ _ _ _ _ _ _ _ _ _ _ _ _ _ _ _ _ _ _ _ _ _ \npage_objects\\dashboard_page.py:223: in click_dashboard_button\n    for i in self.baseclass.wait_until_elements(self.buttons):\nuitility\\baseclass.py:56: in wait_until_elements\n    return self.wait.until(EC.presence_of_all_elements_located(locator))\n_ _ _ _ _ _ _ _ _ _ _ _ _ _ _ _ _ _ _ _ _ _ _ _ _ _ _ _ _ _ _ _ _ _ _ _ _ _ _ _ _ _ _ _ _ _ _ _ _ _ _ _ _ _ _ _ _ _ _ _ _ _ _ _ _ _ _ _ _ _ _ _ _ _ _ _ _ _ _ _ _ _ _ _ _ _ _ _ _ _ _ _ _ _ _ _ \n\nself = &amp;lt;selenium.webdriver.support.wait.WebDriverWait (session=&amp;quot;37b8bcaffe81271d1ab305428e33bb90&amp;quot;)&amp;gt;\nmethod = &amp;lt;function presence_of_all_elements_located.&amp;lt;locals&amp;gt;._predicate at 0x0000025050622660&amp;gt;, message = &amp;#x27;&amp;#x27;\n\n    def until(self, method: Callable[[D], Union[Literal[False], T]], message: str = &amp;quot;&amp;quot;) -&amp;gt; T:\n        &amp;quot;&amp;quot;&amp;quot;Calls the method provided with the driver as an argument until the \\\n        return value does not evaluate to ``False``.\n    \n        :param method: callable(WebDriver)\n        :param message: optional message for :exc:`TimeoutException`\n        :returns: the result of the last call to `method`\n        :raises: :exc:`selenium.common.exceptions.TimeoutException` if timeout occurs\n        &amp;quot;&amp;quot;&amp;quot;\n        screen = None\n        stacktrace = None\n    \n        end_time = time.monotonic() + self._timeout\n        while True:\n            try:\n                value = method(self._driver)\n                if value:\n                    return value\n            except self._ignored_exceptions as exc:\n                screen = getattr(exc, &amp;quot;screen&amp;quot;, None)\n                stacktrace = getattr(exc, &amp;quot;stacktrace&amp;quot;, None)\n            time.sleep(self._poll)\n            if time.monotonic() &amp;gt; end_time:\n                break\n&amp;gt;       raise TimeoutException(message, screen, stacktrace)\nE       selenium.common.exceptions.TimeoutException: Message:\n\nvenv\\Lib\\site-packages\\selenium\\webdriver\\support\\wait.py:105: TimeoutException\n&#34;}], &#34;test_cases/test_chapter_overview_page.py::Test_Chapter_Overview::test_verify_add_new_chapter&#34;: [{&#34;extras&#34;: [{&#34;name&#34;: null, &#34;format_type&#34;: &#34;html&#34;, &#34;content&#34;: &#34;&lt;div&gt;&lt;img src=\&#34;D:\\python program\\ICC-Shop\\Screenshot/test_verify_add_new_chapter.png\&#34; alt=\&#34;screenshot\&#34; style=\&#34;width:204px;height:128px;\&#34; onclick=\&#34;window.open(this.src)\&#34; align=\&#34;right\&#34;/&gt;&lt;/div&gt;&#34;, &#34;mime_type&#34;: null, &#34;extension&#34;: null}], &#34;result&#34;: &#34;Failed&#34;, &#34;testId&#34;: &#34;test_cases/test_chapter_overview_page.py::Test_Chapter_Overview::test_verify_add_new_chapter&#34;, &#34;duration&#34;: &#34;00:00:25&#34;, &#34;resultsTableRow&#34;: [&#34;&lt;td class=\&#34;col-result\&#34;&gt;Failed&lt;/td&gt;&#34;, &#34;&lt;td class=\&#34;col-testId\&#34;&gt;test_cases/test_chapter_overview_page.py::Test_Chapter_Overview::test_verify_add_new_chapter&lt;/td&gt;&#34;, &#34;&lt;td class=\&#34;col-duration\&#34;&gt;00:00:25&lt;/td&gt;&#34;, &#34;&lt;td class=\&#34;col-links\&#34;&gt;&lt;/td&gt;&#34;], &#34;log&#34;: &#34;self = &amp;lt;test_cases.test_chapter_overview_page.Test_Chapter_Overview object at 0x0000025050468D90&amp;gt;\n\n    @allure.feature(&amp;quot;Chapter&amp;quot;)\n    @allure.title(&amp;quot;Verify Add new chapter&amp;quot;)\n    @allure.severity(allure.severity_level.BLOCKER)\n    @pytest.mark.dependency()\n    def test_verify_add_new_chapter(self):\n        self.dashboardpage.click_project_name(&amp;quot;2021 International Mechanical Code&amp;quot;)\n&amp;gt;       self.dashboardpage.click_dashboard_button(VIEW_PROJECT)\n\ntest_cases\\test_chapter_overview_page.py:157: \n_ _ _ _ _ _ _ _ _ _ _ _ _ _ _ _ _ _ _ _ _ _ _ _ _ _ _ _ _ _ _ _ _ _ _ _ _ _ _ _ _ _ _ _ _ _ _ _ _ _ _ _ _ _ _ _ _ _ _ _ _ _ _ _ _ _ _ _ _ _ _ _ _ _ _ _ _ _ _ _ _ _ _ _ _ _ _ _ _ _ _ _ _ _ _ _ \npage_objects\\dashboard_page.py:223: in click_dashboard_button\n    for i in self.baseclass.wait_until_elements(self.buttons):\nuitility\\baseclass.py:56: in wait_until_elements\n    return self.wait.until(EC.presence_of_all_elements_located(locator))\n_ _ _ _ _ _ _ _ _ _ _ _ _ _ _ _ _ _ _ _ _ _ _ _ _ _ _ _ _ _ _ _ _ _ _ _ _ _ _ _ _ _ _ _ _ _ _ _ _ _ _ _ _ _ _ _ _ _ _ _ _ _ _ _ _ _ _ _ _ _ _ _ _ _ _ _ _ _ _ _ _ _ _ _ _ _ _ _ _ _ _ _ _ _ _ _ \n\nself = &amp;lt;selenium.webdriver.support.wait.WebDriverWait (session=&amp;quot;37b8bcaffe81271d1ab305428e33bb90&amp;quot;)&amp;gt;\nmethod = &amp;lt;function presence_of_all_elements_located.&amp;lt;locals&amp;gt;._predicate at 0x0000025050622020&amp;gt;, message = &amp;#x27;&amp;#x27;\n\n    def until(self, method: Callable[[D], Union[Literal[False], T]], message: str = &amp;quot;&amp;quot;) -&amp;gt; T:\n        &amp;quot;&amp;quot;&amp;quot;Calls the method provided with the driver as an argument until the \\\n        return value does not evaluate to ``False``.\n    \n        :param method: callable(WebDriver)\n        :param message: optional message for :exc:`TimeoutException`\n        :returns: the result of the last call to `method`\n        :raises: :exc:`selenium.common.exceptions.TimeoutException` if timeout occurs\n        &amp;quot;&amp;quot;&amp;quot;\n        screen = None\n        stacktrace = None\n    \n        end_time = time.monotonic() + self._timeout\n        while True:\n            try:\n                value = method(self._driver)\n                if value:\n                    return value\n            except self._ignored_exceptions as exc:\n                screen = getattr(exc, &amp;quot;screen&amp;quot;, None)\n                stacktrace = getattr(exc, &amp;quot;stacktrace&amp;quot;, None)\n            time.sleep(self._poll)\n            if time.monotonic() &amp;gt; end_time:\n                break\n&amp;gt;       raise TimeoutException(message, screen, stacktrace)\nE       selenium.common.exceptions.TimeoutException: Message:\n\nvenv\\Lib\\site-packages\\selenium\\webdriver\\support\\wait.py:105: TimeoutException\n&#34;}], &#34;test_cases/test_chapter_overview_page.py::Test_Chapter_Overview::test_verify_add_new_section&#34;: [{&#34;extras&#34;: [], &#34;result&#34;: &#34;Skipped&#34;, &#34;testId&#34;: &#34;test_cases/test_chapter_overview_page.py::Test_Chapter_Overview::test_verify_add_new_section::setup&#34;, &#34;duration&#34;: &#34;1 ms&#34;, &#34;resultsTableRow&#34;: [&#34;&lt;td class=\&#34;col-result\&#34;&gt;Skipped&lt;/td&gt;&#34;, &#34;&lt;td class=\&#34;col-testId\&#34;&gt;test_cases/test_chapter_overview_page.py::Test_Chapter_Overview::test_verify_add_new_section::setup&lt;/td&gt;&#34;, &#34;&lt;td class=\&#34;col-duration\&#34;&gt;1 ms&lt;/td&gt;&#34;, &#34;&lt;td class=\&#34;col-links\&#34;&gt;&lt;/td&gt;&#34;], &#34;log&#34;: &#34;(&amp;#x27;D:\\\\python program\\\\ICC-Shop\\\\venv\\\\Lib\\\\site-packages\\\\pytest_dependency.py&amp;#x27;, 101, &amp;#x27;Skipped: test_verify_add_new_section depends on test_verify_add_new_chapter&amp;#x27;)\n&#34;}], &#34;test_cases/test_chapter_overview_page.py::Test_Chapter_Overview::test_verify_add_new_sub_section&#34;: [{&#34;extras&#34;: [], &#34;result&#34;: &#34;Skipped&#34;, &#34;testId&#34;: &#34;test_cases/test_chapter_overview_page.py::Test_Chapter_Overview::test_verify_add_new_sub_section::setup&#34;, &#34;duration&#34;: &#34;1 ms&#34;, &#34;resultsTableRow&#34;: [&#34;&lt;td class=\&#34;col-result\&#34;&gt;Skipped&lt;/td&gt;&#34;, &#34;&lt;td class=\&#34;col-testId\&#34;&gt;test_cases/test_chapter_overview_page.py::Test_Chapter_Overview::test_verify_add_new_sub_section::setup&lt;/td&gt;&#34;, &#34;&lt;td class=\&#34;col-duration\&#34;&gt;1 ms&lt;/td&gt;&#34;, &#34;&lt;td class=\&#34;col-links\&#34;&gt;&lt;/td&gt;&#34;], &#34;log&#34;: &#34;(&amp;#x27;D:\\\\python program\\\\ICC-Shop\\\\venv\\\\Lib\\\\site-packages\\\\pytest_dependency.py&amp;#x27;, 101, &amp;#x27;Skipped: test_verify_add_new_sub_section depends on test_verify_add_new_section&amp;#x27;)\n&#34;}], &#34;test_cases/test_chapter_overview_page.py::Test_Chapter_Overview::test_verify_add_figure_at_section[Section-Automation Section Figure-Fig Alt text]&#34;: [{&#34;extras&#34;: [], &#34;result&#34;: &#34;Skipped&#34;, &#34;testId&#34;: &#34;test_cases/test_chapter_overview_page.py::Test_Chapter_Overview::test_verify_add_figure_at_section[Section-Automation Section Figure-Fig Alt text]::setup&#34;, &#34;duration&#34;: &#34;1 ms&#34;, &#34;resultsTableRow&#34;: [&#34;&lt;td class=\&#34;col-result\&#34;&gt;Skipped&lt;/td&gt;&#34;, &#34;&lt;td class=\&#34;col-testId\&#34;&gt;test_cases/test_chapter_overview_page.py::Test_Chapter_Overview::test_verify_add_figure_at_section[Section-Automation Section Figure-Fig Alt text]::setup&lt;/td&gt;&#34;, &#34;&lt;td class=\&#34;col-duration\&#34;&gt;1 ms&lt;/td&gt;&#34;, &#34;&lt;td class=\&#34;col-links\&#34;&gt;&lt;/td&gt;&#34;], &#34;log&#34;: &#34;(&amp;#x27;D:\\\\python program\\\\ICC-Shop\\\\venv\\\\Lib\\\\site-packages\\\\pytest_dependency.py&amp;#x27;, 101, &amp;#x27;Skipped: test_verify_add_figure_at_section[Section-Automation Section Figure-Fig Alt text] depends on test_verify_add_new_section&amp;#x27;)\n&#34;}], &#34;test_cases/test_chapter_overview_page.py::Test_Chapter_Overview::test_verify_add_figure_at_section[Sub-Section-Automation Sub Section Figure-Fig Alt text sub section]&#34;: [{&#34;extras&#34;: [], &#34;result&#34;: &#34;Skipped&#34;, &#34;testId&#34;: &#34;test_cases/test_chapter_overview_page.py::Test_Chapter_Overview::test_verify_add_figure_at_section[Sub-Section-Automation Sub Section Figure-Fig Alt text sub section]::setup&#34;, &#34;duration&#34;: &#34;1 ms&#34;, &#34;resultsTableRow&#34;: [&#34;&lt;td class=\&#34;col-result\&#34;&gt;Skipped&lt;/td&gt;&#34;, &#34;&lt;td class=\&#34;col-testId\&#34;&gt;test_cases/test_chapter_overview_page.py::Test_Chapter_Overview::test_verify_add_figure_at_section[Sub-Section-Automation Sub Section Figure-Fig Alt text sub section]::setup&lt;/td&gt;&#34;, &#34;&lt;td class=\&#34;col-duration\&#34;&gt;1 ms&lt;/td&gt;&#34;, &#34;&lt;td class=\&#34;col-links\&#34;&gt;&lt;/td&gt;&#34;], &#34;log&#34;: &#34;(&amp;#x27;D:\\\\python program\\\\ICC-Shop\\\\venv\\\\Lib\\\\site-packages\\\\pytest_dependency.py&amp;#x27;, 101, &amp;#x27;Skipped: test_verify_add_figure_at_section[Sub-Section-Automation Sub Section Figure-Fig Alt text sub section] depends on test_verify_add_new_section&amp;#x27;)\n&#34;}], &#34;test_cases/test_chapter_overview_page.py::Test_Chapter_Overview::test_verify_cancel_edit_figure[Automation Section Figure]&#34;: [{&#34;extras&#34;: [], &#34;result&#34;: &#34;Skipped&#34;, &#34;testId&#34;: &#34;test_cases/test_chapter_overview_page.py::Test_Chapter_Overview::test_verify_cancel_edit_figure[Automation Section Figure]::setup&#34;, &#34;duration&#34;: &#34;1 ms&#34;, &#34;resultsTableRow&#34;: [&#34;&lt;td class=\&#34;col-result\&#34;&gt;Skipped&lt;/td&gt;&#34;, &#34;&lt;td class=\&#34;col-testId\&#34;&gt;test_cases/test_chapter_overview_page.py::Test_Chapter_Overview::test_verify_cancel_edit_figure[Automation Section Figure]::setup&lt;/td&gt;&#34;, &#34;&lt;td class=\&#34;col-duration\&#34;&gt;1 ms&lt;/td&gt;&#34;, &#34;&lt;td class=\&#34;col-links\&#34;&gt;&lt;/td&gt;&#34;], &#34;log&#34;: &#34;(&amp;#x27;D:\\\\python program\\\\ICC-Shop\\\\venv\\\\Lib\\\\site-packages\\\\pytest_dependency.py&amp;#x27;, 101, &amp;#x27;Skipped: test_verify_cancel_edit_figure[Automation Section Figure] depends on test_verify_add_figure_at_section&amp;#x27;)\n&#34;}], &#34;test_cases/test_chapter_overview_page.py::Test_Chapter_Overview::test_verify_cancel_edit_figure[Automation Sub Section Figure]&#34;: [{&#34;extras&#34;: [], &#34;result&#34;: &#34;Skipped&#34;, &#34;testId&#34;: &#34;test_cases/test_chapter_overview_page.py::Test_Chapter_Overview::test_verify_cancel_edit_figure[Automation Sub Section Figure]::setup&#34;, &#34;duration&#34;: &#34;0 ms&#34;, &#34;resultsTableRow&#34;: [&#34;&lt;td class=\&#34;col-result\&#34;&gt;Skipped&lt;/td&gt;&#34;, &#34;&lt;td class=\&#34;col-testId\&#34;&gt;test_cases/test_chapter_overview_page.py::Test_Chapter_Overview::test_verify_cancel_edit_figure[Automation Sub Section Figure]::setup&lt;/td&gt;&#34;, &#34;&lt;td class=\&#34;col-duration\&#34;&gt;0 ms&lt;/td&gt;&#34;, &#34;&lt;td class=\&#34;col-links\&#34;&gt;&lt;/td&gt;&#34;], &#34;log&#34;: &#34;(&amp;#x27;D:\\\\python program\\\\ICC-Shop\\\\venv\\\\Lib\\\\site-packages\\\\pytest_dependency.py&amp;#x27;, 101, &amp;#x27;Skipped: test_verify_cancel_edit_figure[Automation Sub Section Figure] depends on test_verify_add_figure_at_section&amp;#x27;)\n&#34;}], &#34;test_cases/test_chapter_overview_page.py::Test_Chapter_Overview::test_verify_delete_figure_at_section[Automation Section Figure]&#34;: [{&#34;extras&#34;: [], &#34;result&#34;: &#34;Skipped&#34;, &#34;testId&#34;: &#34;test_cases/test_chapter_overview_page.py::Test_Chapter_Overview::test_verify_delete_figure_at_section[Automation Section Figure]::setup&#34;, &#34;duration&#34;: &#34;0 ms&#34;, &#34;resultsTableRow&#34;: [&#34;&lt;td class=\&#34;col-result\&#34;&gt;Skipped&lt;/td&gt;&#34;, &#34;&lt;td class=\&#34;col-testId\&#34;&gt;test_cases/test_chapter_overview_page.py::Test_Chapter_Overview::test_verify_delete_figure_at_section[Automation Section Figure]::setup&lt;/td&gt;&#34;, &#34;&lt;td class=\&#34;col-duration\&#34;&gt;0 ms&lt;/td&gt;&#34;, &#34;&lt;td class=\&#34;col-links\&#34;&gt;&lt;/td&gt;&#34;], &#34;log&#34;: &#34;(&amp;#x27;D:\\\\python program\\\\ICC-Shop\\\\venv\\\\Lib\\\\site-packages\\\\pytest_dependency.py&amp;#x27;, 101, &amp;#x27;Skipped: test_verify_delete_figure_at_section[Automation Section Figure] depends on test_verify_add_figure_at_section&amp;#x27;)\n&#34;}], &#34;test_cases/test_chapter_overview_page.py::Test_Chapter_Overview::test_verify_delete_figure_at_section[Automation Sub Section Figure]&#34;: [{&#34;extras&#34;: [], &#34;result&#34;: &#34;Skipped&#34;, &#34;testId&#34;: &#34;test_cases/test_chapter_overview_page.py::Test_Chapter_Overview::test_verify_delete_figure_at_section[Automation Sub Section Figure]::setup&#34;, &#34;duration&#34;: &#34;1 ms&#34;, &#34;resultsTableRow&#34;: [&#34;&lt;td class=\&#34;col-result\&#34;&gt;Skipped&lt;/td&gt;&#34;, &#34;&lt;td class=\&#34;col-testId\&#34;&gt;test_cases/test_chapter_overview_page.py::Test_Chapter_Overview::test_verify_delete_figure_at_section[Automation Sub Section Figure]::setup&lt;/td&gt;&#34;, &#34;&lt;td class=\&#34;col-duration\&#34;&gt;1 ms&lt;/td&gt;&#34;, &#34;&lt;td class=\&#34;col-links\&#34;&gt;&lt;/td&gt;&#34;], &#34;log&#34;: &#34;(&amp;#x27;D:\\\\python program\\\\ICC-Shop\\\\venv\\\\Lib\\\\site-packages\\\\pytest_dependency.py&amp;#x27;, 101, &amp;#x27;Skipped: test_verify_delete_figure_at_section[Automation Sub Section Figure] depends on test_verify_add_figure_at_section&amp;#x27;)\n&#34;}], &#34;test_cases/test_chapter_overview_page.py::Test_Chapter_Overview::test_verify_delete_new_sub_section&#34;: [{&#34;extras&#34;: [], &#34;result&#34;: &#34;Skipped&#34;, &#34;testId&#34;: &#34;test_cases/test_chapter_overview_page.py::Test_Chapter_Overview::test_verify_delete_new_sub_section::setup&#34;, &#34;duration&#34;: &#34;0 ms&#34;, &#34;resultsTableRow&#34;: [&#34;&lt;td class=\&#34;col-result\&#34;&gt;Skipped&lt;/td&gt;&#34;, &#34;&lt;td class=\&#34;col-testId\&#34;&gt;test_cases/test_chapter_overview_page.py::Test_Chapter_Overview::test_verify_delete_new_sub_section::setup&lt;/td&gt;&#34;, &#34;&lt;td class=\&#34;col-duration\&#34;&gt;0 ms&lt;/td&gt;&#34;, &#34;&lt;td class=\&#34;col-links\&#34;&gt;&lt;/td&gt;&#34;], &#34;log&#34;: &#34;(&amp;#x27;D:\\\\python program\\\\ICC-Shop\\\\venv\\\\Lib\\\\site-packages\\\\pytest_dependency.py&amp;#x27;, 101, &amp;#x27;Skipped: test_verify_delete_new_sub_section depends on test_verify_add_new_sub_section&amp;#x27;)\n&#34;}], &#34;test_cases/test_chapter_overview_page.py::Test_Chapter_Overview::test_verify_delete_new_section&#34;: [{&#34;extras&#34;: [], &#34;result&#34;: &#34;Skipped&#34;, &#34;testId&#34;: &#34;test_cases/test_chapter_overview_page.py::Test_Chapter_Overview::test_verify_delete_new_section::setup&#34;, &#34;duration&#34;: &#34;1 ms&#34;, &#34;resultsTableRow&#34;: [&#34;&lt;td class=\&#34;col-result\&#34;&gt;Skipped&lt;/td&gt;&#34;, &#34;&lt;td class=\&#34;col-testId\&#34;&gt;test_cases/test_chapter_overview_page.py::Test_Chapter_Overview::test_verify_delete_new_section::setup&lt;/td&gt;&#34;, &#34;&lt;td class=\&#34;col-duration\&#34;&gt;1 ms&lt;/td&gt;&#34;, &#34;&lt;td class=\&#34;col-links\&#34;&gt;&lt;/td&gt;&#34;], &#34;log&#34;: &#34;(&amp;#x27;D:\\\\python program\\\\ICC-Shop\\\\venv\\\\Lib\\\\site-packages\\\\pytest_dependency.py&amp;#x27;, 101, &amp;#x27;Skipped: test_verify_delete_new_section depends on test_verify_add_new_section&amp;#x27;)\n&#34;}], &#34;test_cases/test_chapter_overview_page.py::Test_Chapter_Overview::test_verify_delete_new_chapter&#34;: [{&#34;extras&#34;: [], &#34;result&#34;: &#34;Skipped&#34;, &#34;testId&#34;: &#34;test_cases/test_chapter_overview_page.py::Test_Chapter_Overview::test_verify_delete_new_chapter::setup&#34;, &#34;duration&#34;: &#34;1 ms&#34;, &#34;resultsTableRow&#34;: [&#34;&lt;td class=\&#34;col-result\&#34;&gt;Skipped&lt;/td&gt;&#34;, &#34;&lt;td class=\&#34;col-testId\&#34;&gt;test_cases/test_chapter_overview_page.py::Test_Chapter_Overview::test_verify_delete_new_chapter::setup&lt;/td&gt;&#34;, &#34;&lt;td class=\&#34;col-duration\&#34;&gt;1 ms&lt;/td&gt;&#34;, &#34;&lt;td class=\&#34;col-links\&#34;&gt;&lt;/td&gt;&#34;], &#34;log&#34;: &#34;(&amp;#x27;D:\\\\python program\\\\ICC-Shop\\\\venv\\\\Lib\\\\site-packages\\\\pytest_dependency.py&amp;#x27;, 101, &amp;#x27;Skipped: test_verify_delete_new_chapter depends on test_verify_add_new_chapter&amp;#x27;)\n&#34;}], &#34;test_cases/test_chapter_overview_page.py::Test_Chapter_Overview::test_verify_open_section_content&#34;: [{&#34;extras&#34;: [{&#34;name&#34;: null, &#34;format_type&#34;: &#34;html&#34;, &#34;content&#34;: &#34;&lt;div&gt;&lt;img src=\&#34;D:\\python program\\ICC-Shop\\Screenshot/test_verify_open_section_content.png\&#34; alt=\&#34;screenshot\&#34; style=\&#34;width:204px;height:128px;\&#34; onclick=\&#34;window.open(this.src)\&#34; align=\&#34;right\&#34;/&gt;&lt;/div&gt;&#34;, &#34;mime_type&#34;: null, &#34;extension&#34;: null}], &#34;result&#34;: &#34;Failed&#34;, &#34;testId&#34;: &#34;test_cases/test_chapter_overview_page.py::Test_Chapter_Overview::test_verify_open_section_content&#34;, &#34;duration&#34;: &#34;00:00:25&#34;, &#34;resultsTableRow&#34;: [&#34;&lt;td class=\&#34;col-result\&#34;&gt;Failed&lt;/td&gt;&#34;, &#34;&lt;td class=\&#34;col-testId\&#34;&gt;test_cases/test_chapter_overview_page.py::Test_Chapter_Overview::test_verify_open_section_content&lt;/td&gt;&#34;, &#34;&lt;td class=\&#34;col-duration\&#34;&gt;00:00:25&lt;/td&gt;&#34;, &#34;&lt;td class=\&#34;col-links\&#34;&gt;&lt;/td&gt;&#34;], &#34;log&#34;: &#34;self = &amp;lt;test_cases.test_chapter_overview_page.Test_Chapter_Overview object at 0x000002505046D2D0&amp;gt;\n\n    @allure.feature(&amp;quot;Section&amp;quot;)\n    @allure.title(&amp;quot;Verify Open Section content&amp;quot;)\n    @allure.severity(allure.severity_level.CRITICAL)\n    def test_verify_open_section_content(self):\n        self.dashboardpage.click_project_name(&amp;quot;2021 International Mechanical Code&amp;quot;)\n&amp;gt;       self.dashboardpage.click_dashboard_button(VIEW_PROJECT)\n\ntest_cases\\test_chapter_overview_page.py:515: \n_ _ _ _ _ _ _ _ _ _ _ _ _ _ _ _ _ _ _ _ _ _ _ _ _ _ _ _ _ _ _ _ _ _ _ _ _ _ _ _ _ _ _ _ _ _ _ _ _ _ _ _ _ _ _ _ _ _ _ _ _ _ _ _ _ _ _ _ _ _ _ _ _ _ _ _ _ _ _ _ _ _ _ _ _ _ _ _ _ _ _ _ _ _ _ _ \npage_objects\\dashboard_page.py:223: in click_dashboard_button\n    for i in self.baseclass.wait_until_elements(self.buttons):\nuitility\\baseclass.py:56: in wait_until_elements\n    return self.wait.until(EC.presence_of_all_elements_located(locator))\n_ _ _ _ _ _ _ _ _ _ _ _ _ _ _ _ _ _ _ _ _ _ _ _ _ _ _ _ _ _ _ _ _ _ _ _ _ _ _ _ _ _ _ _ _ _ _ _ _ _ _ _ _ _ _ _ _ _ _ _ _ _ _ _ _ _ _ _ _ _ _ _ _ _ _ _ _ _ _ _ _ _ _ _ _ _ _ _ _ _ _ _ _ _ _ _ \n\nself = &amp;lt;selenium.webdriver.support.wait.WebDriverWait (session=&amp;quot;37b8bcaffe81271d1ab305428e33bb90&amp;quot;)&amp;gt;\nmethod = &amp;lt;function presence_of_all_elements_located.&amp;lt;locals&amp;gt;._predicate at 0x0000025050623B00&amp;gt;, message = &amp;#x27;&amp;#x27;\n\n    def until(self, method: Callable[[D], Union[Literal[False], T]], message: str = &amp;quot;&amp;quot;) -&amp;gt; T:\n        &amp;quot;&amp;quot;&amp;quot;Calls the method provided with the driver as an argument until the \\\n        return value does not evaluate to ``False``.\n    \n        :param method: callable(WebDriver)\n        :param message: optional message for :exc:`TimeoutException`\n        :returns: the result of the last call to `method`\n        :raises: :exc:`selenium.common.exceptions.TimeoutException` if timeout occurs\n        &amp;quot;&amp;quot;&amp;quot;\n        screen = None\n        stacktrace = None\n    \n        end_time = time.monotonic() + self._timeout\n        while True:\n            try:\n                value = method(self._driver)\n                if value:\n                    return value\n            except self._ignored_exceptions as exc:\n                screen = getattr(exc, &amp;quot;screen&amp;quot;, None)\n                stacktrace = getattr(exc, &amp;quot;stacktrace&amp;quot;, None)\n            time.sleep(self._poll)\n            if time.monotonic() &amp;gt; end_time:\n                break\n&amp;gt;       raise TimeoutException(message, screen, stacktrace)\nE       selenium.common.exceptions.TimeoutException: Message:\n\nvenv\\Lib\\site-packages\\selenium\\webdriver\\support\\wait.py:105: TimeoutException\n&#34;}], &#34;test_cases/test_chapter_overview_page.py::Test_Chapter_Overview::test_verify_cancel_edit_section&#34;: [{&#34;extras&#34;: [{&#34;name&#34;: null, &#34;format_type&#34;: &#34;html&#34;, &#34;content&#34;: &#34;&lt;div&gt;&lt;img src=\&#34;D:\\python program\\ICC-Shop\\Screenshot/test_verify_cancel_edit_section.png\&#34; alt=\&#34;screenshot\&#34; style=\&#34;width:204px;height:128px;\&#34; onclick=\&#34;window.open(this.src)\&#34; align=\&#34;right\&#34;/&gt;&lt;/div&gt;&#34;, &#34;mime_type&#34;: null, &#34;extension&#34;: null}], &#34;result&#34;: &#34;Failed&#34;, &#34;testId&#34;: &#34;test_cases/test_chapter_overview_page.py::Test_Chapter_Overview::test_verify_cancel_edit_section&#34;, &#34;duration&#34;: &#34;00:00:25&#34;, &#34;resultsTableRow&#34;: [&#34;&lt;td class=\&#34;col-result\&#34;&gt;Failed&lt;/td&gt;&#34;, &#34;&lt;td class=\&#34;col-testId\&#34;&gt;test_cases/test_chapter_overview_page.py::Test_Chapter_Overview::test_verify_cancel_edit_section&lt;/td&gt;&#34;, &#34;&lt;td class=\&#34;col-duration\&#34;&gt;00:00:25&lt;/td&gt;&#34;, &#34;&lt;td class=\&#34;col-links\&#34;&gt;&lt;/td&gt;&#34;], &#34;log&#34;: &#34;self = &amp;lt;test_cases.test_chapter_overview_page.Test_Chapter_Overview object at 0x000002505046D990&amp;gt;\n\n    @allure.feature(&amp;quot;Section&amp;quot;)\n    @allure.title(&amp;quot;Verify Cancel Edited Section content&amp;quot;)\n    @allure.severity(allure.severity_level.CRITICAL)\n    def test_verify_cancel_edit_section(self):\n        self.dashboardpage.click_project_name(&amp;quot;2021 International Mechanical Code&amp;quot;)\n&amp;gt;       self.dashboardpage.click_dashboard_button(VIEW_PROJECT)\n\ntest_cases\\test_chapter_overview_page.py:527: \n_ _ _ _ _ _ _ _ _ _ _ _ _ _ _ _ _ _ _ _ _ _ _ _ _ _ _ _ _ _ _ _ _ _ _ _ _ _ _ _ _ _ _ _ _ _ _ _ _ _ _ _ _ _ _ _ _ _ _ _ _ _ _ _ _ _ _ _ _ _ _ _ _ _ _ _ _ _ _ _ _ _ _ _ _ _ _ _ _ _ _ _ _ _ _ _ \npage_objects\\dashboard_page.py:223: in click_dashboard_button\n    for i in self.baseclass.wait_until_elements(self.buttons):\nuitility\\baseclass.py:56: in wait_until_elements\n    return self.wait.until(EC.presence_of_all_elements_located(locator))\n_ _ _ _ _ _ _ _ _ _ _ _ _ _ _ _ _ _ _ _ _ _ _ _ _ _ _ _ _ _ _ _ _ _ _ _ _ _ _ _ _ _ _ _ _ _ _ _ _ _ _ _ _ _ _ _ _ _ _ _ _ _ _ _ _ _ _ _ _ _ _ _ _ _ _ _ _ _ _ _ _ _ _ _ _ _ _ _ _ _ _ _ _ _ _ _ \n\nself = &amp;lt;selenium.webdriver.support.wait.WebDriverWait (session=&amp;quot;37b8bcaffe81271d1ab305428e33bb90&amp;quot;)&amp;gt;\nmethod = &amp;lt;function presence_of_all_elements_located.&amp;lt;locals&amp;gt;._predicate at 0x00000250504E72E0&amp;gt;, message = &amp;#x27;&amp;#x27;\n\n    def until(self, method: Callable[[D], Union[Literal[False], T]], message: str = &amp;quot;&amp;quot;) -&amp;gt; T:\n        &amp;quot;&amp;quot;&amp;quot;Calls the method provided with the driver as an argument until the \\\n        return value does not evaluate to ``False``.\n    \n        :param method: callable(WebDriver)\n        :param message: optional message for :exc:`TimeoutException`\n        :returns: the result of the last call to `method`\n        :raises: :exc:`selenium.common.exceptions.TimeoutException` if timeout occurs\n        &amp;quot;&amp;quot;&amp;quot;\n        screen = None\n        stacktrace = None\n    \n        end_time = time.monotonic() + self._timeout\n        while True:\n            try:\n                value = method(self._driver)\n                if value:\n                    return value\n            except self._ignored_exceptions as exc:\n                screen = getattr(exc, &amp;quot;screen&amp;quot;, None)\n                stacktrace = getattr(exc, &amp;quot;stacktrace&amp;quot;, None)\n            time.sleep(self._poll)\n            if time.monotonic() &amp;gt; end_time:\n                break\n&amp;gt;       raise TimeoutException(message, screen, stacktrace)\nE       selenium.common.exceptions.TimeoutException: Message:\n\nvenv\\Lib\\site-packages\\selenium\\webdriver\\support\\wait.py:105: TimeoutException\n&#34;}], &#34;test_cases/test_chapter_overview_page.py::Test_Chapter_Overview::test_verify_edit_section_title&#34;: [{&#34;extras&#34;: [{&#34;name&#34;: null, &#34;format_type&#34;: &#34;html&#34;, &#34;content&#34;: &#34;&lt;div&gt;&lt;img src=\&#34;D:\\python program\\ICC-Shop\\Screenshot/test_verify_edit_section_title.png\&#34; alt=\&#34;screenshot\&#34; style=\&#34;width:204px;height:128px;\&#34; onclick=\&#34;window.open(this.src)\&#34; align=\&#34;right\&#34;/&gt;&lt;/div&gt;&#34;, &#34;mime_type&#34;: null, &#34;extension&#34;: null}], &#34;result&#34;: &#34;Failed&#34;, &#34;testId&#34;: &#34;test_cases/test_chapter_overview_page.py::Test_Chapter_Overview::test_verify_edit_section_title&#34;, &#34;duration&#34;: &#34;00:00:25&#34;, &#34;resultsTableRow&#34;: [&#34;&lt;td class=\&#34;col-result\&#34;&gt;Failed&lt;/td&gt;&#34;, &#34;&lt;td class=\&#34;col-testId\&#34;&gt;test_cases/test_chapter_overview_page.py::Test_Chapter_Overview::test_verify_edit_section_title&lt;/td&gt;&#34;, &#34;&lt;td class=\&#34;col-duration\&#34;&gt;00:00:25&lt;/td&gt;&#34;, &#34;&lt;td class=\&#34;col-links\&#34;&gt;&lt;/td&gt;&#34;], &#34;log&#34;: &#34;self = &amp;lt;test_cases.test_chapter_overview_page.Test_Chapter_Overview object at 0x000002505046E050&amp;gt;\n\n    @allure.feature(&amp;quot;Section&amp;quot;)\n    @allure.title(&amp;quot;Verify Edit Section Title&amp;quot;)\n    @allure.severity(allure.severity_level.BLOCKER)\n    def test_verify_edit_section_title(self):\n        self.dashboardpage.click_project_name(&amp;quot;2021 International Mechanical Code&amp;quot;)\n&amp;gt;       self.dashboardpage.click_dashboard_button(VIEW_PROJECT)\n\ntest_cases\\test_chapter_overview_page.py:546: \n_ _ _ _ _ _ _ _ _ _ _ _ _ _ _ _ _ _ _ _ _ _ _ _ _ _ _ _ _ _ _ _ _ _ _ _ _ _ _ _ _ _ _ _ _ _ _ _ _ _ _ _ _ _ _ _ _ _ _ _ _ _ _ _ _ _ _ _ _ _ _ _ _ _ _ _ _ _ _ _ _ _ _ _ _ _ _ _ _ _ _ _ _ _ _ _ \npage_objects\\dashboard_page.py:223: in click_dashboard_button\n    for i in self.baseclass.wait_until_elements(self.buttons):\nuitility\\baseclass.py:56: in wait_until_elements\n    return self.wait.until(EC.presence_of_all_elements_located(locator))\n_ _ _ _ _ _ _ _ _ _ _ _ _ _ _ _ _ _ _ _ _ _ _ _ _ _ _ _ _ _ _ _ _ _ _ _ _ _ _ _ _ _ _ _ _ _ _ _ _ _ _ _ _ _ _ _ _ _ _ _ _ _ _ _ _ _ _ _ _ _ _ _ _ _ _ _ _ _ _ _ _ _ _ _ _ _ _ _ _ _ _ _ _ _ _ _ \n\nself = &amp;lt;selenium.webdriver.support.wait.WebDriverWait (session=&amp;quot;37b8bcaffe81271d1ab305428e33bb90&amp;quot;)&amp;gt;\nmethod = &amp;lt;function presence_of_all_elements_located.&amp;lt;locals&amp;gt;._predicate at 0x0000025050623BA0&amp;gt;, message = &amp;#x27;&amp;#x27;\n\n    def until(self, method: Callable[[D], Union[Literal[False], T]], message: str = &amp;quot;&amp;quot;) -&amp;gt; T:\n        &amp;quot;&amp;quot;&amp;quot;Calls the method provided with the driver as an argument until the \\\n        return value does not evaluate to ``False``.\n    \n        :param method: callable(WebDriver)\n        :param message: optional message for :exc:`TimeoutException`\n        :returns: the result of the last call to `method`\n        :raises: :exc:`selenium.common.exceptions.TimeoutException` if timeout occurs\n        &amp;quot;&amp;quot;&amp;quot;\n        screen = None\n        stacktrace = None\n    \n        end_time = time.monotonic() + self._timeout\n        while True:\n            try:\n                value = method(self._driver)\n                if value:\n                    return value\n            except self._ignored_exceptions as exc:\n                screen = getattr(exc, &amp;quot;screen&amp;quot;, None)\n                stacktrace = getattr(exc, &amp;quot;stacktrace&amp;quot;, None)\n            time.sleep(self._poll)\n            if time.monotonic() &amp;gt; end_time:\n                break\n&amp;gt;       raise TimeoutException(message, screen, stacktrace)\nE       selenium.common.exceptions.TimeoutException: Message:\n\nvenv\\Lib\\site-packages\\selenium\\webdriver\\support\\wait.py:105: TimeoutException\n&#34;}], &#34;test_cases/test_chapter_overview_page.py::Test_Chapter_Overview::test_verify_open_sub_section_content&#34;: [{&#34;extras&#34;: [{&#34;name&#34;: null, &#34;format_type&#34;: &#34;html&#34;, &#34;content&#34;: &#34;&lt;div&gt;&lt;img src=\&#34;D:\\python program\\ICC-Shop\\Screenshot/test_verify_open_sub_section_content.png\&#34; alt=\&#34;screenshot\&#34; style=\&#34;width:204px;height:128px;\&#34; onclick=\&#34;window.open(this.src)\&#34; align=\&#34;right\&#34;/&gt;&lt;/div&gt;&#34;, &#34;mime_type&#34;: null, &#34;extension&#34;: null}], &#34;result&#34;: &#34;Failed&#34;, &#34;testId&#34;: &#34;test_cases/test_chapter_overview_page.py::Test_Chapter_Overview::test_verify_open_sub_section_content&#34;, &#34;duration&#34;: &#34;00:00:25&#34;, &#34;resultsTableRow&#34;: [&#34;&lt;td class=\&#34;col-result\&#34;&gt;Failed&lt;/td&gt;&#34;, &#34;&lt;td class=\&#34;col-testId\&#34;&gt;test_cases/test_chapter_overview_page.py::Test_Chapter_Overview::test_verify_open_sub_section_content&lt;/td&gt;&#34;, &#34;&lt;td class=\&#34;col-duration\&#34;&gt;00:00:25&lt;/td&gt;&#34;, &#34;&lt;td class=\&#34;col-links\&#34;&gt;&lt;/td&gt;&#34;], &#34;log&#34;: &#34;self = &amp;lt;test_cases.test_chapter_overview_page.Test_Chapter_Overview object at 0x000002505046E710&amp;gt;\n\n    @allure.feature(&amp;quot;Sub-Section&amp;quot;)\n    @allure.title(&amp;quot;Verify Open Sub-Section content&amp;quot;)\n    @allure.severity(allure.severity_level.CRITICAL)\n    def test_verify_open_sub_section_content(self):\n        self.dashboardpage.click_project_name(&amp;quot;2021 International Mechanical Code&amp;quot;)\n&amp;gt;       self.dashboardpage.click_dashboard_button(VIEW_PROJECT)\n\ntest_cases\\test_chapter_overview_page.py:586: \n_ _ _ _ _ _ _ _ _ _ _ _ _ _ _ _ _ _ _ _ _ _ _ _ _ _ _ _ _ _ _ _ _ _ _ _ _ _ _ _ _ _ _ _ _ _ _ _ _ _ _ _ _ _ _ _ _ _ _ _ _ _ _ _ _ _ _ _ _ _ _ _ _ _ _ _ _ _ _ _ _ _ _ _ _ _ _ _ _ _ _ _ _ _ _ _ \npage_objects\\dashboard_page.py:223: in click_dashboard_button\n    for i in self.baseclass.wait_until_elements(self.buttons):\nuitility\\baseclass.py:56: in wait_until_elements\n    return self.wait.until(EC.presence_of_all_elements_located(locator))\n_ _ _ _ _ _ _ _ _ _ _ _ _ _ _ _ _ _ _ _ _ _ _ _ _ _ _ _ _ _ _ _ _ _ _ _ _ _ _ _ _ _ _ _ _ _ _ _ _ _ _ _ _ _ _ _ _ _ _ _ _ _ _ _ _ _ _ _ _ _ _ _ _ _ _ _ _ _ _ _ _ _ _ _ _ _ _ _ _ _ _ _ _ _ _ _ \n\nself = &amp;lt;selenium.webdriver.support.wait.WebDriverWait (session=&amp;quot;37b8bcaffe81271d1ab305428e33bb90&amp;quot;)&amp;gt;\nmethod = &amp;lt;function presence_of_all_elements_located.&amp;lt;locals&amp;gt;._predicate at 0x0000025050622660&amp;gt;, message = &amp;#x27;&amp;#x27;\n\n    def until(self, method: Callable[[D], Union[Literal[False], T]], message: str = &amp;quot;&amp;quot;) -&amp;gt; T:\n        &amp;quot;&amp;quot;&amp;quot;Calls the method provided with the driver as an argument until the \\\n        return value does not evaluate to ``False``.\n    \n        :param method: callable(WebDriver)\n        :param message: optional message for :exc:`TimeoutException`\n        :returns: the result of the last call to `method`\n        :raises: :exc:`selenium.common.exceptions.TimeoutException` if timeout occurs\n        &amp;quot;&amp;quot;&amp;quot;\n        screen = None\n        stacktrace = None\n    \n        end_time = time.monotonic() + self._timeout\n        while True:\n            try:\n                value = method(self._driver)\n                if value:\n                    return value\n            except self._ignored_exceptions as exc:\n                screen = getattr(exc, &amp;quot;screen&amp;quot;, None)\n                stacktrace = getattr(exc, &amp;quot;stacktrace&amp;quot;, None)\n            time.sleep(self._poll)\n            if time.monotonic() &amp;gt; end_time:\n                break\n&amp;gt;       raise TimeoutException(message, screen, stacktrace)\nE       selenium.common.exceptions.TimeoutException: Message:\n\nvenv\\Lib\\site-packages\\selenium\\webdriver\\support\\wait.py:105: TimeoutException\n&#34;}], &#34;test_cases/test_chapter_overview_page.py::Test_Chapter_Overview::test_verify_cancel_edit_subsection&#34;: [{&#34;extras&#34;: [{&#34;name&#34;: null, &#34;format_type&#34;: &#34;html&#34;, &#34;content&#34;: &#34;&lt;div&gt;&lt;img src=\&#34;D:\\python program\\ICC-Shop\\Screenshot/test_verify_cancel_edit_subsection.png\&#34; alt=\&#34;screenshot\&#34; style=\&#34;width:204px;height:128px;\&#34; onclick=\&#34;window.open(this.src)\&#34; align=\&#34;right\&#34;/&gt;&lt;/div&gt;&#34;, &#34;mime_type&#34;: null, &#34;extension&#34;: null}], &#34;result&#34;: &#34;Failed&#34;, &#34;testId&#34;: &#34;test_cases/test_chapter_overview_page.py::Test_Chapter_Overview::test_verify_cancel_edit_subsection&#34;, &#34;duration&#34;: &#34;00:00:25&#34;, &#34;resultsTableRow&#34;: [&#34;&lt;td class=\&#34;col-result\&#34;&gt;Failed&lt;/td&gt;&#34;, &#34;&lt;td class=\&#34;col-testId\&#34;&gt;test_cases/test_chapter_overview_page.py::Test_Chapter_Overview::test_verify_cancel_edit_subsection&lt;/td&gt;&#34;, &#34;&lt;td class=\&#34;col-duration\&#34;&gt;00:00:25&lt;/td&gt;&#34;, &#34;&lt;td class=\&#34;col-links\&#34;&gt;&lt;/td&gt;&#34;], &#34;log&#34;: &#34;self = &amp;lt;test_cases.test_chapter_overview_page.Test_Chapter_Overview object at 0x000002505046EDD0&amp;gt;\n\n    @allure.feature(&amp;quot;Sub-Section&amp;quot;)\n    @allure.title(&amp;quot;Verify Cancel Edited Sub-Section content&amp;quot;)\n    @allure.severity(allure.severity_level.CRITICAL)\n    def test_verify_cancel_edit_subsection(self):\n        self.dashboardpage.click_project_name(&amp;quot;2021 International Mechanical Code&amp;quot;)\n&amp;gt;       self.dashboardpage.click_dashboard_button(VIEW_PROJECT)\n\ntest_cases\\test_chapter_overview_page.py:600: \n_ _ _ _ _ _ _ _ _ _ _ _ _ _ _ _ _ _ _ _ _ _ _ _ _ _ _ _ _ _ _ _ _ _ _ _ _ _ _ _ _ _ _ _ _ _ _ _ _ _ _ _ _ _ _ _ _ _ _ _ _ _ _ _ _ _ _ _ _ _ _ _ _ _ _ _ _ _ _ _ _ _ _ _ _ _ _ _ _ _ _ _ _ _ _ _ \npage_objects\\dashboard_page.py:223: in click_dashboard_button\n    for i in self.baseclass.wait_until_elements(self.buttons):\nuitility\\baseclass.py:56: in wait_until_elements\n    return self.wait.until(EC.presence_of_all_elements_located(locator))\n_ _ _ _ _ _ _ _ _ _ _ _ _ _ _ _ _ _ _ _ _ _ _ _ _ _ _ _ _ _ _ _ _ _ _ _ _ _ _ _ _ _ _ _ _ _ _ _ _ _ _ _ _ _ _ _ _ _ _ _ _ _ _ _ _ _ _ _ _ _ _ _ _ _ _ _ _ _ _ _ _ _ _ _ _ _ _ _ _ _ _ _ _ _ _ _ \n\nself = &amp;lt;selenium.webdriver.support.wait.WebDriverWait (session=&amp;quot;37b8bcaffe81271d1ab305428e33bb90&amp;quot;)&amp;gt;\nmethod = &amp;lt;function presence_of_all_elements_located.&amp;lt;locals&amp;gt;._predicate at 0x00000250507118A0&amp;gt;, message = &amp;#x27;&amp;#x27;\n\n    def until(self, method: Callable[[D], Union[Literal[False], T]], message: str = &amp;quot;&amp;quot;) -&amp;gt; T:\n        &amp;quot;&amp;quot;&amp;quot;Calls the method provided with the driver as an argument until the \\\n        return value does not evaluate to ``False``.\n    \n        :param method: callable(WebDriver)\n        :param message: optional message for :exc:`TimeoutException`\n        :returns: the result of the last call to `method`\n        :raises: :exc:`selenium.common.exceptions.TimeoutException` if timeout occurs\n        &amp;quot;&amp;quot;&amp;quot;\n        screen = None\n        stacktrace = None\n    \n        end_time = time.monotonic() + self._timeout\n        while True:\n            try:\n                value = method(self._driver)\n                if value:\n                    return value\n            except self._ignored_exceptions as exc:\n                screen = getattr(exc, &amp;quot;screen&amp;quot;, None)\n                stacktrace = getattr(exc, &amp;quot;stacktrace&amp;quot;, None)\n            time.sleep(self._poll)\n            if time.monotonic() &amp;gt; end_time:\n                break\n&amp;gt;       raise TimeoutException(message, screen, stacktrace)\nE       selenium.common.exceptions.TimeoutException: Message:\n\nvenv\\Lib\\site-packages\\selenium\\webdriver\\support\\wait.py:105: TimeoutException\n&#34;}], &#34;test_cases/test_chapter_overview_page.py::Test_Chapter_Overview::test_verify_edit_subsection_title_content&#34;: [{&#34;extras&#34;: [{&#34;name&#34;: null, &#34;format_type&#34;: &#34;html&#34;, &#34;content&#34;: &#34;&lt;div&gt;&lt;img src=\&#34;D:\\python program\\ICC-Shop\\Screenshot/test_verify_edit_subsection_title_content.png\&#34; alt=\&#34;screenshot\&#34; style=\&#34;width:204px;height:128px;\&#34; onclick=\&#34;window.open(this.src)\&#34; align=\&#34;right\&#34;/&gt;&lt;/div&gt;&#34;, &#34;mime_type&#34;: null, &#34;extension&#34;: null}], &#34;result&#34;: &#34;Failed&#34;, &#34;testId&#34;: &#34;test_cases/test_chapter_overview_page.py::Test_Chapter_Overview::test_verify_edit_subsection_title_content&#34;, &#34;duration&#34;: &#34;00:00:26&#34;, &#34;resultsTableRow&#34;: [&#34;&lt;td class=\&#34;col-result\&#34;&gt;Failed&lt;/td&gt;&#34;, &#34;&lt;td class=\&#34;col-testId\&#34;&gt;test_cases/test_chapter_overview_page.py::Test_Chapter_Overview::test_verify_edit_subsection_title_content&lt;/td&gt;&#34;, &#34;&lt;td class=\&#34;col-duration\&#34;&gt;00:00:26&lt;/td&gt;&#34;, &#34;&lt;td class=\&#34;col-links\&#34;&gt;&lt;/td&gt;&#34;], &#34;log&#34;: &#34;self = &amp;lt;test_cases.test_chapter_overview_page.Test_Chapter_Overview object at 0x000002505046F490&amp;gt;\n\n    @allure.feature(&amp;quot;Sub-Section&amp;quot;)\n    @allure.title(&amp;quot;Verify Edit Sub-Section Title and Content&amp;quot;)\n    @allure.severity(allure.severity_level.BLOCKER)\n    def test_verify_edit_subsection_title_content(self):\n        self.dashboardpage.click_project_name(&amp;quot;2021 International Mechanical Code&amp;quot;)\n&amp;gt;       self.dashboardpage.click_dashboard_button(VIEW_PROJECT)\n\ntest_cases\\test_chapter_overview_page.py:621: \n_ _ _ _ _ _ _ _ _ _ _ _ _ _ _ _ _ _ _ _ _ _ _ _ _ _ _ _ _ _ _ _ _ _ _ _ _ _ _ _ _ _ _ _ _ _ _ _ _ _ _ _ _ _ _ _ _ _ _ _ _ _ _ _ _ _ _ _ _ _ _ _ _ _ _ _ _ _ _ _ _ _ _ _ _ _ _ _ _ _ _ _ _ _ _ _ \npage_objects\\dashboard_page.py:223: in click_dashboard_button\n    for i in self.baseclass.wait_until_elements(self.buttons):\nuitility\\baseclass.py:56: in wait_until_elements\n    return self.wait.until(EC.presence_of_all_elements_located(locator))\n_ _ _ _ _ _ _ _ _ _ _ _ _ _ _ _ _ _ _ _ _ _ _ _ _ _ _ _ _ _ _ _ _ _ _ _ _ _ _ _ _ _ _ _ _ _ _ _ _ _ _ _ _ _ _ _ _ _ _ _ _ _ _ _ _ _ _ _ _ _ _ _ _ _ _ _ _ _ _ _ _ _ _ _ _ _ _ _ _ _ _ _ _ _ _ _ \n\nself = &amp;lt;selenium.webdriver.support.wait.WebDriverWait (session=&amp;quot;37b8bcaffe81271d1ab305428e33bb90&amp;quot;)&amp;gt;\nmethod = &amp;lt;function presence_of_all_elements_located.&amp;lt;locals&amp;gt;._predicate at 0x00000250506232E0&amp;gt;, message = &amp;#x27;&amp;#x27;\n\n    def until(self, method: Callable[[D], Union[Literal[False], T]], message: str = &amp;quot;&amp;quot;) -&amp;gt; T:\n        &amp;quot;&amp;quot;&amp;quot;Calls the method provided with the driver as an argument until the \\\n        return value does not evaluate to ``False``.\n    \n        :param method: callable(WebDriver)\n        :param message: optional message for :exc:`TimeoutException`\n        :returns: the result of the last call to `method`\n        :raises: :exc:`selenium.common.exceptions.TimeoutException` if timeout occurs\n        &amp;quot;&amp;quot;&amp;quot;\n        screen = None\n        stacktrace = None\n    \n        end_time = time.monotonic() + self._timeout\n        while True:\n            try:\n                value = method(self._driver)\n                if value:\n                    return value\n            except self._ignored_exceptions as exc:\n                screen = getattr(exc, &amp;quot;screen&amp;quot;, None)\n                stacktrace = getattr(exc, &amp;quot;stacktrace&amp;quot;, None)\n            time.sleep(self._poll)\n            if time.monotonic() &amp;gt; end_time:\n                break\n&amp;gt;       raise TimeoutException(message, screen, stacktrace)\nE       selenium.common.exceptions.TimeoutException: Message:\n\nvenv\\Lib\\site-packages\\selenium\\webdriver\\support\\wait.py:105: TimeoutException\n&#34;}], &#34;test_cases/test_fm_chapter_overview_page.py::Test_Fm_Chapter_Overview::test_verify_cancel_edit_fm_chapter&#34;: [{&#34;extras&#34;: [{&#34;name&#34;: null, &#34;format_type&#34;: &#34;html&#34;, &#34;content&#34;: &#34;&lt;div&gt;&lt;img src=\&#34;D:\\python program\\ICC-Shop\\Screenshot/test_verify_cancel_edit_fm_chapter.png\&#34; alt=\&#34;screenshot\&#34; style=\&#34;width:204px;height:128px;\&#34; onclick=\&#34;window.open(this.src)\&#34; align=\&#34;right\&#34;/&gt;&lt;/div&gt;&#34;, &#34;mime_type&#34;: null, &#34;extension&#34;: null}], &#34;result&#34;: &#34;Failed&#34;, &#34;testId&#34;: &#34;test_cases/test_fm_chapter_overview_page.py::Test_Fm_Chapter_Overview::test_verify_cancel_edit_fm_chapter&#34;, &#34;duration&#34;: &#34;00:00:29&#34;, &#34;resultsTableRow&#34;: [&#34;&lt;td class=\&#34;col-result\&#34;&gt;Failed&lt;/td&gt;&#34;, &#34;&lt;td class=\&#34;col-testId\&#34;&gt;test_cases/test_fm_chapter_overview_page.py::Test_Fm_Chapter_Overview::test_verify_cancel_edit_fm_chapter&lt;/td&gt;&#34;, &#34;&lt;td class=\&#34;col-duration\&#34;&gt;00:00:29&lt;/td&gt;&#34;, &#34;&lt;td class=\&#34;col-links\&#34;&gt;&lt;/td&gt;&#34;], &#34;log&#34;: &#34;self = &amp;lt;test_cases.test_fm_chapter_overview_page.Test_Fm_Chapter_Overview object at 0x000002505048D2D0&amp;gt;\n\n    @allure.feature(&amp;quot;Frontmatter&amp;quot;)\n    @allure.title(&amp;quot;Verify Cancel edit Fm Chapter&amp;quot;)\n    @allure.severity(allure.severity_level.CRITICAL)\n    def test_verify_cancel_edit_fm_chapter(self):\n        self.dashboardpage.click_project_name(&amp;quot;2021 International Mechanical Code&amp;quot;)\n&amp;gt;       self.dashboardpage.click_dashboard_button(VIEW_PROJECT)\n\ntest_cases\\test_fm_chapter_overview_page.py:39: \n_ _ _ _ _ _ _ _ _ _ _ _ _ _ _ _ _ _ _ _ _ _ _ _ _ _ _ _ _ _ _ _ _ _ _ _ _ _ _ _ _ _ _ _ _ _ _ _ _ _ _ _ _ _ _ _ _ _ _ _ _ _ _ _ _ _ _ _ _ _ _ _ _ _ _ _ _ _ _ _ _ _ _ _ _ _ _ _ _ _ _ _ _ _ _ _ \npage_objects\\dashboard_page.py:223: in click_dashboard_button\n    for i in self.baseclass.wait_until_elements(self.buttons):\nuitility\\baseclass.py:56: in wait_until_elements\n    return self.wait.until(EC.presence_of_all_elements_located(locator))\n_ _ _ _ _ _ _ _ _ _ _ _ _ _ _ _ _ _ _ _ _ _ _ _ _ _ _ _ _ _ _ _ _ _ _ _ _ _ _ _ _ _ _ _ _ _ _ _ _ _ _ _ _ _ _ _ _ _ _ _ _ _ _ _ _ _ _ _ _ _ _ _ _ _ _ _ _ _ _ _ _ _ _ _ _ _ _ _ _ _ _ _ _ _ _ _ \n\nself = &amp;lt;selenium.webdriver.support.wait.WebDriverWait (session=&amp;quot;37b8bcaffe81271d1ab305428e33bb90&amp;quot;)&amp;gt;\nmethod = &amp;lt;function presence_of_all_elements_located.&amp;lt;locals&amp;gt;._predicate at 0x0000025050436FC0&amp;gt;, message = &amp;#x27;&amp;#x27;\n\n    def until(self, method: Callable[[D], Union[Literal[False], T]], message: str = &amp;quot;&amp;quot;) -&amp;gt; T:\n        &amp;quot;&amp;quot;&amp;quot;Calls the method provided with the driver as an argument until the \\\n        return value does not evaluate to ``False``.\n    \n        :param method: callable(WebDriver)\n        :param message: optional message for :exc:`TimeoutException`\n        :returns: the result of the last call to `method`\n        :raises: :exc:`selenium.common.exceptions.TimeoutException` if timeout occurs\n        &amp;quot;&amp;quot;&amp;quot;\n        screen = None\n        stacktrace = None\n    \n        end_time = time.monotonic() + self._timeout\n        while True:\n            try:\n                value = method(self._driver)\n                if value:\n                    return value\n            except self._ignored_exceptions as exc:\n                screen = getattr(exc, &amp;quot;screen&amp;quot;, None)\n                stacktrace = getattr(exc, &amp;quot;stacktrace&amp;quot;, None)\n            time.sleep(self._poll)\n            if time.monotonic() &amp;gt; end_time:\n                break\n&amp;gt;       raise TimeoutException(message, screen, stacktrace)\nE       selenium.common.exceptions.TimeoutException: Message:\n\nvenv\\Lib\\site-packages\\selenium\\webdriver\\support\\wait.py:105: TimeoutException\n&#34;}], &#34;test_cases/test_fm_chapter_overview_page.py::Test_Fm_Chapter_Overview::test_verify_edit_fm_chapter_title_content&#34;: [{&#34;extras&#34;: [{&#34;name&#34;: null, &#34;format_type&#34;: &#34;html&#34;, &#34;content&#34;: &#34;&lt;div&gt;&lt;img src=\&#34;D:\\python program\\ICC-Shop\\Screenshot/test_verify_edit_fm_chapter_title_content.png\&#34; alt=\&#34;screenshot\&#34; style=\&#34;width:204px;height:128px;\&#34; onclick=\&#34;window.open(this.src)\&#34; align=\&#34;right\&#34;/&gt;&lt;/div&gt;&#34;, &#34;mime_type&#34;: null, &#34;extension&#34;: null}], &#34;result&#34;: &#34;Failed&#34;, &#34;testId&#34;: &#34;test_cases/test_fm_chapter_overview_page.py::Test_Fm_Chapter_Overview::test_verify_edit_fm_chapter_title_content&#34;, &#34;duration&#34;: &#34;00:00:25&#34;, &#34;resultsTableRow&#34;: [&#34;&lt;td class=\&#34;col-result\&#34;&gt;Failed&lt;/td&gt;&#34;, &#34;&lt;td class=\&#34;col-testId\&#34;&gt;test_cases/test_fm_chapter_overview_page.py::Test_Fm_Chapter_Overview::test_verify_edit_fm_chapter_title_content&lt;/td&gt;&#34;, &#34;&lt;td class=\&#34;col-duration\&#34;&gt;00:00:25&lt;/td&gt;&#34;, &#34;&lt;td class=\&#34;col-links\&#34;&gt;&lt;/td&gt;&#34;], &#34;log&#34;: &#34;self = &amp;lt;test_cases.test_fm_chapter_overview_page.Test_Fm_Chapter_Overview object at 0x000002505048D650&amp;gt;\n\n    @allure.feature(&amp;quot;Frontmatter&amp;quot;)\n    @allure.title(&amp;quot;Verify Edit Fm Chapter Title and Content&amp;quot;)\n    @allure.severity(allure.severity_level.BLOCKER)\n    def test_verify_edit_fm_chapter_title_content(self):\n        self.dashboardpage.click_project_name(&amp;quot;2021 International Mechanical Code&amp;quot;)\n&amp;gt;       self.dashboardpage.click_dashboard_button(VIEW_PROJECT)\n\ntest_cases\\test_fm_chapter_overview_page.py:58: \n_ _ _ _ _ _ _ _ _ _ _ _ _ _ _ _ _ _ _ _ _ _ _ _ _ _ _ _ _ _ _ _ _ _ _ _ _ _ _ _ _ _ _ _ _ _ _ _ _ _ _ _ _ _ _ _ _ _ _ _ _ _ _ _ _ _ _ _ _ _ _ _ _ _ _ _ _ _ _ _ _ _ _ _ _ _ _ _ _ _ _ _ _ _ _ _ \npage_objects\\dashboard_page.py:223: in click_dashboard_button\n    for i in self.baseclass.wait_until_elements(self.buttons):\nuitility\\baseclass.py:56: in wait_until_elements\n    return self.wait.until(EC.presence_of_all_elements_located(locator))\n_ _ _ _ _ _ _ _ _ _ _ _ _ _ _ _ _ _ _ _ _ _ _ _ _ _ _ _ _ _ _ _ _ _ _ _ _ _ _ _ _ _ _ _ _ _ _ _ _ _ _ _ _ _ _ _ _ _ _ _ _ _ _ _ _ _ _ _ _ _ _ _ _ _ _ _ _ _ _ _ _ _ _ _ _ _ _ _ _ _ _ _ _ _ _ _ \n\nself = &amp;lt;selenium.webdriver.support.wait.WebDriverWait (session=&amp;quot;37b8bcaffe81271d1ab305428e33bb90&amp;quot;)&amp;gt;\nmethod = &amp;lt;function presence_of_all_elements_located.&amp;lt;locals&amp;gt;._predicate at 0x00000250507116C0&amp;gt;, message = &amp;#x27;&amp;#x27;\n\n    def until(self, method: Callable[[D], Union[Literal[False], T]], message: str = &amp;quot;&amp;quot;) -&amp;gt; T:\n        &amp;quot;&amp;quot;&amp;quot;Calls the method provided with the driver as an argument until the \\\n        return value does not evaluate to ``False``.\n    \n        :param method: callable(WebDriver)\n        :param message: optional message for :exc:`TimeoutException`\n        :returns: the result of the last call to `method`\n        :raises: :exc:`selenium.common.exceptions.TimeoutException` if timeout occurs\n        &amp;quot;&amp;quot;&amp;quot;\n        screen = None\n        stacktrace = None\n    \n        end_time = time.monotonic() + self._timeout\n        while True:\n            try:\n                value = method(self._driver)\n                if value:\n                    return value\n            except self._ignored_exceptions as exc:\n                screen = getattr(exc, &amp;quot;screen&amp;quot;, None)\n                stacktrace = getattr(exc, &amp;quot;stacktrace&amp;quot;, None)\n            time.sleep(self._poll)\n            if time.monotonic() &amp;gt; end_time:\n                break\n&amp;gt;       raise TimeoutException(message, screen, stacktrace)\nE       selenium.common.exceptions.TimeoutException: Message:\n\nvenv\\Lib\\site-packages\\selenium\\webdriver\\support\\wait.py:105: TimeoutException\n&#34;}], &#34;test_cases/test_fm_chapter_overview_page.py::Test_Fm_Chapter_Overview::test_verify_cancel_edit_fm_section&#34;: [{&#34;extras&#34;: [{&#34;name&#34;: null, &#34;format_type&#34;: &#34;html&#34;, &#34;content&#34;: &#34;&lt;div&gt;&lt;img src=\&#34;D:\\python program\\ICC-Shop\\Screenshot/test_verify_cancel_edit_fm_section.png\&#34; alt=\&#34;screenshot\&#34; style=\&#34;width:204px;height:128px;\&#34; onclick=\&#34;window.open(this.src)\&#34; align=\&#34;right\&#34;/&gt;&lt;/div&gt;&#34;, &#34;mime_type&#34;: null, &#34;extension&#34;: null}], &#34;result&#34;: &#34;Failed&#34;, &#34;testId&#34;: &#34;test_cases/test_fm_chapter_overview_page.py::Test_Fm_Chapter_Overview::test_verify_cancel_edit_fm_section&#34;, &#34;duration&#34;: &#34;00:00:25&#34;, &#34;resultsTableRow&#34;: [&#34;&lt;td class=\&#34;col-result\&#34;&gt;Failed&lt;/td&gt;&#34;, &#34;&lt;td class=\&#34;col-testId\&#34;&gt;test_cases/test_fm_chapter_overview_page.py::Test_Fm_Chapter_Overview::test_verify_cancel_edit_fm_section&lt;/td&gt;&#34;, &#34;&lt;td class=\&#34;col-duration\&#34;&gt;00:00:25&lt;/td&gt;&#34;, &#34;&lt;td class=\&#34;col-links\&#34;&gt;&lt;/td&gt;&#34;], &#34;log&#34;: &#34;self = &amp;lt;test_cases.test_fm_chapter_overview_page.Test_Fm_Chapter_Overview object at 0x000002505048D9D0&amp;gt;\n\n    @allure.feature(&amp;quot;Frontmatter&amp;quot;)\n    @allure.title(&amp;quot;Verify Cancel Edit Fm Section&amp;quot;)\n    @allure.severity(allure.severity_level.CRITICAL)\n    def test_verify_cancel_edit_fm_section(self):\n        self.dashboardpage.click_project_name(&amp;quot;2021 International Mechanical Code&amp;quot;)\n&amp;gt;       self.dashboardpage.click_dashboard_button(VIEW_PROJECT)\n\ntest_cases\\test_fm_chapter_overview_page.py:99: \n_ _ _ _ _ _ _ _ _ _ _ _ _ _ _ _ _ _ _ _ _ _ _ _ _ _ _ _ _ _ _ _ _ _ _ _ _ _ _ _ _ _ _ _ _ _ _ _ _ _ _ _ _ _ _ _ _ _ _ _ _ _ _ _ _ _ _ _ _ _ _ _ _ _ _ _ _ _ _ _ _ _ _ _ _ _ _ _ _ _ _ _ _ _ _ _ \npage_objects\\dashboard_page.py:223: in click_dashboard_button\n    for i in self.baseclass.wait_until_elements(self.buttons):\nuitility\\baseclass.py:56: in wait_until_elements\n    return self.wait.until(EC.presence_of_all_elements_located(locator))\n_ _ _ _ _ _ _ _ _ _ _ _ _ _ _ _ _ _ _ _ _ _ _ _ _ _ _ _ _ _ _ _ _ _ _ _ _ _ _ _ _ _ _ _ _ _ _ _ _ _ _ _ _ _ _ _ _ _ _ _ _ _ _ _ _ _ _ _ _ _ _ _ _ _ _ _ _ _ _ _ _ _ _ _ _ _ _ _ _ _ _ _ _ _ _ _ \n\nself = &amp;lt;selenium.webdriver.support.wait.WebDriverWait (session=&amp;quot;37b8bcaffe81271d1ab305428e33bb90&amp;quot;)&amp;gt;\nmethod = &amp;lt;function presence_of_all_elements_located.&amp;lt;locals&amp;gt;._predicate at 0x00000250507123E0&amp;gt;, message = &amp;#x27;&amp;#x27;\n\n    def until(self, method: Callable[[D], Union[Literal[False], T]], message: str = &amp;quot;&amp;quot;) -&amp;gt; T:\n        &amp;quot;&amp;quot;&amp;quot;Calls the method provided with the driver as an argument until the \\\n        return value does not evaluate to ``False``.\n    \n        :param method: callable(WebDriver)\n        :param message: optional message for :exc:`TimeoutException`\n        :returns: the result of the last call to `method`\n        :raises: :exc:`selenium.common.exceptions.TimeoutException` if timeout occurs\n        &amp;quot;&amp;quot;&amp;quot;\n        screen = None\n        stacktrace = None\n    \n        end_time = time.monotonic() + self._timeout\n        while True:\n            try:\n                value = method(self._driver)\n                if value:\n                    return value\n            except self._ignored_exceptions as exc:\n                screen = getattr(exc, &amp;quot;screen&amp;quot;, None)\n                stacktrace = getattr(exc, &amp;quot;stacktrace&amp;quot;, None)\n            time.sleep(self._poll)\n            if time.monotonic() &amp;gt; end_time:\n                break\n&amp;gt;       raise TimeoutException(message, screen, stacktrace)\nE       selenium.common.exceptions.TimeoutException: Message:\n\nvenv\\Lib\\site-packages\\selenium\\webdriver\\support\\wait.py:105: TimeoutException\n&#34;}], &#34;test_cases/test_fm_chapter_overview_page.py::Test_Fm_Chapter_Overview::test_verify_edit_fm_section_title_content&#34;: [{&#34;extras&#34;: [{&#34;name&#34;: null, &#34;format_type&#34;: &#34;html&#34;, &#34;content&#34;: &#34;&lt;div&gt;&lt;img src=\&#34;D:\\python program\\ICC-Shop\\Screenshot/test_verify_edit_fm_section_title_content.png\&#34; alt=\&#34;screenshot\&#34; style=\&#34;width:204px;height:128px;\&#34; onclick=\&#34;window.open(this.src)\&#34; align=\&#34;right\&#34;/&gt;&lt;/div&gt;&#34;, &#34;mime_type&#34;: null, &#34;extension&#34;: null}], &#34;result&#34;: &#34;Failed&#34;, &#34;testId&#34;: &#34;test_cases/test_fm_chapter_overview_page.py::Test_Fm_Chapter_Overview::test_verify_edit_fm_section_title_content&#34;, &#34;duration&#34;: &#34;00:00:25&#34;, &#34;resultsTableRow&#34;: [&#34;&lt;td class=\&#34;col-result\&#34;&gt;Failed&lt;/td&gt;&#34;, &#34;&lt;td class=\&#34;col-testId\&#34;&gt;test_cases/test_fm_chapter_overview_page.py::Test_Fm_Chapter_Overview::test_verify_edit_fm_section_title_content&lt;/td&gt;&#34;, &#34;&lt;td class=\&#34;col-duration\&#34;&gt;00:00:25&lt;/td&gt;&#34;, &#34;&lt;td class=\&#34;col-links\&#34;&gt;&lt;/td&gt;&#34;], &#34;log&#34;: &#34;self = &amp;lt;test_cases.test_fm_chapter_overview_page.Test_Fm_Chapter_Overview object at 0x000002505048DE90&amp;gt;\n\n    @allure.feature(&amp;quot;Frontmatter&amp;quot;)\n    @allure.title(&amp;quot;Verify Edit Fm Section Title and Content&amp;quot;)\n    @allure.severity(allure.severity_level.BLOCKER)\n    def test_verify_edit_fm_section_title_content(self):\n        self.dashboardpage.click_project_name(&amp;quot;2021 International Mechanical Code&amp;quot;)\n&amp;gt;       self.dashboardpage.click_dashboard_button(VIEW_PROJECT)\n\ntest_cases\\test_fm_chapter_overview_page.py:119: \n_ _ _ _ _ _ _ _ _ _ _ _ _ _ _ _ _ _ _ _ _ _ _ _ _ _ _ _ _ _ _ _ _ _ _ _ _ _ _ _ _ _ _ _ _ _ _ _ _ _ _ _ _ _ _ _ _ _ _ _ _ _ _ _ _ _ _ _ _ _ _ _ _ _ _ _ _ _ _ _ _ _ _ _ _ _ _ _ _ _ _ _ _ _ _ _ \npage_objects\\dashboard_page.py:223: in click_dashboard_button\n    for i in self.baseclass.wait_until_elements(self.buttons):\nuitility\\baseclass.py:56: in wait_until_elements\n    return self.wait.until(EC.presence_of_all_elements_located(locator))\n_ _ _ _ _ _ _ _ _ _ _ _ _ _ _ _ _ _ _ _ _ _ _ _ _ _ _ _ _ _ _ _ _ _ _ _ _ _ _ _ _ _ _ _ _ _ _ _ _ _ _ _ _ _ _ _ _ _ _ _ _ _ _ _ _ _ _ _ _ _ _ _ _ _ _ _ _ _ _ _ _ _ _ _ _ _ _ _ _ _ _ _ _ _ _ _ \n\nself = &amp;lt;selenium.webdriver.support.wait.WebDriverWait (session=&amp;quot;37b8bcaffe81271d1ab305428e33bb90&amp;quot;)&amp;gt;\nmethod = &amp;lt;function presence_of_all_elements_located.&amp;lt;locals&amp;gt;._predicate at 0x0000025050711940&amp;gt;, message = &amp;#x27;&amp;#x27;\n\n    def until(self, method: Callable[[D], Union[Literal[False], T]], message: str = &amp;quot;&amp;quot;) -&amp;gt; T:\n        &amp;quot;&amp;quot;&amp;quot;Calls the method provided with the driver as an argument until the \\\n        return value does not evaluate to ``False``.\n    \n        :param method: callable(WebDriver)\n        :param message: optional message for :exc:`TimeoutException`\n        :returns: the result of the last call to `method`\n        :raises: :exc:`selenium.common.exceptions.TimeoutException` if timeout occurs\n        &amp;quot;&amp;quot;&amp;quot;\n        screen = None\n        stacktrace = None\n    \n        end_time = time.monotonic() + self._timeout\n        while True:\n            try:\n                value = method(self._driver)\n                if value:\n                    return value\n            except self._ignored_exceptions as exc:\n                screen = getattr(exc, &amp;quot;screen&amp;quot;, None)\n                stacktrace = getattr(exc, &amp;quot;stacktrace&amp;quot;, None)\n            time.sleep(self._poll)\n            if time.monotonic() &amp;gt; end_time:\n                break\n&amp;gt;       raise TimeoutException(message, screen, stacktrace)\nE       selenium.common.exceptions.TimeoutException: Message:\n\nvenv\\Lib\\site-packages\\selenium\\webdriver\\support\\wait.py:105: TimeoutException\n&#34;}], &#34;test_cases/test_fm_chapter_overview_page.py::Test_Fm_Chapter_Overview::test_verify_add_new_fm_chapter&#34;: [{&#34;extras&#34;: [{&#34;name&#34;: null, &#34;format_type&#34;: &#34;html&#34;, &#34;content&#34;: &#34;&lt;div&gt;&lt;img src=\&#34;D:\\python program\\ICC-Shop\\Screenshot/test_verify_add_new_fm_chapter.png\&#34; alt=\&#34;screenshot\&#34; style=\&#34;width:204px;height:128px;\&#34; onclick=\&#34;window.open(this.src)\&#34; align=\&#34;right\&#34;/&gt;&lt;/div&gt;&#34;, &#34;mime_type&#34;: null, &#34;extension&#34;: null}], &#34;result&#34;: &#34;Failed&#34;, &#34;testId&#34;: &#34;test_cases/test_fm_chapter_overview_page.py::Test_Fm_Chapter_Overview::test_verify_add_new_fm_chapter&#34;, &#34;duration&#34;: &#34;00:00:25&#34;, &#34;resultsTableRow&#34;: [&#34;&lt;td class=\&#34;col-result\&#34;&gt;Failed&lt;/td&gt;&#34;, &#34;&lt;td class=\&#34;col-testId\&#34;&gt;test_cases/test_fm_chapter_overview_page.py::Test_Fm_Chapter_Overview::test_verify_add_new_fm_chapter&lt;/td&gt;&#34;, &#34;&lt;td class=\&#34;col-duration\&#34;&gt;00:00:25&lt;/td&gt;&#34;, &#34;&lt;td class=\&#34;col-links\&#34;&gt;&lt;/td&gt;&#34;], &#34;log&#34;: &#34;self = &amp;lt;test_cases.test_fm_chapter_overview_page.Test_Fm_Chapter_Overview object at 0x000002505048E490&amp;gt;\n\n    @allure.feature(&amp;quot;Frontmatter&amp;quot;)\n    @allure.title(&amp;quot;Verify Add new Fm Chapter&amp;quot;)\n    @allure.severity(allure.severity_level.BLOCKER)\n    @pytest.mark.dependency()\n    def test_verify_add_new_fm_chapter(self):\n        self.dashboardpage.click_project_name(&amp;quot;2021 International Mechanical Code&amp;quot;)\n&amp;gt;       self.dashboardpage.click_dashboard_button(VIEW_PROJECT)\n\ntest_cases\\test_fm_chapter_overview_page.py:165: \n_ _ _ _ _ _ _ _ _ _ _ _ _ _ _ _ _ _ _ _ _ _ _ _ _ _ _ _ _ _ _ _ _ _ _ _ _ _ _ _ _ _ _ _ _ _ _ _ _ _ _ _ _ _ _ _ _ _ _ _ _ _ _ _ _ _ _ _ _ _ _ _ _ _ _ _ _ _ _ _ _ _ _ _ _ _ _ _ _ _ _ _ _ _ _ _ \npage_objects\\dashboard_page.py:223: in click_dashboard_button\n    for i in self.baseclass.wait_until_elements(self.buttons):\nuitility\\baseclass.py:56: in wait_until_elements\n    return self.wait.until(EC.presence_of_all_elements_located(locator))\n_ _ _ _ _ _ _ _ _ _ _ _ _ _ _ _ _ _ _ _ _ _ _ _ _ _ _ _ _ _ _ _ _ _ _ _ _ _ _ _ _ _ _ _ _ _ _ _ _ _ _ _ _ _ _ _ _ _ _ _ _ _ _ _ _ _ _ _ _ _ _ _ _ _ _ _ _ _ _ _ _ _ _ _ _ _ _ _ _ _ _ _ _ _ _ _ \n\nself = &amp;lt;selenium.webdriver.support.wait.WebDriverWait (session=&amp;quot;37b8bcaffe81271d1ab305428e33bb90&amp;quot;)&amp;gt;\nmethod = &amp;lt;function presence_of_all_elements_located.&amp;lt;locals&amp;gt;._predicate at 0x0000025050622340&amp;gt;, message = &amp;#x27;&amp;#x27;\n\n    def until(self, method: Callable[[D], Union[Literal[False], T]], message: str = &amp;quot;&amp;quot;) -&amp;gt; T:\n        &amp;quot;&amp;quot;&amp;quot;Calls the method provided with the driver as an argument until the \\\n        return value does not evaluate to ``False``.\n    \n        :param method: callable(WebDriver)\n        :param message: optional message for :exc:`TimeoutException`\n        :returns: the result of the last call to `method`\n        :raises: :exc:`selenium.common.exceptions.TimeoutException` if timeout occurs\n        &amp;quot;&amp;quot;&amp;quot;\n        screen = None\n        stacktrace = None\n    \n        end_time = time.monotonic() + self._timeout\n        while True:\n            try:\n                value = method(self._driver)\n                if value:\n                    return value\n            except self._ignored_exceptions as exc:\n                screen = getattr(exc, &amp;quot;screen&amp;quot;, None)\n                stacktrace = getattr(exc, &amp;quot;stacktrace&amp;quot;, None)\n            time.sleep(self._poll)\n            if time.monotonic() &amp;gt; end_time:\n                break\n&amp;gt;       raise TimeoutException(message, screen, stacktrace)\nE       selenium.common.exceptions.TimeoutException: Message:\n\nvenv\\Lib\\site-packages\\selenium\\webdriver\\support\\wait.py:105: TimeoutException\n&#34;}], &#34;test_cases/test_fm_chapter_overview_page.py::Test_Fm_Chapter_Overview::test_verify_add_new_fm_section&#34;: [{&#34;extras&#34;: [], &#34;result&#34;: &#34;Skipped&#34;, &#34;testId&#34;: &#34;test_cases/test_fm_chapter_overview_page.py::Test_Fm_Chapter_Overview::test_verify_add_new_fm_section::setup&#34;, &#34;duration&#34;: &#34;1 ms&#34;, &#34;resultsTableRow&#34;: [&#34;&lt;td class=\&#34;col-result\&#34;&gt;Skipped&lt;/td&gt;&#34;, &#34;&lt;td class=\&#34;col-testId\&#34;&gt;test_cases/test_fm_chapter_overview_page.py::Test_Fm_Chapter_Overview::test_verify_add_new_fm_section::setup&lt;/td&gt;&#34;, &#34;&lt;td class=\&#34;col-duration\&#34;&gt;1 ms&lt;/td&gt;&#34;, &#34;&lt;td class=\&#34;col-links\&#34;&gt;&lt;/td&gt;&#34;], &#34;log&#34;: &#34;(&amp;#x27;D:\\\\python program\\\\ICC-Shop\\\\venv\\\\Lib\\\\site-packages\\\\pytest_dependency.py&amp;#x27;, 101, &amp;#x27;Skipped: test_verify_add_new_fm_section depends on test_verify_add_new_fm_chapter&amp;#x27;)\n&#34;}], &#34;test_cases/test_fm_chapter_overview_page.py::Test_Fm_Chapter_Overview::test_verify_add_new_fm_figure&#34;: [{&#34;extras&#34;: [], &#34;result&#34;: &#34;Skipped&#34;, &#34;testId&#34;: &#34;test_cases/test_fm_chapter_overview_page.py::Test_Fm_Chapter_Overview::test_verify_add_new_fm_figure::setup&#34;, &#34;duration&#34;: &#34;0 ms&#34;, &#34;resultsTableRow&#34;: [&#34;&lt;td class=\&#34;col-result\&#34;&gt;Skipped&lt;/td&gt;&#34;, &#34;&lt;td class=\&#34;col-testId\&#34;&gt;test_cases/test_fm_chapter_overview_page.py::Test_Fm_Chapter_Overview::test_verify_add_new_fm_figure::setup&lt;/td&gt;&#34;, &#34;&lt;td class=\&#34;col-duration\&#34;&gt;0 ms&lt;/td&gt;&#34;, &#34;&lt;td class=\&#34;col-links\&#34;&gt;&lt;/td&gt;&#34;], &#34;log&#34;: &#34;(&amp;#x27;D:\\\\python program\\\\ICC-Shop\\\\venv\\\\Lib\\\\site-packages\\\\pytest_dependency.py&amp;#x27;, 101, &amp;#x27;Skipped: test_verify_add_new_fm_figure depends on test_verify_add_new_fm_chapter&amp;#x27;)\n&#34;}], &#34;test_cases/test_fm_chapter_overview_page.py::Test_Fm_Chapter_Overview::test_verify_cancel_edit_fm_figure&#34;: [{&#34;extras&#34;: [], &#34;result&#34;: &#34;Skipped&#34;, &#34;testId&#34;: &#34;test_cases/test_fm_chapter_overview_page.py::Test_Fm_Chapter_Overview::test_verify_cancel_edit_fm_figure::setup&#34;, &#34;duration&#34;: &#34;1 ms&#34;, &#34;resultsTableRow&#34;: [&#34;&lt;td class=\&#34;col-result\&#34;&gt;Skipped&lt;/td&gt;&#34;, &#34;&lt;td class=\&#34;col-testId\&#34;&gt;test_cases/test_fm_chapter_overview_page.py::Test_Fm_Chapter_Overview::test_verify_cancel_edit_fm_figure::setup&lt;/td&gt;&#34;, &#34;&lt;td class=\&#34;col-duration\&#34;&gt;1 ms&lt;/td&gt;&#34;, &#34;&lt;td class=\&#34;col-links\&#34;&gt;&lt;/td&gt;&#34;], &#34;log&#34;: &#34;(&amp;#x27;D:\\\\python program\\\\ICC-Shop\\\\venv\\\\Lib\\\\site-packages\\\\pytest_dependency.py&amp;#x27;, 101, &amp;#x27;Skipped: test_verify_cancel_edit_fm_figure depends on test_verify_add_new_fm_figure&amp;#x27;)\n&#34;}], &#34;test_cases/test_fm_chapter_overview_page.py::Test_Fm_Chapter_Overview::test_verify_add_fm_section_with_no_title_associated[Automation Fm Section-SECTION_CONTENT]&#34;: [{&#34;extras&#34;: [], &#34;result&#34;: &#34;Skipped&#34;, &#34;testId&#34;: &#34;test_cases/test_fm_chapter_overview_page.py::Test_Fm_Chapter_Overview::test_verify_add_fm_section_with_no_title_associated[Automation Fm Section-SECTION_CONTENT]::setup&#34;, &#34;duration&#34;: &#34;1 ms&#34;, &#34;resultsTableRow&#34;: [&#34;&lt;td class=\&#34;col-result\&#34;&gt;Skipped&lt;/td&gt;&#34;, &#34;&lt;td class=\&#34;col-testId\&#34;&gt;test_cases/test_fm_chapter_overview_page.py::Test_Fm_Chapter_Overview::test_verify_add_fm_section_with_no_title_associated[Automation Fm Section-SECTION_CONTENT]::setup&lt;/td&gt;&#34;, &#34;&lt;td class=\&#34;col-duration\&#34;&gt;1 ms&lt;/td&gt;&#34;, &#34;&lt;td class=\&#34;col-links\&#34;&gt;&lt;/td&gt;&#34;], &#34;log&#34;: &#34;(&amp;#x27;D:\\\\python program\\\\ICC-Shop\\\\venv\\\\Lib\\\\site-packages\\\\pytest_dependency.py&amp;#x27;, 101, &amp;#x27;Skipped: test_verify_add_fm_section_with_no_title_associated[Automation Fm Section-SECTION_CONTENT] depends on test_verify_add_new_fm_section&amp;#x27;)\n&#34;}], &#34;test_cases/test_fm_chapter_overview_page.py::Test_Fm_Chapter_Overview::test_verify_add_fm_section_with_no_title_associated[Automation Fm Figure-FIGURE_CONTENT]&#34;: [{&#34;extras&#34;: [], &#34;result&#34;: &#34;Skipped&#34;, &#34;testId&#34;: &#34;test_cases/test_fm_chapter_overview_page.py::Test_Fm_Chapter_Overview::test_verify_add_fm_section_with_no_title_associated[Automation Fm Figure-FIGURE_CONTENT]::setup&#34;, &#34;duration&#34;: &#34;1 ms&#34;, &#34;resultsTableRow&#34;: [&#34;&lt;td class=\&#34;col-result\&#34;&gt;Skipped&lt;/td&gt;&#34;, &#34;&lt;td class=\&#34;col-testId\&#34;&gt;test_cases/test_fm_chapter_overview_page.py::Test_Fm_Chapter_Overview::test_verify_add_fm_section_with_no_title_associated[Automation Fm Figure-FIGURE_CONTENT]::setup&lt;/td&gt;&#34;, &#34;&lt;td class=\&#34;col-duration\&#34;&gt;1 ms&lt;/td&gt;&#34;, &#34;&lt;td class=\&#34;col-links\&#34;&gt;&lt;/td&gt;&#34;], &#34;log&#34;: &#34;(&amp;#x27;D:\\\\python program\\\\ICC-Shop\\\\venv\\\\Lib\\\\site-packages\\\\pytest_dependency.py&amp;#x27;, 101, &amp;#x27;Skipped: test_verify_add_fm_section_with_no_title_associated[Automation Fm Figure-FIGURE_CONTENT] depends on test_verify_add_new_fm_section&amp;#x27;)\n&#34;}], &#34;test_cases/test_fm_chapter_overview_page.py::Test_Fm_Chapter_Overview::test_verify_delete_fm_figure&#34;: [{&#34;extras&#34;: [], &#34;result&#34;: &#34;Skipped&#34;, &#34;testId&#34;: &#34;test_cases/test_fm_chapter_overview_page.py::Test_Fm_Chapter_Overview::test_verify_delete_fm_figure::setup&#34;, &#34;duration&#34;: &#34;1 ms&#34;, &#34;resultsTableRow&#34;: [&#34;&lt;td class=\&#34;col-result\&#34;&gt;Skipped&lt;/td&gt;&#34;, &#34;&lt;td class=\&#34;col-testId\&#34;&gt;test_cases/test_fm_chapter_overview_page.py::Test_Fm_Chapter_Overview::test_verify_delete_fm_figure::setup&lt;/td&gt;&#34;, &#34;&lt;td class=\&#34;col-duration\&#34;&gt;1 ms&lt;/td&gt;&#34;, &#34;&lt;td class=\&#34;col-links\&#34;&gt;&lt;/td&gt;&#34;], &#34;log&#34;: &#34;(&amp;#x27;D:\\\\python program\\\\ICC-Shop\\\\venv\\\\Lib\\\\site-packages\\\\pytest_dependency.py&amp;#x27;, 101, &amp;#x27;Skipped: test_verify_delete_fm_figure depends on test_verify_add_new_fm_figure&amp;#x27;)\n&#34;}], &#34;test_cases/test_fm_chapter_overview_page.py::Test_Fm_Chapter_Overview::test_verify_delete_fm_section&#34;: [{&#34;extras&#34;: [], &#34;result&#34;: &#34;Skipped&#34;, &#34;testId&#34;: &#34;test_cases/test_fm_chapter_overview_page.py::Test_Fm_Chapter_Overview::test_verify_delete_fm_section::setup&#34;, &#34;duration&#34;: &#34;0 ms&#34;, &#34;resultsTableRow&#34;: [&#34;&lt;td class=\&#34;col-result\&#34;&gt;Skipped&lt;/td&gt;&#34;, &#34;&lt;td class=\&#34;col-testId\&#34;&gt;test_cases/test_fm_chapter_overview_page.py::Test_Fm_Chapter_Overview::test_verify_delete_fm_section::setup&lt;/td&gt;&#34;, &#34;&lt;td class=\&#34;col-duration\&#34;&gt;0 ms&lt;/td&gt;&#34;, &#34;&lt;td class=\&#34;col-links\&#34;&gt;&lt;/td&gt;&#34;], &#34;log&#34;: &#34;(&amp;#x27;D:\\\\python program\\\\ICC-Shop\\\\venv\\\\Lib\\\\site-packages\\\\pytest_dependency.py&amp;#x27;, 101, &amp;#x27;Skipped: test_verify_delete_fm_section depends on test_verify_add_new_fm_section&amp;#x27;)\n&#34;}], &#34;test_cases/test_appendix_overview_page.py::Test_Appendix_Overview::test_verify_open_Appendix_content&#34;: [{&#34;extras&#34;: [{&#34;name&#34;: null, &#34;format_type&#34;: &#34;html&#34;, &#34;content&#34;: &#34;&lt;div&gt;&lt;img src=\&#34;D:\\python program\\ICC-Shop\\Screenshot/test_verify_open_Appendix_content.png\&#34; alt=\&#34;screenshot\&#34; style=\&#34;width:204px;height:128px;\&#34; onclick=\&#34;window.open(this.src)\&#34; align=\&#34;right\&#34;/&gt;&lt;/div&gt;&#34;, &#34;mime_type&#34;: null, &#34;extension&#34;: null}], &#34;result&#34;: &#34;Failed&#34;, &#34;testId&#34;: &#34;test_cases/test_appendix_overview_page.py::Test_Appendix_Overview::test_verify_open_Appendix_content&#34;, &#34;duration&#34;: &#34;00:00:29&#34;, &#34;resultsTableRow&#34;: [&#34;&lt;td class=\&#34;col-result\&#34;&gt;Failed&lt;/td&gt;&#34;, &#34;&lt;td class=\&#34;col-testId\&#34;&gt;test_cases/test_appendix_overview_page.py::Test_Appendix_Overview::test_verify_open_Appendix_content&lt;/td&gt;&#34;, &#34;&lt;td class=\&#34;col-duration\&#34;&gt;00:00:29&lt;/td&gt;&#34;, &#34;&lt;td class=\&#34;col-links\&#34;&gt;&lt;/td&gt;&#34;], &#34;log&#34;: &#34;self = &amp;lt;test_cases.test_appendix_overview_page.Test_Appendix_Overview object at 0x0000025050459DD0&amp;gt;\n\n    @allure.feature(&amp;quot;Appendix&amp;quot;)\n    @allure.title(&amp;quot;Verify Open Appendix content&amp;quot;)\n    @allure.severity(allure.severity_level.BLOCKER)\n    def test_verify_open_Appendix_content(self):\n        self.dashboardpage.click_project_name(&amp;quot;2021 International Mechanical Code&amp;quot;)\n&amp;gt;       self.dashboardpage.click_dashboard_button(VIEW_PROJECT)\n\ntest_cases\\test_appendix_overview_page.py:52: \n_ _ _ _ _ _ _ _ _ _ _ _ _ _ _ _ _ _ _ _ _ _ _ _ _ _ _ _ _ _ _ _ _ _ _ _ _ _ _ _ _ _ _ _ _ _ _ _ _ _ _ _ _ _ _ _ _ _ _ _ _ _ _ _ _ _ _ _ _ _ _ _ _ _ _ _ _ _ _ _ _ _ _ _ _ _ _ _ _ _ _ _ _ _ _ _ \npage_objects\\dashboard_page.py:223: in click_dashboard_button\n    for i in self.baseclass.wait_until_elements(self.buttons):\nuitility\\baseclass.py:56: in wait_until_elements\n    return self.wait.until(EC.presence_of_all_elements_located(locator))\n_ _ _ _ _ _ _ _ _ _ _ _ _ _ _ _ _ _ _ _ _ _ _ _ _ _ _ _ _ _ _ _ _ _ _ _ _ _ _ _ _ _ _ _ _ _ _ _ _ _ _ _ _ _ _ _ _ _ _ _ _ _ _ _ _ _ _ _ _ _ _ _ _ _ _ _ _ _ _ _ _ _ _ _ _ _ _ _ _ _ _ _ _ _ _ _ \n\nself = &amp;lt;selenium.webdriver.support.wait.WebDriverWait (session=&amp;quot;37b8bcaffe81271d1ab305428e33bb90&amp;quot;)&amp;gt;\nmethod = &amp;lt;function presence_of_all_elements_located.&amp;lt;locals&amp;gt;._predicate at 0x0000025050622660&amp;gt;, message = &amp;#x27;&amp;#x27;\n\n    def until(self, method: Callable[[D], Union[Literal[False], T]], message: str = &amp;quot;&amp;quot;) -&amp;gt; T:\n        &amp;quot;&amp;quot;&amp;quot;Calls the method provided with the driver as an argument until the \\\n        return value does not evaluate to ``False``.\n    \n        :param method: callable(WebDriver)\n        :param message: optional message for :exc:`TimeoutException`\n        :returns: the result of the last call to `method`\n        :raises: :exc:`selenium.common.exceptions.TimeoutException` if timeout occurs\n        &amp;quot;&amp;quot;&amp;quot;\n        screen = None\n        stacktrace = None\n    \n        end_time = time.monotonic() + self._timeout\n        while True:\n            try:\n                value = method(self._driver)\n                if value:\n                    return value\n            except self._ignored_exceptions as exc:\n                screen = getattr(exc, &amp;quot;screen&amp;quot;, None)\n                stacktrace = getattr(exc, &amp;quot;stacktrace&amp;quot;, None)\n            time.sleep(self._poll)\n            if time.monotonic() &amp;gt; end_time:\n                break\n&amp;gt;       raise TimeoutException(message, screen, stacktrace)\nE       selenium.common.exceptions.TimeoutException: Message:\n\nvenv\\Lib\\site-packages\\selenium\\webdriver\\support\\wait.py:105: TimeoutException\n&#34;}], &#34;test_cases/test_appendix_overview_page.py::Test_Appendix_Overview::test_verify_cancel_edit_chapter&#34;: [{&#34;extras&#34;: [{&#34;name&#34;: null, &#34;format_type&#34;: &#34;html&#34;, &#34;content&#34;: &#34;&lt;div&gt;&lt;img src=\&#34;D:\\python program\\ICC-Shop\\Screenshot/test_verify_cancel_edit_chapter.png\&#34; alt=\&#34;screenshot\&#34; style=\&#34;width:204px;height:128px;\&#34; onclick=\&#34;window.open(this.src)\&#34; align=\&#34;right\&#34;/&gt;&lt;/div&gt;&#34;, &#34;mime_type&#34;: null, &#34;extension&#34;: null}], &#34;result&#34;: &#34;Failed&#34;, &#34;testId&#34;: &#34;test_cases/test_appendix_overview_page.py::Test_Appendix_Overview::test_verify_cancel_edit_chapter&#34;, &#34;duration&#34;: &#34;00:00:25&#34;, &#34;resultsTableRow&#34;: [&#34;&lt;td class=\&#34;col-result\&#34;&gt;Failed&lt;/td&gt;&#34;, &#34;&lt;td class=\&#34;col-testId\&#34;&gt;test_cases/test_appendix_overview_page.py::Test_Appendix_Overview::test_verify_cancel_edit_chapter&lt;/td&gt;&#34;, &#34;&lt;td class=\&#34;col-duration\&#34;&gt;00:00:25&lt;/td&gt;&#34;, &#34;&lt;td class=\&#34;col-links\&#34;&gt;&lt;/td&gt;&#34;], &#34;log&#34;: &#34;self = &amp;lt;test_cases.test_appendix_overview_page.Test_Appendix_Overview object at 0x000002505045A3D0&amp;gt;\n\n    @allure.feature(&amp;quot;Appendix&amp;quot;)\n    @allure.title(&amp;quot;Verify Cancel Edited Appendix content&amp;quot;)\n    @allure.severity(allure.severity_level.CRITICAL)\n    def test_verify_cancel_edit_chapter(self):\n        self.dashboardpage.click_project_name(&amp;quot;2021 International Mechanical Code&amp;quot;)\n&amp;gt;       self.dashboardpage.click_dashboard_button(VIEW_PROJECT)\n\ntest_cases\\test_appendix_overview_page.py:71: \n_ _ _ _ _ _ _ _ _ _ _ _ _ _ _ _ _ _ _ _ _ _ _ _ _ _ _ _ _ _ _ _ _ _ _ _ _ _ _ _ _ _ _ _ _ _ _ _ _ _ _ _ _ _ _ _ _ _ _ _ _ _ _ _ _ _ _ _ _ _ _ _ _ _ _ _ _ _ _ _ _ _ _ _ _ _ _ _ _ _ _ _ _ _ _ _ \npage_objects\\dashboard_page.py:223: in click_dashboard_button\n    for i in self.baseclass.wait_until_elements(self.buttons):\nuitility\\baseclass.py:56: in wait_until_elements\n    return self.wait.until(EC.presence_of_all_elements_located(locator))\n_ _ _ _ _ _ _ _ _ _ _ _ _ _ _ _ _ _ _ _ _ _ _ _ _ _ _ _ _ _ _ _ _ _ _ _ _ _ _ _ _ _ _ _ _ _ _ _ _ _ _ _ _ _ _ _ _ _ _ _ _ _ _ _ _ _ _ _ _ _ _ _ _ _ _ _ _ _ _ _ _ _ _ _ _ _ _ _ _ _ _ _ _ _ _ _ \n\nself = &amp;lt;selenium.webdriver.support.wait.WebDriverWait (session=&amp;quot;37b8bcaffe81271d1ab305428e33bb90&amp;quot;)&amp;gt;\nmethod = &amp;lt;function presence_of_all_elements_located.&amp;lt;locals&amp;gt;._predicate at 0x0000025050712CA0&amp;gt;, message = &amp;#x27;&amp;#x27;\n\n    def until(self, method: Callable[[D], Union[Literal[False], T]], message: str = &amp;quot;&amp;quot;) -&amp;gt; T:\n        &amp;quot;&amp;quot;&amp;quot;Calls the method provided with the driver as an argument until the \\\n        return value does not evaluate to ``False``.\n    \n        :param method: callable(WebDriver)\n        :param message: optional message for :exc:`TimeoutException`\n        :returns: the result of the last call to `method`\n        :raises: :exc:`selenium.common.exceptions.TimeoutException` if timeout occurs\n        &amp;quot;&amp;quot;&amp;quot;\n        screen = None\n        stacktrace = None\n    \n        end_time = time.monotonic() + self._timeout\n        while True:\n            try:\n                value = method(self._driver)\n                if value:\n                    return value\n            except self._ignored_exceptions as exc:\n                screen = getattr(exc, &amp;quot;screen&amp;quot;, None)\n                stacktrace = getattr(exc, &amp;quot;stacktrace&amp;quot;, None)\n            time.sleep(self._poll)\n            if time.monotonic() &amp;gt; end_time:\n                break\n&amp;gt;       raise TimeoutException(message, screen, stacktrace)\nE       selenium.common.exceptions.TimeoutException: Message:\n\nvenv\\Lib\\site-packages\\selenium\\webdriver\\support\\wait.py:105: TimeoutException\n&#34;}], &#34;test_cases/test_appendix_overview_page.py::Test_Appendix_Overview::test_verify_edit_appendix_title_content&#34;: [{&#34;extras&#34;: [{&#34;name&#34;: null, &#34;format_type&#34;: &#34;html&#34;, &#34;content&#34;: &#34;&lt;div&gt;&lt;img src=\&#34;D:\\python program\\ICC-Shop\\Screenshot/test_verify_edit_appendix_title_content.png\&#34; alt=\&#34;screenshot\&#34; style=\&#34;width:204px;height:128px;\&#34; onclick=\&#34;window.open(this.src)\&#34; align=\&#34;right\&#34;/&gt;&lt;/div&gt;&#34;, &#34;mime_type&#34;: null, &#34;extension&#34;: null}], &#34;result&#34;: &#34;Failed&#34;, &#34;testId&#34;: &#34;test_cases/test_appendix_overview_page.py::Test_Appendix_Overview::test_verify_edit_appendix_title_content&#34;, &#34;duration&#34;: &#34;00:00:25&#34;, &#34;resultsTableRow&#34;: [&#34;&lt;td class=\&#34;col-result\&#34;&gt;Failed&lt;/td&gt;&#34;, &#34;&lt;td class=\&#34;col-testId\&#34;&gt;test_cases/test_appendix_overview_page.py::Test_Appendix_Overview::test_verify_edit_appendix_title_content&lt;/td&gt;&#34;, &#34;&lt;td class=\&#34;col-duration\&#34;&gt;00:00:25&lt;/td&gt;&#34;, &#34;&lt;td class=\&#34;col-links\&#34;&gt;&lt;/td&gt;&#34;], &#34;log&#34;: &#34;self = &amp;lt;test_cases.test_appendix_overview_page.Test_Appendix_Overview object at 0x000002505045A9D0&amp;gt;\n\n    @allure.feature(&amp;quot;Appendix&amp;quot;)\n    @allure.title(&amp;quot;Verify Edit Appendix Title and Content&amp;quot;)\n    @allure.severity(allure.severity_level.BLOCKER)\n    def test_verify_edit_appendix_title_content(self):\n        self.dashboardpage.click_project_name(&amp;quot;2021 International Mechanical Code&amp;quot;)\n&amp;gt;       self.dashboardpage.click_dashboard_button(VIEW_PROJECT)\n\ntest_cases\\test_appendix_overview_page.py:95: \n_ _ _ _ _ _ _ _ _ _ _ _ _ _ _ _ _ _ _ _ _ _ _ _ _ _ _ _ _ _ _ _ _ _ _ _ _ _ _ _ _ _ _ _ _ _ _ _ _ _ _ _ _ _ _ _ _ _ _ _ _ _ _ _ _ _ _ _ _ _ _ _ _ _ _ _ _ _ _ _ _ _ _ _ _ _ _ _ _ _ _ _ _ _ _ _ \npage_objects\\dashboard_page.py:223: in click_dashboard_button\n    for i in self.baseclass.wait_until_elements(self.buttons):\nuitility\\baseclass.py:56: in wait_until_elements\n    return self.wait.until(EC.presence_of_all_elements_located(locator))\n_ _ _ _ _ _ _ _ _ _ _ _ _ _ _ _ _ _ _ _ _ _ _ _ _ _ _ _ _ _ _ _ _ _ _ _ _ _ _ _ _ _ _ _ _ _ _ _ _ _ _ _ _ _ _ _ _ _ _ _ _ _ _ _ _ _ _ _ _ _ _ _ _ _ _ _ _ _ _ _ _ _ _ _ _ _ _ _ _ _ _ _ _ _ _ _ \n\nself = &amp;lt;selenium.webdriver.support.wait.WebDriverWait (session=&amp;quot;37b8bcaffe81271d1ab305428e33bb90&amp;quot;)&amp;gt;\nmethod = &amp;lt;function presence_of_all_elements_located.&amp;lt;locals&amp;gt;._predicate at 0x00000250507116C0&amp;gt;, message = &amp;#x27;&amp;#x27;\n\n    def until(self, method: Callable[[D], Union[Literal[False], T]], message: str = &amp;quot;&amp;quot;) -&amp;gt; T:\n        &amp;quot;&amp;quot;&amp;quot;Calls the method provided with the driver as an argument until the \\\n        return value does not evaluate to ``False``.\n    \n        :param method: callable(WebDriver)\n        :param message: optional message for :exc:`TimeoutException`\n        :returns: the result of the last call to `method`\n        :raises: :exc:`selenium.common.exceptions.TimeoutException` if timeout occurs\n        &amp;quot;&amp;quot;&amp;quot;\n        screen = None\n        stacktrace = None\n    \n        end_time = time.monotonic() + self._timeout\n        while True:\n            try:\n                value = method(self._driver)\n                if value:\n                    return value\n            except self._ignored_exceptions as exc:\n                screen = getattr(exc, &amp;quot;screen&amp;quot;, None)\n                stacktrace = getattr(exc, &amp;quot;stacktrace&amp;quot;, None)\n            time.sleep(self._poll)\n            if time.monotonic() &amp;gt; end_time:\n                break\n&amp;gt;       raise TimeoutException(message, screen, stacktrace)\nE       selenium.common.exceptions.TimeoutException: Message:\n\nvenv\\Lib\\site-packages\\selenium\\webdriver\\support\\wait.py:105: TimeoutException\n&#34;}], &#34;test_cases/test_appendix_overview_page.py::Test_Appendix_Overview::test_verify_add_new_appendix&#34;: [{&#34;extras&#34;: [{&#34;name&#34;: null, &#34;format_type&#34;: &#34;html&#34;, &#34;content&#34;: &#34;&lt;div&gt;&lt;img src=\&#34;D:\\python program\\ICC-Shop\\Screenshot/test_verify_add_new_appendix.png\&#34; alt=\&#34;screenshot\&#34; style=\&#34;width:204px;height:128px;\&#34; onclick=\&#34;window.open(this.src)\&#34; align=\&#34;right\&#34;/&gt;&lt;/div&gt;&#34;, &#34;mime_type&#34;: null, &#34;extension&#34;: null}], &#34;result&#34;: &#34;Failed&#34;, &#34;testId&#34;: &#34;test_cases/test_appendix_overview_page.py::Test_Appendix_Overview::test_verify_add_new_appendix&#34;, &#34;duration&#34;: &#34;00:00:25&#34;, &#34;resultsTableRow&#34;: [&#34;&lt;td class=\&#34;col-result\&#34;&gt;Failed&lt;/td&gt;&#34;, &#34;&lt;td class=\&#34;col-testId\&#34;&gt;test_cases/test_appendix_overview_page.py::Test_Appendix_Overview::test_verify_add_new_appendix&lt;/td&gt;&#34;, &#34;&lt;td class=\&#34;col-duration\&#34;&gt;00:00:25&lt;/td&gt;&#34;, &#34;&lt;td class=\&#34;col-links\&#34;&gt;&lt;/td&gt;&#34;], &#34;log&#34;: &#34;self = &amp;lt;test_cases.test_appendix_overview_page.Test_Appendix_Overview object at 0x000002505045B010&amp;gt;\n\n    @allure.feature(&amp;quot;Appendix&amp;quot;)\n    @allure.title(&amp;quot;Verify Add new appendix&amp;quot;)\n    @allure.severity(allure.severity_level.BLOCKER)\n    @pytest.mark.dependency()\n    def test_verify_add_new_appendix(self):\n        self.dashboardpage.click_project_name(&amp;quot;2021 International Mechanical Code&amp;quot;)\n&amp;gt;       self.dashboardpage.click_dashboard_button(VIEW_PROJECT)\n\ntest_cases\\test_appendix_overview_page.py:152: \n_ _ _ _ _ _ _ _ _ _ _ _ _ _ _ _ _ _ _ _ _ _ _ _ _ _ _ _ _ _ _ _ _ _ _ _ _ _ _ _ _ _ _ _ _ _ _ _ _ _ _ _ _ _ _ _ _ _ _ _ _ _ _ _ _ _ _ _ _ _ _ _ _ _ _ _ _ _ _ _ _ _ _ _ _ _ _ _ _ _ _ _ _ _ _ _ \npage_objects\\dashboard_page.py:223: in click_dashboard_button\n    for i in self.baseclass.wait_until_elements(self.buttons):\nuitility\\baseclass.py:56: in wait_until_elements\n    return self.wait.until(EC.presence_of_all_elements_located(locator))\n_ _ _ _ _ _ _ _ _ _ _ _ _ _ _ _ _ _ _ _ _ _ _ _ _ _ _ _ _ _ _ _ _ _ _ _ _ _ _ _ _ _ _ _ _ _ _ _ _ _ _ _ _ _ _ _ _ _ _ _ _ _ _ _ _ _ _ _ _ _ _ _ _ _ _ _ _ _ _ _ _ _ _ _ _ _ _ _ _ _ _ _ _ _ _ _ \n\nself = &amp;lt;selenium.webdriver.support.wait.WebDriverWait (session=&amp;quot;37b8bcaffe81271d1ab305428e33bb90&amp;quot;)&amp;gt;\nmethod = &amp;lt;function presence_of_all_elements_located.&amp;lt;locals&amp;gt;._predicate at 0x00000250507128E0&amp;gt;, message = &amp;#x27;&amp;#x27;\n\n    def until(self, method: Callable[[D], Union[Literal[False], T]], message: str = &amp;quot;&amp;quot;) -&amp;gt; T:\n        &amp;quot;&amp;quot;&amp;quot;Calls the method provided with the driver as an argument until the \\\n        return value does not evaluate to ``False``.\n    \n        :param method: callable(WebDriver)\n        :param message: optional message for :exc:`TimeoutException`\n        :returns: the result of the last call to `method`\n        :raises: :exc:`selenium.common.exceptions.TimeoutException` if timeout occurs\n        &amp;quot;&amp;quot;&amp;quot;\n        screen = None\n        stacktrace = None\n    \n        end_time = time.monotonic() + self._timeout\n        while True:\n            try:\n                value = method(self._driver)\n                if value:\n                    return value\n            except self._ignored_exceptions as exc:\n                screen = getattr(exc, &amp;quot;screen&amp;quot;, None)\n                stacktrace = getattr(exc, &amp;quot;stacktrace&amp;quot;, None)\n            time.sleep(self._poll)\n            if time.monotonic() &amp;gt; end_time:\n                break\n&amp;gt;       raise TimeoutException(message, screen, stacktrace)\nE       selenium.common.exceptions.TimeoutException: Message:\n\nvenv\\Lib\\site-packages\\selenium\\webdriver\\support\\wait.py:105: TimeoutException\n&#34;}], &#34;test_cases/test_appendix_overview_page.py::Test_Appendix_Overview::test_verify_add_new_appendix_section&#34;: [{&#34;extras&#34;: [], &#34;result&#34;: &#34;Skipped&#34;, &#34;testId&#34;: &#34;test_cases/test_appendix_overview_page.py::Test_Appendix_Overview::test_verify_add_new_appendix_section::setup&#34;, &#34;duration&#34;: &#34;1 ms&#34;, &#34;resultsTableRow&#34;: [&#34;&lt;td class=\&#34;col-result\&#34;&gt;Skipped&lt;/td&gt;&#34;, &#34;&lt;td class=\&#34;col-testId\&#34;&gt;test_cases/test_appendix_overview_page.py::Test_Appendix_Overview::test_verify_add_new_appendix_section::setup&lt;/td&gt;&#34;, &#34;&lt;td class=\&#34;col-duration\&#34;&gt;1 ms&lt;/td&gt;&#34;, &#34;&lt;td class=\&#34;col-links\&#34;&gt;&lt;/td&gt;&#34;], &#34;log&#34;: &#34;(&amp;#x27;D:\\\\python program\\\\ICC-Shop\\\\venv\\\\Lib\\\\site-packages\\\\pytest_dependency.py&amp;#x27;, 101, &amp;#x27;Skipped: test_verify_add_new_appendix_section depends on test_verify_add_new_appendix&amp;#x27;)\n&#34;}], &#34;test_cases/test_appendix_overview_page.py::Test_Appendix_Overview::test_verify_add_new_appendix_sub_section&#34;: [{&#34;extras&#34;: [], &#34;result&#34;: &#34;Skipped&#34;, &#34;testId&#34;: &#34;test_cases/test_appendix_overview_page.py::Test_Appendix_Overview::test_verify_add_new_appendix_sub_section::setup&#34;, &#34;duration&#34;: &#34;0 ms&#34;, &#34;resultsTableRow&#34;: [&#34;&lt;td class=\&#34;col-result\&#34;&gt;Skipped&lt;/td&gt;&#34;, &#34;&lt;td class=\&#34;col-testId\&#34;&gt;test_cases/test_appendix_overview_page.py::Test_Appendix_Overview::test_verify_add_new_appendix_sub_section::setup&lt;/td&gt;&#34;, &#34;&lt;td class=\&#34;col-duration\&#34;&gt;0 ms&lt;/td&gt;&#34;, &#34;&lt;td class=\&#34;col-links\&#34;&gt;&lt;/td&gt;&#34;], &#34;log&#34;: &#34;(&amp;#x27;D:\\\\python program\\\\ICC-Shop\\\\venv\\\\Lib\\\\site-packages\\\\pytest_dependency.py&amp;#x27;, 101, &amp;#x27;Skipped: test_verify_add_new_appendix_sub_section depends on test_verify_add_new_appendix_section&amp;#x27;)\n&#34;}], &#34;test_cases/test_appendix_overview_page.py::Test_Appendix_Overview::test_verify_add_figure_at_appendix[Section-Automation Appendix Section Figure-Fig Alt section]&#34;: [{&#34;extras&#34;: [], &#34;result&#34;: &#34;Skipped&#34;, &#34;testId&#34;: &#34;test_cases/test_appendix_overview_page.py::Test_Appendix_Overview::test_verify_add_figure_at_appendix[Section-Automation Appendix Section Figure-Fig Alt section]::setup&#34;, &#34;duration&#34;: &#34;1 ms&#34;, &#34;resultsTableRow&#34;: [&#34;&lt;td class=\&#34;col-result\&#34;&gt;Skipped&lt;/td&gt;&#34;, &#34;&lt;td class=\&#34;col-testId\&#34;&gt;test_cases/test_appendix_overview_page.py::Test_Appendix_Overview::test_verify_add_figure_at_appendix[Section-Automation Appendix Section Figure-Fig Alt section]::setup&lt;/td&gt;&#34;, &#34;&lt;td class=\&#34;col-duration\&#34;&gt;1 ms&lt;/td&gt;&#34;, &#34;&lt;td class=\&#34;col-links\&#34;&gt;&lt;/td&gt;&#34;], &#34;log&#34;: &#34;(&amp;#x27;D:\\\\python program\\\\ICC-Shop\\\\venv\\\\Lib\\\\site-packages\\\\pytest_dependency.py&amp;#x27;, 101, &amp;#x27;Skipped: test_verify_add_figure_at_appendix[Section-Automation Appendix Section Figure-Fig Alt section] depends on test_verify_add_new_appendix_section&amp;#x27;)\n&#34;}], &#34;test_cases/test_appendix_overview_page.py::Test_Appendix_Overview::test_verify_add_figure_at_appendix[Sub-Section-Automation Appendix Sub Section Figure-Fig Alt sub section]&#34;: [{&#34;extras&#34;: [], &#34;result&#34;: &#34;Skipped&#34;, &#34;testId&#34;: &#34;test_cases/test_appendix_overview_page.py::Test_Appendix_Overview::test_verify_add_figure_at_appendix[Sub-Section-Automation Appendix Sub Section Figure-Fig Alt sub section]::setup&#34;, &#34;duration&#34;: &#34;0 ms&#34;, &#34;resultsTableRow&#34;: [&#34;&lt;td class=\&#34;col-result\&#34;&gt;Skipped&lt;/td&gt;&#34;, &#34;&lt;td class=\&#34;col-testId\&#34;&gt;test_cases/test_appendix_overview_page.py::Test_Appendix_Overview::test_verify_add_figure_at_appendix[Sub-Section-Automation Appendix Sub Section Figure-Fig Alt sub section]::setup&lt;/td&gt;&#34;, &#34;&lt;td class=\&#34;col-duration\&#34;&gt;0 ms&lt;/td&gt;&#34;, &#34;&lt;td class=\&#34;col-links\&#34;&gt;&lt;/td&gt;&#34;], &#34;log&#34;: &#34;(&amp;#x27;D:\\\\python program\\\\ICC-Shop\\\\venv\\\\Lib\\\\site-packages\\\\pytest_dependency.py&amp;#x27;, 101, &amp;#x27;Skipped: test_verify_add_figure_at_appendix[Sub-Section-Automation Appendix Sub Section Figure-Fig Alt sub section] depends on test_verify_add_new_appendix_section&amp;#x27;)\n&#34;}], &#34;test_cases/test_appendix_overview_page.py::Test_Appendix_Overview::test_verify_cancel_edit_appendix_figure[Automation Appendix Section Figure]&#34;: [{&#34;extras&#34;: [], &#34;result&#34;: &#34;Skipped&#34;, &#34;testId&#34;: &#34;test_cases/test_appendix_overview_page.py::Test_Appendix_Overview::test_verify_cancel_edit_appendix_figure[Automation Appendix Section Figure]::setup&#34;, &#34;duration&#34;: &#34;1 ms&#34;, &#34;resultsTableRow&#34;: [&#34;&lt;td class=\&#34;col-result\&#34;&gt;Skipped&lt;/td&gt;&#34;, &#34;&lt;td class=\&#34;col-testId\&#34;&gt;test_cases/test_appendix_overview_page.py::Test_Appendix_Overview::test_verify_cancel_edit_appendix_figure[Automation Appendix Section Figure]::setup&lt;/td&gt;&#34;, &#34;&lt;td class=\&#34;col-duration\&#34;&gt;1 ms&lt;/td&gt;&#34;, &#34;&lt;td class=\&#34;col-links\&#34;&gt;&lt;/td&gt;&#34;], &#34;log&#34;: &#34;(&amp;#x27;D:\\\\python program\\\\ICC-Shop\\\\venv\\\\Lib\\\\site-packages\\\\pytest_dependency.py&amp;#x27;, 101, &amp;#x27;Skipped: test_verify_cancel_edit_appendix_figure[Automation Appendix Section Figure] depends on test_verify_add_figure_at_appendix&amp;#x27;)\n&#34;}], &#34;test_cases/test_appendix_overview_page.py::Test_Appendix_Overview::test_verify_cancel_edit_appendix_figure[Automation Appendix Sub Section Figure]&#34;: [{&#34;extras&#34;: [], &#34;result&#34;: &#34;Skipped&#34;, &#34;testId&#34;: &#34;test_cases/test_appendix_overview_page.py::Test_Appendix_Overview::test_verify_cancel_edit_appendix_figure[Automation Appendix Sub Section Figure]::setup&#34;, &#34;duration&#34;: &#34;1 ms&#34;, &#34;resultsTableRow&#34;: [&#34;&lt;td class=\&#34;col-result\&#34;&gt;Skipped&lt;/td&gt;&#34;, &#34;&lt;td class=\&#34;col-testId\&#34;&gt;test_cases/test_appendix_overview_page.py::Test_Appendix_Overview::test_verify_cancel_edit_appendix_figure[Automation Appendix Sub Section Figure]::setup&lt;/td&gt;&#34;, &#34;&lt;td class=\&#34;col-duration\&#34;&gt;1 ms&lt;/td&gt;&#34;, &#34;&lt;td class=\&#34;col-links\&#34;&gt;&lt;/td&gt;&#34;], &#34;log&#34;: &#34;(&amp;#x27;D:\\\\python program\\\\ICC-Shop\\\\venv\\\\Lib\\\\site-packages\\\\pytest_dependency.py&amp;#x27;, 101, &amp;#x27;Skipped: test_verify_cancel_edit_appendix_figure[Automation Appendix Sub Section Figure] depends on test_verify_add_figure_at_appendix&amp;#x27;)\n&#34;}], &#34;test_cases/test_appendix_overview_page.py::Test_Appendix_Overview::test_verify_delete_figure_at_appendix[Automation Appendix Section Figure]&#34;: [{&#34;extras&#34;: [], &#34;result&#34;: &#34;Skipped&#34;, &#34;testId&#34;: &#34;test_cases/test_appendix_overview_page.py::Test_Appendix_Overview::test_verify_delete_figure_at_appendix[Automation Appendix Section Figure]::setup&#34;, &#34;duration&#34;: &#34;1 ms&#34;, &#34;resultsTableRow&#34;: [&#34;&lt;td class=\&#34;col-result\&#34;&gt;Skipped&lt;/td&gt;&#34;, &#34;&lt;td class=\&#34;col-testId\&#34;&gt;test_cases/test_appendix_overview_page.py::Test_Appendix_Overview::test_verify_delete_figure_at_appendix[Automation Appendix Section Figure]::setup&lt;/td&gt;&#34;, &#34;&lt;td class=\&#34;col-duration\&#34;&gt;1 ms&lt;/td&gt;&#34;, &#34;&lt;td class=\&#34;col-links\&#34;&gt;&lt;/td&gt;&#34;], &#34;log&#34;: &#34;(&amp;#x27;D:\\\\python program\\\\ICC-Shop\\\\venv\\\\Lib\\\\site-packages\\\\pytest_dependency.py&amp;#x27;, 101, &amp;#x27;Skipped: test_verify_delete_figure_at_appendix[Automation Appendix Section Figure] depends on test_verify_add_figure_at_appendix&amp;#x27;)\n&#34;}], &#34;test_cases/test_appendix_overview_page.py::Test_Appendix_Overview::test_verify_delete_figure_at_appendix[Automation Appendix Sub Section Figure]&#34;: [{&#34;extras&#34;: [], &#34;result&#34;: &#34;Skipped&#34;, &#34;testId&#34;: &#34;test_cases/test_appendix_overview_page.py::Test_Appendix_Overview::test_verify_delete_figure_at_appendix[Automation Appendix Sub Section Figure]::setup&#34;, &#34;duration&#34;: &#34;1 ms&#34;, &#34;resultsTableRow&#34;: [&#34;&lt;td class=\&#34;col-result\&#34;&gt;Skipped&lt;/td&gt;&#34;, &#34;&lt;td class=\&#34;col-testId\&#34;&gt;test_cases/test_appendix_overview_page.py::Test_Appendix_Overview::test_verify_delete_figure_at_appendix[Automation Appendix Sub Section Figure]::setup&lt;/td&gt;&#34;, &#34;&lt;td class=\&#34;col-duration\&#34;&gt;1 ms&lt;/td&gt;&#34;, &#34;&lt;td class=\&#34;col-links\&#34;&gt;&lt;/td&gt;&#34;], &#34;log&#34;: &#34;(&amp;#x27;D:\\\\python program\\\\ICC-Shop\\\\venv\\\\Lib\\\\site-packages\\\\pytest_dependency.py&amp;#x27;, 101, &amp;#x27;Skipped: test_verify_delete_figure_at_appendix[Automation Appendix Sub Section Figure] depends on test_verify_add_figure_at_appendix&amp;#x27;)\n&#34;}], &#34;test_cases/test_appendix_overview_page.py::Test_Appendix_Overview::test_verify_delete_appendix_sub_section&#34;: [{&#34;extras&#34;: [], &#34;result&#34;: &#34;Skipped&#34;, &#34;testId&#34;: &#34;test_cases/test_appendix_overview_page.py::Test_Appendix_Overview::test_verify_delete_appendix_sub_section::setup&#34;, &#34;duration&#34;: &#34;1 ms&#34;, &#34;resultsTableRow&#34;: [&#34;&lt;td class=\&#34;col-result\&#34;&gt;Skipped&lt;/td&gt;&#34;, &#34;&lt;td class=\&#34;col-testId\&#34;&gt;test_cases/test_appendix_overview_page.py::Test_Appendix_Overview::test_verify_delete_appendix_sub_section::setup&lt;/td&gt;&#34;, &#34;&lt;td class=\&#34;col-duration\&#34;&gt;1 ms&lt;/td&gt;&#34;, &#34;&lt;td class=\&#34;col-links\&#34;&gt;&lt;/td&gt;&#34;], &#34;log&#34;: &#34;(&amp;#x27;D:\\\\python program\\\\ICC-Shop\\\\venv\\\\Lib\\\\site-packages\\\\pytest_dependency.py&amp;#x27;, 101, &amp;#x27;Skipped: test_verify_delete_appendix_sub_section depends on test_verify_add_new_appendix_sub_section&amp;#x27;)\n&#34;}], &#34;test_cases/test_appendix_overview_page.py::Test_Appendix_Overview::test_verify_delete_appendix_section&#34;: [{&#34;extras&#34;: [], &#34;result&#34;: &#34;Skipped&#34;, &#34;testId&#34;: &#34;test_cases/test_appendix_overview_page.py::Test_Appendix_Overview::test_verify_delete_appendix_section::setup&#34;, &#34;duration&#34;: &#34;1 ms&#34;, &#34;resultsTableRow&#34;: [&#34;&lt;td class=\&#34;col-result\&#34;&gt;Skipped&lt;/td&gt;&#34;, &#34;&lt;td class=\&#34;col-testId\&#34;&gt;test_cases/test_appendix_overview_page.py::Test_Appendix_Overview::test_verify_delete_appendix_section::setup&lt;/td&gt;&#34;, &#34;&lt;td class=\&#34;col-duration\&#34;&gt;1 ms&lt;/td&gt;&#34;, &#34;&lt;td class=\&#34;col-links\&#34;&gt;&lt;/td&gt;&#34;], &#34;log&#34;: &#34;(&amp;#x27;D:\\\\python program\\\\ICC-Shop\\\\venv\\\\Lib\\\\site-packages\\\\pytest_dependency.py&amp;#x27;, 101, &amp;#x27;Skipped: test_verify_delete_appendix_section depends on test_verify_add_new_appendix_section&amp;#x27;)\n&#34;}], &#34;test_cases/test_appendix_overview_page.py::Test_Appendix_Overview::test_verify_delete_appendix_chapter&#34;: [{&#34;extras&#34;: [], &#34;result&#34;: &#34;Skipped&#34;, &#34;testId&#34;: &#34;test_cases/test_appendix_overview_page.py::Test_Appendix_Overview::test_verify_delete_appendix_chapter::setup&#34;, &#34;duration&#34;: &#34;1 ms&#34;, &#34;resultsTableRow&#34;: [&#34;&lt;td class=\&#34;col-result\&#34;&gt;Skipped&lt;/td&gt;&#34;, &#34;&lt;td class=\&#34;col-testId\&#34;&gt;test_cases/test_appendix_overview_page.py::Test_Appendix_Overview::test_verify_delete_appendix_chapter::setup&lt;/td&gt;&#34;, &#34;&lt;td class=\&#34;col-duration\&#34;&gt;1 ms&lt;/td&gt;&#34;, &#34;&lt;td class=\&#34;col-links\&#34;&gt;&lt;/td&gt;&#34;], &#34;log&#34;: &#34;(&amp;#x27;D:\\\\python program\\\\ICC-Shop\\\\venv\\\\Lib\\\\site-packages\\\\pytest_dependency.py&amp;#x27;, 101, &amp;#x27;Skipped: test_verify_delete_appendix_chapter depends on test_verify_add_new_appendix&amp;#x27;)\n&#34;}]}, &#34;renderCollapsed&#34;: [&#34;passed&#34;], &#34;initialSort&#34;: &#34;result&#34;, &#34;title&#34;: &#34;\&#34;CCT-VUE\&#34;&#34;}"></div>
    <script>
      (function(){function r(e,n,t){function o(i,f){if(!n[i]){if(!e[i]){var c="function"==typeof require&&require;if(!f&&c)return c(i,!0);if(u)return u(i,!0);var a=new Error("Cannot find module '"+i+"'");throw a.code="MODULE_NOT_FOUND",a}var p=n[i]={exports:{}};e[i][0].call(p.exports,function(r){var n=e[i][1][r];return o(n||r)},p,p.exports,r,e,n,t)}return n[i].exports}for(var u="function"==typeof require&&require,i=0;i<t.length;i++)o(t[i]);return o}return r})()({1:[function(require,module,exports){
const { getCollapsedCategory, setCollapsedIds } = require('./storage.js')

class DataManager {
    setManager(data) {
        const collapsedCategories = [...getCollapsedCategory(data.renderCollapsed)]
        const collapsedIds = []
        const tests = Object.values(data.tests).flat().map((test, index) => {
            const collapsed = collapsedCategories.includes(test.result.toLowerCase())
            const id = `test_${index}`
            if (collapsed) {
                collapsedIds.push(id)
            }
            return {
                ...test,
                id,
                collapsed,
            }
        })
        const dataBlob = { ...data, tests }
        this.data = { ...dataBlob }
        this.renderData = { ...dataBlob }
        setCollapsedIds(collapsedIds)
    }

    get allData() {
        return { ...this.data }
    }

    resetRender() {
        this.renderData = { ...this.data }
    }

    setRender(data) {
        this.renderData.tests = [...data]
    }

    toggleCollapsedItem(id) {
        this.renderData.tests = this.renderData.tests.map((test) =>
            test.id === id ? { ...test, collapsed: !test.collapsed } : test,
        )
    }

    set allCollapsed(collapsed) {
        this.renderData = { ...this.renderData, tests: [...this.renderData.tests.map((test) => (
            { ...test, collapsed }
        ))] }
    }

    get testSubset() {
        return [...this.renderData.tests]
    }

    get environment() {
        return this.renderData.environment
    }

    get initialSort() {
        return this.data.initialSort
    }
}

module.exports = {
    manager: new DataManager(),
}

},{"./storage.js":8}],2:[function(require,module,exports){
const mediaViewer = require('./mediaviewer.js')
const templateEnvRow = document.getElementById('template_environment_row')
const templateResult = document.getElementById('template_results-table__tbody')

function htmlToElements(html) {
    const temp = document.createElement('template')
    temp.innerHTML = html
    return temp.content.childNodes
}

const find = (selector, elem) => {
    if (!elem) {
        elem = document
    }
    return elem.querySelector(selector)
}

const findAll = (selector, elem) => {
    if (!elem) {
        elem = document
    }
    return [...elem.querySelectorAll(selector)]
}

const dom = {
    getStaticRow: (key, value) => {
        const envRow = templateEnvRow.content.cloneNode(true)
        const isObj = typeof value === 'object' && value !== null
        const values = isObj ? Object.keys(value).map((k) => `${k}: ${value[k]}`) : null

        const valuesElement = htmlToElements(
            values ? `<ul>${values.map((val) => `<li>${val}</li>`).join('')}<ul>` : `<div>${value}</div>`)[0]
        const td = findAll('td', envRow)
        td[0].textContent = key
        td[1].appendChild(valuesElement)

        return envRow
    },
    getResultTBody: ({ testId, id, log, extras, resultsTableRow, tableHtml, result, collapsed }) => {
        const resultBody = templateResult.content.cloneNode(true)
        resultBody.querySelector('tbody').classList.add(result.toLowerCase())
        resultBody.querySelector('tbody').id = testId
        resultBody.querySelector('.collapsible').dataset.id = id

        resultsTableRow.forEach((html) => {
            const t = document.createElement('template')
            t.innerHTML = html
            resultBody.querySelector('.collapsible').appendChild(t.content)
        })

        if (log) {
            // Wrap lines starting with "E" with span.error to color those lines red
            const wrappedLog = log.replace(/^E.*$/gm, (match) => `<span class="error">${match}</span>`)
            resultBody.querySelector('.log').innerHTML = wrappedLog
        } else {
            resultBody.querySelector('.log').remove()
        }

        if (collapsed) {
            resultBody.querySelector('.collapsible > td')?.classList.add('collapsed')
            resultBody.querySelector('.extras-row').classList.add('hidden')
        } else {
            resultBody.querySelector('.collapsible > td')?.classList.remove('collapsed')
        }

        const media = []
        extras?.forEach(({ name, format_type, content }) => {
            if (['image', 'video'].includes(format_type)) {
                media.push({ path: content, name, format_type })
            }

            if (format_type === 'html') {
                resultBody.querySelector('.extraHTML').insertAdjacentHTML('beforeend', `<div>${content}</div>`)
            }
        })
        mediaViewer.setup(resultBody, media)

        // Add custom html from the pytest_html_results_table_html hook
        tableHtml?.forEach((item) => {
            resultBody.querySelector('td[class="extra"]').insertAdjacentHTML('beforeend', item)
        })

        return resultBody
    },
}

module.exports = {
    dom,
    htmlToElements,
    find,
    findAll,
}

},{"./mediaviewer.js":6}],3:[function(require,module,exports){
const { manager } = require('./datamanager.js')
const { doSort } = require('./sort.js')
const storageModule = require('./storage.js')

const getFilteredSubSet = (filter) =>
    manager.allData.tests.filter(({ result }) => filter.includes(result.toLowerCase()))

const doInitFilter = () => {
    const currentFilter = storageModule.getVisible()
    const filteredSubset = getFilteredSubSet(currentFilter)
    manager.setRender(filteredSubset)
}

const doFilter = (type, show) => {
    if (show) {
        storageModule.showCategory(type)
    } else {
        storageModule.hideCategory(type)
    }

    const currentFilter = storageModule.getVisible()
    const filteredSubset = getFilteredSubSet(currentFilter)
    manager.setRender(filteredSubset)

    const sortColumn = storageModule.getSort()
    doSort(sortColumn, true)
}

module.exports = {
    doFilter,
    doInitFilter,
}

},{"./datamanager.js":1,"./sort.js":7,"./storage.js":8}],4:[function(require,module,exports){
const { redraw, bindEvents, renderStatic } = require('./main.js')
const { doInitFilter } = require('./filter.js')
const { doInitSort } = require('./sort.js')
const { manager } = require('./datamanager.js')
const data = JSON.parse(document.getElementById('data-container').dataset.jsonblob)

function init() {
    manager.setManager(data)
    doInitFilter()
    doInitSort()
    renderStatic()
    redraw()
    bindEvents()
}

init()

},{"./datamanager.js":1,"./filter.js":3,"./main.js":5,"./sort.js":7}],5:[function(require,module,exports){
const { dom, find, findAll } = require('./dom.js')
const { manager } = require('./datamanager.js')
const { doSort } = require('./sort.js')
const { doFilter } = require('./filter.js')
const {
    getVisible,
    getCollapsedIds,
    setCollapsedIds,
    getSort,
    getSortDirection,
    possibleFilters,
} = require('./storage.js')

const removeChildren = (node) => {
    while (node.firstChild) {
        node.removeChild(node.firstChild)
    }
}

const renderStatic = () => {
    const renderEnvironmentTable = () => {
        const environment = manager.environment
        const rows = Object.keys(environment).map((key) => dom.getStaticRow(key, environment[key]))
        const table = document.getElementById('environment')
        removeChildren(table)
        rows.forEach((row) => table.appendChild(row))
    }
    renderEnvironmentTable()
}

const addItemToggleListener = (elem) => {
    elem.addEventListener('click', ({ target }) => {
        const id = target.parentElement.dataset.id
        manager.toggleCollapsedItem(id)

        const collapsedIds = getCollapsedIds()
        if (collapsedIds.includes(id)) {
            const updated = collapsedIds.filter((item) => item !== id)
            setCollapsedIds(updated)
        } else {
            collapsedIds.push(id)
            setCollapsedIds(collapsedIds)
        }
        redraw()
    })
}

const renderContent = (tests) => {
    const sortAttr = getSort(manager.initialSort)
    const sortAsc = JSON.parse(getSortDirection())
    const rows = tests.map(dom.getResultTBody)
    const table = document.getElementById('results-table')
    const tableHeader = document.getElementById('results-table-head')

    const newTable = document.createElement('table')
    newTable.id = 'results-table'

    // remove all sorting classes and set the relevant
    findAll('.sortable', tableHeader).forEach((elem) => elem.classList.remove('asc', 'desc'))
    tableHeader.querySelector(`.sortable[data-column-type="${sortAttr}"]`)?.classList.add(sortAsc ? 'desc' : 'asc')
    newTable.appendChild(tableHeader)

    if (!rows.length) {
        const emptyTable = document.getElementById('template_results-table__body--empty').content.cloneNode(true)
        newTable.appendChild(emptyTable)
    } else {
        rows.forEach((row) => {
            if (!!row) {
                findAll('.collapsible td:not(.col-links', row).forEach(addItemToggleListener)
                find('.logexpander', row).addEventListener('click',
                    (evt) => evt.target.parentNode.classList.toggle('expanded'),
                )
                newTable.appendChild(row)
            }
        })
    }

    table.replaceWith(newTable)
}

const renderDerived = () => {
    const currentFilter = getVisible()
    possibleFilters.forEach((result) => {
        const input = document.querySelector(`input[data-test-result="${result}"]`)
        input.checked = currentFilter.includes(result)
    })
}

const bindEvents = () => {
    const filterColumn = (evt) => {
        const { target: element } = evt
        const { testResult } = element.dataset

        doFilter(testResult, element.checked)
        const collapsedIds = getCollapsedIds()
        const updated = manager.renderData.tests.map((test) => {
            return {
                ...test,
                collapsed: collapsedIds.includes(test.id),
            }
        })
        manager.setRender(updated)
        redraw()
    }

    const header = document.getElementById('environment-header')
    header.addEventListener('click', () => {
        const table = document.getElementById('environment')
        table.classList.toggle('hidden')
        header.classList.toggle('collapsed')
    })

    findAll('input[name="filter_checkbox"]').forEach((elem) => {
        elem.addEventListener('click', filterColumn)
    })

    findAll('.sortable').forEach((elem) => {
        elem.addEventListener('click', (evt) => {
            const { target: element } = evt
            const { columnType } = element.dataset
            doSort(columnType)
            redraw()
        })
    })

    document.getElementById('show_all_details').addEventListener('click', () => {
        manager.allCollapsed = false
        setCollapsedIds([])
        redraw()
    })
    document.getElementById('hide_all_details').addEventListener('click', () => {
        manager.allCollapsed = true
        const allIds = manager.renderData.tests.map((test) => test.id)
        setCollapsedIds(allIds)
        redraw()
    })
}

const redraw = () => {
    const { testSubset } = manager

    renderContent(testSubset)
    renderDerived()
}

module.exports = {
    redraw,
    bindEvents,
    renderStatic,
}

},{"./datamanager.js":1,"./dom.js":2,"./filter.js":3,"./sort.js":7,"./storage.js":8}],6:[function(require,module,exports){
class MediaViewer {
    constructor(assets) {
        this.assets = assets
        this.index = 0
    }

    nextActive() {
        this.index = this.index === this.assets.length - 1 ? 0 : this.index + 1
        return [this.activeFile, this.index]
    }

    prevActive() {
        this.index = this.index === 0 ? this.assets.length - 1 : this.index -1
        return [this.activeFile, this.index]
    }

    get currentIndex() {
        return this.index
    }

    get activeFile() {
        return this.assets[this.index]
    }
}


const setup = (resultBody, assets) => {
    if (!assets.length) {
        resultBody.querySelector('.media').classList.add('hidden')
        return
    }

    const mediaViewer = new MediaViewer(assets)
    const container = resultBody.querySelector('.media-container')
    const leftArrow = resultBody.querySelector('.media-container__nav--left')
    const rightArrow = resultBody.querySelector('.media-container__nav--right')
    const mediaName = resultBody.querySelector('.media__name')
    const counter = resultBody.querySelector('.media__counter')
    const imageEl = resultBody.querySelector('img')
    const sourceEl = resultBody.querySelector('source')
    const videoEl = resultBody.querySelector('video')

    const setImg = (media, index) => {
        if (media?.format_type === 'image') {
            imageEl.src = media.path

            imageEl.classList.remove('hidden')
            videoEl.classList.add('hidden')
        } else if (media?.format_type === 'video') {
            sourceEl.src = media.path

            videoEl.classList.remove('hidden')
            imageEl.classList.add('hidden')
        }

        mediaName.innerText = media?.name
        counter.innerText = `${index + 1} / ${assets.length}`
    }
    setImg(mediaViewer.activeFile, mediaViewer.currentIndex)

    const moveLeft = () => {
        const [media, index] = mediaViewer.prevActive()
        setImg(media, index)
    }
    const doRight = () => {
        const [media, index] = mediaViewer.nextActive()
        setImg(media, index)
    }
    const openImg = () => {
        window.open(mediaViewer.activeFile.path, '_blank')
    }
    if (assets.length === 1) {
        container.classList.add('media-container--fullscreen')
    } else {
        leftArrow.addEventListener('click', moveLeft)
        rightArrow.addEventListener('click', doRight)
    }
    imageEl.addEventListener('click', openImg)
}

module.exports = {
    setup,
}

},{}],7:[function(require,module,exports){
const { manager } = require('./datamanager.js')
const storageModule = require('./storage.js')

const genericSort = (list, key, ascending, customOrder) => {
    let sorted
    if (customOrder) {
        sorted = list.sort((a, b) => {
            const aValue = a.result.toLowerCase()
            const bValue = b.result.toLowerCase()

            const aIndex = customOrder.findIndex((item) => item.toLowerCase() === aValue)
            const bIndex = customOrder.findIndex((item) => item.toLowerCase() === bValue)

            // Compare the indices to determine the sort order
            return aIndex - bIndex
        })
    } else {
        sorted = list.sort((a, b) => a[key] === b[key] ? 0 : a[key] > b[key] ? 1 : -1)
    }

    if (ascending) {
        sorted.reverse()
    }
    return sorted
}

const durationSort = (list, ascending) => {
    const parseDuration = (duration) => {
        if (duration.includes(':')) {
            // If it's in the format "HH:mm:ss"
            const [hours, minutes, seconds] = duration.split(':').map(Number)
            return (hours * 3600 + minutes * 60 + seconds) * 1000
        } else {
            // If it's in the format "nnn ms"
            return parseInt(duration)
        }
    }
    const sorted = list.sort((a, b) => parseDuration(a['duration']) - parseDuration(b['duration']))
    if (ascending) {
        sorted.reverse()
    }
    return sorted
}

const doInitSort = () => {
    const type = storageModule.getSort(manager.initialSort)
    const ascending = storageModule.getSortDirection()
    const list = manager.testSubset
    const initialOrder = ['Error', 'Failed', 'Rerun', 'XFailed', 'XPassed', 'Skipped', 'Passed']

    storageModule.setSort(type)
    storageModule.setSortDirection(ascending)

    if (type?.toLowerCase() === 'original') {
        manager.setRender(list)
    } else {
        let sortedList
        switch (type) {
        case 'duration':
            sortedList = durationSort(list, ascending)
            break
        case 'result':
            sortedList = genericSort(list, type, ascending, initialOrder)
            break
        default:
            sortedList = genericSort(list, type, ascending)
            break
        }
        manager.setRender(sortedList)
    }
}

const doSort = (type, skipDirection) => {
    const newSortType = storageModule.getSort(manager.initialSort) !== type
    const currentAsc = storageModule.getSortDirection()
    let ascending
    if (skipDirection) {
        ascending = currentAsc
    } else {
        ascending = newSortType ? false : !currentAsc
    }
    storageModule.setSort(type)
    storageModule.setSortDirection(ascending)

    const list = manager.testSubset
    const sortedList = type === 'duration' ? durationSort(list, ascending) : genericSort(list, type, ascending)
    manager.setRender(sortedList)
}

module.exports = {
    doInitSort,
    doSort,
}

},{"./datamanager.js":1,"./storage.js":8}],8:[function(require,module,exports){
const possibleFilters = [
    'passed',
    'skipped',
    'failed',
    'error',
    'xfailed',
    'xpassed',
    'rerun',
]

const getVisible = () => {
    const url = new URL(window.location.href)
    const settings = new URLSearchParams(url.search).get('visible')
    const lower = (item) => {
        const lowerItem = item.toLowerCase()
        if (possibleFilters.includes(lowerItem)) {
            return lowerItem
        }
        return null
    }
    return settings === null ?
        possibleFilters :
        [...new Set(settings?.split(',').map(lower).filter((item) => item))]
}

const hideCategory = (categoryToHide) => {
    const url = new URL(window.location.href)
    const visibleParams = new URLSearchParams(url.search).get('visible')
    const currentVisible = visibleParams ? visibleParams.split(',') : [...possibleFilters]
    const settings = [...new Set(currentVisible)].filter((f) => f !== categoryToHide).join(',')

    url.searchParams.set('visible', settings)
    window.history.pushState({}, null, unescape(url.href))
}

const showCategory = (categoryToShow) => {
    if (typeof window === 'undefined') {
        return
    }
    const url = new URL(window.location.href)
    const currentVisible = new URLSearchParams(url.search).get('visible')?.split(',').filter(Boolean) ||
        [...possibleFilters]
    const settings = [...new Set([categoryToShow, ...currentVisible])]
    const noFilter = possibleFilters.length === settings.length || !settings.length

    noFilter ? url.searchParams.delete('visible') : url.searchParams.set('visible', settings.join(','))
    window.history.pushState({}, null, unescape(url.href))
}

const getSort = (initialSort) => {
    const url = new URL(window.location.href)
    let sort = new URLSearchParams(url.search).get('sort')
    if (!sort) {
        sort = initialSort || 'result'
    }
    return sort
}

const setSort = (type) => {
    const url = new URL(window.location.href)
    url.searchParams.set('sort', type)
    window.history.pushState({}, null, unescape(url.href))
}

const getCollapsedCategory = (renderCollapsed) => {
    let categories
    if (typeof window !== 'undefined') {
        const url = new URL(window.location.href)
        const collapsedItems = new URLSearchParams(url.search).get('collapsed')
        switch (true) {
        case !renderCollapsed && collapsedItems === null:
            categories = ['passed']
            break
        case collapsedItems?.length === 0 || /^["']{2}$/.test(collapsedItems):
            categories = []
            break
        case /^all$/.test(collapsedItems) || collapsedItems === null && /^all$/.test(renderCollapsed):
            categories = [...possibleFilters]
            break
        default:
            categories = collapsedItems?.split(',').map((item) => item.toLowerCase()) || renderCollapsed
            break
        }
    } else {
        categories = []
    }
    return categories
}

const getSortDirection = () => JSON.parse(sessionStorage.getItem('sortAsc')) || false
const setSortDirection = (ascending) => sessionStorage.setItem('sortAsc', ascending)

const getCollapsedIds = () => JSON.parse(sessionStorage.getItem('collapsedIds')) || []
const setCollapsedIds = (list) => sessionStorage.setItem('collapsedIds', JSON.stringify(list))

module.exports = {
    getVisible,
    hideCategory,
    showCategory,
    getCollapsedIds,
    setCollapsedIds,
    getSort,
    setSort,
    getSortDirection,
    setSortDirection,
    getCollapsedCategory,
    possibleFilters,
}

},{}]},{},[4]);
    </script>
  </footer>
</html>