{"name": "Verify Cancel Edited Referenced Standard", "status": "broken", "statusDetails": {"message": "selenium.common.exceptions.TimeoutException: Message:", "trace": "self = <test_cases.test_referenced_standards_overview_page.Test_Referenced_Standards_Overview object at 0x000002621BEE4E10>\n\n    @allure.feature(\"Referenced Standards\")\n    @allure.title(\"Verify Cancel Edited Referenced Standard\")\n    @allure.severity(allure.severity_level.CRITICAL)\n    def test_verify_cancel_edit_referenced_standard(self):\n        self.dashboardpage.click_project_name(\"2021 International Mechanical Code\")\n        self.dashboardpage.click_dashboard_button(VIEW_PROJECT)\n>       self.viewprojectpage.click_on_chapter(\"CHAPTER 15 REFERENCED STANDARDS\")\n\ntest_cases\\test_referenced_standards_overview_page.py:100: \n_ _ _ _ _ _ _ _ _ _ _ _ _ _ _ _ _ _ _ _ _ _ _ _ _ _ _ _ _ _ _ _ _ _ _ _ _ _ _ _ _ _ _ _ _ _ _ _ _ _ _ _ _ _ _ _ _ _ _ _ _ _ _ _ _ _ _ _ _ _ _ _ _ _ _ _ _ _ _ _ _ _ _ _ _\npage_objects\\view_project_page.py:119: in click_on_chapter\n    chapters = self.baseclass.wait_until_elements(self.__chapter)\nuitility\\baseclass.py:54: in wait_until_elements\n    return self.wait.until(EC.presence_of_all_elements_located(locator))\n_ _ _ _ _ _ _ _ _ _ _ _ _ _ _ _ _ _ _ _ _ _ _ _ _ _ _ _ _ _ _ _ _ _ _ _ _ _ _ _ _ _ _ _ _ _ _ _ _ _ _ _ _ _ _ _ _ _ _ _ _ _ _ _ _ _ _ _ _ _ _ _ _ _ _ _ _ _ _ _ _ _ _ _ _\n\nself = <selenium.webdriver.support.wait.WebDriverWait (session=\"e0a047559bd3bcebf126e89bba4a4a1f\")>\nmethod = <function presence_of_all_elements_located.<locals>._predicate at 0x000002621C028720>, message = ''\n\n    def until(self, method: Callable[[D], Union[Literal[False], T]], message: str = \"\") -> T:\n        \"\"\"Calls the method provided with the driver as an argument until the \\\n        return value does not evaluate to ``False``.\n    \n        :param method: callable(WebDriver)\n        :param message: optional message for :exc:`TimeoutException`\n        :returns: the result of the last call to `method`\n        :raises: :exc:`selenium.common.exceptions.TimeoutException` if timeout occurs\n        \"\"\"\n        screen = None\n        stacktrace = None\n    \n        end_time = time.monotonic() + self._timeout\n        while True:\n            try:\n                value = method(self._driver)\n                if value:\n                    return value\n            except self._ignored_exceptions as exc:\n                screen = getattr(exc, \"screen\", None)\n                stacktrace = getattr(exc, \"stacktrace\", None)\n            time.sleep(self._poll)\n            if time.monotonic() > end_time:\n                break\n>       raise TimeoutException(message, screen, stacktrace)\nE       selenium.common.exceptions.TimeoutException: Message:\n\nvenv\\Lib\\site-packages\\selenium\\webdriver\\support\\wait.py:105: TimeoutException"}, "steps": [{"name": "Click on project -'2021 International Mechanical Code'", "status": "passed", "parameters": [{"name": "project_name", "value": "'2021 International Mechanical Code'"}], "start": 1724780895981, "stop": 1724780898528}, {"name": "Click on 'View Project'", "status": "passed", "parameters": [{"name": "text", "value": "'View Project'"}], "start": 1724780898528, "stop": 1724780903117}, {"name": "Click on - 'CHAPTER 15 REFERENCED STANDARDS'", "status": "broken", "statusDetails": {"message": "selenium.common.exceptions.TimeoutException: Message: \n\n", "trace": "  File \"D:\\python program\\ICC-Shop\\venv\\Lib\\site-packages\\allure_commons\\_allure.py\", line 192, in impl\n    return func(*a, **kw)\n           ^^^^^^^^^^^^^^\n  File \"D:\\python program\\ICC-Shop\\page_objects\\view_project_page.py\", line 119, in click_on_chapter\n    chapters = self.baseclass.wait_until_elements(self.__chapter)\n               ^^^^^^^^^^^^^^^^^^^^^^^^^^^^^^^^^^^^^^^^^^^^^^^^^^\n  File \"D:\\python program\\ICC-Shop\\uitility\\baseclass.py\", line 54, in wait_until_elements\n    return self.wait.until(EC.presence_of_all_elements_located(locator))\n           ^^^^^^^^^^^^^^^^^^^^^^^^^^^^^^^^^^^^^^^^^^^^^^^^^^^^^^^^^^^^^\n  File \"D:\\python program\\ICC-Shop\\venv\\Lib\\site-packages\\selenium\\webdriver\\support\\wait.py\", line 105, in until\n    raise TimeoutException(message, screen, stacktrace)\n"}, "parameters": [{"name": "chapter_name", "value": "'CHAPTER 15 REFERENCED STANDARDS'"}], "start": 1724780903117, "stop": 1724780923804}], "attachments": [{"name": "D:\\python program\\ICC-Shop\\Screenshot/test_verify_cancel_edit_referenced_standard.png", "source": "72587bb0-3dcc-4947-9d50-fd14a90f558f-attachment.png", "type": "image/png"}], "start": 1724780895980, "stop": 1724780923807, "uuid": "47b277d7-0349-4d56-b1b1-c22510548324", "historyId": "c80337974068f96e2ea2093837a3d5f8", "testCaseId": "c80337974068f96e2ea2093837a3d5f8", "fullName": "test_cases.test_referenced_standards_overview_page.Test_Referenced_Standards_Overview#test_verify_cancel_edit_referenced_standard", "labels": [{"name": "severity", "value": "critical"}, {"name": "feature", "value": "Referenced Standards"}, {"name": "epic", "value": "Referenced_Standards"}, {"name": "tag", "value": "order(index=7)"}, {"name": "tag", "value": "Referenced_Standards"}, {"name": "parentSuite", "value": "test_cases"}, {"name": "suite", "value": "test_referenced_standards_overview_page"}, {"name": "subSuite", "value": "Test_Referenced_Standards_Overview"}, {"name": "host", "value": "IB-Pune-LAP-386"}, {"name": "thread", "value": "19644-MainThread"}, {"name": "framework", "value": "pytest"}, {"name": "language", "value": "cpython3"}, {"name": "package", "value": "test_cases.test_referenced_standards_overview_page"}]}