{"name": "Verify open chapter, Fm chapter, Appendix and Index", "status": "broken", "statusDetails": {"message": "selenium.common.exceptions.TimeoutException: Message:", "trace": "self = <test_cases.test_view_project_page.Test_View_Project_Page object at 0x000002621BEF1150>, chapter_name = 'CHAPTER 2 DEFINITIONS'\n\n    @allure.feature(\"Smart Index\")\n    @allure.title(\"Verify open chapter, Fm chapter, Appendix and Index\")\n    @allure.severity(allure.severity_level.BLOCKER)\n    @pytest.mark.parametrize(\n        \"chapter_name\",\n        [\n            \"PREFACE\",\n            \"CHAPTER 2 DEFINITIONS\",\n            \"INDEX\",\n        ],\n    )\n    def test_verify_chapter_status(self, chapter_name):\n        project_name = self.dashboardpage.check_project_display(\n            \"2021 International Mechanical Code\"\n        )\n        self.dashboardpage.click_project_name(project_name)\n        self.dashboardpage.click_dashboard_button(VIEW_PROJECT)\n    \n>       status_1 = self.viewprojectpage.get_chapter_status(chapter_name)\n\ntest_cases\\test_view_project_page.py:117: \n_ _ _ _ _ _ _ _ _ _ _ _ _ _ _ _ _ _ _ _ _ _ _ _ _ _ _ _ _ _ _ _ _ _ _ _ _ _ _ _ _ _ _ _ _ _ _ _ _ _ _ _ _ _ _ _ _ _ _ _ _ _ _ _ _ _ _ _ _ _ _ _ _ _ _ _ _ _ _ _ _ _ _ _ _\npage_objects\\view_project_page.py:152: in get_chapter_status\n    chapters = self.baseclass.wait_until_elements(self.__chapter)\nuitility\\baseclass.py:54: in wait_until_elements\n    return self.wait.until(EC.presence_of_all_elements_located(locator))\n_ _ _ _ _ _ _ _ _ _ _ _ _ _ _ _ _ _ _ _ _ _ _ _ _ _ _ _ _ _ _ _ _ _ _ _ _ _ _ _ _ _ _ _ _ _ _ _ _ _ _ _ _ _ _ _ _ _ _ _ _ _ _ _ _ _ _ _ _ _ _ _ _ _ _ _ _ _ _ _ _ _ _ _ _\n\nself = <selenium.webdriver.support.wait.WebDriverWait (session=\"e0a047559bd3bcebf126e89bba4a4a1f\")>\nmethod = <function presence_of_all_elements_located.<locals>._predicate at 0x000002621BFF9E40>, message = ''\n\n    def until(self, method: Callable[[D], Union[Literal[False], T]], message: str = \"\") -> T:\n        \"\"\"Calls the method provided with the driver as an argument until the \\\n        return value does not evaluate to ``False``.\n    \n        :param method: callable(WebDriver)\n        :param message: optional message for :exc:`TimeoutException`\n        :returns: the result of the last call to `method`\n        :raises: :exc:`selenium.common.exceptions.TimeoutException` if timeout occurs\n        \"\"\"\n        screen = None\n        stacktrace = None\n    \n        end_time = time.monotonic() + self._timeout\n        while True:\n            try:\n                value = method(self._driver)\n                if value:\n                    return value\n            except self._ignored_exceptions as exc:\n                screen = getattr(exc, \"screen\", None)\n                stacktrace = getattr(exc, \"stacktrace\", None)\n            time.sleep(self._poll)\n            if time.monotonic() > end_time:\n                break\n>       raise TimeoutException(message, screen, stacktrace)\nE       selenium.common.exceptions.TimeoutException: Message:\n\nvenv\\Lib\\site-packages\\selenium\\webdriver\\support\\wait.py:105: TimeoutException"}, "steps": [{"name": "Select Project is display on dashboard", "status": "passed", "steps": [{"name": "Selected Project 2021 International Mechanical Code", "status": "passed", "start": 1724780014906, "stop": 1724780014906}], "parameters": [{"name": "project_name", "value": "'2021 International Mechanical Code'"}], "start": 1724780011751, "stop": 1724780014906}, {"name": "Click on project -'2021 International Mechanical Code'", "status": "passed", "parameters": [{"name": "project_name", "value": "'2021 International Mechanical Code'"}], "start": 1724780014906, "stop": 1724780015504}, {"name": "Click on 'View Project'", "status": "passed", "parameters": [{"name": "text", "value": "'View Project'"}], "start": 1724780015505, "stop": 1724780020102}, {"name": "Get Chapter status from smart index", "status": "broken", "statusDetails": {"message": "selenium.common.exceptions.TimeoutException: Message: \n\n", "trace": "  File \"D:\\python program\\ICC-Shop\\venv\\Lib\\site-packages\\allure_commons\\_allure.py\", line 192, in impl\n    return func(*a, **kw)\n           ^^^^^^^^^^^^^^\n  File \"D:\\python program\\ICC-Shop\\page_objects\\view_project_page.py\", line 152, in get_chapter_status\n    chapters = self.baseclass.wait_until_elements(self.__chapter)\n               ^^^^^^^^^^^^^^^^^^^^^^^^^^^^^^^^^^^^^^^^^^^^^^^^^^\n  File \"D:\\python program\\ICC-Shop\\uitility\\baseclass.py\", line 54, in wait_until_elements\n    return self.wait.until(EC.presence_of_all_elements_located(locator))\n           ^^^^^^^^^^^^^^^^^^^^^^^^^^^^^^^^^^^^^^^^^^^^^^^^^^^^^^^^^^^^^\n  File \"D:\\python program\\ICC-Shop\\venv\\Lib\\site-packages\\selenium\\webdriver\\support\\wait.py\", line 105, in until\n    raise TimeoutException(message, screen, stacktrace)\n"}, "parameters": [{"name": "chapter_name", "value": "'CHAPTER 2 DEFINITIONS'"}], "start": 1724780020102, "stop": 1724780044780}], "attachments": [{"name": "D:\\python program\\ICC-Shop\\Screenshot/test_verify_chapter_status[CHAPTER 2 DEFINITIONS].png", "source": "76fad84b-a178-433a-b054-796260800316-attachment.png", "type": "image/png"}], "parameters": [{"name": "chapter_name", "value": "'CHAPTER 2 DEFINITIONS'"}], "start": 1724780011751, "stop": 1724780044782, "uuid": "8b641c25-23c8-40d4-8d42-ca29d1e36269", "historyId": "7e90b44a74386d875aa88d860818aed1", "testCaseId": "3cf80646785ab8dab3fafbddee5e8d9b", "fullName": "test_cases.test_view_project_page.Test_View_Project_Page#test_verify_chapter_status", "labels": [{"name": "feature", "value": "Smart Index"}, {"name": "epic", "value": "Project Overview"}, {"name": "severity", "value": "blocker"}, {"name": "tag", "value": "Project View Page"}, {"name": "tag", "value": "order(index=3)"}, {"name": "tag", "value": "View_Project"}, {"name": "parentSuite", "value": "test_cases"}, {"name": "suite", "value": "test_view_project_page"}, {"name": "subSuite", "value": "Test_View_Project_Page"}, {"name": "host", "value": "IB-Pune-LAP-386"}, {"name": "thread", "value": "19644-MainThread"}, {"name": "framework", "value": "pytest"}, {"name": "language", "value": "cpython3"}, {"name": "package", "value": "test_cases.test_view_project_page"}]}