{"name": "Verify Select Base Book", "status": "broken", "statusDetails": {"message": "selenium.common.exceptions.TimeoutException: Message: ('css selector', 'button.v-btn--loading') still visibal on screen", "trace": "self = <test_cases.test_add_project_page.Test_Add_Project_Page object at 0x000002621BB1DD10>\n\n    @allure.title(\"Verify Select Base Book\")\n    @allure.severity(allure.severity_level.CRITICAL)\n    def test_select_base_book(self):\n        self.dashboardpage.click_add_project()\n>       self.addproject_page.wait_buttons_to_load()\n\ntest_cases\\test_add_project_page.py:59: \n_ _ _ _ _ _ _ _ _ _ _ _ _ _ _ _ _ _ _ _ _ _ _ _ _ _ _ _ _ _ _ _ _ _ _ _ _ _ _ _ _ _ _ _ _ _ _ _ _ _ _ _ _ _ _ _ _ _ _ _ _ _ _ _ _ _ _ _ _ _ _ _ _ _ _ _ _ _ _ _ _ _ _ _ _\npage_objects\\add_edit_project_page.py:55: in wait_buttons_to_load\n    self.baseclass.wait_until_invisibility(self.__buttons_loading)\nuitility\\baseclass.py:108: in wait_until_invisibility\n    return self.wait.until(\n_ _ _ _ _ _ _ _ _ _ _ _ _ _ _ _ _ _ _ _ _ _ _ _ _ _ _ _ _ _ _ _ _ _ _ _ _ _ _ _ _ _ _ _ _ _ _ _ _ _ _ _ _ _ _ _ _ _ _ _ _ _ _ _ _ _ _ _ _ _ _ _ _ _ _ _ _ _ _ _ _ _ _ _ _\n\nself = <selenium.webdriver.support.wait.WebDriverWait (session=\"e0a047559bd3bcebf126e89bba4a4a1f\")>\nmethod = <function invisibility_of_element_located.<locals>._predicate at 0x000002621BF0B380>\nmessage = \"('css selector', 'button.v-btn--loading') still visibal on screen\"\n\n    def until(self, method: Callable[[D], Union[Literal[False], T]], message: str = \"\") -> T:\n        \"\"\"Calls the method provided with the driver as an argument until the \\\n        return value does not evaluate to ``False``.\n    \n        :param method: callable(WebDriver)\n        :param message: optional message for :exc:`TimeoutException`\n        :returns: the result of the last call to `method`\n        :raises: :exc:`selenium.common.exceptions.TimeoutException` if timeout occurs\n        \"\"\"\n        screen = None\n        stacktrace = None\n    \n        end_time = time.monotonic() + self._timeout\n        while True:\n            try:\n                value = method(self._driver)\n                if value:\n                    return value\n            except self._ignored_exceptions as exc:\n                screen = getattr(exc, \"screen\", None)\n                stacktrace = getattr(exc, \"stacktrace\", None)\n            time.sleep(self._poll)\n            if time.monotonic() > end_time:\n                break\n>       raise TimeoutException(message, screen, stacktrace)\nE       selenium.common.exceptions.TimeoutException: Message: ('css selector', 'button.v-btn--loading') still visibal on screen\n\nvenv\\Lib\\site-packages\\selenium\\webdriver\\support\\wait.py:105: TimeoutException"}, "steps": [{"name": "Click Add project", "status": "passed", "start": 1724779862657, "stop": 1724779862742}], "attachments": [{"name": "D:\\python program\\ICC-Shop\\Screenshot/test_select_base_book.png", "source": "825deb92-f06c-4ac8-be49-b282b0c66dad-attachment.png", "type": "image/png"}], "start": 1724779862656, "stop": 1724779880799, "uuid": "23a67036-5c1f-430d-a4d2-6bf252009a0f", "historyId": "c2e4e68d8c39e3269777afcf27720421", "testCaseId": "c2e4e68d8c39e3269777afcf27720421", "fullName": "test_cases.test_add_project_page.Test_Add_Project_Page#test_select_base_book", "labels": [{"name": "severity", "value": "critical"}, {"name": "tag", "value": "Add Project Page"}, {"name": "feature", "value": "Add Project"}, {"name": "tag", "value": "order(index=2)"}, {"name": "tag", "value": "Add_Project"}, {"name": "parentSuite", "value": "test_cases"}, {"name": "suite", "value": "test_add_project_page"}, {"name": "subSuite", "value": "Test_Add_Project_Page"}, {"name": "host", "value": "IB-Pune-LAP-386"}, {"name": "thread", "value": "19644-MainThread"}, {"name": "framework", "value": "pytest"}, {"name": "language", "value": "cpython3"}, {"name": "package", "value": "test_cases.test_add_project_page"}]}