{"name": "Verify Edit Chapter Title and Content", "status": "broken", "statusDetails": {"message": "selenium.common.exceptions.TimeoutException: Message: \nStacktrace:\n\tGetHandleVerifier [0x00007FF7C3E09632+30946]\n\t(No symbol) [0x00007FF7C3DBE3C9]\n\t(No symbol) [0x00007FF7C3CB6FDA]\n\t(No symbol) [0x00007FF7C3D0822C]\n\t(No symbol) [0x00007FF7C3D0850C]\n\t(No symbol) [0x00007FF7C3D4DCB7]\n\t(No symbol) [0x00007FF7C3D2CAAF]\n\t(No symbol) [0x00007FF7C3D4B041]\n\t(No symbol) [0x00007FF7C3D2C813]\n\t(No symbol) [0x00007FF7C3CFA6E5]\n\t(No symbol) [0x00007FF7C3CFB021]\n\tGetHandleVerifier [0x00007FF7C3F3F83D+1301229]\n\tGetHandleVerifier [0x00007FF7C3F4BDB7+1351783]\n\tGetHandleVerifier [0x00007FF7C3F42A03+1313971]\n\tGetHandleVerifier [0x00007FF7C3E3DD06+245686]\n\t(No symbol) [0x00007FF7C3DC758F]\n\t(No symbol) [0x00007FF7C3DC3804]\n\t(No symbol) [0x00007FF7C3DC3992]\n\t(No symbol) [0x00007FF7C3DBA3EF]\n\tBaseThreadInitThunk [0x00007FFBA2827374+20]\n\tRtlUserThreadStart [0x00007FFBA2DFCC91+33]", "trace": "self = <test_cases.test_chapter_overview_page.Test_Chapter_Overview object at 0x00000196D7527B90>\n\n    @allure.feature(\"Chapter\")\n    @allure.title(\"Verify Edit Chapter Title and Content\")\n    @allure.severity(allure.severity_level.BLOCKER)\n    def test_verify_edit_chapter_title_content(self):\n        self.dashboardpage.click_project_name(\"2021 International Mechanical Code\")\n        self.dashboardpage.click_dashboard_button(VIEW_PROJECT)\n        self.viewprojectpage.click_on_chapter(\"CHAPTER 4 VENTILATION\")\n        self.chap_overview.click_on_button(OPEN_CHAPTER)\n        # Save Draft\n        time.sleep(1)\n        self.chap_overview.click_on_chapter()\n>       self.chap_overview.edit_contant(CHAPTER_TITLE, \"TEST\")\n\ntest_cases\\test_chapter_overview_page.py:116: \n_ _ _ _ _ _ _ _ _ _ _ _ _ _ _ _ _ _ _ _ _ _ _ _ _ _ _ _ _ _ _ _ _ _ _ _ _ _ _ _ _ _ _ _ _ _ _ _ _ _ _ _ _ _ _ _ _ _ _ _ _ _ _ _ _ _ _ _ _ _ _ _ _ _ _ _ _ _ _ _ _ _ _ _ _ _ _ _ _ _ _ _ _ _ _ \npage_objects\\chapter_overview_page.py:151: in edit_contant\n    if content_text in self.baseclass.get_text_javascript_executor(textbox):\nuitility\\baseclass.py:93: in get_text_javascript_executor\n    element = self.wait.until(EC.presence_of_element_located(locator))\n_ _ _ _ _ _ _ _ _ _ _ _ _ _ _ _ _ _ _ _ _ _ _ _ _ _ _ _ _ _ _ _ _ _ _ _ _ _ _ _ _ _ _ _ _ _ _ _ _ _ _ _ _ _ _ _ _ _ _ _ _ _ _ _ _ _ _ _ _ _ _ _ _ _ _ _ _ _ _ _ _ _ _ _ _ _ _ _ _ _ _ _ _ _ _ \n\nself = <selenium.webdriver.support.wait.WebDriverWait (session=\"0c1d3c1848d4923d19e541070c8d812a\")>, method = <function presence_of_element_located.<locals>._predicate at 0x00000196D76A9C60>\nmessage = ''\n\n    def until(self, method: Callable[[D], Union[Literal[False], T]], message: str = \"\") -> T:\n        \"\"\"Calls the method provided with the driver as an argument until the \\\n        return value does not evaluate to ``False``.\n    \n        :param method: callable(WebDriver)\n        :param message: optional message for :exc:`TimeoutException`\n        :returns: the result of the last call to `method`\n        :raises: :exc:`selenium.common.exceptions.TimeoutException` if timeout occurs\n        \"\"\"\n        screen = None\n        stacktrace = None\n    \n        end_time = time.monotonic() + self._timeout\n        while True:\n            try:\n                value = method(self._driver)\n                if value:\n                    return value\n            except self._ignored_exceptions as exc:\n                screen = getattr(exc, \"screen\", None)\n                stacktrace = getattr(exc, \"stacktrace\", None)\n            time.sleep(self._poll)\n            if time.monotonic() > end_time:\n                break\n>       raise TimeoutException(message, screen, stacktrace)\nE       selenium.common.exceptions.TimeoutException: Message: \nE       Stacktrace:\nE       \tGetHandleVerifier [0x00007FF7C3E09632+30946]\nE       \t(No symbol) [0x00007FF7C3DBE3C9]\nE       \t(No symbol) [0x00007FF7C3CB6FDA]\nE       \t(No symbol) [0x00007FF7C3D0822C]\nE       \t(No symbol) [0x00007FF7C3D0850C]\nE       \t(No symbol) [0x00007FF7C3D4DCB7]\nE       \t(No symbol) [0x00007FF7C3D2CAAF]\nE       \t(No symbol) [0x00007FF7C3D4B041]\nE       \t(No symbol) [0x00007FF7C3D2C813]\nE       \t(No symbol) [0x00007FF7C3CFA6E5]\nE       \t(No symbol) [0x00007FF7C3CFB021]\nE       \tGetHandleVerifier [0x00007FF7C3F3F83D+1301229]\nE       \tGetHandleVerifier [0x00007FF7C3F4BDB7+1351783]\nE       \tGetHandleVerifier [0x00007FF7C3F42A03+1313971]\nE       \tGetHandleVerifier [0x00007FF7C3E3DD06+245686]\nE       \t(No symbol) [0x00007FF7C3DC758F]\nE       \t(No symbol) [0x00007FF7C3DC3804]\nE       \t(No symbol) [0x00007FF7C3DC3992]\nE       \t(No symbol) [0x00007FF7C3DBA3EF]\nE       \tBaseThreadInitThunk [0x00007FFBA2827374+20]\nE       \tRtlUserThreadStart [0x00007FFBA2DFCC91+33]\n\nvenv\\Lib\\site-packages\\selenium\\webdriver\\support\\wait.py:105: TimeoutException"}, "steps": [{"name": "Click on project -'2021 International Mechanical Code'", "status": "passed", "parameters": [{"name": "project_name", "value": "'2021 International Mechanical Code'"}], "start": 1722320205553, "stop": 1722320214839}, {"name": "Click on 'View Project'", "status": "passed", "parameters": [{"name": "text", "value": "'View Project'"}], "start": 1722320214839, "stop": 1722320226368}, {"name": "Click on - 'CHAPTER 4 VENTILATION'", "status": "passed", "parameters": [{"name": "chapter_name", "value": "'CHAPTER 4 VENTILATION'"}], "start": 1722320226368, "stop": 1722320239491}, {"name": "Click on - 'Open Chapter Or Appendix'", "status": "passed", "parameters": [{"name": "text", "value": "'Open Chapter Or Appendix'"}], "start": 1722320239491, "stop": 1722320239862}, {"name": "Click on Chapter", "status": "passed", "start": 1722320240863, "stop": 1722320249938}, {"name": "Edit content of 'Chapter Title'", "status": "broken", "statusDetails": {"message": "selenium.common.exceptions.TimeoutException: Message: \nStacktrace:\n\tGetHandleVerifier [0x00007FF7C3E09632+30946]\n\t(No symbol) [0x00007FF7C3DBE3C9]\n\t(No symbol) [0x00007FF7C3CB6FDA]\n\t(No symbol) [0x00007FF7C3D0822C]\n\t(No symbol) [0x00007FF7C3D0850C]\n\t(No symbol) [0x00007FF7C3D4DCB7]\n\t(No symbol) [0x00007FF7C3D2CAAF]\n\t(No symbol) [0x00007FF7C3D4B041]\n\t(No symbol) [0x00007FF7C3D2C813]\n\t(No symbol) [0x00007FF7C3CFA6E5]\n\t(No symbol) [0x00007FF7C3CFB021]\n\tGetHandleVerifier [0x00007FF7C3F3F83D+1301229]\n\tGetHandleVerifier [0x00007FF7C3F4BDB7+1351783]\n\tGetHandleVerifier [0x00007FF7C3F42A03+1313971]\n\tGetHandleVerifier [0x00007FF7C3E3DD06+245686]\n\t(No symbol) [0x00007FF7C3DC758F]\n\t(No symbol) [0x00007FF7C3DC3804]\n\t(No symbol) [0x00007FF7C3DC3992]\n\t(No symbol) [0x00007FF7C3DBA3EF]\n\tBaseThreadInitThunk [0x00007FFBA2827374+20]\n\tRtlUserThreadStart [0x00007FFBA2DFCC91+33]\n\n", "trace": "  File \"D:\\python program\\ICC-Shop\\venv\\Lib\\site-packages\\allure_commons\\_allure.py\", line 192, in impl\n    return func(*a, **kw)\n           ^^^^^^^^^^^^^^\n  File \"D:\\python program\\ICC-Shop\\page_objects\\chapter_overview_page.py\", line 151, in edit_contant\n    if content_text in self.baseclass.get_text_javascript_executor(textbox):\n                       ^^^^^^^^^^^^^^^^^^^^^^^^^^^^^^^^^^^^^^^^^^^^^^^^^^^^\n  File \"D:\\python program\\ICC-Shop\\uitility\\baseclass.py\", line 93, in get_text_javascript_executor\n    element = self.wait.until(EC.presence_of_element_located(locator))\n              ^^^^^^^^^^^^^^^^^^^^^^^^^^^^^^^^^^^^^^^^^^^^^^^^^^^^^^^^\n  File \"D:\\python program\\ICC-Shop\\venv\\Lib\\site-packages\\selenium\\webdriver\\support\\wait.py\", line 105, in until\n    raise TimeoutException(message, screen, stacktrace)\n"}, "parameters": [{"name": "textbox_name", "value": "'Chapter Title'"}, {"name": "content_text", "value": "'TEST'"}], "start": 1722320249938, "stop": 1722320286650}], "attachments": [{"name": "D:\\python program\\ICC-Shop\\Screenshot/test_verify_edit_chapter_title_content.png", "source": "1397351d-6211-4b1d-a190-b9331d6b9245-attachment.png", "type": "image/png"}, {"name": "stdout", "source": "3cb9fc22-fbda-4181-ab46-3ab7b3854157-attachment.txt", "type": "text/plain"}], "start": 1722320205552, "stop": 1722320286650, "uuid": "a11e827e-0d3f-4dea-a05b-a80d08ee2a2d", "historyId": "c7df776e9d5458170aa0cf9a061caa04", "testCaseId": "c7df776e9d5458170aa0cf9a061caa04", "fullName": "test_cases.test_chapter_overview_page.Test_Chapter_Overview#test_verify_edit_chapter_title_content", "labels": [{"name": "severity", "value": "blocker"}, {"name": "tag", "value": "Chapter Overview/Content page"}, {"name": "feature", "value": "Chapter"}, {"name": "epic", "value": "Chapter Overview and Content"}, {"name": "tag", "value": "run(order=4)"}, {"name": "tag", "value": "fifth"}, {"name": "parentSuite", "value": "test_cases"}, {"name": "suite", "value": "test_chapter_overview_page"}, {"name": "subSuite", "value": "Test_Chapter_Overview"}, {"name": "host", "value": "IB-Pune-LAP-386"}, {"name": "thread", "value": "2184-MainThread"}, {"name": "framework", "value": "pytest"}, {"name": "language", "value": "cpython3"}, {"name": "package", "value": "test_cases.test_chapter_overview_page"}]}