{"name": "Verify project details button", "status": "broken", "statusDetails": {"message": "selenium.common.exceptions.TimeoutException: Message: \nStacktrace:\n\tGetHandleVerifier [0x00007FF7267F9642+30946]\n\t(No symbol) [0x00007FF7267AE3D9]\n\t(No symbol) [0x00007FF7266A6FDA]\n\t(No symbol) [0x00007FF7266F822C]\n\t(No symbol) [0x00007FF7266F850C]\n\t(No symbol) [0x00007FF72673DCB7]\n\t(No symbol) [0x00007FF72671CAAF]\n\t(No symbol) [0x00007FF72673B041]\n\t(No symbol) [0x00007FF72671C813]\n\t(No symbol) [0x00007FF7266EA6E5]\n\t(No symbol) [0x00007FF7266EB021]\n\tGetHandleVerifier [0x00007FF72692F84D+1301229]\n\tGetHandleVerifier [0x00007FF72693BDC7+1351783]\n\tGetHandleVerifier [0x00007FF726932A13+1313971]\n\tGetHandleVerifier [0x00007FF72682DD16+245686]\n\t(No symbol) [0x00007FF7267B759F]\n\t(No symbol) [0x00007FF7267B3814]\n\t(No symbol) [0x00007FF7267B39A2]\n\t(No symbol) [0x00007FF7267AA3FF]\n\tBaseThreadInitThunk [0x00007FF9342D7374+20]\n\tRtlUserThreadStart [0x00007FF935A5CC91+33]", "trace": "self = <test_cases.test_dashboard_page.Test_Dashboard_Page object at 0x000002BB6A1A9150>, tab_name = 'ACTIVE PROJECTS'\n\n    @allure.title(\"Verify project details button\")\n    @allure.severity(allure.severity_level.BLOCKER)\n    @pytest.mark.parametrize(\n        \"tab_name\",\n        [\"ACTIVE PROJECTS\", \"CONTENT FINAL\"],\n    )\n    def test_project_details(self, tab_name):\n        self.dashboardpage.click_tabs(tab_name)\n        project_name_1 = self.dashboardpage.get_first_project_name()\n        title_name_1 = self.dashboardpage.get_first_title_name()\n        self.dashboardpage.click_project_name(project_name_1)\n        self.dashboardpage.click_dashboard_button(PROJECT_DETAILS)\n        time.sleep(4)\n>       project_name_2 = self.addproject_page.get_filled_text(PROJECT_NAME)\n\ntest_cases\\test_dashboard_page.py:156: \n_ _ _ _ _ _ _ _ _ _ _ _ _ _ _ _ _ _ _ _ _ _ _ _ _ _ _ _ _ _ _ _ _ _ _ _ _ _ _ _ _ _ _ _ _ _ _ _ _ _ _ _ _ _ _ _ _ _ _ _ _ _ _ _ _ _ _ _ _ _ _ _ _ _ _ _ _ _ _ _ _ _ \npage_objects\\add_edit_project_page.py:134: in get_filled_text\n    filled_text = self.baseclass.get_text_javascript_executor_textbox(\nuitility\\baseclass.py:99: in get_text_javascript_executor_textbox\n    element = self.wait.until(EC.presence_of_element_located(locator))\n_ _ _ _ _ _ _ _ _ _ _ _ _ _ _ _ _ _ _ _ _ _ _ _ _ _ _ _ _ _ _ _ _ _ _ _ _ _ _ _ _ _ _ _ _ _ _ _ _ _ _ _ _ _ _ _ _ _ _ _ _ _ _ _ _ _ _ _ _ _ _ _ _ _ _ _ _ _ _ _ _ _ \n\nself = <selenium.webdriver.support.wait.WebDriverWait (session=\"e90bf60b9e0264faae218cb450c9d5ed\")>\nmethod = <function presence_of_element_located.<locals>._predicate at 0x000002BB6A354720>, message = ''\n\n    def until(self, method: Callable[[D], Union[Literal[False], T]], message: str = \"\") -> T:\n        \"\"\"Calls the method provided with the driver as an argument until the \\\n        return value does not evaluate to ``False``.\n    \n        :param method: callable(WebDriver)\n        :param message: optional message for :exc:`TimeoutException`\n        :returns: the result of the last call to `method`\n        :raises: :exc:`selenium.common.exceptions.TimeoutException` if timeout occurs\n        \"\"\"\n        screen = None\n        stacktrace = None\n    \n        end_time = time.monotonic() + self._timeout\n        while True:\n            try:\n                value = method(self._driver)\n                if value:\n                    return value\n            except self._ignored_exceptions as exc:\n                screen = getattr(exc, \"screen\", None)\n                stacktrace = getattr(exc, \"stacktrace\", None)\n            time.sleep(self._poll)\n            if time.monotonic() > end_time:\n                break\n>       raise TimeoutException(message, screen, stacktrace)\nE       selenium.common.exceptions.TimeoutException: Message: \nE       Stacktrace:\nE       \tGetHandleVerifier [0x00007FF7267F9642+30946]\nE       \t(No symbol) [0x00007FF7267AE3D9]\nE       \t(No symbol) [0x00007FF7266A6FDA]\nE       \t(No symbol) [0x00007FF7266F822C]\nE       \t(No symbol) [0x00007FF7266F850C]\nE       \t(No symbol) [0x00007FF72673DCB7]\nE       \t(No symbol) [0x00007FF72671CAAF]\nE       \t(No symbol) [0x00007FF72673B041]\nE       \t(No symbol) [0x00007FF72671C813]\nE       \t(No symbol) [0x00007FF7266EA6E5]\nE       \t(No symbol) [0x00007FF7266EB021]\nE       \tGetHandleVerifier [0x00007FF72692F84D+1301229]\nE       \tGetHandleVerifier [0x00007FF72693BDC7+1351783]\nE       \tGetHandleVerifier [0x00007FF726932A13+1313971]\nE       \tGetHandleVerifier [0x00007FF72682DD16+245686]\nE       \t(No symbol) [0x00007FF7267B759F]\nE       \t(No symbol) [0x00007FF7267B3814]\nE       \t(No symbol) [0x00007FF7267B39A2]\nE       \t(No symbol) [0x00007FF7267AA3FF]\nE       \tBaseThreadInitThunk [0x00007FF9342D7374+20]\nE       \tRtlUserThreadStart [0x00007FF935A5CC91+33]\n\nvenv\\Lib\\site-packages\\selenium\\webdriver\\support\\wait.py:105: TimeoutException"}, "steps": [{"name": "Click tab - 'ACTIVE PROJECTS'", "status": "passed", "parameters": [{"name": "tab_name", "value": "'ACTIVE PROJECTS'"}], "start": 1724427951817, "stop": 1724427951941}, {"name": "Get firt project name", "status": "passed", "steps": [{"name": "2021 International Zoning Code", "status": "passed", "start": 1724427957042, "stop": 1724427957042}], "start": 1724427951941, "stop": 1724427957042}, {"name": "Get first title name", "status": "passed", "steps": [{"name": "IZC2021 First Printing Test", "status": "passed", "start": 1724427957126, "stop": 1724427957126}], "start": 1724427957042, "stop": 1724427957126}, {"name": "Click on project -'2021 International Zoning Code'", "status": "passed", "parameters": [{"name": "project_name", "value": "'2021 International Zoning Code'"}], "start": 1724427957126, "stop": 1724427957324}, {"name": "Click on 'Project Details'", "status": "passed", "parameters": [{"name": "text", "value": "'Project Details'"}], "start": 1724427957324, "stop": 1724427961612}, {"name": "Get filled text in textbox ", "status": "broken", "statusDetails": {"message": "selenium.common.exceptions.TimeoutException: Message: \nStacktrace:\n\tGetHandleVerifier [0x00007FF7267F9642+30946]\n\t(No symbol) [0x00007FF7267AE3D9]\n\t(No symbol) [0x00007FF7266A6FDA]\n\t(No symbol) [0x00007FF7266F822C]\n\t(No symbol) [0x00007FF7266F850C]\n\t(No symbol) [0x00007FF72673DCB7]\n\t(No symbol) [0x00007FF72671CAAF]\n\t(No symbol) [0x00007FF72673B041]\n\t(No symbol) [0x00007FF72671C813]\n\t(No symbol) [0x00007FF7266EA6E5]\n\t(No symbol) [0x00007FF7266EB021]\n\tGetHandleVerifier [0x00007FF72692F84D+1301229]\n\tGetHandleVerifier [0x00007FF72693BDC7+1351783]\n\tGetHandleVerifier [0x00007FF726932A13+1313971]\n\tGetHandleVerifier [0x00007FF72682DD16+245686]\n\t(No symbol) [0x00007FF7267B759F]\n\t(No symbol) [0x00007FF7267B3814]\n\t(No symbol) [0x00007FF7267B39A2]\n\t(No symbol) [0x00007FF7267AA3FF]\n\tBaseThreadInitThunk [0x00007FF9342D7374+20]\n\tRtlUserThreadStart [0x00007FF935A5CC91+33]\n\n", "trace": "  File \"D:\\python program\\ICC-Shop\\venv\\Lib\\site-packages\\allure_commons\\_allure.py\", line 192, in impl\n    return func(*a, **kw)\n           ^^^^^^^^^^^^^^\n  File \"D:\\python program\\ICC-Shop\\page_objects\\add_edit_project_page.py\", line 134, in get_filled_text\n    filled_text = self.baseclass.get_text_javascript_executor_textbox(\n                  ^^^^^^^^^^^^^^^^^^^^^^^^^^^^^^^^^^^^^^^^^^^^^^^^^^^^\n  File \"D:\\python program\\ICC-Shop\\uitility\\baseclass.py\", line 99, in get_text_javascript_executor_textbox\n    element = self.wait.until(EC.presence_of_element_located(locator))\n              ^^^^^^^^^^^^^^^^^^^^^^^^^^^^^^^^^^^^^^^^^^^^^^^^^^^^^^^^\n  File \"D:\\python program\\ICC-Shop\\venv\\Lib\\site-packages\\selenium\\webdriver\\support\\wait.py\", line 105, in until\n    raise TimeoutException(message, screen, stacktrace)\n"}, "parameters": [{"name": "text", "value": "'Project Name'"}], "start": 1724427965613, "stop": 1724427986291}], "attachments": [{"name": "D:\\python program\\ICC-Shop\\Screenshot/test_project_details[ACTIVE PROJECTS].png", "source": "4223a87d-86ac-4a7e-8680-d86c1e995206-attachment.png", "type": "image/png"}], "parameters": [{"name": "tab_name", "value": "'ACTIVE PROJECTS'"}], "start": 1724427951816, "stop": 1724427986293, "uuid": "c6bcf91b-55b4-4294-81be-17cc328d6ffc", "historyId": "b431bc383427e9a12b9210249a5c65e1", "testCaseId": "06ad1c48d0739d4b0d6ef52a890bbbed", "fullName": "test_cases.test_dashboard_page.Test_Dashboard_Page#test_project_details", "labels": [{"name": "feature", "value": "Dashboard"}, {"name": "severity", "value": "blocker"}, {"name": "tag", "value": "Dahsboard Page"}, {"name": "tag", "value": "order(index=1)"}, {"name": "tag", "value": "Dashboard"}, {"name": "parentSuite", "value": "test_cases"}, {"name": "suite", "value": "test_dashboard_page"}, {"name": "subSuite", "value": "Test_Dashboard_Page"}, {"name": "host", "value": "IB-Pune-LAP-386"}, {"name": "thread", "value": "19724-MainThread"}, {"name": "framework", "value": "pytest"}, {"name": "language", "value": "cpython3"}, {"name": "package", "value": "test_cases.test_dashboard_page"}]}