{"name": "Verify add Fm section with no title associated", "status": "broken", "statusDetails": {"message": "selenium.common.exceptions.TimeoutException: Message:", "trace": "self = <test_cases.test_fm_chapter_overview_page.Test_Fm_Chapter_Overview object at 0x00000196D75532D0>, Section = 'Automation Fm Section', No_title_name = 'SECTION_CONTENT'\n\n    @allure.feature(\"Frontmatter\")\n    @allure.title(\"Verify add Fm section with no title associated\")\n    @allure.severity(allure.severity_level.CRITICAL)\n    @pytest.mark.dependency(\n        depends=[\"test_verify_add_new_fm_section\", \"test_verify_add_new_fm_figure\"],\n        scope=\"class\",\n    )\n    @pytest.mark.parametrize(\n        [\"Section\", \"No_title_name\"],\n        [\n            (\"Automation Fm Section\", \"SECTION_CONTENT\"),\n            (\"Automation Fm Figure\", \"FIGURE_CONTENT\"),\n        ],\n    )\n    def test_verify_add_fm_section_with_no_title_associated(\n        self, Section, No_title_name\n    ):\n        self.dashboardpage.click_project_name(\"2021 International Mechanical Code\")\n        self.dashboardpage.click_dashboard_button(VIEW_PROJECT)\n        self.viewprojectpage.click_on_chapter(\"AUTOMATION FM FINAL\")\n        self.chap_overview.click_on_button(OPEN_CHAPTER)\n        self.chap_overview.click_on_section_on_toc(Section)\n        self.chap_overview.click_on_active_content()\n        self.chap_overview.click_fm_no_title_checkbox()\n        title_field = self.chap_overview.get_fm_title_field()\n>       self.chap_overview.click_edit_page_button(SAVE_DRAFT)\n\ntest_cases\\test_fm_chapter_overview_page.py:328: \n_ _ _ _ _ _ _ _ _ _ _ _ _ _ _ _ _ _ _ _ _ _ _ _ _ _ _ _ _ _ _ _ _ _ _ _ _ _ _ _ _ _ _ _ _ _ _ _ _ _ _ _ _ _ _ _ _ _ _ _ _ _ _ _ _ _ _ _ _ _ _ _ _ _ _ _ _ _ _ _ _ _ _ _ _ _ _ _ _ _ _ _ _ _ _ \npage_objects\\chapter_overview_page.py:209: in click_edit_page_button\n    for i in self.baseclass.wait_until_elements(self.__edit_page_buttons):\nuitility\\baseclass.py:56: in wait_until_elements\n    return self.wait.until(EC.presence_of_all_elements_located(locator))\n_ _ _ _ _ _ _ _ _ _ _ _ _ _ _ _ _ _ _ _ _ _ _ _ _ _ _ _ _ _ _ _ _ _ _ _ _ _ _ _ _ _ _ _ _ _ _ _ _ _ _ _ _ _ _ _ _ _ _ _ _ _ _ _ _ _ _ _ _ _ _ _ _ _ _ _ _ _ _ _ _ _ _ _ _ _ _ _ _ _ _ _ _ _ _ \n\nself = <selenium.webdriver.support.wait.WebDriverWait (session=\"0c1d3c1848d4923d19e541070c8d812a\")>\nmethod = <function presence_of_all_elements_located.<locals>._predicate at 0x00000196D7791A80>, message = ''\n\n    def until(self, method: Callable[[D], Union[Literal[False], T]], message: str = \"\") -> T:\n        \"\"\"Calls the method provided with the driver as an argument until the \\\n        return value does not evaluate to ``False``.\n    \n        :param method: callable(WebDriver)\n        :param message: optional message for :exc:`TimeoutException`\n        :returns: the result of the last call to `method`\n        :raises: :exc:`selenium.common.exceptions.TimeoutException` if timeout occurs\n        \"\"\"\n        screen = None\n        stacktrace = None\n    \n        end_time = time.monotonic() + self._timeout\n        while True:\n            try:\n                value = method(self._driver)\n                if value:\n                    return value\n            except self._ignored_exceptions as exc:\n                screen = getattr(exc, \"screen\", None)\n                stacktrace = getattr(exc, \"stacktrace\", None)\n            time.sleep(self._poll)\n            if time.monotonic() > end_time:\n                break\n>       raise TimeoutException(message, screen, stacktrace)\nE       selenium.common.exceptions.TimeoutException: Message:\n\nvenv\\Lib\\site-packages\\selenium\\webdriver\\support\\wait.py:105: TimeoutException"}, "steps": [{"name": "Click on project -'2021 International Mechanical Code'", "status": "passed", "parameters": [{"name": "project_name", "value": "'2021 International Mechanical Code'"}], "start": 1722322118984, "stop": 1722322121432}, {"name": "Click on 'View Project'", "status": "passed", "parameters": [{"name": "text", "value": "'View Project'"}], "start": 1722322121432, "stop": 1722322123028}, {"name": "Click on - 'AUTOMATION FM FINAL'", "status": "passed", "parameters": [{"name": "chapter_name", "value": "'AUTOMATION FM FINAL'"}], "start": 1722322123028, "stop": 1722322131320}, {"name": "Click on - 'Open Chapter Or Appendix'", "status": "passed", "parameters": [{"name": "text", "value": "'Open Chapter Or Appendix'"}], "start": 1722322131320, "stop": 1722322131548}, {"name": "Click on 'Automation Fm Section' from TOC", "status": "passed", "parameters": [{"name": "section_name", "value": "'Automation Fm Section'"}], "start": 1722322131548, "stop": 1722322132665}, {"name": "Click on Active content", "status": "passed", "start": 1722322132665, "stop": 1722322169419}, {"name": "Click no title checkbox", "status": "passed", "start": 1722322169419, "stop": 1722322200135}, {"name": "Get Title text field", "status": "passed", "steps": [{"name": true, "status": "passed", "start": 1722322206203, "stop": 1722322206203}], "start": 1722322200135, "stop": 1722322206203}, {"name": "Click on 'Save Draft'", "status": "broken", "statusDetails": {"message": "selenium.common.exceptions.TimeoutException: Message: \n\n", "trace": "  File \"D:\\python program\\ICC-Shop\\venv\\Lib\\site-packages\\allure_commons\\_allure.py\", line 192, in impl\n    return func(*a, **kw)\n           ^^^^^^^^^^^^^^\n  File \"D:\\python program\\ICC-Shop\\page_objects\\chapter_overview_page.py\", line 209, in click_edit_page_button\n    for i in self.baseclass.wait_until_elements(self.__edit_page_buttons):\n             ^^^^^^^^^^^^^^^^^^^^^^^^^^^^^^^^^^^^^^^^^^^^^^^^^^^^^^^^^^^^\n  File \"D:\\python program\\ICC-Shop\\uitility\\baseclass.py\", line 56, in wait_until_elements\n    return self.wait.until(EC.presence_of_all_elements_located(locator))\n           ^^^^^^^^^^^^^^^^^^^^^^^^^^^^^^^^^^^^^^^^^^^^^^^^^^^^^^^^^^^^^\n  File \"D:\\python program\\ICC-Shop\\venv\\Lib\\site-packages\\selenium\\webdriver\\support\\wait.py\", line 105, in until\n    raise TimeoutException(message, screen, stacktrace)\n"}, "parameters": [{"name": "button_text", "value": "'Save Draft'"}], "start": 1722322206203, "stop": 1722322236843}], "attachments": [{"name": "D:\\python program\\ICC-Shop\\Screenshot/test_verify_add_fm_section_with_no_title_associated[Automation Fm Section-SECTION_CONTENT].png", "source": "500966f0-cb38-46c9-9a0e-7b881b463e17-attachment.png", "type": "image/png"}, {"name": "stdout", "source": "327d1632-fb57-4eb1-a3dc-770aa6e21125-attachment.txt", "type": "text/plain"}], "parameters": [{"name": "Section", "value": "'Automation Fm Section'"}, {"name": "No_title_name", "value": "'SECTION_CONTENT'"}], "start": 1722322118984, "stop": 1722322236843, "uuid": "426345c7-4e7b-46ca-8641-88dd66b2b2d2", "historyId": "0ff1d524b9b2fc094f5d0bf0bb3f318b", "testCaseId": "33f9625072b1fa167a89a6ab2c507d82", "fullName": "test_cases.test_fm_chapter_overview_page.Test_Fm_Chapter_Overview#test_verify_add_fm_section_with_no_title_associated", "labels": [{"name": "feature", "value": "Frontmatter"}, {"name": "tag", "value": "Fm Chapter Overview/Content page"}, {"name": "epic", "value": "Fm Chapter Overview and Content"}, {"name": "severity", "value": "critical"}, {"name": "tag", "value": "dependency(depends=['test_verify_add_new_fm_section', 'test_verify_add_new_fm_figure'], scope='class')"}, {"name": "tag", "value": "run(order=5)"}, {"name": "tag", "value": "sixth"}, {"name": "parentSuite", "value": "test_cases"}, {"name": "suite", "value": "test_fm_chapter_overview_page"}, {"name": "subSuite", "value": "Test_Fm_Chapter_Overview"}, {"name": "host", "value": "IB-Pune-LAP-386"}, {"name": "thread", "value": "2184-MainThread"}, {"name": "framework", "value": "pytest"}, {"name": "language", "value": "cpython3"}, {"name": "package", "value": "test_cases.test_fm_chapter_overview_page"}]}