{"name": "Verify open chapter, Fm chapter, Appendix and Index", "status": "broken", "statusDetails": {"message": "selenium.common.exceptions.TimeoutException: Message:", "trace": "self = <test_cases.test_view_project_page.Test_View_Project_Page object at 0x000001885BF24410>, chapter_name = 'CHAPTER 2 DEFINITIONS'\n\n>   ???\n\nD:\\python program\\ICC-Shop\\test_cases\\test_view_project_page.py:110: \n_ _ _ _ _ _ _ _ _ _ _ _ _ _ _ _ _ _ _ _ _ _ _ _ _ _ _ _ _ _ _ _ _ _ _ _ _ _ _ _ _ _ _ _ _ _ _ _ _ _ _ _ _ _ _ _ _ _ _ _ _ _ _ _ _ _ _ _ _ _ _ _ _ _ _ _ _ _ _ _ _ _ _ _ _ _ _ _ _ _ _ _ _ _ _ _ _ _ _ _ _ _\nD:\\python program\\ICC-Shop\\page_objects\\dashboard_page.py:269: in check_project_display\n    ???\nD:\\python program\\ICC-Shop\\page_objects\\dashboard_page.py:150: in get_row_data\n    ???\nD:\\python program\\ICC-Shop\\uitility\\baseclass.py:56: in wait_until_elements\n    ???\n_ _ _ _ _ _ _ _ _ _ _ _ _ _ _ _ _ _ _ _ _ _ _ _ _ _ _ _ _ _ _ _ _ _ _ _ _ _ _ _ _ _ _ _ _ _ _ _ _ _ _ _ _ _ _ _ _ _ _ _ _ _ _ _ _ _ _ _ _ _ _ _ _ _ _ _ _ _ _ _ _ _ _ _ _ _ _ _ _ _ _ _ _ _ _ _ _ _ _ _ _ _\n\nself = <selenium.webdriver.support.wait.WebDriverWait (session=\"9a988314d4daa04d54923e3fb53893a7\")>, method = <function presence_of_all_elements_located.<locals>._predicate at 0x000001885BF41120>\nmessage = ''\n\n>   ???\nE   selenium.common.exceptions.TimeoutException: Message:\n\nD:\\python program\\ICC-Shop\\venv\\Lib\\site-packages\\selenium\\webdriver\\support\\wait.py:105: TimeoutException"}, "steps": [{"name": "Check Project is display", "status": "broken", "statusDetails": {"message": "selenium.common.exceptions.TimeoutException: Message: \n\n", "trace": "  File \"D:\\python program\\ICC-Shop\\venv\\Lib\\site-packages\\allure_commons\\_allure.py\", line 192, in impl\n  File \"D:\\python program\\ICC-Shop\\page_objects\\dashboard_page.py\", line 269, in check_project_display\n  File \"D:\\python program\\ICC-Shop\\page_objects\\dashboard_page.py\", line 150, in get_row_data\n  File \"D:\\python program\\ICC-Shop\\uitility\\baseclass.py\", line 56, in wait_until_elements\n  File \"D:\\python program\\ICC-Shop\\venv\\Lib\\site-packages\\selenium\\webdriver\\support\\wait.py\", line 105, in until\n"}, "parameters": [{"name": "project_name", "value": "'2021 International Mechanical Code'"}], "start": 1722257088265, "stop": 1722257119031}], "attachments": [{"name": "D:\\python program\\ICC-Shop\\Screenshot/test_verify_chapter_status[CHAPTER 2 DEFINITIONS].png", "source": "e7d8fade-e3c8-4929-9e53-81105c3ae771-attachment.png", "type": "image/png"}], "parameters": [{"name": "chapter_name", "value": "'CHAPTER 2 DEFINITIONS'"}], "start": 1722257088265, "stop": 1722257119031, "uuid": "c60a1e39-f560-4162-b156-527157b455b7", "historyId": "7e90b44a74386d875aa88d860818aed1", "testCaseId": "3cf80646785ab8dab3fafbddee5e8d9b", "fullName": "test_cases.test_view_project_page.Test_View_Project_Page#test_verify_chapter_status", "labels": [{"name": "severity", "value": "blocker"}, {"name": "tag", "value": "Project View Page"}, {"name": "feature", "value": "Smart Index"}, {"name": "epic", "value": "Project Overview"}, {"name": "tag", "value": "run(order=3)"}, {"name": "tag", "value": "fourth"}, {"name": "parentSuite", "value": "test_cases"}, {"name": "suite", "value": "test_view_project_page"}, {"name": "subSuite", "value": "Test_View_Project_Page"}, {"name": "host", "value": "IB-Pune-LAP-386"}, {"name": "thread", "value": "12824-MainThread"}, {"name": "framework", "value": "pytest"}, {"name": "language", "value": "cpython3"}, {"name": "package", "value": "test_cases.test_view_project_page"}]}