{"name": "Verify Delete Appendix", "status": "broken", "statusDetails": {"message": "selenium.common.exceptions.TimeoutException: Message:", "trace": "self = <test_cases.test_appendix_overview_page.Test_Appendix_Overview object at 0x00000196D7526490>\n\n    @allure.feature(\"Appendix\")\n    @allure.title(\"Verify Delete Appendix\")\n    @allure.severity(allure.severity_level.BLOCKER)\n    @pytest.mark.dependency(depends=[\"test_verify_add_new_appendix\"], scope=\"class\")\n    def test_verify_delete_appendix_chapter(self):\n        self.dashboardpage.click_project_name(\"2021 International Mechanical Code\")\n        self.dashboardpage.click_dashboard_button(VIEW_PROJECT)\n        self.viewprojectpage.click_on_chapter(\"AUTOMATION APPENDIX\")\n        self.chap_overview.click_on_button(OPEN_CHAPTER)\n        time.sleep(1)\n        self.chap_overview.click_on_chapter()\n>       self.chap_overview.click_edit_page_button(DELETE)\n\ntest_cases\\test_appendix_overview_page.py:506: \n_ _ _ _ _ _ _ _ _ _ _ _ _ _ _ _ _ _ _ _ _ _ _ _ _ _ _ _ _ _ _ _ _ _ _ _ _ _ _ _ _ _ _ _ _ _ _ _ _ _ _ _ _ _ _ _ _ _ _ _ _ _ _ _ _ _ _ _ _ _ _ _ _ _ _ _ _ _ _ _ _ _ _ _ _ _ _ _ _ _ _ _ _ _ _ \npage_objects\\chapter_overview_page.py:209: in click_edit_page_button\n    for i in self.baseclass.wait_until_elements(self.__edit_page_buttons):\nuitility\\baseclass.py:56: in wait_until_elements\n    return self.wait.until(EC.presence_of_all_elements_located(locator))\n_ _ _ _ _ _ _ _ _ _ _ _ _ _ _ _ _ _ _ _ _ _ _ _ _ _ _ _ _ _ _ _ _ _ _ _ _ _ _ _ _ _ _ _ _ _ _ _ _ _ _ _ _ _ _ _ _ _ _ _ _ _ _ _ _ _ _ _ _ _ _ _ _ _ _ _ _ _ _ _ _ _ _ _ _ _ _ _ _ _ _ _ _ _ _ \n\nself = <selenium.webdriver.support.wait.WebDriverWait (session=\"0c1d3c1848d4923d19e541070c8d812a\")>\nmethod = <function presence_of_all_elements_located.<locals>._predicate at 0x00000196D7792A20>, message = ''\n\n    def until(self, method: Callable[[D], Union[Literal[False], T]], message: str = \"\") -> T:\n        \"\"\"Calls the method provided with the driver as an argument until the \\\n        return value does not evaluate to ``False``.\n    \n        :param method: callable(WebDriver)\n        :param message: optional message for :exc:`TimeoutException`\n        :returns: the result of the last call to `method`\n        :raises: :exc:`selenium.common.exceptions.TimeoutException` if timeout occurs\n        \"\"\"\n        screen = None\n        stacktrace = None\n    \n        end_time = time.monotonic() + self._timeout\n        while True:\n            try:\n                value = method(self._driver)\n                if value:\n                    return value\n            except self._ignored_exceptions as exc:\n                screen = getattr(exc, \"screen\", None)\n                stacktrace = getattr(exc, \"stacktrace\", None)\n            time.sleep(self._poll)\n            if time.monotonic() > end_time:\n                break\n>       raise TimeoutException(message, screen, stacktrace)\nE       selenium.common.exceptions.TimeoutException: Message:\n\nvenv\\Lib\\site-packages\\selenium\\webdriver\\support\\wait.py:105: TimeoutException"}, "steps": [{"name": "Click on project -'2021 International Mechanical Code'", "status": "passed", "parameters": [{"name": "project_name", "value": "'2021 International Mechanical Code'"}], "start": 1722323482926, "stop": 1722323502635}, {"name": "Click on 'View Project'", "status": "passed", "parameters": [{"name": "text", "value": "'View Project'"}], "start": 1722323502635, "stop": 1722323513545}, {"name": "Click on - 'AUTOMATION APPENDIX'", "status": "passed", "parameters": [{"name": "chapter_name", "value": "'AUTOMATION APPENDIX'"}], "start": 1722323513545, "stop": 1722323525736}, {"name": "Click on - 'Open Chapter Or Appendix'", "status": "passed", "parameters": [{"name": "text", "value": "'Open Chapter Or Appendix'"}], "start": 1722323525736, "stop": 1722323525970}, {"name": "Click on Chapter", "status": "passed", "start": 1722323526971, "stop": 1722323535369}, {"name": "Click on 'Delete'", "status": "broken", "statusDetails": {"message": "selenium.common.exceptions.TimeoutException: Message: \n\n", "trace": "  File \"D:\\python program\\ICC-Shop\\venv\\Lib\\site-packages\\allure_commons\\_allure.py\", line 192, in impl\n    return func(*a, **kw)\n           ^^^^^^^^^^^^^^\n  File \"D:\\python program\\ICC-Shop\\page_objects\\chapter_overview_page.py\", line 209, in click_edit_page_button\n    for i in self.baseclass.wait_until_elements(self.__edit_page_buttons):\n             ^^^^^^^^^^^^^^^^^^^^^^^^^^^^^^^^^^^^^^^^^^^^^^^^^^^^^^^^^^^^\n  File \"D:\\python program\\ICC-Shop\\uitility\\baseclass.py\", line 56, in wait_until_elements\n    return self.wait.until(EC.presence_of_all_elements_located(locator))\n           ^^^^^^^^^^^^^^^^^^^^^^^^^^^^^^^^^^^^^^^^^^^^^^^^^^^^^^^^^^^^^\n  File \"D:\\python program\\ICC-Shop\\venv\\Lib\\site-packages\\selenium\\webdriver\\support\\wait.py\", line 105, in until\n    raise TimeoutException(message, screen, stacktrace)\n"}, "parameters": [{"name": "button_text", "value": "'Delete'"}], "start": 1722323535369, "stop": 1722323566087}], "attachments": [{"name": "D:\\python program\\ICC-Shop\\Screenshot/test_verify_delete_appendix_chapter.png", "source": "054691fe-2dfb-4189-b2b1-287d7b3fd7b3-attachment.png", "type": "image/png"}, {"name": "stdout", "source": "9e8c32c2-2b81-44e1-89ca-5a3724ee2d36-attachment.txt", "type": "text/plain"}], "start": 1722323482926, "stop": 1722323566087, "uuid": "218c976c-6d7b-467d-9adb-cf5b2b763cd6", "historyId": "beaeea58975a89d963645752ce83bbd8", "testCaseId": "beaeea58975a89d963645752ce83bbd8", "fullName": "test_cases.test_appendix_overview_page.Test_Appendix_Overview#test_verify_delete_appendix_chapter", "labels": [{"name": "severity", "value": "blocker"}, {"name": "feature", "value": "Appendix"}, {"name": "epic", "value": "Appendix Overview and Content"}, {"name": "tag", "value": "Appendix Overview/Content page"}, {"name": "tag", "value": "dependency(depends=['test_verify_add_new_appendix'], scope='class')"}, {"name": "tag", "value": "run(order=6)"}, {"name": "tag", "value": "seventh"}, {"name": "parentSuite", "value": "test_cases"}, {"name": "suite", "value": "test_appendix_overview_page"}, {"name": "subSuite", "value": "Test_Appendix_Overview"}, {"name": "host", "value": "IB-Pune-LAP-386"}, {"name": "thread", "value": "2184-MainThread"}, {"name": "framework", "value": "pytest"}, {"name": "language", "value": "cpython3"}, {"name": "package", "value": "test_cases.test_appendix_overview_page"}]}