{"name": "Verify Add new appendix", "status": "broken", "statusDetails": {"message": "selenium.common.exceptions.TimeoutException: Message:", "trace": "self = <test_cases.test_appendix_overview_page.Test_Appendix_Overview object at 0x000002621BA820D0>\n\n    @allure.feature(\"Appendix\")\n    @allure.title(\"Verify Add new appendix\")\n    @allure.severity(allure.severity_level.BLOCKER)\n    @pytest.mark.dependency()\n    def test_verify_add_new_appendix(self):\n        self.dashboardpage.click_project_name(\"2021 International Mechanical Code\")\n        self.dashboardpage.click_dashboard_button(VIEW_PROJECT)\n>       appendix_ordinal = self.appen_overview.get_last_appendix_ordinal()\n\ntest_cases\\test_appendix_overview_page.py:152: \n_ _ _ _ _ _ _ _ _ _ _ _ _ _ _ _ _ _ _ _ _ _ _ _ _ _ _ _ _ _ _ _ _ _ _ _ _ _ _ _ _ _ _ _ _ _ _ _ _ _ _ _ _ _ _ _ _ _ _ _ _ _ _ _ _ _ _ _ _ _ _ _ _ _ _ _ _ _ _ _ _ _ _ _ _\npage_objects\\appendix_overview_page.py:21: in get_last_appendix_ordinal\n    for i in self.baseclass.wait_until_elements(self.__chapter):\nuitility\\baseclass.py:54: in wait_until_elements\n    return self.wait.until(EC.presence_of_all_elements_located(locator))\n_ _ _ _ _ _ _ _ _ _ _ _ _ _ _ _ _ _ _ _ _ _ _ _ _ _ _ _ _ _ _ _ _ _ _ _ _ _ _ _ _ _ _ _ _ _ _ _ _ _ _ _ _ _ _ _ _ _ _ _ _ _ _ _ _ _ _ _ _ _ _ _ _ _ _ _ _ _ _ _ _ _ _ _ _\n\nself = <selenium.webdriver.support.wait.WebDriverWait (session=\"e0a047559bd3bcebf126e89bba4a4a1f\")>\nmethod = <function presence_of_all_elements_located.<locals>._predicate at 0x000002621C0296C0>, message = ''\n\n    def until(self, method: Callable[[D], Union[Literal[False], T]], message: str = \"\") -> T:\n        \"\"\"Calls the method provided with the driver as an argument until the \\\n        return value does not evaluate to ``False``.\n    \n        :param method: callable(WebDriver)\n        :param message: optional message for :exc:`TimeoutException`\n        :returns: the result of the last call to `method`\n        :raises: :exc:`selenium.common.exceptions.TimeoutException` if timeout occurs\n        \"\"\"\n        screen = None\n        stacktrace = None\n    \n        end_time = time.monotonic() + self._timeout\n        while True:\n            try:\n                value = method(self._driver)\n                if value:\n                    return value\n            except self._ignored_exceptions as exc:\n                screen = getattr(exc, \"screen\", None)\n                stacktrace = getattr(exc, \"stacktrace\", None)\n            time.sleep(self._poll)\n            if time.monotonic() > end_time:\n                break\n>       raise TimeoutException(message, screen, stacktrace)\nE       selenium.common.exceptions.TimeoutException: Message:\n\nvenv\\Lib\\site-packages\\selenium\\webdriver\\support\\wait.py:105: TimeoutException"}, "steps": [{"name": "Click on project -'2021 International Mechanical Code'", "status": "passed", "parameters": [{"name": "project_name", "value": "'2021 International Mechanical Code'"}], "start": 1724780768902, "stop": 1724780771134}, {"name": "Click on 'View Project'", "status": "passed", "parameters": [{"name": "text", "value": "'View Project'"}], "start": 1724780771134, "stop": 1724780775687}], "attachments": [{"name": "D:\\python program\\ICC-Shop\\Screenshot/test_verify_add_new_appendix.png", "source": "f44bba42-0505-49cd-963f-c7d9878712a3-attachment.png", "type": "image/png"}], "start": 1724780768902, "stop": 1724780796304, "uuid": "dafda3ba-640a-4811-87dd-2494da3a598b", "historyId": "fd61f6b2fc6cd4eb44eb31b7c6c07e36", "testCaseId": "fd61f6b2fc6cd4eb44eb31b7c6c07e36", "fullName": "test_cases.test_appendix_overview_page.Test_Appendix_Overview#test_verify_add_new_appendix", "labels": [{"name": "tag", "value": "Appendix Overview/Content page"}, {"name": "severity", "value": "blocker"}, {"name": "epic", "value": "Appendix Overview and Content"}, {"name": "feature", "value": "Appendix"}, {"name": "tag", "value": "dependency"}, {"name": "tag", "value": "order(index=6)"}, {"name": "tag", "value": "Appendix"}, {"name": "parentSuite", "value": "test_cases"}, {"name": "suite", "value": "test_appendix_overview_page"}, {"name": "subSuite", "value": "Test_Appendix_Overview"}, {"name": "host", "value": "IB-Pune-LAP-386"}, {"name": "thread", "value": "19644-MainThread"}, {"name": "framework", "value": "pytest"}, {"name": "language", "value": "cpython3"}, {"name": "package", "value": "test_cases.test_appendix_overview_page"}]}