{"name": "Verify change sequence of Fm chapter", "status": "broken", "statusDetails": {"message": "selenium.common.exceptions.TimeoutException: Message:", "trace": "self = <test_cases.test_view_project_page.Test_View_Project_Page object at 0x0000022DA8AE2010>\n\n    @allure.feature(\"Sort Order\")\n    @allure.title(\"Verify change sequence of Fm chapter\")\n    @allure.severity(allure.severity_level.BLOCKER)\n    def test_verify_change_sequence_of_Fm_chapter(self):\n        project_name = self.dashboardpage.check_project_display(\n            \"2021 International Mechanical Code\"\n        )\n        self.dashboardpage.click_project_name(project_name)\n        self.dashboardpage.click_dashboard_button(VIEW_PROJECT)\n        self.viewprojectpage.get_project_heading_name()\n        self.viewprojectpage.click_sort_order_button()\n        time.sleep(1.0)\n>       self.viewprojectpage.drag_drop_fm_chapter(\"COPYRIGHT\", \"PREFACE\")\n\ntest_cases\\test_view_project_page.py:152: \n_ _ _ _ _ _ _ _ _ _ _ _ _ _ _ _ _ _ _ _ _ _ _ _ _ _ _ _ _ _ _ _ _ _ _ _ _ _ _ _ _ _ _ _ _ _ _ _ _ _ _ _ _ _ _ _ _ _ _ _ _ _ _ _ _ _ _ _ _ _ _ _ _ _ _ _ _ _ _ _ _ _ _ _ _\npage_objects\\view_project_page.py:191: in drag_drop_fm_chapter\n    for i in self.baseclass.wait_until_elements(self.__draggable_option):\nuitility\\baseclass.py:54: in wait_until_elements\n    return self.wait.until(EC.presence_of_all_elements_located(locator))\n_ _ _ _ _ _ _ _ _ _ _ _ _ _ _ _ _ _ _ _ _ _ _ _ _ _ _ _ _ _ _ _ _ _ _ _ _ _ _ _ _ _ _ _ _ _ _ _ _ _ _ _ _ _ _ _ _ _ _ _ _ _ _ _ _ _ _ _ _ _ _ _ _ _ _ _ _ _ _ _ _ _ _ _ _\n\nself = <selenium.webdriver.support.wait.WebDriverWait (session=\"63e37fba597bd9afbfa72f29639a1dc7\")>\nmethod = <function presence_of_all_elements_located.<locals>._predicate at 0x0000022DA8BE1800>, message = ''\n\n    def until(self, method: Callable[[D], Union[Literal[False], T]], message: str = \"\") -> T:\n        \"\"\"Calls the method provided with the driver as an argument until the \\\n        return value does not evaluate to ``False``.\n    \n        :param method: callable(WebDriver)\n        :param message: optional message for :exc:`TimeoutException`\n        :returns: the result of the last call to `method`\n        :raises: :exc:`selenium.common.exceptions.TimeoutException` if timeout occurs\n        \"\"\"\n        screen = None\n        stacktrace = None\n    \n        end_time = time.monotonic() + self._timeout\n        while True:\n            try:\n                value = method(self._driver)\n                if value:\n                    return value\n            except self._ignored_exceptions as exc:\n                screen = getattr(exc, \"screen\", None)\n                stacktrace = getattr(exc, \"stacktrace\", None)\n            time.sleep(self._poll)\n            if time.monotonic() > end_time:\n                break\n>       raise TimeoutException(message, screen, stacktrace)\nE       selenium.common.exceptions.TimeoutException: Message:\n\nvenv\\Lib\\site-packages\\selenium\\webdriver\\support\\wait.py:105: TimeoutException"}, "steps": [{"name": "Select Project is display on dashboard", "status": "passed", "steps": [{"name": "Selected Project 2021 International Mechanical Code", "status": "passed", "start": 1724820799187, "stop": 1724820799187}], "parameters": [{"name": "project_name", "value": "'2021 International Mechanical Code'"}], "start": 1724820796895, "stop": 1724820799187}, {"name": "Click on project -'2021 International Mechanical Code'", "status": "passed", "parameters": [{"name": "project_name", "value": "'2021 International Mechanical Code'"}], "start": 1724820799187, "stop": 1724820799810}, {"name": "Click on 'View Project'", "status": "passed", "parameters": [{"name": "text", "value": "'View Project'"}], "start": 1724820799810, "stop": 1724820804433}, {"name": "Get Project heading", "status": "passed", "steps": [{"name": "2021 International Mechanical Code", "status": "passed", "start": 1724820804481, "stop": 1724820804481}], "start": 1724820804434, "stop": 1724820804481}, {"name": "Click sort order button", "status": "passed", "start": 1724820804481, "stop": 1724820804599}, {"name": "Drag 'COPYRIGHT' drop to 'PREFACE'", "status": "broken", "statusDetails": {"message": "selenium.common.exceptions.TimeoutException: Message: \n\n", "trace": "  File \"D:\\python program\\ICC-Shop\\venv\\Lib\\site-packages\\allure_commons\\_allure.py\", line 192, in impl\n    return func(*a, **kw)\n           ^^^^^^^^^^^^^^\n  File \"D:\\python program\\ICC-Shop\\page_objects\\view_project_page.py\", line 191, in drag_drop_fm_chapter\n    for i in self.baseclass.wait_until_elements(self.__draggable_option):\n             ^^^^^^^^^^^^^^^^^^^^^^^^^^^^^^^^^^^^^^^^^^^^^^^^^^^^^^^^^^^\n  File \"D:\\python program\\ICC-Shop\\uitility\\baseclass.py\", line 54, in wait_until_elements\n    return self.wait.until(EC.presence_of_all_elements_located(locator))\n           ^^^^^^^^^^^^^^^^^^^^^^^^^^^^^^^^^^^^^^^^^^^^^^^^^^^^^^^^^^^^^\n  File \"D:\\python program\\ICC-Shop\\venv\\Lib\\site-packages\\selenium\\webdriver\\support\\wait.py\", line 105, in until\n    raise TimeoutException(message, screen, stacktrace)\n"}, "parameters": [{"name": "drag_text", "value": "'COPYRIGHT'"}, {"name": "drop_text", "value": "'PREFACE'"}], "start": 1724820805600, "stop": 1724820826359}], "attachments": [{"name": "D:\\python program\\ICC-Shop\\Screenshot/test_verify_change_sequence_of_Fm_chapter.png", "source": "5e0cacf2-1cdc-4e99-9d2e-5f7bfa96b07d-attachment.png", "type": "image/png"}], "start": 1724820796895, "stop": 1724820826361, "uuid": "bef63d40-8d07-4eb1-9ee8-fb1423b9aa92", "historyId": "f08c15d6abf05cd04b07bbadc8cbce32", "testCaseId": "f08c15d6abf05cd04b07bbadc8cbce32", "fullName": "test_cases.test_view_project_page.Test_View_Project_Page#test_verify_change_sequence_of_Fm_chapter", "labels": [{"name": "feature", "value": "Sort Order"}, {"name": "severity", "value": "blocker"}, {"name": "tag", "value": "Project View Page"}, {"name": "epic", "value": "Project Overview"}, {"name": "tag", "value": "order(index=3)"}, {"name": "tag", "value": "View_Project"}, {"name": "parentSuite", "value": "test_cases"}, {"name": "suite", "value": "test_view_project_page"}, {"name": "subSuite", "value": "Test_View_Project_Page"}, {"name": "host", "value": "IB-Pune-LAP-386"}, {"name": "thread", "value": "1972-MainThread"}, {"name": "framework", "value": "pytest"}, {"name": "language", "value": "cpython3"}, {"name": "package", "value": "test_cases.test_view_project_page"}]}