{"name": "Verify cancel edit figure", "status": "broken", "statusDetails": {"message": "Exception: Loadder still showing on screen", "trace": "self = <uitility.baseclass.Baseclass object at 0x00000189DD667DD0>\n\n    def wait_loadder_dissappried(self):\n        try:\n>           self.wait_until_invisibility(self.loader)\n\nuitility\\baseclass.py:176: \n_ _ _ _ _ _ _ _ _ _ _ _ _ _ _ _ _ _ _ _ _ _ _ _ _ _ _ _ _ _ _ _ _ _ _ _ _ _ _ _ _ _ _ _ _ _ _ _ _ _ _ _ _ _ _ _ _ _ _ _ _ _ _ _ _ _ _ _ _ _ _ _ _ _ _ _ _ _ _ _ _ _ _ _ _ _ _ _ _ _\nuitility\\baseclass.py:110: in wait_until_invisibility\n    return self.wait.until(\n_ _ _ _ _ _ _ _ _ _ _ _ _ _ _ _ _ _ _ _ _ _ _ _ _ _ _ _ _ _ _ _ _ _ _ _ _ _ _ _ _ _ _ _ _ _ _ _ _ _ _ _ _ _ _ _ _ _ _ _ _ _ _ _ _ _ _ _ _ _ _ _ _ _ _ _ _ _ _ _ _ _ _ _ _ _ _ _ _ _\n\nself = <selenium.webdriver.support.wait.WebDriverWait (session=\"a7f908185fa0b73aa9a33f25a285b218\")>\nmethod = <function invisibility_of_element_located.<locals>._predicate at 0x00000189DD609260>\nmessage = \"('css selector', 'div.v-layout>div.v-progress-circular') still visibal on screen\"\n\n    def until(self, method: Callable[[D], Union[Literal[False], T]], message: str = \"\") -> T:\n        \"\"\"Calls the method provided with the driver as an argument until the \\\n        return value does not evaluate to ``False``.\n    \n        :param method: callable(WebDriver)\n        :param message: optional message for :exc:`TimeoutException`\n        :returns: the result of the last call to `method`\n        :raises: :exc:`selenium.common.exceptions.TimeoutException` if timeout occurs\n        \"\"\"\n        screen = None\n        stacktrace = None\n    \n        end_time = time.monotonic() + self._timeout\n        while True:\n            try:\n                value = method(self._driver)\n                if value:\n                    return value\n            except self._ignored_exceptions as exc:\n                screen = getattr(exc, \"screen\", None)\n                stacktrace = getattr(exc, \"stacktrace\", None)\n            time.sleep(self._poll)\n            if time.monotonic() > end_time:\n                break\n>       raise TimeoutException(message, screen, stacktrace)\nE       selenium.common.exceptions.TimeoutException: Message: ('css selector', 'div.v-layout>div.v-progress-circular') still visibal on screen\n\nvenv\\Lib\\site-packages\\selenium\\webdriver\\support\\wait.py:105: TimeoutException\n\nDuring handling of the above exception, another exception occurred:\n\nself = <test_cases.test_chapter_overview_page.Test_Chapter_Overview object at 0x00000189DD52EC90>, fig_name = 'Automation Section Figure'\n\n    @allure.feature(\"Figure\")\n    @allure.title(\"Verify cancel edit figure\")\n    @allure.severity(allure.severity_level.CRITICAL)\n    @pytest.mark.dependency(\n        depends=[\"test_verify_add_figure_at_section\"], scope=\"class\"\n    )\n    @pytest.mark.parametrize(\n        \"fig_name\", [\"Automation Section Figure\", \"Automation Sub Section Figure\"]\n    )\n    def test_verify_cancel_edit_figure(self, fig_name):\n        self.dashboardpage.click_project_name(\"2021 International Mechanical Code\")\n        self.dashboardpage.click_dashboard_button(VIEW_PROJECT)\n>       self.viewprojectpage.click_on_chapter(\"CHAPTER 16 AUTOMATION TEST\")\n\ntest_cases\\test_chapter_overview_page.py:401: \n_ _ _ _ _ _ _ _ _ _ _ _ _ _ _ _ _ _ _ _ _ _ _ _ _ _ _ _ _ _ _ _ _ _ _ _ _ _ _ _ _ _ _ _ _ _ _ _ _ _ _ _ _ _ _ _ _ _ _ _ _ _ _ _ _ _ _ _ _ _ _ _ _ _ _ _ _ _ _ _ _ _ _ _ _ _ _ _ _ _\npage_objects\\view_project_page.py:126: in click_on_chapter\n    self.baseclass.wait_loadder_dissappried()\n_ _ _ _ _ _ _ _ _ _ _ _ _ _ _ _ _ _ _ _ _ _ _ _ _ _ _ _ _ _ _ _ _ _ _ _ _ _ _ _ _ _ _ _ _ _ _ _ _ _ _ _ _ _ _ _ _ _ _ _ _ _ _ _ _ _ _ _ _ _ _ _ _ _ _ _ _ _ _ _ _ _ _ _ _ _ _ _ _ _\n\nself = <uitility.baseclass.Baseclass object at 0x00000189DD667DD0>\n\n    def wait_loadder_dissappried(self):\n        try:\n            self.wait_until_invisibility(self.loader)\n        except:\n>           raise Exception(\"Loadder still showing on screen\")\nE           Exception: Loadder still showing on screen\n\nuitility\\baseclass.py:178: Exception"}, "steps": [{"name": "Click on project -'2021 International Mechanical Code'", "status": "passed", "parameters": [{"name": "project_name", "value": "'2021 International Mechanical Code'"}], "start": 1722262644801, "stop": 1722262650759}, {"name": "Click on 'View Project'", "status": "passed", "parameters": [{"name": "text", "value": "'View Project'"}], "start": 1722262650759, "stop": 1722262651302}, {"name": "Click on - 'CHAPTER 16 AUTOMATION TEST'", "status": "broken", "statusDetails": {"message": "Exception: Loadder still showing on screen\n", "trace": "  File \"D:\\python program\\ICC-Shop\\venv\\Lib\\site-packages\\allure_commons\\_allure.py\", line 192, in impl\n    return func(*a, **kw)\n           ^^^^^^^^^^^^^^\n  File \"D:\\python program\\ICC-Shop\\page_objects\\view_project_page.py\", line 126, in click_on_chapter\n    self.baseclass.wait_loadder_dissappried()\n  File \"D:\\python program\\ICC-Shop\\uitility\\baseclass.py\", line 178, in wait_loadder_dissappried\n    raise Exception(\"Loadder still showing on screen\")\n"}, "parameters": [{"name": "chapter_name", "value": "'CHAPTER 16 AUTOMATION TEST'"}], "start": 1722262651302, "stop": 1722262677821}], "attachments": [{"name": "D:\\python program\\ICC-Shop\\Screenshot/test_verify_cancel_edit_figure[Automation Section Figure].png", "source": "02293528-5344-4a19-ad40-30ab445d520e-attachment.png", "type": "image/png"}], "parameters": [{"name": "fig_name", "value": "'Automation Section Figure'"}], "start": 1722262644801, "stop": 1722262677824, "uuid": "998927d0-1db2-4a83-9fb0-a95675b10bf0", "historyId": "6b03d815b8f3b66ffca403f5caedb0cf", "testCaseId": "97dfd733cfc04aa86a88b97107ef12f5", "fullName": "test_cases.test_chapter_overview_page.Test_Chapter_Overview#test_verify_cancel_edit_figure", "labels": [{"name": "epic", "value": "Chapter Overview and Content"}, {"name": "tag", "value": "Chapter Overview/Content page"}, {"name": "feature", "value": "Figure"}, {"name": "severity", "value": "critical"}, {"name": "tag", "value": "dependency(depends=['test_verify_add_figure_at_section'], scope='class')"}, {"name": "tag", "value": "run(order=4)"}, {"name": "tag", "value": "fifth"}, {"name": "parentSuite", "value": "test_cases"}, {"name": "suite", "value": "test_chapter_overview_page"}, {"name": "subSuite", "value": "Test_Chapter_Overview"}, {"name": "host", "value": "IB-Pune-LAP-386"}, {"name": "thread", "value": "12404-MainThread"}, {"name": "framework", "value": "pytest"}, {"name": "language", "value": "cpython3"}, {"name": "package", "value": "test_cases.test_chapter_overview_page"}]}