{"name": "Verify Delete chapter", "status": "broken", "statusDetails": {"message": "selenium.common.exceptions.TimeoutException: Message:", "trace": "self = <test_cases.test_chapter_overview_page.Test_Chapter_Overview object at 0x000001E7BA101950>\n\n    @allure.feature(\"Chapter\")\n    @allure.title(\"Verify Delete chapter\")\n    @allure.severity(allure.severity_level.BLOCKER)\n    @pytest.mark.dependency(depends=[\"test_verify_add_new_chapter\"], scope=\"class\")\n    def test_verify_delete_new_chapter(self):\n        self.dashboardpage.click_project_name(\"2021 International Mechanical Code\")\n        self.dashboardpage.click_dashboard_button(VIEW_PROJECT)\n        self.viewprojectpage.click_on_chapter(\"CHAPTER 16 AUTOMATION TEST\")\n        self.chap_overview.click_on_button(OPEN_CHAPTER)\n        time.sleep(2)\n        self.chap_overview.click_on_chapter()\n        self.chap_overview.click_edit_page_button(DELETE_CHAPTER)\n        self.chap_overview.click_on_delete_checkbox()\n        self.chap_overview.click_relocate_alt_button(DELETE)\n        alt_msg = self.viewprojectpage.get_alert_message()\n>       result = self.viewprojectpage.check_chapter_deleted(\n            \"CHAPTER 16 AUTOMATION TEST\"\n        )\n\ntest_cases\\test_chapter_overview_page.py:504: \n_ _ _ _ _ _ _ _ _ _ _ _ _ _ _ _ _ _ _ _ _ _ _ _ _ _ _ _ _ _ _ _ _ _ _ _ _ _ _ _ _ _ _ _ _ _ _ _ _ _ _ _ _ _ _ _ _ _ _ _ _ _ _ _ _ _ _ _ _ _ _ _ _ _ _ _ _ _ _ _ _ _ _ _ _ _ _ _ _ _ _ _ _ _ _ _ _ _ _ _ _ _ _ _ _ _ _ _ _ _ _ _ _ _ _ _ _ _ _ _ _ _ _ _ _ _ _ \npage_objects\\view_project_page.py:163: in check_chapter_deleted\n    for i in self.baseclass.wait_until_elements(self.__chapter):\nuitility\\baseclass.py:56: in wait_until_elements\n    return self.wait.until(EC.presence_of_all_elements_located(locator))\n_ _ _ _ _ _ _ _ _ _ _ _ _ _ _ _ _ _ _ _ _ _ _ _ _ _ _ _ _ _ _ _ _ _ _ _ _ _ _ _ _ _ _ _ _ _ _ _ _ _ _ _ _ _ _ _ _ _ _ _ _ _ _ _ _ _ _ _ _ _ _ _ _ _ _ _ _ _ _ _ _ _ _ _ _ _ _ _ _ _ _ _ _ _ _ _ _ _ _ _ _ _ _ _ _ _ _ _ _ _ _ _ _ _ _ _ _ _ _ _ _ _ _ _ _ _ _ \n\nself = <selenium.webdriver.support.wait.WebDriverWait (session=\"de159b273d888e08147de9a9d4ae0d26\")>, method = <function presence_of_all_elements_located.<locals>._predicate at 0x000001E7BB4BE7A0>, message = ''\n\n    def until(self, method: Callable[[D], Union[Literal[False], T]], message: str = \"\") -> T:\n        \"\"\"Calls the method provided with the driver as an argument until the \\\n        return value does not evaluate to ``False``.\n    \n        :param method: callable(WebDriver)\n        :param message: optional message for :exc:`TimeoutException`\n        :returns: the result of the last call to `method`\n        :raises: :exc:`selenium.common.exceptions.TimeoutException` if timeout occurs\n        \"\"\"\n        screen = None\n        stacktrace = None\n    \n        end_time = time.monotonic() + self._timeout\n        while True:\n            try:\n                value = method(self._driver)\n                if value:\n                    return value\n            except self._ignored_exceptions as exc:\n                screen = getattr(exc, \"screen\", None)\n                stacktrace = getattr(exc, \"stacktrace\", None)\n            time.sleep(self._poll)\n            if time.monotonic() > end_time:\n                break\n>       raise TimeoutException(message, screen, stacktrace)\nE       selenium.common.exceptions.TimeoutException: Message:\n\nvenv\\Lib\\site-packages\\selenium\\webdriver\\support\\wait.py:105: TimeoutException"}, "steps": [{"name": "Click on project -'2021 International Mechanical Code'", "status": "passed", "parameters": [{"name": "project_name", "value": "'2021 International Mechanical Code'"}], "start": 1722329010394, "stop": 1722329014888}, {"name": "Click on 'View Project'", "status": "passed", "parameters": [{"name": "text", "value": "'View Project'"}], "start": 1722329014888, "stop": 1722329022162}, {"name": "Click on - 'CHAPTER 16 AUTOMATION TEST'", "status": "passed", "parameters": [{"name": "chapter_name", "value": "'CHAPTER 16 AUTOMATION TEST'"}], "start": 1722329022162, "stop": 1722329031747}, {"name": "Click on - 'Open Chapter Or Appendix'", "status": "passed", "parameters": [{"name": "text", "value": "'Open Chapter Or Appendix'"}], "start": 1722329031747, "stop": 1722329034354}, {"name": "Click on Chapter", "status": "passed", "start": 1722329036365, "stop": 1722329044397}, {"name": "Click on 'Delete Entire Chapter'", "status": "passed", "parameters": [{"name": "button_text", "value": "'Delete Entire Chapter'"}], "start": 1722329044397, "stop": 1722329044504}, {"name": "click on Delete conformation Checkbox", "status": "passed", "start": 1722329044505, "stop": 1722329044793}, {"name": "click on 'Delete'", "status": "passed", "parameters": [{"name": "button_text", "value": "'Delete'"}], "start": 1722329044793, "stop": 1722329044907}, {"name": "Get alert message", "status": "passed", "steps": [{"name": "An error occurred. Please try again later.", "status": "passed", "start": 1722329052330, "stop": 1722329052330}], "start": 1722329044907, "stop": 1722329052330}, {"name": "Check chapter deleted", "status": "broken", "statusDetails": {"message": "selenium.common.exceptions.TimeoutException: Message: \n\n", "trace": "  File \"D:\\python program\\ICC-Shop\\venv\\Lib\\site-packages\\allure_commons\\_allure.py\", line 192, in impl\n    return func(*a, **kw)\n           ^^^^^^^^^^^^^^\n  File \"D:\\python program\\ICC-Shop\\page_objects\\view_project_page.py\", line 163, in check_chapter_deleted\n    for i in self.baseclass.wait_until_elements(self.__chapter):\n             ^^^^^^^^^^^^^^^^^^^^^^^^^^^^^^^^^^^^^^^^^^^^^^^^^^\n  File \"D:\\python program\\ICC-Shop\\uitility\\baseclass.py\", line 56, in wait_until_elements\n    return self.wait.until(EC.presence_of_all_elements_located(locator))\n           ^^^^^^^^^^^^^^^^^^^^^^^^^^^^^^^^^^^^^^^^^^^^^^^^^^^^^^^^^^^^^\n  File \"D:\\python program\\ICC-Shop\\venv\\Lib\\site-packages\\selenium\\webdriver\\support\\wait.py\", line 105, in until\n    raise TimeoutException(message, screen, stacktrace)\n"}, "parameters": [{"name": "chapter_name", "value": "'CHAPTER 16 AUTOMATION TEST'"}], "start": 1722329052330, "stop": 1722329083003}], "attachments": [{"name": "D:\\python program\\ICC-Shop\\Screenshot/test_verify_delete_new_chapter.png", "source": "913e4be1-e321-46a9-8df8-21dde31d116e-attachment.png", "type": "image/png"}], "start": 1722329010393, "stop": 1722329083003, "uuid": "c177e982-105c-40e5-a349-12eadd29107d", "historyId": "91061f98a687c08c930f158ad59bcc79", "testCaseId": "91061f98a687c08c930f158ad59bcc79", "fullName": "test_cases.test_chapter_overview_page.Test_Chapter_Overview#test_verify_delete_new_chapter", "labels": [{"name": "epic", "value": "Chapter Overview and Content"}, {"name": "severity", "value": "blocker"}, {"name": "tag", "value": "Chapter Overview/Content page"}, {"name": "feature", "value": "Chapter"}, {"name": "tag", "value": "dependency(depends=['test_verify_add_new_chapter'], scope='class')"}, {"name": "tag", "value": "run(order=4)"}, {"name": "tag", "value": "fifth"}, {"name": "parentSuite", "value": "test_cases"}, {"name": "suite", "value": "test_chapter_overview_page"}, {"name": "subSuite", "value": "Test_Chapter_Overview"}, {"name": "host", "value": "IB-Pune-LAP-386"}, {"name": "thread", "value": "12692-MainThread"}, {"name": "framework", "value": "pytest"}, {"name": "language", "value": "cpython3"}, {"name": "package", "value": "test_cases.test_chapter_overview_page"}]}