{"name": "Verify Add new chapter", "status": "broken", "statusDetails": {"message": "selenium.common.exceptions.TimeoutException: Message:", "trace": "self = <test_cases.test_chapter_overview_page.Test_Chapter_Overview object at 0x000001885BE6D650>\n\n    @allure.feature(\"Chapter\")\n    @allure.title(\"Verify Add new chapter\")\n    @allure.severity(allure.severity_level.BLOCKER)\n    @pytest.mark.dependency()\n    def test_verify_add_new_chapter(self):\n>       self.dashboardpage.click_project_name(\"2021 International Mechanical Code\")\n\ntest_cases\\test_chapter_overview_page.py:156: \n_ _ _ _ _ _ _ _ _ _ _ _ _ _ _ _ _ _ _ _ _ _ _ _ _ _ _ _ _ _ _ _ _ _ _ _ _ _ _ _ _ _ _ _ _ _ _ _ _ _ _ _ _ _ _ _ _ _ _ _ _ _ _ _ _ _ _ _ _ _ _ _ _ _ _ _ _ _ _ _ _ _ _ _ _ _ _ _ _ _ _ _ _ _ _ _ _ _ _ _ _ _\npage_objects\\dashboard_page.py:210: in click_project_name\n    for i in self.get_row_data(\"Project Name\"):\npage_objects\\dashboard_page.py:150: in get_row_data\n    return self.baseclass.wait_until_elements(\nuitility\\baseclass.py:56: in wait_until_elements\n    return self.wait.until(EC.presence_of_all_elements_located(locator))\n_ _ _ _ _ _ _ _ _ _ _ _ _ _ _ _ _ _ _ _ _ _ _ _ _ _ _ _ _ _ _ _ _ _ _ _ _ _ _ _ _ _ _ _ _ _ _ _ _ _ _ _ _ _ _ _ _ _ _ _ _ _ _ _ _ _ _ _ _ _ _ _ _ _ _ _ _ _ _ _ _ _ _ _ _ _ _ _ _ _ _ _ _ _ _ _ _ _ _ _ _ _\n\nself = <selenium.webdriver.support.wait.WebDriverWait (session=\"9a988314d4daa04d54923e3fb53893a7\")>, method = <function presence_of_all_elements_located.<locals>._predicate at 0x000001885C09C9A0>\nmessage = ''\n\n    def until(self, method: Callable[[D], Union[Literal[False], T]], message: str = \"\") -> T:\n        \"\"\"Calls the method provided with the driver as an argument until the \\\n        return value does not evaluate to ``False``.\n    \n        :param method: callable(WebDriver)\n        :param message: optional message for :exc:`TimeoutException`\n        :returns: the result of the last call to `method`\n        :raises: :exc:`selenium.common.exceptions.TimeoutException` if timeout occurs\n        \"\"\"\n        screen = None\n        stacktrace = None\n    \n        end_time = time.monotonic() + self._timeout\n        while True:\n            try:\n                value = method(self._driver)\n                if value:\n                    return value\n            except self._ignored_exceptions as exc:\n                screen = getattr(exc, \"screen\", None)\n                stacktrace = getattr(exc, \"stacktrace\", None)\n            time.sleep(self._poll)\n            if time.monotonic() > end_time:\n                break\n>       raise TimeoutException(message, screen, stacktrace)\nE       selenium.common.exceptions.TimeoutException: Message:\n\nvenv\\Lib\\site-packages\\selenium\\webdriver\\support\\wait.py:105: TimeoutException"}, "steps": [{"name": "Click on project -'2021 International Mechanical Code'", "status": "broken", "statusDetails": {"message": "selenium.common.exceptions.TimeoutException: Message: \n\n", "trace": "  File \"D:\\python program\\ICC-Shop\\venv\\Lib\\site-packages\\allure_commons\\_allure.py\", line 192, in impl\n    return func(*a, **kw)\n           ^^^^^^^^^^^^^^\n  File \"D:\\python program\\ICC-Shop\\page_objects\\dashboard_page.py\", line 210, in click_project_name\n    for i in self.get_row_data(\"Project Name\"):\n             ^^^^^^^^^^^^^^^^^^^^^^^^^^^^^^^^^\n  File \"D:\\python program\\ICC-Shop\\page_objects\\dashboard_page.py\", line 150, in get_row_data\n    return self.baseclass.wait_until_elements(\n           ^^^^^^^^^^^^^^^^^^^^^^^^^^^^^^^^^^^\n  File \"D:\\python program\\ICC-Shop\\uitility\\baseclass.py\", line 56, in wait_until_elements\n    return self.wait.until(EC.presence_of_all_elements_located(locator))\n           ^^^^^^^^^^^^^^^^^^^^^^^^^^^^^^^^^^^^^^^^^^^^^^^^^^^^^^^^^^^^^\n  File \"D:\\python program\\ICC-Shop\\venv\\Lib\\site-packages\\selenium\\webdriver\\support\\wait.py\", line 105, in until\n    raise TimeoutException(message, screen, stacktrace)\n"}, "parameters": [{"name": "project_name", "value": "'2021 International Mechanical Code'"}], "start": 1722257333878, "stop": 1722257364589}], "attachments": [{"name": "D:\\python program\\ICC-Shop\\Screenshot/test_verify_add_new_chapter.png", "source": "9f8d4f6b-2565-486c-b8a4-903b291e2b01-attachment.png", "type": "image/png"}], "start": 1722257333877, "stop": 1722257364589, "uuid": "97993d0c-7ae0-40bd-97a7-8bedee1c34af", "historyId": "4c9b8b9f5b888750e9be00a4874b750a", "testCaseId": "4c9b8b9f5b888750e9be00a4874b750a", "fullName": "test_cases.test_chapter_overview_page.Test_Chapter_Overview#test_verify_add_new_chapter", "labels": [{"name": "feature", "value": "Chapter"}, {"name": "epic", "value": "Chapter Overview and Content"}, {"name": "severity", "value": "blocker"}, {"name": "tag", "value": "Chapter Overview/Content page"}, {"name": "tag", "value": "dependency"}, {"name": "tag", "value": "run(order=4)"}, {"name": "tag", "value": "fifth"}, {"name": "parentSuite", "value": "test_cases"}, {"name": "suite", "value": "test_chapter_overview_page"}, {"name": "subSuite", "value": "Test_Chapter_Overview"}, {"name": "host", "value": "IB-Pune-LAP-386"}, {"name": "thread", "value": "12824-MainThread"}, {"name": "framework", "value": "pytest"}, {"name": "language", "value": "cpython3"}, {"name": "package", "value": "test_cases.test_chapter_overview_page"}]}