{"name": "Verify Cancel Edited Chapter content", "status": "broken", "statusDetails": {"message": "selenium.common.exceptions.TimeoutException: Message:", "trace": "self = <test_cases.test_chapter_overview_page.Test_Chapter_Overview object at 0x0000029367C819D0>\n\n    @allure.feature(\"Chapter\")\n    @allure.title(\"Verify Cancel Edited Chapter content\")\n    @allure.severity(allure.severity_level.CRITICAL)\n    def test_verify_cancel_edit_chapter(self):\n        self.dashboardpage.click_project_name(\"2021 International Mechanical Code\")\n        self.dashboardpage.click_dashboard_button(VIEW_PROJECT)\n        self.viewprojectpage.click_on_chapter(\"CHAPTER 4 VENTILATION\")\n        self.chap_overview.click_on_button(OPEN_CHAPTER)\n        act_chap_name = self.chap_overview.get_chapter_heading()\n        time.sleep(0.5)\n        self.chap_overview.click_on_chapter()\n        self.chap_overview.enter_text_in_textbox(CHAPTER_TITLE, \" UPDATE\")\n        edited_text = self.chap_overview.get_edit_heading_text()\n        time.sleep(1)\n        self.chap_overview.click_edit_page_button(CANCEL)\n>       self.chap_overview.click_on_alert_button(YES_PROCEED)\n\ntest_cases\\test_chapter_overview_page.py:100: \n_ _ _ _ _ _ _ _ _ _ _ _ _ _ _ _ _ _ _ _ _ _ _ _ _ _ _ _ _ _ _ _ _ _ _ _ _ _ _ _ _ _ _ _ _ _ _ _ _ _ _ _ _ _ _ _ _ _ _ _ _ _ _ _ _ _ _ _ _ _ _ _ _ _ _ _ _ _ _ _ _ _ _ _ _ _ _ _ _ _ _ _ _ _ _\npage_objects\\chapter_overview_page.py:140: in click_on_alert_button\n    for i in self.baseclass.wait_until_elements(self.__alert_buttons):\nuitility\\baseclass.py:56: in wait_until_elements\n    return self.wait.until(EC.presence_of_all_elements_located(locator))\n_ _ _ _ _ _ _ _ _ _ _ _ _ _ _ _ _ _ _ _ _ _ _ _ _ _ _ _ _ _ _ _ _ _ _ _ _ _ _ _ _ _ _ _ _ _ _ _ _ _ _ _ _ _ _ _ _ _ _ _ _ _ _ _ _ _ _ _ _ _ _ _ _ _ _ _ _ _ _ _ _ _ _ _ _ _ _ _ _ _ _ _ _ _ _\n\nself = <selenium.webdriver.support.wait.WebDriverWait (session=\"eb3b95b8543d0570ae19f3892eed36c1\")>\nmethod = <function presence_of_all_elements_located.<locals>._predicate at 0x0000029367CF51C0>, message = ''\n\n    def until(self, method: Callable[[D], Union[Literal[False], T]], message: str = \"\") -> T:\n        \"\"\"Calls the method provided with the driver as an argument until the \\\n        return value does not evaluate to ``False``.\n    \n        :param method: callable(WebDriver)\n        :param message: optional message for :exc:`TimeoutException`\n        :returns: the result of the last call to `method`\n        :raises: :exc:`selenium.common.exceptions.TimeoutException` if timeout occurs\n        \"\"\"\n        screen = None\n        stacktrace = None\n    \n        end_time = time.monotonic() + self._timeout\n        while True:\n            try:\n                value = method(self._driver)\n                if value:\n                    return value\n            except self._ignored_exceptions as exc:\n                screen = getattr(exc, \"screen\", None)\n                stacktrace = getattr(exc, \"stacktrace\", None)\n            time.sleep(self._poll)\n            if time.monotonic() > end_time:\n                break\n>       raise TimeoutException(message, screen, stacktrace)\nE       selenium.common.exceptions.TimeoutException: Message:\n\nvenv\\Lib\\site-packages\\selenium\\webdriver\\support\\wait.py:105: TimeoutException"}, "steps": [{"name": "Click on project -'2021 International Mechanical Code'", "status": "passed", "parameters": [{"name": "project_name", "value": "'2021 International Mechanical Code'"}], "start": 1722268020222, "stop": 1722268024838}, {"name": "Click on 'View Project'", "status": "passed", "parameters": [{"name": "text", "value": "'View Project'"}], "start": 1722268024838, "stop": 1722268032062}, {"name": "Click on - 'CHAPTER 4 VENTILATION'", "status": "passed", "parameters": [{"name": "chapter_name", "value": "'CHAPTER 4 VENTILATION'"}], "start": 1722268032062, "stop": 1722268040912}, {"name": "Click on - 'Open Chapter Or Appendix'", "status": "passed", "parameters": [{"name": "text", "value": "'Open Chapter Or Appendix'"}], "start": 1722268040912, "stop": 1722268041355}, {"name": "Get Chapter heading", "status": "passed", "steps": [{"name": "CHAPTER 4 VENTILATION", "status": "passed", "start": 1722268041404, "stop": 1722268041404}], "start": 1722268041355, "stop": 1722268041404}, {"name": "Click on Chapter", "status": "passed", "start": 1722268041906, "stop": 1722268044154}, {"name": "Enter text in 'Chapter Title'", "status": "passed", "parameters": [{"name": "textbox_name", "value": "'Chapter Title'"}, {"name": "text", "value": "' UPDATE'"}], "start": 1722268044154, "stop": 1722268080934}, {"name": "Get Edit heading Text", "status": "passed", "steps": [{"name": "401.2 Ventilation required.", "status": "passed", "start": 1722268085934, "stop": 1722268085934}], "start": 1722268080934, "stop": 1722268085934}, {"name": "Click on 'Cancel'", "status": "passed", "parameters": [{"name": "button_text", "value": "'Cancel'"}], "start": 1722268086935, "stop": 1722268087115}, {"name": "Click on 'Yes, proceed'", "status": "broken", "statusDetails": {"message": "selenium.common.exceptions.TimeoutException: Message: \n\n", "trace": "  File \"D:\\python program\\ICC-Shop\\venv\\Lib\\site-packages\\allure_commons\\_allure.py\", line 192, in impl\n    return func(*a, **kw)\n           ^^^^^^^^^^^^^^\n  File \"D:\\python program\\ICC-Shop\\page_objects\\chapter_overview_page.py\", line 140, in click_on_alert_button\n    for i in self.baseclass.wait_until_elements(self.__alert_buttons):\n             ^^^^^^^^^^^^^^^^^^^^^^^^^^^^^^^^^^^^^^^^^^^^^^^^^^^^^^^^\n  File \"D:\\python program\\ICC-Shop\\uitility\\baseclass.py\", line 56, in wait_until_elements\n    return self.wait.until(EC.presence_of_all_elements_located(locator))\n           ^^^^^^^^^^^^^^^^^^^^^^^^^^^^^^^^^^^^^^^^^^^^^^^^^^^^^^^^^^^^^\n  File \"D:\\python program\\ICC-Shop\\venv\\Lib\\site-packages\\selenium\\webdriver\\support\\wait.py\", line 105, in until\n    raise TimeoutException(message, screen, stacktrace)\n"}, "parameters": [{"name": "button_text", "value": "'Yes, proceed'"}], "start": 1722268087116, "stop": 1722268118065}], "attachments": [{"name": "D:\\python program\\ICC-Shop\\Screenshot/test_verify_cancel_edit_chapter.png", "source": "cd88ade1-d7b5-4f49-9a3e-551484bc29f1-attachment.png", "type": "image/png"}, {"name": "stdout", "source": "1b4d82cf-23d2-4aed-9aa4-3239cb6c72f5-attachment.txt", "type": "text/plain"}], "start": 1722268020222, "stop": 1722268118065, "uuid": "e407df62-9fd0-4745-b812-b74fc9e22010", "historyId": "548623bdc69a0ef660018aa768c50520", "testCaseId": "548623bdc69a0ef660018aa768c50520", "fullName": "test_cases.test_chapter_overview_page.Test_Chapter_Overview#test_verify_cancel_edit_chapter", "labels": [{"name": "epic", "value": "Chapter Overview and Content"}, {"name": "tag", "value": "Chapter Overview/Content page"}, {"name": "feature", "value": "Chapter"}, {"name": "severity", "value": "critical"}, {"name": "tag", "value": "run(order=4)"}, {"name": "tag", "value": "fifth"}, {"name": "parentSuite", "value": "test_cases"}, {"name": "suite", "value": "test_chapter_overview_page"}, {"name": "subSuite", "value": "Test_Chapter_Overview"}, {"name": "host", "value": "IB-Pune-LAP-386"}, {"name": "thread", "value": "18588-MainThread"}, {"name": "framework", "value": "pytest"}, {"name": "language", "value": "cpython3"}, {"name": "package", "value": "test_cases.test_chapter_overview_page"}]}