{"name": "Verify Open Appendix content", "status": "broken", "statusDetails": {"message": "selenium.common.exceptions.TimeoutException: Message:", "trace": "self = <test_cases.test_appendix_overview_page.Test_Appendix_Overview object at 0x000002621BE6BC10>\n\n    @allure.feature(\"Appendix\")\n    @allure.title(\"Verify Open Appendix content\")\n    @allure.severity(allure.severity_level.BLOCKER)\n    def test_verify_open_Appendix_content(self):\n        self.dashboardpage.click_project_name(\"2021 International Mechanical Code\")\n        self.dashboardpage.click_dashboard_button(VIEW_PROJECT)\n    \n>       status_overview_page = self.viewprojectpage.get_chapter_status(\n            \"APPENDIX B RECOMMENDED PERMIT FEE SCHEDULE\"\n        )\n\ntest_cases\\test_appendix_overview_page.py:53: \n_ _ _ _ _ _ _ _ _ _ _ _ _ _ _ _ _ _ _ _ _ _ _ _ _ _ _ _ _ _ _ _ _ _ _ _ _ _ _ _ _ _ _ _ _ _ _ _ _ _ _ _ _ _ _ _ _ _ _ _ _ _ _ _ _ _ _ _ _ _ _ _ _ _ _ _ _ _ _ _ _ _ _ _ _\npage_objects\\view_project_page.py:152: in get_chapter_status\n    chapters = self.baseclass.wait_until_elements(self.__chapter)\nuitility\\baseclass.py:54: in wait_until_elements\n    return self.wait.until(EC.presence_of_all_elements_located(locator))\n_ _ _ _ _ _ _ _ _ _ _ _ _ _ _ _ _ _ _ _ _ _ _ _ _ _ _ _ _ _ _ _ _ _ _ _ _ _ _ _ _ _ _ _ _ _ _ _ _ _ _ _ _ _ _ _ _ _ _ _ _ _ _ _ _ _ _ _ _ _ _ _ _ _ _ _ _ _ _ _ _ _ _ _ _\n\nself = <selenium.webdriver.support.wait.WebDriverWait (session=\"e0a047559bd3bcebf126e89bba4a4a1f\")>\nmethod = <function presence_of_all_elements_located.<locals>._predicate at 0x000002621C02ACA0>, message = ''\n\n    def until(self, method: Callable[[D], Union[Literal[False], T]], message: str = \"\") -> T:\n        \"\"\"Calls the method provided with the driver as an argument until the \\\n        return value does not evaluate to ``False``.\n    \n        :param method: callable(WebDriver)\n        :param message: optional message for :exc:`TimeoutException`\n        :returns: the result of the last call to `method`\n        :raises: :exc:`selenium.common.exceptions.TimeoutException` if timeout occurs\n        \"\"\"\n        screen = None\n        stacktrace = None\n    \n        end_time = time.monotonic() + self._timeout\n        while True:\n            try:\n                value = method(self._driver)\n                if value:\n                    return value\n            except self._ignored_exceptions as exc:\n                screen = getattr(exc, \"screen\", None)\n                stacktrace = getattr(exc, \"stacktrace\", None)\n            time.sleep(self._poll)\n            if time.monotonic() > end_time:\n                break\n>       raise TimeoutException(message, screen, stacktrace)\nE       selenium.common.exceptions.TimeoutException: Message:\n\nvenv\\Lib\\site-packages\\selenium\\webdriver\\support\\wait.py:105: TimeoutException"}, "steps": [{"name": "Click on project -'2021 International Mechanical Code'", "status": "passed", "parameters": [{"name": "project_name", "value": "'2021 International Mechanical Code'"}], "start": 1724780675980, "stop": 1724780677775}, {"name": "Click on 'View Project'", "status": "passed", "parameters": [{"name": "text", "value": "'View Project'"}], "start": 1724780677775, "stop": 1724780682393}, {"name": "Get Chapter status from smart index", "status": "broken", "statusDetails": {"message": "selenium.common.exceptions.TimeoutException: Message: \n\n", "trace": "  File \"D:\\python program\\ICC-Shop\\venv\\Lib\\site-packages\\allure_commons\\_allure.py\", line 192, in impl\n    return func(*a, **kw)\n           ^^^^^^^^^^^^^^\n  File \"D:\\python program\\ICC-Shop\\page_objects\\view_project_page.py\", line 152, in get_chapter_status\n    chapters = self.baseclass.wait_until_elements(self.__chapter)\n               ^^^^^^^^^^^^^^^^^^^^^^^^^^^^^^^^^^^^^^^^^^^^^^^^^^\n  File \"D:\\python program\\ICC-Shop\\uitility\\baseclass.py\", line 54, in wait_until_elements\n    return self.wait.until(EC.presence_of_all_elements_located(locator))\n           ^^^^^^^^^^^^^^^^^^^^^^^^^^^^^^^^^^^^^^^^^^^^^^^^^^^^^^^^^^^^^\n  File \"D:\\python program\\ICC-Shop\\venv\\Lib\\site-packages\\selenium\\webdriver\\support\\wait.py\", line 105, in until\n    raise TimeoutException(message, screen, stacktrace)\n"}, "parameters": [{"name": "chapter_name", "value": "'APPENDIX B RECOMMENDED PERMIT FEE SCHEDULE'"}], "start": 1724780682393, "stop": 1724780707153}], "attachments": [{"name": "D:\\python program\\ICC-Shop\\Screenshot/test_verify_open_Appendix_content.png", "source": "48cbb3ce-9fcb-4e8c-8b73-5d24de63a589-attachment.png", "type": "image/png"}], "start": 1724780675979, "stop": 1724780707154, "uuid": "e8db67a1-5780-4e4d-a79c-b75fedbaf589", "historyId": "25f14260298781e20c81937ce67550b4", "testCaseId": "25f14260298781e20c81937ce67550b4", "fullName": "test_cases.test_appendix_overview_page.Test_Appendix_Overview#test_verify_open_Appendix_content", "labels": [{"name": "tag", "value": "Appendix Overview/Content page"}, {"name": "severity", "value": "blocker"}, {"name": "epic", "value": "Appendix Overview and Content"}, {"name": "feature", "value": "Appendix"}, {"name": "tag", "value": "order(index=6)"}, {"name": "tag", "value": "Appendix"}, {"name": "parentSuite", "value": "test_cases"}, {"name": "suite", "value": "test_appendix_overview_page"}, {"name": "subSuite", "value": "Test_Appendix_Overview"}, {"name": "host", "value": "IB-Pune-LAP-386"}, {"name": "thread", "value": "19644-MainThread"}, {"name": "framework", "value": "pytest"}, {"name": "language", "value": "cpython3"}, {"name": "package", "value": "test_cases.test_appendix_overview_page"}]}