{"name": "Verify Add new chapter", "status": "broken", "statusDetails": {"message": "selenium.common.exceptions.TimeoutException: Message:", "trace": "self = <test_cases.test_chapter_overview_page.Test_Chapter_Overview object at 0x000002621BE863D0>\n\n    @allure.feature(\"Chapter\")\n    @allure.title(\"Verify Add new chapter\")\n    @allure.severity(allure.severity_level.BLOCKER)\n    @pytest.mark.dependency()\n    def test_verify_add_new_chapter(self):\n        self.dashboardpage.click_project_name(\"2021 International Mechanical Code\")\n        self.dashboardpage.click_dashboard_button(VIEW_PROJECT)\n>       chapter_number = self.viewprojectpage.get_last_cahpter_number()\n\ntest_cases\\test_chapter_overview_page.py:140: \n_ _ _ _ _ _ _ _ _ _ _ _ _ _ _ _ _ _ _ _ _ _ _ _ _ _ _ _ _ _ _ _ _ _ _ _ _ _ _ _ _ _ _ _ _ _ _ _ _ _ _ _ _ _ _ _ _ _ _ _ _ _ _ _ _ _ _ _ _ _ _ _ _ _ _ _ _ _ _ _ _ _ _ _ _\npage_objects\\view_project_page.py:131: in get_last_cahpter_number\n    for i in self.baseclass.wait_until_elements(self.__chapter):\nuitility\\baseclass.py:54: in wait_until_elements\n    return self.wait.until(EC.presence_of_all_elements_located(locator))\n_ _ _ _ _ _ _ _ _ _ _ _ _ _ _ _ _ _ _ _ _ _ _ _ _ _ _ _ _ _ _ _ _ _ _ _ _ _ _ _ _ _ _ _ _ _ _ _ _ _ _ _ _ _ _ _ _ _ _ _ _ _ _ _ _ _ _ _ _ _ _ _ _ _ _ _ _ _ _ _ _ _ _ _ _\n\nself = <selenium.webdriver.support.wait.WebDriverWait (session=\"e0a047559bd3bcebf126e89bba4a4a1f\")>\nmethod = <function presence_of_all_elements_located.<locals>._predicate at 0x000002621BFFB560>, message = ''\n\n    def until(self, method: Callable[[D], Union[Literal[False], T]], message: str = \"\") -> T:\n        \"\"\"Calls the method provided with the driver as an argument until the \\\n        return value does not evaluate to ``False``.\n    \n        :param method: callable(WebDriver)\n        :param message: optional message for :exc:`TimeoutException`\n        :returns: the result of the last call to `method`\n        :raises: :exc:`selenium.common.exceptions.TimeoutException` if timeout occurs\n        \"\"\"\n        screen = None\n        stacktrace = None\n    \n        end_time = time.monotonic() + self._timeout\n        while True:\n            try:\n                value = method(self._driver)\n                if value:\n                    return value\n            except self._ignored_exceptions as exc:\n                screen = getattr(exc, \"screen\", None)\n                stacktrace = getattr(exc, \"stacktrace\", None)\n            time.sleep(self._poll)\n            if time.monotonic() > end_time:\n                break\n>       raise TimeoutException(message, screen, stacktrace)\nE       selenium.common.exceptions.TimeoutException: Message:\n\nvenv\\Lib\\site-packages\\selenium\\webdriver\\support\\wait.py:105: TimeoutException"}, "steps": [{"name": "Click on project -'2021 International Mechanical Code'", "status": "passed", "parameters": [{"name": "project_name", "value": "'2021 International Mechanical Code'"}], "start": 1724780245742, "stop": 1724780248970}, {"name": "Click on 'View Project'", "status": "passed", "parameters": [{"name": "text", "value": "'View Project'"}], "start": 1724780248970, "stop": 1724780253496}], "attachments": [{"name": "D:\\python program\\ICC-Shop\\Screenshot/test_verify_add_new_chapter.png", "source": "4309d652-f1db-450d-a6b7-1f01b80056b3-attachment.png", "type": "image/png"}], "start": 1724780245741, "stop": 1724780274166, "uuid": "a5399e9c-6abb-46cb-8634-412c0b3c59d9", "historyId": "4c9b8b9f5b888750e9be00a4874b750a", "testCaseId": "4c9b8b9f5b888750e9be00a4874b750a", "fullName": "test_cases.test_chapter_overview_page.Test_Chapter_Overview#test_verify_add_new_chapter", "labels": [{"name": "severity", "value": "blocker"}, {"name": "tag", "value": "Chapter Overview/Content page"}, {"name": "feature", "value": "Chapter"}, {"name": "epic", "value": "Chapter Overview and Content"}, {"name": "tag", "value": "dependency"}, {"name": "tag", "value": "order(index=4)"}, {"name": "tag", "value": "Chapter"}, {"name": "parentSuite", "value": "test_cases"}, {"name": "suite", "value": "test_chapter_overview_page"}, {"name": "subSuite", "value": "Test_Chapter_Overview"}, {"name": "host", "value": "IB-Pune-LAP-386"}, {"name": "thread", "value": "19644-MainThread"}, {"name": "framework", "value": "pytest"}, {"name": "language", "value": "cpython3"}, {"name": "package", "value": "test_cases.test_chapter_overview_page"}]}