{"name": "Verify Fm_chapter name on sort order popup", "status": "broken", "statusDetails": {"message": "selenium.common.exceptions.TimeoutException: Message:", "trace": "self = <test_cases.test_view_project_page.Test_View_Project_Page object at 0x0000022DA8AE1CD0>\n\n    @allure.feature(\"Sort Order\")\n    @allure.title(\"Verify Fm_chapter name on sort order popup\")\n    @allure.severity(allure.severity_level.CRITICAL)\n    def test_verify_Fm_chapter_names(self):\n        project_name = self.dashboardpage.check_project_display(\n            \"2021 International Mechanical Code\"\n        )\n        self.dashboardpage.click_project_name(project_name)\n        self.dashboardpage.click_dashboard_button(VIEW_PROJECT)\n    \n>       fm_chap_smt_index = self.viewprojectpage.get_all_fm_chapter_name()\n\ntest_cases\\test_view_project_page.py:135: \n_ _ _ _ _ _ _ _ _ _ _ _ _ _ _ _ _ _ _ _ _ _ _ _ _ _ _ _ _ _ _ _ _ _ _ _ _ _ _ _ _ _ _ _ _ _ _ _ _ _ _ _ _ _ _ _ _ _ _ _ _ _ _ _ _ _ _ _ _ _ _ _ _ _ _ _ _ _ _ _ _ _ _ _ _\npage_objects\\view_project_page.py:173: in get_all_fm_chapter_name\n    text = [i.text for i in self.baseclass.wait_until_elements(self.__fm_chapter)]\nuitility\\baseclass.py:54: in wait_until_elements\n    return self.wait.until(EC.presence_of_all_elements_located(locator))\n_ _ _ _ _ _ _ _ _ _ _ _ _ _ _ _ _ _ _ _ _ _ _ _ _ _ _ _ _ _ _ _ _ _ _ _ _ _ _ _ _ _ _ _ _ _ _ _ _ _ _ _ _ _ _ _ _ _ _ _ _ _ _ _ _ _ _ _ _ _ _ _ _ _ _ _ _ _ _ _ _ _ _ _ _\n\nself = <selenium.webdriver.support.wait.WebDriverWait (session=\"63e37fba597bd9afbfa72f29639a1dc7\")>\nmethod = <function presence_of_all_elements_located.<locals>._predicate at 0x0000022DA8BE1440>, message = ''\n\n    def until(self, method: Callable[[D], Union[Literal[False], T]], message: str = \"\") -> T:\n        \"\"\"Calls the method provided with the driver as an argument until the \\\n        return value does not evaluate to ``False``.\n    \n        :param method: callable(WebDriver)\n        :param message: optional message for :exc:`TimeoutException`\n        :returns: the result of the last call to `method`\n        :raises: :exc:`selenium.common.exceptions.TimeoutException` if timeout occurs\n        \"\"\"\n        screen = None\n        stacktrace = None\n    \n        end_time = time.monotonic() + self._timeout\n        while True:\n            try:\n                value = method(self._driver)\n                if value:\n                    return value\n            except self._ignored_exceptions as exc:\n                screen = getattr(exc, \"screen\", None)\n                stacktrace = getattr(exc, \"stacktrace\", None)\n            time.sleep(self._poll)\n            if time.monotonic() > end_time:\n                break\n>       raise TimeoutException(message, screen, stacktrace)\nE       selenium.common.exceptions.TimeoutException: Message:\n\nvenv\\Lib\\site-packages\\selenium\\webdriver\\support\\wait.py:105: TimeoutException"}, "steps": [{"name": "Select Project is display on dashboard", "status": "passed", "steps": [{"name": "Selected Project 2021 International Mechanical Code", "status": "passed", "start": 1724820768607, "stop": 1724820768607}], "parameters": [{"name": "project_name", "value": "'2021 International Mechanical Code'"}], "start": 1724820766226, "stop": 1724820768607}, {"name": "Click on project -'2021 International Mechanical Code'", "status": "passed", "parameters": [{"name": "project_name", "value": "'2021 International Mechanical Code'"}], "start": 1724820768607, "stop": 1724820769249}, {"name": "Click on 'View Project'", "status": "passed", "parameters": [{"name": "text", "value": "'View Project'"}], "start": 1724820769249, "stop": 1724820773889}, {"name": "Get all Fm chapter name", "status": "broken", "statusDetails": {"message": "selenium.common.exceptions.TimeoutException: Message: \n\n", "trace": "  File \"D:\\python program\\ICC-Shop\\venv\\Lib\\site-packages\\allure_commons\\_allure.py\", line 192, in impl\n    return func(*a, **kw)\n           ^^^^^^^^^^^^^^\n  File \"D:\\python program\\ICC-Shop\\page_objects\\view_project_page.py\", line 173, in get_all_fm_chapter_name\n    text = [i.text for i in self.baseclass.wait_until_elements(self.__fm_chapter)]\n                            ^^^^^^^^^^^^^^^^^^^^^^^^^^^^^^^^^^^^^^^^^^^^^^^^^^^^^\n  File \"D:\\python program\\ICC-Shop\\uitility\\baseclass.py\", line 54, in wait_until_elements\n    return self.wait.until(EC.presence_of_all_elements_located(locator))\n           ^^^^^^^^^^^^^^^^^^^^^^^^^^^^^^^^^^^^^^^^^^^^^^^^^^^^^^^^^^^^^\n  File \"D:\\python program\\ICC-Shop\\venv\\Lib\\site-packages\\selenium\\webdriver\\support\\wait.py\", line 105, in until\n    raise TimeoutException(message, screen, stacktrace)\n"}, "start": 1724820773889, "stop": 1724820794612}], "attachments": [{"name": "D:\\python program\\ICC-Shop\\Screenshot/test_verify_Fm_chapter_names.png", "source": "55dbf0c3-f6c4-43ed-b0fd-9e273f898faf-attachment.png", "type": "image/png"}], "start": 1724820766225, "stop": 1724820794614, "uuid": "58146fe9-6901-4613-a23d-eb142553771d", "historyId": "aa2dee5b153dff2e0829c1bac42c716f", "testCaseId": "aa2dee5b153dff2e0829c1bac42c716f", "fullName": "test_cases.test_view_project_page.Test_View_Project_Page#test_verify_Fm_chapter_names", "labels": [{"name": "feature", "value": "Sort Order"}, {"name": "tag", "value": "Project View Page"}, {"name": "epic", "value": "Project Overview"}, {"name": "severity", "value": "critical"}, {"name": "tag", "value": "order(index=3)"}, {"name": "tag", "value": "View_Project"}, {"name": "parentSuite", "value": "test_cases"}, {"name": "suite", "value": "test_view_project_page"}, {"name": "subSuite", "value": "Test_View_Project_Page"}, {"name": "host", "value": "IB-Pune-LAP-386"}, {"name": "thread", "value": "1972-MainThread"}, {"name": "framework", "value": "pytest"}, {"name": "language", "value": "cpython3"}, {"name": "package", "value": "test_cases.test_view_project_page"}]}