{"name": "Verify Add Referenced Standard", "status": "broken", "statusDetails": {"message": "Exception: Loadder still showing on screen", "trace": "self = <uitility.baseclass.Baseclass object at 0x000001CE3A426C10>\n\n    def wait_loadder_dissappried(self):\n        try:\n>           self.wait_until_invisibility(self.loader)\n\nuitility\\baseclass.py:176: \n_ _ _ _ _ _ _ _ _ _ _ _ _ _ _ _ _ _ _ _ _ _ _ _ _ _ _ _ _ _ _ _ _ _ _ _ _ _ _ _ _ _ _ _ _ _ _ _ _ _ _ _ _ _ _ _ _ _ _ _ _ _ _ _ _ _ _ _ _ _ _ _ _ _ _ _ _ _ _ _ _ _ _ _ _ _\nuitility\\baseclass.py:110: in wait_until_invisibility\n    return self.wait.until(\n_ _ _ _ _ _ _ _ _ _ _ _ _ _ _ _ _ _ _ _ _ _ _ _ _ _ _ _ _ _ _ _ _ _ _ _ _ _ _ _ _ _ _ _ _ _ _ _ _ _ _ _ _ _ _ _ _ _ _ _ _ _ _ _ _ _ _ _ _ _ _ _ _ _ _ _ _ _ _ _ _ _ _ _ _ _\n\nself = <selenium.webdriver.support.wait.WebDriverWait (session=\"6422ba4f85f3389a5b522f326e8b3ce1\")>\nmethod = <function invisibility_of_element_located.<locals>._predicate at 0x000001CE3A3F34C0>\nmessage = \"('css selector', 'div.v-layout>div.v-progress-circular') still visibal on screen\"\n\n    def until(self, method: Callable[[D], Union[Literal[False], T]], message: str = \"\") -> T:\n        \"\"\"Calls the method provided with the driver as an argument until the \\\n        return value does not evaluate to ``False``.\n    \n        :param method: callable(WebDriver)\n        :param message: optional message for :exc:`TimeoutException`\n        :returns: the result of the last call to `method`\n        :raises: :exc:`selenium.common.exceptions.TimeoutException` if timeout occurs\n        \"\"\"\n        screen = None\n        stacktrace = None\n    \n        end_time = time.monotonic() + self._timeout\n        while True:\n            try:\n                value = method(self._driver)\n                if value:\n                    return value\n            except self._ignored_exceptions as exc:\n                screen = getattr(exc, \"screen\", None)\n                stacktrace = getattr(exc, \"stacktrace\", None)\n            time.sleep(self._poll)\n            if time.monotonic() > end_time:\n                break\n>       raise TimeoutException(message, screen, stacktrace)\nE       selenium.common.exceptions.TimeoutException: Message: ('css selector', 'div.v-layout>div.v-progress-circular') still visibal on screen\n\nvenv\\Lib\\site-packages\\selenium\\webdriver\\support\\wait.py:105: TimeoutException\n\nDuring handling of the above exception, another exception occurred:\n\nself = <test_cases.test_referenced_standards_overview_page.Test_Referenced_Standards_Overview object at 0x000001CE3A424050>\n\n    @allure.feature(\"Referenced Standard\")\n    @allure.title(\"Verify Add Referenced Standard\")\n    @allure.severity(allure.severity_level.CRITICAL)\n    def test_verify_add_referenced_standard(self):\n        self.dashboardpage.click_project_name(\"2021 International Mechanical Code\")\n        self.dashboardpage.click_dashboard_button(VIEW_PROJECT)\n        self.viewprojectpage.click_on_chapter(\"CHAPTER 15 REFERENCED STANDARDS\")\n>       self.chap_overview.click_on_button(OPEN_CHAPTER)\n\ntest_cases\\test_referenced_standards_overview_page.py:169: \n_ _ _ _ _ _ _ _ _ _ _ _ _ _ _ _ _ _ _ _ _ _ _ _ _ _ _ _ _ _ _ _ _ _ _ _ _ _ _ _ _ _ _ _ _ _ _ _ _ _ _ _ _ _ _ _ _ _ _ _ _ _ _ _ _ _ _ _ _ _ _ _ _ _ _ _ _ _ _ _ _ _ _ _ _ _\npage_objects\\chapter_overview_page.py:231: in click_on_button\n    self.baseclass.wait_loadder_dissappried()\n_ _ _ _ _ _ _ _ _ _ _ _ _ _ _ _ _ _ _ _ _ _ _ _ _ _ _ _ _ _ _ _ _ _ _ _ _ _ _ _ _ _ _ _ _ _ _ _ _ _ _ _ _ _ _ _ _ _ _ _ _ _ _ _ _ _ _ _ _ _ _ _ _ _ _ _ _ _ _ _ _ _ _ _ _ _\n\nself = <uitility.baseclass.Baseclass object at 0x000001CE3A426C10>\n\n    def wait_loadder_dissappried(self):\n        try:\n            self.wait_until_invisibility(self.loader)\n        except:\n>           raise Exception(\"Loadder still showing on screen\")\nE           Exception: Loadder still showing on screen\n\nuitility\\baseclass.py:178: Exception"}, "steps": [{"name": "Click on project -'2021 International Mechanical Code'", "status": "passed", "parameters": [{"name": "project_name", "value": "'2021 International Mechanical Code'"}], "start": 1722609109036, "stop": 1722609114874}, {"name": "Click on 'View Project'", "status": "passed", "parameters": [{"name": "text", "value": "'View Project'"}], "start": 1722609114874, "stop": 1722609122375}, {"name": "Click on - 'CHAPTER 15 REFERENCED STANDARDS'", "status": "passed", "parameters": [{"name": "chapter_name", "value": "'CHAPTER 15 REFERENCED STANDARDS'"}], "start": 1722609122375, "stop": 1722609126505}, {"name": "Click on - 'Open Chapter Or Appendix'", "status": "broken", "statusDetails": {"message": "Exception: Loadder still showing on screen\n", "trace": "  File \"D:\\python program\\ICC-Shop\\venv\\Lib\\site-packages\\allure_commons\\_allure.py\", line 192, in impl\n    return func(*a, **kw)\n           ^^^^^^^^^^^^^^\n  File \"D:\\python program\\ICC-Shop\\page_objects\\chapter_overview_page.py\", line 231, in click_on_button\n    self.baseclass.wait_loadder_dissappried()\n  File \"D:\\python program\\ICC-Shop\\uitility\\baseclass.py\", line 178, in wait_loadder_dissappried\n    raise Exception(\"Loadder still showing on screen\")\n"}, "parameters": [{"name": "text", "value": "'Open Chapter Or Appendix'"}], "start": 1722609126506, "stop": 1722609141762}], "attachments": [{"name": "D:\\python program\\ICC-Shop\\Screenshot/test_verify_add_referenced_standard.png", "source": "d138d129-eb1e-4415-b276-c4a6b6830ab7-attachment.png", "type": "image/png"}], "start": 1722609109036, "stop": 1722609141778, "uuid": "2f201a34-4bac-4edc-86ca-a068da0b047f", "historyId": "c84d1ef25bbd79357f560add7a4582db", "testCaseId": "c84d1ef25bbd79357f560add7a4582db", "fullName": "test_cases.test_referenced_standards_overview_page.Test_Referenced_Standards_Overview#test_verify_add_referenced_standard", "labels": [{"name": "tag", "value": "Referenced_Standards page"}, {"name": "severity", "value": "critical"}, {"name": "epic", "value": "Referenced_Standards"}, {"name": "feature", "value": "Referenced Standard"}, {"name": "tag", "value": "order(index=7)"}, {"name": "tag", "value": "Referenced_Standards"}, {"name": "parentSuite", "value": "test_cases"}, {"name": "suite", "value": "test_referenced_standards_overview_page"}, {"name": "subSuite", "value": "Test_Referenced_Standards_Overview"}, {"name": "host", "value": "IB-Pune-LAP-386"}, {"name": "thread", "value": "10280-MainThread"}, {"name": "framework", "value": "pytest"}, {"name": "language", "value": "cpython3"}, {"name": "package", "value": "test_cases.test_referenced_standards_overview_page"}]}