{"name": "Verify open chapter, Fm chapter, Appendix and Index", "status": "broken", "statusDetails": {"message": "selenium.common.exceptions.TimeoutException: Message:", "trace": "self = <test_cases.test_view_project_page.Test_View_Project_Page object at 0x000001885BF25350>, chapter_name = 'INDEX'\n\n    @allure.feature(\"Smart Index\")\n    @allure.title(\"Verify open chapter, Fm chapter, Appendix and Index\")\n    @allure.severity(allure.severity_level.BLOCKER)\n    @pytest.mark.parametrize(\n        \"chapter_name\",\n        [\n            \"PREFACE\",\n            \"CHAPTER 2 DEFINITIONS\",\n            \"INDEX\",\n        ],\n    )\n    def test_verify_chapter_status(self, chapter_name):\n>       project_name = self.dashboardpage.check_project_display(\n            \"2021 International Mechanical Code\"\n        )\n\ntest_cases\\test_view_project_page.py:110: \n_ _ _ _ _ _ _ _ _ _ _ _ _ _ _ _ _ _ _ _ _ _ _ _ _ _ _ _ _ _ _ _ _ _ _ _ _ _ _ _ _ _ _ _ _ _ _ _ _ _ _ _ _ _ _ _ _ _ _ _ _ _ _ _ _ _ _ _ _ _ _ _ _ _ _ _ _ _ _ _ _ _ _ _ _ _ _ _ _ _ _ _ _ _ _ _ _ _ _ _ _ _\npage_objects\\dashboard_page.py:269: in check_project_display\n    for i in self.get_row_data(\"Project Name\"):\npage_objects\\dashboard_page.py:150: in get_row_data\n    return self.baseclass.wait_until_elements(\nuitility\\baseclass.py:56: in wait_until_elements\n    return self.wait.until(EC.presence_of_all_elements_located(locator))\n_ _ _ _ _ _ _ _ _ _ _ _ _ _ _ _ _ _ _ _ _ _ _ _ _ _ _ _ _ _ _ _ _ _ _ _ _ _ _ _ _ _ _ _ _ _ _ _ _ _ _ _ _ _ _ _ _ _ _ _ _ _ _ _ _ _ _ _ _ _ _ _ _ _ _ _ _ _ _ _ _ _ _ _ _ _ _ _ _ _ _ _ _ _ _ _ _ _ _ _ _ _\n\nself = <selenium.webdriver.support.wait.WebDriverWait (session=\"9a988314d4daa04d54923e3fb53893a7\")>, method = <function presence_of_all_elements_located.<locals>._predicate at 0x000001885A996700>\nmessage = ''\n\n    def until(self, method: Callable[[D], Union[Literal[False], T]], message: str = \"\") -> T:\n        \"\"\"Calls the method provided with the driver as an argument until the \\\n        return value does not evaluate to ``False``.\n    \n        :param method: callable(WebDriver)\n        :param message: optional message for :exc:`TimeoutException`\n        :returns: the result of the last call to `method`\n        :raises: :exc:`selenium.common.exceptions.TimeoutException` if timeout occurs\n        \"\"\"\n        screen = None\n        stacktrace = None\n    \n        end_time = time.monotonic() + self._timeout\n        while True:\n            try:\n                value = method(self._driver)\n                if value:\n                    return value\n            except self._ignored_exceptions as exc:\n                screen = getattr(exc, \"screen\", None)\n                stacktrace = getattr(exc, \"stacktrace\", None)\n            time.sleep(self._poll)\n            if time.monotonic() > end_time:\n                break\n>       raise TimeoutException(message, screen, stacktrace)\nE       selenium.common.exceptions.TimeoutException: Message:\n\nvenv\\Lib\\site-packages\\selenium\\webdriver\\support\\wait.py:105: TimeoutException"}, "steps": [{"name": "Check Project is display", "status": "broken", "statusDetails": {"message": "selenium.common.exceptions.TimeoutException: Message: \n\n", "trace": "  File \"D:\\python program\\ICC-Shop\\venv\\Lib\\site-packages\\allure_commons\\_allure.py\", line 192, in impl\n    return func(*a, **kw)\n           ^^^^^^^^^^^^^^\n  File \"D:\\python program\\ICC-Shop\\page_objects\\dashboard_page.py\", line 269, in check_project_display\n    for i in self.get_row_data(\"Project Name\"):\n             ^^^^^^^^^^^^^^^^^^^^^^^^^^^^^^^^^\n  File \"D:\\python program\\ICC-Shop\\page_objects\\dashboard_page.py\", line 150, in get_row_data\n    return self.baseclass.wait_until_elements(\n           ^^^^^^^^^^^^^^^^^^^^^^^^^^^^^^^^^^^\n  File \"D:\\python program\\ICC-Shop\\uitility\\baseclass.py\", line 56, in wait_until_elements\n    return self.wait.until(EC.presence_of_all_elements_located(locator))\n           ^^^^^^^^^^^^^^^^^^^^^^^^^^^^^^^^^^^^^^^^^^^^^^^^^^^^^^^^^^^^^\n  File \"D:\\python program\\ICC-Shop\\venv\\Lib\\site-packages\\selenium\\webdriver\\support\\wait.py\", line 105, in until\n    raise TimeoutException(message, screen, stacktrace)\n"}, "parameters": [{"name": "project_name", "value": "'2021 International Mechanical Code'"}], "start": 1722257122318, "stop": 1722257153307}], "attachments": [{"name": "D:\\python program\\ICC-Shop\\Screenshot/test_verify_chapter_status[INDEX].png", "source": "7ceaf0bc-3a9f-4b7f-9881-08bccfb33a9f-attachment.png", "type": "image/png"}], "parameters": [{"name": "chapter_name", "value": "'INDEX'"}], "start": 1722257122317, "stop": 1722257153307, "uuid": "44f347c8-7904-490a-9eff-097b46931c2f", "historyId": "b0658544d9e0802ded9de30f4ceb1883", "testCaseId": "3cf80646785ab8dab3fafbddee5e8d9b", "fullName": "test_cases.test_view_project_page.Test_View_Project_Page#test_verify_chapter_status", "labels": [{"name": "severity", "value": "blocker"}, {"name": "tag", "value": "Project View Page"}, {"name": "feature", "value": "Smart Index"}, {"name": "epic", "value": "Project Overview"}, {"name": "tag", "value": "run(order=3)"}, {"name": "tag", "value": "fourth"}, {"name": "parentSuite", "value": "test_cases"}, {"name": "suite", "value": "test_view_project_page"}, {"name": "subSuite", "value": "Test_View_Project_Page"}, {"name": "host", "value": "IB-Pune-LAP-386"}, {"name": "thread", "value": "12824-MainThread"}, {"name": "framework", "value": "pytest"}, {"name": "language", "value": "cpython3"}, {"name": "package", "value": "test_cases.test_view_project_page"}]}