{"name": "Verify Delete Appendix section", "status": "broken", "statusDetails": {"message": "Exception: Loadder still showing on screen", "trace": "self = <uitility.baseclass.Baseclass object at 0x00000189DD8939D0>\n\n    def wait_loadder_dissappried(self):\n        try:\n>           self.wait_until_invisibility(self.loader)\n\nuitility\\baseclass.py:176: \n_ _ _ _ _ _ _ _ _ _ _ _ _ _ _ _ _ _ _ _ _ _ _ _ _ _ _ _ _ _ _ _ _ _ _ _ _ _ _ _ _ _ _ _ _ _ _ _ _ _ _ _ _ _ _ _ _ _ _ _ _ _ _ _ _ _ _ _ _ _ _ _ _ _ _ _ _ _ _ _ _ _ _ _ _ _ _ _ _ _\nuitility\\baseclass.py:110: in wait_until_invisibility\n    return self.wait.until(\n_ _ _ _ _ _ _ _ _ _ _ _ _ _ _ _ _ _ _ _ _ _ _ _ _ _ _ _ _ _ _ _ _ _ _ _ _ _ _ _ _ _ _ _ _ _ _ _ _ _ _ _ _ _ _ _ _ _ _ _ _ _ _ _ _ _ _ _ _ _ _ _ _ _ _ _ _ _ _ _ _ _ _ _ _ _ _ _ _ _\n\nself = <selenium.webdriver.support.wait.WebDriverWait (session=\"a7f908185fa0b73aa9a33f25a285b218\")>\nmethod = <function invisibility_of_element_located.<locals>._predicate at 0x00000189DD8C6C00>\nmessage = \"('css selector', 'div.v-layout>div.v-progress-circular') still visibal on screen\"\n\n    def until(self, method: Callable[[D], Union[Literal[False], T]], message: str = \"\") -> T:\n        \"\"\"Calls the method provided with the driver as an argument until the \\\n        return value does not evaluate to ``False``.\n    \n        :param method: callable(WebDriver)\n        :param message: optional message for :exc:`TimeoutException`\n        :returns: the result of the last call to `method`\n        :raises: :exc:`selenium.common.exceptions.TimeoutException` if timeout occurs\n        \"\"\"\n        screen = None\n        stacktrace = None\n    \n        end_time = time.monotonic() + self._timeout\n        while True:\n            try:\n                value = method(self._driver)\n                if value:\n                    return value\n            except self._ignored_exceptions as exc:\n                screen = getattr(exc, \"screen\", None)\n                stacktrace = getattr(exc, \"stacktrace\", None)\n            time.sleep(self._poll)\n            if time.monotonic() > end_time:\n                break\n>       raise TimeoutException(message, screen, stacktrace)\nE       selenium.common.exceptions.TimeoutException: Message: ('css selector', 'div.v-layout>div.v-progress-circular') still visibal on screen\n\nvenv\\Lib\\site-packages\\selenium\\webdriver\\support\\wait.py:105: TimeoutException\n\nDuring handling of the above exception, another exception occurred:\n\nself = <test_cases.test_appendix_overview_page.Test_Appendix_Overview object at 0x00000189DD51EDD0>\n\n    @allure.feature(\"Appendix\")\n    @allure.title(\"Verify Delete Appendix section\")\n    @allure.severity(allure.severity_level.BLOCKER)\n    @pytest.mark.dependency(\n        depends=[\"test_verify_add_new_appendix_section\"], scope=\"class\"\n    )\n    def test_verify_delete_appendix_section(self):\n        self.dashboardpage.click_project_name(\"2021 International Mechanical Code\")\n        self.dashboardpage.click_dashboard_button(VIEW_PROJECT)\n        self.viewprojectpage.click_on_chapter(\"AUTOMATION APPENDIX\")\n        self.chap_overview.click_on_button(OPEN_CHAPTER)\n        time.sleep(1)\n        self.chap_overview.click_on_section_on_toc(\"AUTOMATION SECTION\")\n>       self.chap_overview.click_on_active_content()\n\ntest_cases\\test_appendix_overview_page.py:485: \n_ _ _ _ _ _ _ _ _ _ _ _ _ _ _ _ _ _ _ _ _ _ _ _ _ _ _ _ _ _ _ _ _ _ _ _ _ _ _ _ _ _ _ _ _ _ _ _ _ _ _ _ _ _ _ _ _ _ _ _ _ _ _ _ _ _ _ _ _ _ _ _ _ _ _ _ _ _ _ _ _ _ _ _ _ _ _ _ _ _\npage_objects\\chapter_overview_page.py:356: in click_on_active_content\n    self.baseclass.wait_loadder_dissappried()\n_ _ _ _ _ _ _ _ _ _ _ _ _ _ _ _ _ _ _ _ _ _ _ _ _ _ _ _ _ _ _ _ _ _ _ _ _ _ _ _ _ _ _ _ _ _ _ _ _ _ _ _ _ _ _ _ _ _ _ _ _ _ _ _ _ _ _ _ _ _ _ _ _ _ _ _ _ _ _ _ _ _ _ _ _ _ _ _ _ _\n\nself = <uitility.baseclass.Baseclass object at 0x00000189DD8939D0>\n\n    def wait_loadder_dissappried(self):\n        try:\n            self.wait_until_invisibility(self.loader)\n        except:\n>           raise Exception(\"Loadder still showing on screen\")\nE           Exception: Loadder still showing on screen\n\nuitility\\baseclass.py:178: Exception"}, "steps": [{"name": "Click on project -'2021 International Mechanical Code'", "status": "passed", "parameters": [{"name": "project_name", "value": "'2021 International Mechanical Code'"}], "start": 1722265638785, "stop": 1722265644578}, {"name": "Click on 'View Project'", "status": "passed", "parameters": [{"name": "text", "value": "'View Project'"}], "start": 1722265644578, "stop": 1722265645106}, {"name": "Click on - 'AUTOMATION APPENDIX'", "status": "passed", "parameters": [{"name": "chapter_name", "value": "'AUTOMATION APPENDIX'"}], "start": 1722265645106, "stop": 1722265646905}, {"name": "Click on - 'Open Chapter Or Appendix'", "status": "passed", "parameters": [{"name": "text", "value": "'Open Chapter Or Appendix'"}], "start": 1722265646905, "stop": 1722265647215}, {"name": "Click on 'AUTOMATION SECTION' from TOC", "status": "passed", "parameters": [{"name": "section_name", "value": "'AUTOMATION SECTION'"}], "start": 1722265648216, "stop": 1722265650409}, {"name": "Click on Active content", "status": "broken", "statusDetails": {"message": "Exception: Loadder still showing on screen\n", "trace": "  File \"D:\\python program\\ICC-Shop\\venv\\Lib\\site-packages\\allure_commons\\_allure.py\", line 192, in impl\n    return func(*a, **kw)\n           ^^^^^^^^^^^^^^\n  File \"D:\\python program\\ICC-Shop\\page_objects\\chapter_overview_page.py\", line 356, in click_on_active_content\n    self.baseclass.wait_loadder_dissappried()\n  File \"D:\\python program\\ICC-Shop\\uitility\\baseclass.py\", line 178, in wait_loadder_dissappried\n    raise Exception(\"Loadder still showing on screen\")\n"}, "start": 1722265650409, "stop": 1722265706288}], "attachments": [{"name": "D:\\python program\\ICC-Shop\\Screenshot/test_verify_delete_appendix_section.png", "source": "9558c42e-4bc3-4522-bf25-3b674bcd6f19-attachment.png", "type": "image/png"}, {"name": "stdout", "source": "cd994782-b006-4d7c-8b91-1f4f00b50f19-attachment.txt", "type": "text/plain"}], "start": 1722265638785, "stop": 1722265706288, "uuid": "f6bbe7e8-a17d-45b0-ae2e-4a97c1ac2690", "historyId": "6419b8e595b0e73fe8f905b4290465c7", "testCaseId": "6419b8e595b0e73fe8f905b4290465c7", "fullName": "test_cases.test_appendix_overview_page.Test_Appendix_Overview#test_verify_delete_appendix_section", "labels": [{"name": "epic", "value": "Appendix Overview and Content"}, {"name": "tag", "value": "Appendix Overview/Content page"}, {"name": "feature", "value": "Appendix"}, {"name": "severity", "value": "blocker"}, {"name": "tag", "value": "dependency(depends=['test_verify_add_new_appendix_section'], scope='class')"}, {"name": "tag", "value": "run(order=6)"}, {"name": "tag", "value": "seventh"}, {"name": "parentSuite", "value": "test_cases"}, {"name": "suite", "value": "test_appendix_overview_page"}, {"name": "subSuite", "value": "Test_Appendix_Overview"}, {"name": "host", "value": "IB-Pune-LAP-386"}, {"name": "thread", "value": "12404-MainThread"}, {"name": "framework", "value": "pytest"}, {"name": "language", "value": "cpython3"}, {"name": "package", "value": "test_cases.test_appendix_overview_page"}]}