{"name": "Verify Delete Appendix", "status": "broken", "statusDetails": {"message": "selenium.common.exceptions.TimeoutException: Message:", "trace": "self = <test_cases.test_appendix_overview_page.Test_Appendix_Overview object at 0x000001E7BA0E6190>\n\n    @allure.feature(\"Appendix\")\n    @allure.title(\"Verify Delete Appendix\")\n    @allure.severity(allure.severity_level.BLOCKER)\n    @pytest.mark.dependency(depends=[\"test_verify_add_new_appendix\"], scope=\"class\")\n    def test_verify_delete_appendix_chapter(self):\n        self.dashboardpage.click_project_name(\"2021 International Mechanical Code\")\n        self.dashboardpage.click_dashboard_button(VIEW_PROJECT)\n        self.viewprojectpage.click_on_chapter(\"AUTOMATION APPENDIX\")\n        self.chap_overview.click_on_button(OPEN_CHAPTER)\n        time.sleep(1)\n        self.chap_overview.click_on_chapter()\n        self.chap_overview.click_edit_page_button(DELETE)\n        self.chap_overview.click_on_delete_checkbox()\n        self.chap_overview.click_relocate_alt_button(DELETE)\n        alt_msg = self.viewprojectpage.get_alert_message()\n>       result = self.viewprojectpage.check_chapter_deleted(\"AUTOMATION APPENDIX\")\n\ntest_cases\\test_appendix_overview_page.py:510: \n_ _ _ _ _ _ _ _ _ _ _ _ _ _ _ _ _ _ _ _ _ _ _ _ _ _ _ _ _ _ _ _ _ _ _ _ _ _ _ _ _ _ _ _ _ _ _ _ _ _ _ _ _ _ _ _ _ _ _ _ _ _ _ _ _ _ _ _ _ _ _ _ _ _ _ _ _ _ _ _ _ _ _ _ _ _ _ _ _ _ _ _ _ _ _ _ _ _ _ _ _ _ _ _ _ _ _ _ _ _ _ _ _ _ _ _ _ _ _ _ _ _ _ _ _ _ _ _ \npage_objects\\view_project_page.py:163: in check_chapter_deleted\n    for i in self.baseclass.wait_until_elements(self.__chapter):\nuitility\\baseclass.py:56: in wait_until_elements\n    return self.wait.until(EC.presence_of_all_elements_located(locator))\n_ _ _ _ _ _ _ _ _ _ _ _ _ _ _ _ _ _ _ _ _ _ _ _ _ _ _ _ _ _ _ _ _ _ _ _ _ _ _ _ _ _ _ _ _ _ _ _ _ _ _ _ _ _ _ _ _ _ _ _ _ _ _ _ _ _ _ _ _ _ _ _ _ _ _ _ _ _ _ _ _ _ _ _ _ _ _ _ _ _ _ _ _ _ _ _ _ _ _ _ _ _ _ _ _ _ _ _ _ _ _ _ _ _ _ _ _ _ _ _ _ _ _ _ _ _ _ _ \n\nself = <selenium.webdriver.support.wait.WebDriverWait (session=\"de159b273d888e08147de9a9d4ae0d26\")>, method = <function presence_of_all_elements_located.<locals>._predicate at 0x000001E7BB67EFC0>, message = ''\n\n    def until(self, method: Callable[[D], Union[Literal[False], T]], message: str = \"\") -> T:\n        \"\"\"Calls the method provided with the driver as an argument until the \\\n        return value does not evaluate to ``False``.\n    \n        :param method: callable(WebDriver)\n        :param message: optional message for :exc:`TimeoutException`\n        :returns: the result of the last call to `method`\n        :raises: :exc:`selenium.common.exceptions.TimeoutException` if timeout occurs\n        \"\"\"\n        screen = None\n        stacktrace = None\n    \n        end_time = time.monotonic() + self._timeout\n        while True:\n            try:\n                value = method(self._driver)\n                if value:\n                    return value\n            except self._ignored_exceptions as exc:\n                screen = getattr(exc, \"screen\", None)\n                stacktrace = getattr(exc, \"stacktrace\", None)\n            time.sleep(self._poll)\n            if time.monotonic() > end_time:\n                break\n>       raise TimeoutException(message, screen, stacktrace)\nE       selenium.common.exceptions.TimeoutException: Message:\n\nvenv\\Lib\\site-packages\\selenium\\webdriver\\support\\wait.py:105: TimeoutException"}, "steps": [{"name": "Click on project -'2021 International Mechanical Code'", "status": "passed", "parameters": [{"name": "project_name", "value": "'2021 International Mechanical Code'"}], "start": 1722331535882, "stop": 1722331540617}, {"name": "Click on 'View Project'", "status": "passed", "parameters": [{"name": "text", "value": "'View Project'"}], "start": 1722331540617, "stop": 1722331547502}, {"name": "Click on - 'AUTOMATION APPENDIX'", "status": "passed", "parameters": [{"name": "chapter_name", "value": "'AUTOMATION APPENDIX'"}], "start": 1722331547502, "stop": 1722331556661}, {"name": "Click on - 'Open Chapter Or Appendix'", "status": "passed", "parameters": [{"name": "text", "value": "'Open Chapter Or Appendix'"}], "start": 1722331556661, "stop": 1722331565604}, {"name": "Click on Chapter", "status": "passed", "start": 1722331566605, "stop": 1722331574456}, {"name": "Click on 'Delete'", "status": "passed", "parameters": [{"name": "button_text", "value": "'Delete'"}], "start": 1722331574456, "stop": 1722331574591}, {"name": "click on Delete conformation Checkbox", "status": "passed", "start": 1722331574592, "stop": 1722331574833}, {"name": "click on 'Delete'", "status": "passed", "parameters": [{"name": "button_text", "value": "'Delete'"}], "start": 1722331574833, "stop": 1722331574937}, {"name": "Get alert message", "status": "passed", "steps": [{"name": "An error occurred. Please try again later.", "status": "passed", "start": 1722331582322, "stop": 1722331582322}], "start": 1722331574937, "stop": 1722331582322}, {"name": "Check chapter deleted", "status": "broken", "statusDetails": {"message": "selenium.common.exceptions.TimeoutException: Message: \n\n", "trace": "  File \"D:\\python program\\ICC-Shop\\venv\\Lib\\site-packages\\allure_commons\\_allure.py\", line 192, in impl\n    return func(*a, **kw)\n           ^^^^^^^^^^^^^^\n  File \"D:\\python program\\ICC-Shop\\page_objects\\view_project_page.py\", line 163, in check_chapter_deleted\n    for i in self.baseclass.wait_until_elements(self.__chapter):\n             ^^^^^^^^^^^^^^^^^^^^^^^^^^^^^^^^^^^^^^^^^^^^^^^^^^\n  File \"D:\\python program\\ICC-Shop\\uitility\\baseclass.py\", line 56, in wait_until_elements\n    return self.wait.until(EC.presence_of_all_elements_located(locator))\n           ^^^^^^^^^^^^^^^^^^^^^^^^^^^^^^^^^^^^^^^^^^^^^^^^^^^^^^^^^^^^^\n  File \"D:\\python program\\ICC-Shop\\venv\\Lib\\site-packages\\selenium\\webdriver\\support\\wait.py\", line 105, in until\n    raise TimeoutException(message, screen, stacktrace)\n"}, "parameters": [{"name": "chapter_name", "value": "'AUTOMATION APPENDIX'"}], "start": 1722331582322, "stop": 1722331613030}], "attachments": [{"name": "D:\\python program\\ICC-Shop\\Screenshot/test_verify_delete_appendix_chapter.png", "source": "453e4628-3ffd-415a-9a46-174e52a0e7b1-attachment.png", "type": "image/png"}], "start": 1722331535882, "stop": 1722331613030, "uuid": "eb0d4d20-77b4-424d-b86d-8e6923e4e63a", "historyId": "beaeea58975a89d963645752ce83bbd8", "testCaseId": "beaeea58975a89d963645752ce83bbd8", "fullName": "test_cases.test_appendix_overview_page.Test_Appendix_Overview#test_verify_delete_appendix_chapter", "labels": [{"name": "tag", "value": "Appendix Overview/Content page"}, {"name": "epic", "value": "Appendix Overview and Content"}, {"name": "severity", "value": "blocker"}, {"name": "feature", "value": "Appendix"}, {"name": "tag", "value": "dependency(depends=['test_verify_add_new_appendix'], scope='class')"}, {"name": "tag", "value": "run(order=6)"}, {"name": "tag", "value": "seventh"}, {"name": "parentSuite", "value": "test_cases"}, {"name": "suite", "value": "test_appendix_overview_page"}, {"name": "subSuite", "value": "Test_Appendix_Overview"}, {"name": "host", "value": "IB-Pune-LAP-386"}, {"name": "thread", "value": "12692-MainThread"}, {"name": "framework", "value": "pytest"}, {"name": "language", "value": "cpython3"}, {"name": "package", "value": "test_cases.test_appendix_overview_page"}]}