{"uid":"2eefe5ba654be41","name":"Verify Delete chapter","fullName":"test_cases.test_chapter_overview_page.Test_Chapter_Overview#test_verify_delete_new_chapter","historyId":"91061f98a687c08c930f158ad59bcc79","time":{"start":1722329010393,"stop":1722329083003,"duration":72610},"status":"broken","statusMessage":"selenium.common.exceptions.TimeoutException: Message:","statusTrace":"self = <test_cases.test_chapter_overview_page.Test_Chapter_Overview object at 0x000001E7BA101950>\n\n    @allure.feature(\"Chapter\")\n    @allure.title(\"Verify Delete chapter\")\n    @allure.severity(allure.severity_level.BLOCKER)\n    @pytest.mark.dependency(depends=[\"test_verify_add_new_chapter\"], scope=\"class\")\n    def test_verify_delete_new_chapter(self):\n        self.dashboardpage.click_project_name(\"2021 International Mechanical Code\")\n        self.dashboardpage.click_dashboard_button(VIEW_PROJECT)\n        self.viewprojectpage.click_on_chapter(\"CHAPTER 16 AUTOMATION TEST\")\n        self.chap_overview.click_on_button(OPEN_CHAPTER)\n        time.sleep(2)\n        self.chap_overview.click_on_chapter()\n        self.chap_overview.click_edit_page_button(DELETE_CHAPTER)\n        self.chap_overview.click_on_delete_checkbox()\n        self.chap_overview.click_relocate_alt_button(DELETE)\n        alt_msg = self.viewprojectpage.get_alert_message()\n>       result = self.viewprojectpage.check_chapter_deleted(\n            \"CHAPTER 16 AUTOMATION TEST\"\n        )\n\ntest_cases\\test_chapter_overview_page.py:504: \n_ _ _ _ _ _ _ _ _ _ _ _ _ _ _ _ _ _ _ _ _ _ _ _ _ _ _ _ _ _ _ _ _ _ _ _ _ _ _ _ _ _ _ _ _ _ _ _ _ _ _ _ _ _ _ _ _ _ _ _ _ _ _ _ _ _ _ _ _ _ _ _ _ _ _ _ _ _ _ _ _ _ _ _ _ _ _ _ _ _ _ _ _ _ _ _ _ _ _ _ _ _ _ _ _ _ _ _ _ _ _ _ _ _ _ _ _ _ _ _ _ _ _ _ _ _ _ \npage_objects\\view_project_page.py:163: in check_chapter_deleted\n    for i in self.baseclass.wait_until_elements(self.__chapter):\nuitility\\baseclass.py:56: in wait_until_elements\n    return self.wait.until(EC.presence_of_all_elements_located(locator))\n_ _ _ _ _ _ _ _ _ _ _ _ _ _ _ _ _ _ _ _ _ _ _ _ _ _ _ _ _ _ _ _ _ _ _ _ _ _ _ _ _ _ _ _ _ _ _ _ _ _ _ _ _ _ _ _ _ _ _ _ _ _ _ _ _ _ _ _ _ _ _ _ _ _ _ _ _ _ _ _ _ _ _ _ _ _ _ _ _ _ _ _ _ _ _ _ _ _ _ _ _ _ _ _ _ _ _ _ _ _ _ _ _ _ _ _ _ _ _ _ _ _ _ _ _ _ _ \n\nself = <selenium.webdriver.support.wait.WebDriverWait (session=\"de159b273d888e08147de9a9d4ae0d26\")>, method = <function presence_of_all_elements_located.<locals>._predicate at 0x000001E7BB4BE7A0>, message = ''\n\n    def until(self, method: Callable[[D], Union[Literal[False], T]], message: str = \"\") -> T:\n        \"\"\"Calls the method provided with the driver as an argument until the \\\n        return value does not evaluate to ``False``.\n    \n        :param method: callable(WebDriver)\n        :param message: optional message for :exc:`TimeoutException`\n        :returns: the result of the last call to `method`\n        :raises: :exc:`selenium.common.exceptions.TimeoutException` if timeout occurs\n        \"\"\"\n        screen = None\n        stacktrace = None\n    \n        end_time = time.monotonic() + self._timeout\n        while True:\n            try:\n                value = method(self._driver)\n                if value:\n                    return value\n            except self._ignored_exceptions as exc:\n                screen = getattr(exc, \"screen\", None)\n                stacktrace = getattr(exc, \"stacktrace\", None)\n            time.sleep(self._poll)\n            if time.monotonic() > end_time:\n                break\n>       raise TimeoutException(message, screen, stacktrace)\nE       selenium.common.exceptions.TimeoutException: Message:\n\nvenv\\Lib\\site-packages\\selenium\\webdriver\\support\\wait.py:105: TimeoutException","flaky":false,"newFailed":false,"newBroken":false,"newPassed":false,"retriesCount":0,"retriesStatusChange":false,"beforeStages":[{"name":"Setup_log_config_file","time":{"start":1722327419940,"stop":1722327420378,"duration":438},"status":"passed","steps":[],"attachments":[],"parameters":[],"attachmentsCount":0,"shouldDisplayMessage":false,"stepsCount":0,"hasContent":false},{"name":"Fixture (Package Level): Setup Launch Browser and Teardown Quit Browser","time":{"start":1722327420378,"stop":1722327430446,"duration":10068},"status":"passed","steps":[{"name":"Launch Browser","time":{"start":1722327420378,"stop":1722327430446,"duration":10068},"status":"passed","steps":[],"attachments":[],"parameters":[],"attachmentsCount":0,"shouldDisplayMessage":false,"stepsCount":0,"hasContent":false},{"name":"Quite Driver","time":{"start":1722327430446,"stop":1722331616857,"duration":4186411},"status":"passed","steps":[],"attachments":[],"parameters":[],"attachmentsCount":0,"shouldDisplayMessage":false,"stepsCount":0,"hasContent":false}],"attachments":[],"parameters":[],"attachmentsCount":0,"shouldDisplayMessage":false,"stepsCount":2,"hasContent":true},{"name":"Fixture (Class Level): Setup WebDriver,Baseclass Objects and TearDown Delete all cookies","time":{"start":1722327985704,"stop":1722327989437,"duration":3733},"status":"passed","steps":[{"name":"Asign objects","time":{"start":1722327985704,"stop":1722327985704,"duration":0},"status":"passed","steps":[],"attachments":[],"parameters":[],"attachmentsCount":0,"shouldDisplayMessage":false,"stepsCount":0,"hasContent":false},{"name":"Run Login Action before test class","time":{"start":1722327985704,"stop":1722327989437,"duration":3733},"status":"passed","steps":[{"name":"Enter email- 'ct-super-admin-test@iccsafe.org', password- 'Password5' and click on Login","time":{"start":1722327985704,"stop":1722327986788,"duration":1084},"status":"passed","steps":[],"attachments":[],"parameters":[{"name":"email","value":"'ct-super-admin-test@iccsafe.org'"},{"name":"password","value":"'Password5'"}],"attachmentsCount":0,"shouldDisplayMessage":false,"stepsCount":0,"hasContent":true},{"name":"Get page title 'Correlation-Tool Book Dashboard'","time":{"start":1722327986789,"stop":1722327989437,"duration":2648},"status":"passed","steps":[],"attachments":[],"parameters":[{"name":"title","value":"'Correlation-Tool Book Dashboard'"}],"attachmentsCount":0,"shouldDisplayMessage":false,"stepsCount":0,"hasContent":true}],"attachments":[],"parameters":[],"attachmentsCount":0,"shouldDisplayMessage":false,"stepsCount":2,"hasContent":true},{"name":"Delete all cookies","time":{"start":1722327989437,"stop":1722329508253,"duration":1518816},"status":"passed","steps":[],"attachments":[],"parameters":[],"attachmentsCount":0,"shouldDisplayMessage":false,"stepsCount":0,"hasContent":false}],"attachments":[],"parameters":[],"attachmentsCount":0,"shouldDisplayMessage":false,"stepsCount":5,"hasContent":true},{"name":"Fixture (Funcation Level): Navigate to Home page and Create Object of Page class","time":{"start":1722329008220,"stop":1722329010391,"duration":2171},"status":"passed","steps":[{"name":"Navigate to Home page and create page class objects","time":{"start":1722329008220,"stop":1722329010391,"duration":2171},"status":"passed","steps":[],"attachments":[],"parameters":[],"attachmentsCount":0,"shouldDisplayMessage":false,"stepsCount":0,"hasContent":false}],"attachments":[],"parameters":[],"attachmentsCount":0,"shouldDisplayMessage":false,"stepsCount":1,"hasContent":true}],"testStage":{"status":"broken","statusMessage":"selenium.common.exceptions.TimeoutException: Message:","statusTrace":"self = <test_cases.test_chapter_overview_page.Test_Chapter_Overview object at 0x000001E7BA101950>\n\n    @allure.feature(\"Chapter\")\n    @allure.title(\"Verify Delete chapter\")\n    @allure.severity(allure.severity_level.BLOCKER)\n    @pytest.mark.dependency(depends=[\"test_verify_add_new_chapter\"], scope=\"class\")\n    def test_verify_delete_new_chapter(self):\n        self.dashboardpage.click_project_name(\"2021 International Mechanical Code\")\n        self.dashboardpage.click_dashboard_button(VIEW_PROJECT)\n        self.viewprojectpage.click_on_chapter(\"CHAPTER 16 AUTOMATION TEST\")\n        self.chap_overview.click_on_button(OPEN_CHAPTER)\n        time.sleep(2)\n        self.chap_overview.click_on_chapter()\n        self.chap_overview.click_edit_page_button(DELETE_CHAPTER)\n        self.chap_overview.click_on_delete_checkbox()\n        self.chap_overview.click_relocate_alt_button(DELETE)\n        alt_msg = self.viewprojectpage.get_alert_message()\n>       result = self.viewprojectpage.check_chapter_deleted(\n            \"CHAPTER 16 AUTOMATION TEST\"\n        )\n\ntest_cases\\test_chapter_overview_page.py:504: \n_ _ _ _ _ _ _ _ _ _ _ _ _ _ _ _ _ _ _ _ _ _ _ _ _ _ _ _ _ _ _ _ _ _ _ _ _ _ _ _ _ _ _ _ _ _ _ _ _ _ _ _ _ _ _ _ _ _ _ _ _ _ _ _ _ _ _ _ _ _ _ _ _ _ _ _ _ _ _ _ _ _ _ _ _ _ _ _ _ _ _ _ _ _ _ _ _ _ _ _ _ _ _ _ _ _ _ _ _ _ _ _ _ _ _ _ _ _ _ _ _ _ _ _ _ _ _ \npage_objects\\view_project_page.py:163: in check_chapter_deleted\n    for i in self.baseclass.wait_until_elements(self.__chapter):\nuitility\\baseclass.py:56: in wait_until_elements\n    return self.wait.until(EC.presence_of_all_elements_located(locator))\n_ _ _ _ _ _ _ _ _ _ _ _ _ _ _ _ _ _ _ _ _ _ _ _ _ _ _ _ _ _ _ _ _ _ _ _ _ _ _ _ _ _ _ _ _ _ _ _ _ _ _ _ _ _ _ _ _ _ _ _ _ _ _ _ _ _ _ _ _ _ _ _ _ _ _ _ _ _ _ _ _ _ _ _ _ _ _ _ _ _ _ _ _ _ _ _ _ _ _ _ _ _ _ _ _ _ _ _ _ _ _ _ _ _ _ _ _ _ _ _ _ _ _ _ _ _ _ \n\nself = <selenium.webdriver.support.wait.WebDriverWait (session=\"de159b273d888e08147de9a9d4ae0d26\")>, method = <function presence_of_all_elements_located.<locals>._predicate at 0x000001E7BB4BE7A0>, message = ''\n\n    def until(self, method: Callable[[D], Union[Literal[False], T]], message: str = \"\") -> T:\n        \"\"\"Calls the method provided with the driver as an argument until the \\\n        return value does not evaluate to ``False``.\n    \n        :param method: callable(WebDriver)\n        :param message: optional message for :exc:`TimeoutException`\n        :returns: the result of the last call to `method`\n        :raises: :exc:`selenium.common.exceptions.TimeoutException` if timeout occurs\n        \"\"\"\n        screen = None\n        stacktrace = None\n    \n        end_time = time.monotonic() + self._timeout\n        while True:\n            try:\n                value = method(self._driver)\n                if value:\n                    return value\n            except self._ignored_exceptions as exc:\n                screen = getattr(exc, \"screen\", None)\n                stacktrace = getattr(exc, \"stacktrace\", None)\n            time.sleep(self._poll)\n            if time.monotonic() > end_time:\n                break\n>       raise TimeoutException(message, screen, stacktrace)\nE       selenium.common.exceptions.TimeoutException: Message:\n\nvenv\\Lib\\site-packages\\selenium\\webdriver\\support\\wait.py:105: TimeoutException","steps":[{"name":"Click on project -'2021 International Mechanical Code'","time":{"start":1722329010394,"stop":1722329014888,"duration":4494},"status":"passed","steps":[],"attachments":[],"parameters":[{"name":"project_name","value":"'2021 International Mechanical Code'"}],"attachmentsCount":0,"shouldDisplayMessage":false,"stepsCount":0,"hasContent":true},{"name":"Click on 'View Project'","time":{"start":1722329014888,"stop":1722329022162,"duration":7274},"status":"passed","steps":[],"attachments":[],"parameters":[{"name":"text","value":"'View Project'"}],"attachmentsCount":0,"shouldDisplayMessage":false,"stepsCount":0,"hasContent":true},{"name":"Click on - 'CHAPTER 16 AUTOMATION TEST'","time":{"start":1722329022162,"stop":1722329031747,"duration":9585},"status":"passed","steps":[],"attachments":[],"parameters":[{"name":"chapter_name","value":"'CHAPTER 16 AUTOMATION TEST'"}],"attachmentsCount":0,"shouldDisplayMessage":false,"stepsCount":0,"hasContent":true},{"name":"Click on - 'Open Chapter Or Appendix'","time":{"start":1722329031747,"stop":1722329034354,"duration":2607},"status":"passed","steps":[],"attachments":[],"parameters":[{"name":"text","value":"'Open Chapter Or Appendix'"}],"attachmentsCount":0,"shouldDisplayMessage":false,"stepsCount":0,"hasContent":true},{"name":"Click on Chapter","time":{"start":1722329036365,"stop":1722329044397,"duration":8032},"status":"passed","steps":[],"attachments":[],"parameters":[],"attachmentsCount":0,"shouldDisplayMessage":false,"stepsCount":0,"hasContent":false},{"name":"Click on 'Delete Entire Chapter'","time":{"start":1722329044397,"stop":1722329044504,"duration":107},"status":"passed","steps":[],"attachments":[],"parameters":[{"name":"button_text","value":"'Delete Entire Chapter'"}],"attachmentsCount":0,"shouldDisplayMessage":false,"stepsCount":0,"hasContent":true},{"name":"click on Delete conformation Checkbox","time":{"start":1722329044505,"stop":1722329044793,"duration":288},"status":"passed","steps":[],"attachments":[],"parameters":[],"attachmentsCount":0,"shouldDisplayMessage":false,"stepsCount":0,"hasContent":false},{"name":"click on 'Delete'","time":{"start":1722329044793,"stop":1722329044907,"duration":114},"status":"passed","steps":[],"attachments":[],"parameters":[{"name":"button_text","value":"'Delete'"}],"attachmentsCount":0,"shouldDisplayMessage":false,"stepsCount":0,"hasContent":true},{"name":"Get alert message","time":{"start":1722329044907,"stop":1722329052330,"duration":7423},"status":"passed","steps":[{"name":"An error occurred. Please try again later.","time":{"start":1722329052330,"stop":1722329052330,"duration":0},"status":"passed","steps":[],"attachments":[],"parameters":[],"attachmentsCount":0,"shouldDisplayMessage":false,"stepsCount":0,"hasContent":false}],"attachments":[],"parameters":[],"attachmentsCount":0,"shouldDisplayMessage":false,"stepsCount":1,"hasContent":true},{"name":"Check chapter deleted","time":{"start":1722329052330,"stop":1722329083003,"duration":30673},"status":"broken","statusMessage":"selenium.common.exceptions.TimeoutException: Message: \n\n","statusTrace":"  File \"D:\\python program\\ICC-Shop\\venv\\Lib\\site-packages\\allure_commons\\_allure.py\", line 192, in impl\n    return func(*a, **kw)\n           ^^^^^^^^^^^^^^\n  File \"D:\\python program\\ICC-Shop\\page_objects\\view_project_page.py\", line 163, in check_chapter_deleted\n    for i in self.baseclass.wait_until_elements(self.__chapter):\n             ^^^^^^^^^^^^^^^^^^^^^^^^^^^^^^^^^^^^^^^^^^^^^^^^^^\n  File \"D:\\python program\\ICC-Shop\\uitility\\baseclass.py\", line 56, in wait_until_elements\n    return self.wait.until(EC.presence_of_all_elements_located(locator))\n           ^^^^^^^^^^^^^^^^^^^^^^^^^^^^^^^^^^^^^^^^^^^^^^^^^^^^^^^^^^^^^\n  File \"D:\\python program\\ICC-Shop\\venv\\Lib\\site-packages\\selenium\\webdriver\\support\\wait.py\", line 105, in until\n    raise TimeoutException(message, screen, stacktrace)\n","steps":[],"attachments":[],"parameters":[{"name":"chapter_name","value":"'CHAPTER 16 AUTOMATION TEST'"}],"attachmentsCount":0,"shouldDisplayMessage":true,"stepsCount":0,"hasContent":true}],"attachments":[{"uid":"523abb21a12a3566","name":"D:\\python program\\ICC-Shop\\Screenshot/test_verify_delete_new_chapter.png","source":"523abb21a12a3566.png","type":"image/png","size":90139}],"parameters":[],"attachmentsCount":1,"shouldDisplayMessage":true,"stepsCount":11,"hasContent":true},"afterStages":[{"name":"Fixture (Class Level): Setup WebDriver,Baseclass Objects and TearDown Delete all cookies::0","time":{"start":1722329506948,"stop":1722329508253,"duration":1305},"status":"passed","steps":[],"attachments":[],"parameters":[],"attachmentsCount":0,"shouldDisplayMessage":false,"stepsCount":0,"hasContent":false},{"name":"Fixture (Package Level): Setup Launch Browser and Teardown Quit Browser::0","time":{"start":1722331614344,"stop":1722331616857,"duration":2513},"status":"passed","steps":[],"attachments":[],"parameters":[],"attachmentsCount":0,"shouldDisplayMessage":false,"stepsCount":0,"hasContent":false}],"labels":[{"name":"epic","value":"Chapter Overview and Content"},{"name":"severity","value":"blocker"},{"name":"tag","value":"Chapter Overview/Content page"},{"name":"feature","value":"Chapter"},{"name":"tag","value":"dependency(depends=['test_verify_add_new_chapter'], scope='class')"},{"name":"tag","value":"run(order=4)"},{"name":"tag","value":"fifth"},{"name":"parentSuite","value":"test_cases"},{"name":"suite","value":"test_chapter_overview_page"},{"name":"subSuite","value":"Test_Chapter_Overview"},{"name":"host","value":"IB-Pune-LAP-386"},{"name":"thread","value":"12692-MainThread"},{"name":"framework","value":"pytest"},{"name":"language","value":"cpython3"},{"name":"package","value":"test_cases.test_chapter_overview_page"},{"name":"resultFormat","value":"allure2"}],"parameters":[],"links":[],"hidden":false,"retry":false,"extra":{"severity":"blocker","retries":[],"categories":[{"name":"Test defects","matchedStatuses":[],"flaky":false}],"tags":["run(order=4)","dependency(depends=['test_verify_add_new_chapter'], scope='class')","fifth","Chapter Overview/Content page"]},"source":"2eefe5ba654be41.json","parameterValues":[]}